[5.962s] Invoking command in '/home/cadt-02/Object-Detection/ros2_ws/src/object_detection': PYTHONPATH=/home/cadt-02/Object-Detection/ros2_ws/build/object_detection/prefix_override:/home/cadt-02/Object-Detection/ros2_ws/install/object_detection/lib/python3.8/site-packages:${PYTHONPATH} /usr/bin/python3 setup.py egg_info --egg-base ../../build/object_detection build --build-base /home/cadt-02/Object-Detection/ros2_ws/build/object_detection/build install --record /home/cadt-02/Object-Detection/ros2_ws/build/object_detection/install.log --install-scripts $base/lib/object_detection --single-version-externally-managed
[6.250s] /home/cadt-02/.local/lib/python3.8/site-packages/setuptools/dist.py:472: SetuptoolsDeprecationWarning: Invalid dash-separated options
[6.251s] !!
[6.251s] 
[6.251s]         ********************************************************************************
[6.251s]         Usage of dash-separated 'script-dir' will not be supported in future
[6.251s]         versions. Please use the underscore name 'script_dir' instead.
[6.251s] 
[6.251s]         By 2024-Sep-26, you need to update your project and remove deprecated calls
[6.252s]         or your builds will no longer be supported.
[6.252s] 
[6.252s]         See https://setuptools.pypa.io/en/latest/userguide/declarative_config.html for details.
[6.252s]         ********************************************************************************
[6.252s] 
[6.252s] !!
[6.252s]   opt = self.warn_dash_deprecation(opt, section)
[6.498s] running egg_info
[6.537s] writing ../../build/object_detection/object_detection.egg-info/PKG-INFO
[6.539s] writing dependency_links to ../../build/object_detection/object_detection.egg-info/dependency_links.txt
[6.539s] writing requirements to ../../build/object_detection/object_detection.egg-info/requires.txt
[6.539s] writing top-level names to ../../build/object_detection/object_detection.egg-info/top_level.txt
[6.842s] reading manifest file '../../build/object_detection/object_detection.egg-info/SOURCES.txt'
[6.844s] writing manifest file '../../build/object_detection/object_detection.egg-info/SOURCES.txt'
[6.844s] running build
[6.844s] running build_py
[6.845s] copying object_detection/__init__.py -> /home/cadt-02/Object-Detection/ros2_ws/build/object_detection/build/lib/object_detection
[6.845s] running install
[6.846s] /home/cadt-02/.local/lib/python3.8/site-packages/setuptools/_distutils/cmd.py:66: SetuptoolsDeprecationWarning: setup.py install is deprecated.
[6.846s] !!
[6.846s] 
[6.846s]         ********************************************************************************
[6.847s]         Please avoid running ``setup.py`` directly.
[6.847s]         Instead, use pypa/build, pypa/installer or other
[6.847s]         standards-based tools.
[6.847s] 
[6.847s]         See https://blog.ganssle.io/articles/2021/10/setup-py-deprecated.html for details.
[6.847s]         ********************************************************************************
[6.847s] 
[6.847s] !!
[6.848s]   self.initialize_options()
[6.857s] running install_lib
[6.899s] running install_data
[6.940s] copying resource/object_detection -> /home/cadt-02/Object-Detection/ros2_ws/install/object_detection/share/ament_index/resource_index/packages
[6.940s] copying package.xml -> /home/cadt-02/Object-Detection/ros2_ws/install/object_detection/share/object_detection
[6.940s] running install_egg_info
[6.981s] removing '/home/cadt-02/Object-Detection/ros2_ws/install/object_detection/lib/python3.8/site-packages/object_detection-0.0.0-py3.8.egg-info' (and everything under it)
[6.982s] Copying ../../build/object_detection/object_detection.egg-info to /home/cadt-02/Object-Detection/ros2_ws/install/object_detection/lib/python3.8/site-packages/object_detection-0.0.0-py3.8.egg-info
[6.983s] running install_scripts
[7.102s] writing list of installed files to '/home/cadt-02/Object-Detection/ros2_ws/build/object_detection/install.log'
[7.189s] Invoked command in '/home/cadt-02/Object-Detection/ros2_ws/src/object_detection' returned '0': PYTHONPATH=/home/cadt-02/Object-Detection/ros2_ws/build/object_detection/prefix_override:/home/cadt-02/Object-Detection/ros2_ws/install/object_detection/lib/python3.8/site-packages:${PYTHONPATH} /usr/bin/python3 setup.py egg_info --egg-base ../../build/object_detection build --build-base /home/cadt-02/Object-Detection/ros2_ws/build/object_detection/build install --record /home/cadt-02/Object-Detection/ros2_ws/build/object_detection/install.log --install-scripts $base/lib/object_detection --single-version-externally-managed
