[7.136s] Invoking command in '/home/cadt-02/Object-Detection/ros2_ws/src/my_package': PYTHONPATH=/home/cadt-02/Object-Detection/ros2_ws/build/my_package/prefix_override:/home/cadt-02/Object-Detection/ros2_ws/install/my_package/lib/python3.8/site-packages:${PYTHONPATH} /usr/bin/python3 setup.py egg_info --egg-base ../../build/my_package build --build-base /home/cadt-02/Object-Detection/ros2_ws/build/my_package/build install --record /home/cadt-02/Object-Detection/ros2_ws/build/my_package/install.log --single-version-externally-managed
[7.450s] /home/cadt-02/.local/lib/python3.8/site-packages/setuptools/dist.py:476: SetuptoolsDeprecationWarning: Invalid dash-separated options
[7.450s] !!
[7.450s] 
[7.450s]         ********************************************************************************
[7.450s]         Usage of dash-separated 'build-base' will not be supported in future
[7.451s]         versions. Please use the underscore name 'build_base' instead.
[7.451s] 
[7.451s]         By 2024-Sep-26, you need to update your project and remove deprecated calls
[7.451s]         or your builds will no longer be supported.
[7.451s] 
[7.451s]         See https://setuptools.pypa.io/en/latest/userguide/declarative_config.html for details.
[7.451s]         ********************************************************************************
[7.451s] 
[7.452s] !!
[7.452s]   opt = self.warn_dash_deprecation(opt, section)
[7.719s] running egg_info
[7.760s] writing ../../build/my_package/my_package.egg-info/PKG-INFO
[7.762s] writing dependency_links to ../../build/my_package/my_package.egg-info/dependency_links.txt
[7.762s] writing entry points to ../../build/my_package/my_package.egg-info/entry_points.txt
[7.763s] writing requirements to ../../build/my_package/my_package.egg-info/requires.txt
[7.763s] writing top-level names to ../../build/my_package/my_package.egg-info/top_level.txt
[8.080s] reading manifest file '../../build/my_package/my_package.egg-info/SOURCES.txt'
[8.083s] writing manifest file '../../build/my_package/my_package.egg-info/SOURCES.txt'
[8.083s] running build
[8.083s] running build_py
[8.085s] copying my_package/reinforcement_r2.py -> /home/cadt-02/Object-Detection/ros2_ws/build/my_package/build/lib/my_package
[8.086s] copying my_package/live_detection_node.py -> /home/cadt-02/Object-Detection/ros2_ws/build/my_package/build/lib/my_package
[8.087s] copying my_package/__init__.py -> /home/cadt-02/Object-Detection/ros2_ws/build/my_package/build/lib/my_package
[8.088s] copying my_package/main.py -> /home/cadt-02/Object-Detection/ros2_ws/build/my_package/build/lib/my_package
[8.089s] running install
[8.092s] /home/cadt-02/.local/lib/python3.8/site-packages/setuptools/_distutils/cmd.py:66: SetuptoolsDeprecationWarning: setup.py install is deprecated.
[8.092s] !!
[8.092s] 
[8.093s]         ********************************************************************************
[8.093s]         Please avoid running ``setup.py`` directly.
[8.093s]         Instead, use pypa/build, pypa/installer or other
[8.093s]         standards-based tools.
[8.093s] 
[8.093s]         See https://blog.ganssle.io/articles/2021/10/setup-py-deprecated.html for details.
[8.093s]         ********************************************************************************
[8.093s] 
[8.094s] !!
[8.094s]   self.initialize_options()
[8.103s] running install_lib
[8.147s] copying /home/cadt-02/Object-Detection/ros2_ws/build/my_package/build/lib/my_package/reinforcement_r2.py -> /home/cadt-02/Object-Detection/ros2_ws/install/my_package/lib/python3.8/site-packages/my_package
[8.149s] copying /home/cadt-02/Object-Detection/ros2_ws/build/my_package/build/lib/my_package/live_detection_node.py -> /home/cadt-02/Object-Detection/ros2_ws/install/my_package/lib/python3.8/site-packages/my_package
[8.150s] byte-compiling /home/cadt-02/Object-Detection/ros2_ws/install/my_package/lib/python3.8/site-packages/my_package/utils.py to utils.cpython-38.pyc
[8.150s] byte-compiling /home/cadt-02/Object-Detection/ros2_ws/install/my_package/lib/python3.8/site-packages/my_package/reinforcement_r2.py to reinforcement_r2.cpython-38.pyc
[8.155s] byte-compiling /home/cadt-02/Object-Detection/ros2_ws/install/my_package/lib/python3.8/site-packages/my_package/live_detection_node.py to live_detection_node.cpython-38.pyc
[8.158s] byte-compiling /home/cadt-02/Object-Detection/ros2_ws/install/my_package/lib/python3.8/site-packages/my_package/main.py to main.cpython-38.pyc
[8.159s] byte-compiling /home/cadt-02/Object-Detection/ros2_ws/install/my_package/lib/python3.8/site-packages/my_package/my_node.py to my_node.cpython-38.pyc
[8.161s] byte-compiling /home/cadt-02/Object-Detection/ros2_ws/install/my_package/lib/python3.8/site-packages/my_package/object_detection_subscriber.py to object_detection_subscriber.cpython-38.pyc
[8.172s] running install_data
[8.216s] copying resource/my_package -> /home/cadt-02/Object-Detection/ros2_ws/install/my_package/share/ament_index/resource_index/packages
[8.216s] copying package.xml -> /home/cadt-02/Object-Detection/ros2_ws/install/my_package/share/my_package
[8.216s] running install_egg_info
[8.261s] removing '/home/cadt-02/Object-Detection/ros2_ws/install/my_package/lib/python3.8/site-packages/my_package-0.0.0-py3.8.egg-info' (and everything under it)
[8.263s] Copying ../../build/my_package/my_package.egg-info to /home/cadt-02/Object-Detection/ros2_ws/install/my_package/lib/python3.8/site-packages/my_package-0.0.0-py3.8.egg-info
[8.265s] running install_scripts
[8.369s] Installing live_detection_node script to /home/cadt-02/Object-Detection/ros2_ws/install/my_package/lib/my_package
[8.369s] Installing main script to /home/cadt-02/Object-Detection/ros2_ws/install/my_package/lib/my_package
[8.370s] Installing my_node script to /home/cadt-02/Object-Detection/ros2_ws/install/my_package/lib/my_package
[8.370s] Installing reinforcement_r2 script to /home/cadt-02/Object-Detection/ros2_ws/install/my_package/lib/my_package
[8.371s] writing list of installed files to '/home/cadt-02/Object-Detection/ros2_ws/build/my_package/install.log'
[8.469s] Invoked command in '/home/cadt-02/Object-Detection/ros2_ws/src/my_package' returned '0': PYTHONPATH=/home/cadt-02/Object-Detection/ros2_ws/build/my_package/prefix_override:/home/cadt-02/Object-Detection/ros2_ws/install/my_package/lib/python3.8/site-packages:${PYTHONPATH} /usr/bin/python3 setup.py egg_info --egg-base ../../build/my_package build --build-base /home/cadt-02/Object-Detection/ros2_ws/build/my_package/build install --record /home/cadt-02/Object-Detection/ros2_ws/build/my_package/install.log --single-version-externally-managed
