[7.484s] Invoking command in '/home/cadt-02/Object-Detection/ros2_ws/src/my_package': PYTHONPATH=/home/cadt-02/Object-Detection/ros2_ws/build/my_package/prefix_override:/home/cadt-02/Object-Detection/ros2_ws/install/my_package/lib/python3.8/site-packages:${PYTHONPATH} /usr/bin/python3 setup.py egg_info --egg-base ../../build/my_package build --build-base /home/cadt-02/Object-Detection/ros2_ws/build/my_package/build install --record /home/cadt-02/Object-Detection/ros2_ws/build/my_package/install.log --single-version-externally-managed
[7.768s] /home/cadt-02/.local/lib/python3.8/site-packages/setuptools/dist.py:472: SetuptoolsDeprecationWarning: Invalid dash-separated options
[7.768s] !!
[7.768s] 
[7.769s]         ********************************************************************************
[7.769s]         Usage of dash-separated 'build-base' will not be supported in future
[7.769s]         versions. Please use the underscore name 'build_base' instead.
[7.769s] 
[7.770s]         By 2024-Sep-26, you need to update your project and remove deprecated calls
[7.770s]         or your builds will no longer be supported.
[7.770s] 
[7.770s]         See https://setuptools.pypa.io/en/latest/userguide/declarative_config.html for details.
[7.771s]         ********************************************************************************
[7.771s] 
[7.771s] !!
[7.772s]   opt = self.warn_dash_deprecation(opt, section)
[8.030s] running egg_info
[8.071s] writing ../../build/my_package/my_package.egg-info/PKG-INFO
[8.072s] writing dependency_links to ../../build/my_package/my_package.egg-info/dependency_links.txt
[8.073s] writing entry points to ../../build/my_package/my_package.egg-info/entry_points.txt
[8.073s] writing requirements to ../../build/my_package/my_package.egg-info/requires.txt
[8.074s] writing top-level names to ../../build/my_package/my_package.egg-info/top_level.txt
[8.380s] reading manifest file '../../build/my_package/my_package.egg-info/SOURCES.txt'
[8.382s] writing manifest file '../../build/my_package/my_package.egg-info/SOURCES.txt'
[8.382s] running build
[8.383s] running build_py
[8.383s] copying my_package/reinforcement_r2.py -> /home/cadt-02/Object-Detection/ros2_ws/build/my_package/build/lib/my_package
[8.384s] copying my_package/live_detection_node.py -> /home/cadt-02/Object-Detection/ros2_ws/build/my_package/build/lib/my_package
[8.384s] copying my_package/__init__.py -> /home/cadt-02/Object-Detection/ros2_ws/build/my_package/build/lib/my_package
[8.384s] copying my_package/main.py -> /home/cadt-02/Object-Detection/ros2_ws/build/my_package/build/lib/my_package
[8.385s] running install
[8.385s] /home/cadt-02/.local/lib/python3.8/site-packages/setuptools/_distutils/cmd.py:66: SetuptoolsDeprecationWarning: setup.py install is deprecated.
[8.386s] !!
[8.386s] 
[8.386s]         ********************************************************************************
[8.386s]         Please avoid running ``setup.py`` directly.
[8.387s]         Instead, use pypa/build, pypa/installer or other
[8.387s]         standards-based tools.
[8.387s] 
[8.387s]         See https://blog.ganssle.io/articles/2021/10/setup-py-deprecated.html for details.
[8.388s]         ********************************************************************************
[8.388s] 
[8.388s] !!
[8.388s]   self.initialize_options()
[8.397s] running install_lib
[8.439s] copying /home/cadt-02/Object-Detection/ros2_ws/build/my_package/build/lib/my_package/reinforcement_r2.py -> /home/cadt-02/Object-Detection/ros2_ws/install/my_package/lib/python3.8/site-packages/my_package
[8.441s] byte-compiling /home/cadt-02/Object-Detection/ros2_ws/install/my_package/lib/python3.8/site-packages/my_package/reinforcement_r2.py to reinforcement_r2.cpython-38.pyc
[8.445s] running install_data
[8.486s] copying resource/my_package -> /home/cadt-02/Object-Detection/ros2_ws/install/my_package/share/ament_index/resource_index/packages
[8.487s] copying package.xml -> /home/cadt-02/Object-Detection/ros2_ws/install/my_package/share/my_package
[8.487s] running install_egg_info
[8.529s] removing '/home/cadt-02/Object-Detection/ros2_ws/install/my_package/lib/python3.8/site-packages/my_package-0.0.0-py3.8.egg-info' (and everything under it)
[8.530s] Copying ../../build/my_package/my_package.egg-info to /home/cadt-02/Object-Detection/ros2_ws/install/my_package/lib/python3.8/site-packages/my_package-0.0.0-py3.8.egg-info
[8.532s] running install_scripts
[8.653s] Installing live_detection_node script to /home/cadt-02/Object-Detection/ros2_ws/install/my_package/lib/my_package
[8.654s] Installing main script to /home/cadt-02/Object-Detection/ros2_ws/install/my_package/lib/my_package
[8.654s] Installing my_node script to /home/cadt-02/Object-Detection/ros2_ws/install/my_package/lib/my_package
[8.654s] Installing reinforcement_r2 script to /home/cadt-02/Object-Detection/ros2_ws/install/my_package/lib/my_package
[8.655s] writing list of installed files to '/home/cadt-02/Object-Detection/ros2_ws/build/my_package/install.log'
[9.588s] Invoked command in '/home/cadt-02/Object-Detection/ros2_ws/src/my_package' returned '0': PYTHONPATH=/home/cadt-02/Object-Detection/ros2_ws/build/my_package/prefix_override:/home/cadt-02/Object-Detection/ros2_ws/install/my_package/lib/python3.8/site-packages:${PYTHONPATH} /usr/bin/python3 setup.py egg_info --egg-base ../../build/my_package build --build-base /home/cadt-02/Object-Detection/ros2_ws/build/my_package/build install --record /home/cadt-02/Object-Detection/ros2_ws/build/my_package/install.log --single-version-externally-managed
