[1.611s] Invoking command in '/home/vandara/ros2_ws/src/my_package': PYTHONPATH=/home/vandara/ros2_ws/build/my_package/prefix_override:/home/vandara/ros2_ws/install/my_package/lib/python3.8/site-packages:${PYTHONPATH} /usr/bin/python3 setup.py egg_info --egg-base ../../build/my_package build --build-base /home/vandara/ros2_ws/build/my_package/build install --record /home/vandara/ros2_ws/build/my_package/install.log --install-scripts $base/lib/my_package --single-version-externally-managed
[1.812s] running egg_info
[1.813s] writing ../../build/my_package/my_package.egg-info/PKG-INFO
[1.813s] writing dependency_links to ../../build/my_package/my_package.egg-info/dependency_links.txt
[1.813s] writing entry points to ../../build/my_package/my_package.egg-info/entry_points.txt
[1.813s] writing requirements to ../../build/my_package/my_package.egg-info/requires.txt
[1.814s] writing top-level names to ../../build/my_package/my_package.egg-info/top_level.txt
[1.845s] reading manifest file '../../build/my_package/my_package.egg-info/SOURCES.txt'
[1.846s] writing manifest file '../../build/my_package/my_package.egg-info/SOURCES.txt'
[1.846s] running build
[1.846s] running build_py
[1.846s] running install
[1.847s] running install_lib
[1.848s] running install_data
[1.849s] running install_egg_info
[1.850s] removing '/home/vandara/ros2_ws/install/my_package/lib/python3.8/site-packages/my_package-0.0.0-py3.8.egg-info' (and everything under it)
[1.850s] Copying ../../build/my_package/my_package.egg-info to /home/vandara/ros2_ws/install/my_package/lib/python3.8/site-packages/my_package-0.0.0-py3.8.egg-info
[1.851s] running install_scripts
[1.866s] Installing camera_frame_publisher script to /home/vandara/ros2_ws/install/my_package/lib/my_package
[1.866s] Installing live_detection_node script to /home/vandara/ros2_ws/install/my_package/lib/my_package
[1.867s] Installing main script to /home/vandara/ros2_ws/install/my_package/lib/my_package
[1.867s] Installing my_node script to /home/vandara/ros2_ws/install/my_package/lib/my_package
[1.867s] Installing object_detection_subscriber script to /home/vandara/ros2_ws/install/my_package/lib/my_package
[1.867s] Installing utils script to /home/vandara/ros2_ws/install/my_package/lib/my_package
[1.867s] writing list of installed files to '/home/vandara/ros2_ws/build/my_package/install.log'
[2.021s] Invoked command in '/home/vandara/ros2_ws/src/my_package' returned '0': PYTHONPATH=/home/vandara/ros2_ws/build/my_package/prefix_override:/home/vandara/ros2_ws/install/my_package/lib/python3.8/site-packages:${PYTHONPATH} /usr/bin/python3 setup.py egg_info --egg-base ../../build/my_package build --build-base /home/vandara/ros2_ws/build/my_package/build install --record /home/vandara/ros2_ws/build/my_package/install.log --install-scripts $base/lib/my_package --single-version-externally-managed
