[6.063s] Invoking command in '/home/cadt-02/Object-Detection/ros2_ws/src/object_detection': PYTHONPATH=/home/cadt-02/Object-Detection/ros2_ws/build/object_detection/prefix_override:/home/cadt-02/Object-Detection/ros2_ws/install/object_detection/lib/python3.8/site-packages:${PYTHONPATH} /usr/bin/python3 setup.py egg_info --egg-base ../../build/object_detection build --build-base /home/cadt-02/Object-Detection/ros2_ws/build/object_detection/build install --record /home/cadt-02/Object-Detection/ros2_ws/build/object_detection/install.log --install-scripts $base/lib/object_detection --single-version-externally-managed
[6.346s] /home/cadt-02/.local/lib/python3.8/site-packages/setuptools/dist.py:472: SetuptoolsDeprecationWarning: Invalid dash-separated options
[6.346s] !!
[6.347s] 
[6.347s]         ********************************************************************************
[6.347s]         Usage of dash-separated 'script-dir' will not be supported in future
[6.347s]         versions. Please use the underscore name 'script_dir' instead.
[6.348s] 
[6.348s]         By 2024-Sep-26, you need to update your project and remove deprecated calls
[6.348s]         or your builds will no longer be supported.
[6.348s] 
[6.349s]         See https://setuptools.pypa.io/en/latest/userguide/declarative_config.html for details.
[6.349s]         ********************************************************************************
[6.349s] 
[6.349s] !!
[6.350s]   opt = self.warn_dash_deprecation(opt, section)
[6.597s] running egg_info
[6.638s] writing ../../build/object_detection/object_detection.egg-info/PKG-INFO
[6.639s] writing dependency_links to ../../build/object_detection/object_detection.egg-info/dependency_links.txt
[6.639s] writing requirements to ../../build/object_detection/object_detection.egg-info/requires.txt
[6.640s] writing top-level names to ../../build/object_detection/object_detection.egg-info/top_level.txt
[6.944s] reading manifest file '../../build/object_detection/object_detection.egg-info/SOURCES.txt'
[6.946s] writing manifest file '../../build/object_detection/object_detection.egg-info/SOURCES.txt'
[6.946s] running build
[6.946s] running build_py
[6.947s] copying object_detection/__init__.py -> /home/cadt-02/Object-Detection/ros2_ws/build/object_detection/build/lib/object_detection
[6.948s] running install
[6.948s] /home/cadt-02/.local/lib/python3.8/site-packages/setuptools/_distutils/cmd.py:66: SetuptoolsDeprecationWarning: setup.py install is deprecated.
[6.948s] !!
[6.949s] 
[6.949s]         ********************************************************************************
[6.949s]         Please avoid running ``setup.py`` directly.
[6.949s]         Instead, use pypa/build, pypa/installer or other
[6.950s]         standards-based tools.
[6.950s] 
[6.950s]         See https://blog.ganssle.io/articles/2021/10/setup-py-deprecated.html for details.
[6.951s]         ********************************************************************************
[6.951s] 
[6.951s] !!
[6.951s]   self.initialize_options()
[6.959s] running install_lib
[7.001s] running install_data
[7.041s] copying resource/object_detection -> /home/cadt-02/Object-Detection/ros2_ws/install/object_detection/share/ament_index/resource_index/packages
[7.042s] copying package.xml -> /home/cadt-02/Object-Detection/ros2_ws/install/object_detection/share/object_detection
[7.042s] running install_egg_info
[7.085s] removing '/home/cadt-02/Object-Detection/ros2_ws/install/object_detection/lib/python3.8/site-packages/object_detection-0.0.0-py3.8.egg-info' (and everything under it)
[7.085s] Copying ../../build/object_detection/object_detection.egg-info to /home/cadt-02/Object-Detection/ros2_ws/install/object_detection/lib/python3.8/site-packages/object_detection-0.0.0-py3.8.egg-info
[7.087s] running install_scripts
[7.214s] writing list of installed files to '/home/cadt-02/Object-Detection/ros2_ws/build/object_detection/install.log'
[8.085s] Invoked command in '/home/cadt-02/Object-Detection/ros2_ws/src/object_detection' returned '0': PYTHONPATH=/home/cadt-02/Object-Detection/ros2_ws/build/object_detection/prefix_override:/home/cadt-02/Object-Detection/ros2_ws/install/object_detection/lib/python3.8/site-packages:${PYTHONPATH} /usr/bin/python3 setup.py egg_info --egg-base ../../build/object_detection build --build-base /home/cadt-02/Object-Detection/ros2_ws/build/object_detection/build install --record /home/cadt-02/Object-Detection/ros2_ws/build/object_detection/install.log --install-scripts $base/lib/object_detection --single-version-externally-managed
