[6.918s] Invoking command in '/home/cadt-02/Object-Detection/ros2_ws/src/my_package': PYTHONPATH=/home/cadt-02/Object-Detection/ros2_ws/build/my_package/prefix_override:/home/cadt-02/Object-Detection/ros2_ws/install/my_package/lib/python3.8/site-packages:${PYTHONPATH} /usr/bin/python3 setup.py egg_info --egg-base ../../build/my_package build --build-base /home/cadt-02/Object-Detection/ros2_ws/build/my_package/build install --record /home/cadt-02/Object-Detection/ros2_ws/build/my_package/install.log --install-scripts $base/lib/my_package --single-version-externally-managed
[7.183s] /home/cadt-02/.local/lib/python3.8/site-packages/setuptools/dist.py:472: SetuptoolsDeprecationWarning: Invalid dash-separated options
[7.183s] !!
[7.183s] 
[7.184s]         ********************************************************************************
[7.184s]         Usage of dash-separated 'script-dir' will not be supported in future
[7.184s]         versions. Please use the underscore name 'script_dir' instead.
[7.184s] 
[7.184s]         By 2024-Sep-26, you need to update your project and remove deprecated calls
[7.184s]         or your builds will no longer be supported.
[7.184s] 
[7.185s]         See https://setuptools.pypa.io/en/latest/userguide/declarative_config.html for details.
[7.185s]         ********************************************************************************
[7.185s] 
[7.185s] !!
[7.185s]   opt = self.warn_dash_deprecation(opt, section)
[7.410s] running egg_info
[7.446s] writing ../../build/my_package/my_package.egg-info/PKG-INFO
[7.447s] writing dependency_links to ../../build/my_package/my_package.egg-info/dependency_links.txt
[7.447s] writing entry points to ../../build/my_package/my_package.egg-info/entry_points.txt
[7.448s] writing requirements to ../../build/my_package/my_package.egg-info/requires.txt
[7.448s] writing top-level names to ../../build/my_package/my_package.egg-info/top_level.txt
[7.732s] reading manifest file '../../build/my_package/my_package.egg-info/SOURCES.txt'
[7.735s] writing manifest file '../../build/my_package/my_package.egg-info/SOURCES.txt'
[7.735s] running build
[7.735s] running build_py
[7.735s] copying my_package/camera_frame_publisher.py -> /home/cadt-02/Object-Detection/ros2_ws/build/my_package/build/lib/my_package
[7.736s] copying my_package/utils.py -> /home/cadt-02/Object-Detection/ros2_ws/build/my_package/build/lib/my_package
[7.736s] copying my_package/live_detection_node.py -> /home/cadt-02/Object-Detection/ros2_ws/build/my_package/build/lib/my_package
[7.736s] copying my_package/__init__.py -> /home/cadt-02/Object-Detection/ros2_ws/build/my_package/build/lib/my_package
[7.737s] copying my_package/main.py -> /home/cadt-02/Object-Detection/ros2_ws/build/my_package/build/lib/my_package
[7.737s] copying my_package/my_node.py -> /home/cadt-02/Object-Detection/ros2_ws/build/my_package/build/lib/my_package
[7.737s] copying my_package/object_detection_subscriber.py -> /home/cadt-02/Object-Detection/ros2_ws/build/my_package/build/lib/my_package
[7.738s] running install
[7.739s] /home/cadt-02/.local/lib/python3.8/site-packages/setuptools/_distutils/cmd.py:66: SetuptoolsDeprecationWarning: setup.py install is deprecated.
[7.740s] !!
[7.740s] 
[7.740s]         ********************************************************************************
[7.740s]         Please avoid running ``setup.py`` directly.
[7.740s]         Instead, use pypa/build, pypa/installer or other
[7.740s]         standards-based tools.
[7.740s] 
[7.740s]         See https://blog.ganssle.io/articles/2021/10/setup-py-deprecated.html for details.
[7.741s]         ********************************************************************************
[7.741s] 
[7.741s] !!
[7.741s]   self.initialize_options()
[7.751s] running install_lib
[7.788s] copying /home/cadt-02/Object-Detection/ros2_ws/build/my_package/build/lib/my_package/live_detection_node.py -> /home/cadt-02/Object-Detection/ros2_ws/install/my_package/lib/python3.8/site-packages/my_package
[7.790s] byte-compiling /home/cadt-02/Object-Detection/ros2_ws/install/my_package/lib/python3.8/site-packages/my_package/live_detection_node.py to live_detection_node.cpython-38.pyc
[7.792s] running install_data
[7.829s] copying resource/my_package -> /home/cadt-02/Object-Detection/ros2_ws/install/my_package/share/ament_index/resource_index/packages
[7.830s] copying package.xml -> /home/cadt-02/Object-Detection/ros2_ws/install/my_package/share/my_package
[7.830s] running install_egg_info
[7.870s] removing '/home/cadt-02/Object-Detection/ros2_ws/install/my_package/lib/python3.8/site-packages/my_package-0.0.0-py3.8.egg-info' (and everything under it)
[7.870s] Copying ../../build/my_package/my_package.egg-info to /home/cadt-02/Object-Detection/ros2_ws/install/my_package/lib/python3.8/site-packages/my_package-0.0.0-py3.8.egg-info
[7.872s] running install_scripts
[7.984s] Installing camera_frame_publisher script to /home/cadt-02/Object-Detection/ros2_ws/install/my_package/lib/my_package
[7.985s] Installing live_detection_node script to /home/cadt-02/Object-Detection/ros2_ws/install/my_package/lib/my_package
[7.985s] Installing main script to /home/cadt-02/Object-Detection/ros2_ws/install/my_package/lib/my_package
[7.985s] Installing my_node script to /home/cadt-02/Object-Detection/ros2_ws/install/my_package/lib/my_package
[7.986s] Installing object_detection_subscriber script to /home/cadt-02/Object-Detection/ros2_ws/install/my_package/lib/my_package
[7.986s] Installing utils script to /home/cadt-02/Object-Detection/ros2_ws/install/my_package/lib/my_package
[7.987s] writing list of installed files to '/home/cadt-02/Object-Detection/ros2_ws/build/my_package/install.log'
[8.072s] Invoked command in '/home/cadt-02/Object-Detection/ros2_ws/src/my_package' returned '0': PYTHONPATH=/home/cadt-02/Object-Detection/ros2_ws/build/my_package/prefix_override:/home/cadt-02/Object-Detection/ros2_ws/install/my_package/lib/python3.8/site-packages:${PYTHONPATH} /usr/bin/python3 setup.py egg_info --egg-base ../../build/my_package build --build-base /home/cadt-02/Object-Detection/ros2_ws/build/my_package/build install --record /home/cadt-02/Object-Detection/ros2_ws/build/my_package/install.log --install-scripts $base/lib/my_package --single-version-externally-managed
