[6.437s] Invoking command in '/home/cadt-02/Object-Detection/ros2_ws/src/object_detection': NX_CONNECTION=172.23.34.123 52323 172.23.34.34 4000 PYTHONPATH=/home/cadt-02/Object-Detection/ros2_ws/build/object_detection/prefix_override:/home/cadt-02/Object-Detection/ros2_ws/install/object_detection/lib/python3.8/site-packages:${PYTHONPATH} /usr/bin/python3 setup.py egg_info --egg-base ../../build/object_detection build --build-base /home/cadt-02/Object-Detection/ros2_ws/build/object_detection/build install --record /home/cadt-02/Object-Detection/ros2_ws/build/object_detection/install.log --install-scripts $base/lib/object_detection --single-version-externally-managed
[6.755s] /home/cadt-02/.local/lib/python3.8/site-packages/setuptools/dist.py:476: SetuptoolsDeprecationWarning: Invalid dash-separated options
[6.756s] !!
[6.756s] 
[6.756s]         ********************************************************************************
[6.756s]         Usage of dash-separated 'script-dir' will not be supported in future
[6.756s]         versions. Please use the underscore name 'script_dir' instead.
[6.757s] 
[6.757s]         By 2024-Sep-26, you need to update your project and remove deprecated calls
[6.757s]         or your builds will no longer be supported.
[6.757s] 
[6.757s]         See https://setuptools.pypa.io/en/latest/userguide/declarative_config.html for details.
[6.757s]         ********************************************************************************
[6.757s] 
[6.758s] !!
[6.759s]   opt = self.warn_dash_deprecation(opt, section)
[7.022s] running egg_info
[7.065s] writing ../../build/object_detection/object_detection.egg-info/PKG-INFO
[7.068s] writing dependency_links to ../../build/object_detection/object_detection.egg-info/dependency_links.txt
[7.069s] writing requirements to ../../build/object_detection/object_detection.egg-info/requires.txt
[7.072s] writing top-level names to ../../build/object_detection/object_detection.egg-info/top_level.txt
[7.394s] reading manifest file '../../build/object_detection/object_detection.egg-info/SOURCES.txt'
[7.397s] writing manifest file '../../build/object_detection/object_detection.egg-info/SOURCES.txt'
[7.398s] running build
[7.398s] running build_py
[7.399s] copying object_detection/__init__.py -> /home/cadt-02/Object-Detection/ros2_ws/build/object_detection/build/lib/object_detection
[7.399s] running install
[7.400s] /home/cadt-02/.local/lib/python3.8/site-packages/setuptools/_distutils/cmd.py:66: SetuptoolsDeprecationWarning: setup.py install is deprecated.
[7.400s] !!
[7.401s] 
[7.401s]         ********************************************************************************
[7.402s]         Please avoid running ``setup.py`` directly.
[7.402s]         Instead, use pypa/build, pypa/installer or other
[7.403s]         standards-based tools.
[7.403s] 
[7.403s]         See https://blog.ganssle.io/articles/2021/10/setup-py-deprecated.html for details.
[7.410s]         ********************************************************************************
[7.412s] 
[7.412s] !!
[7.413s]   self.initialize_options()
[7.423s] running install_lib
[7.457s] running install_data
[7.500s] copying resource/object_detection -> /home/cadt-02/Object-Detection/ros2_ws/install/object_detection/share/ament_index/resource_index/packages
[7.501s] copying package.xml -> /home/cadt-02/Object-Detection/ros2_ws/install/object_detection/share/object_detection
[7.501s] running install_egg_info
[7.544s] removing '/home/cadt-02/Object-Detection/ros2_ws/install/object_detection/lib/python3.8/site-packages/object_detection-0.0.0-py3.8.egg-info' (and everything under it)
[7.546s] Copying ../../build/object_detection/object_detection.egg-info to /home/cadt-02/Object-Detection/ros2_ws/install/object_detection/lib/python3.8/site-packages/object_detection-0.0.0-py3.8.egg-info
[7.547s] running install_scripts
[7.654s] writing list of installed files to '/home/cadt-02/Object-Detection/ros2_ws/build/object_detection/install.log'
[8.028s] Invoked command in '/home/cadt-02/Object-Detection/ros2_ws/src/object_detection' returned '0': NX_CONNECTION=172.23.34.123 52323 172.23.34.34 4000 PYTHONPATH=/home/cadt-02/Object-Detection/ros2_ws/build/object_detection/prefix_override:/home/cadt-02/Object-Detection/ros2_ws/install/object_detection/lib/python3.8/site-packages:${PYTHONPATH} /usr/bin/python3 setup.py egg_info --egg-base ../../build/object_detection build --build-base /home/cadt-02/Object-Detection/ros2_ws/build/object_detection/build install --record /home/cadt-02/Object-Detection/ros2_ws/build/object_detection/install.log --install-scripts $base/lib/object_detection --single-version-externally-managed
