[7.351s] Invoking command in '/home/cadt-02/Object-Detection/ros2_ws/src/my_package': PYTHONPATH=/home/cadt-02/Object-Detection/ros2_ws/build/my_package/prefix_override:/home/cadt-02/Object-Detection/ros2_ws/install/my_package/lib/python3.8/site-packages:${PYTHONPATH} /usr/bin/python3 setup.py egg_info --egg-base ../../build/my_package build --build-base /home/cadt-02/Object-Detection/ros2_ws/build/my_package/build install --record /home/cadt-02/Object-Detection/ros2_ws/build/my_package/install.log --install-scripts $base/lib/my_package --single-version-externally-managed
[7.630s] /home/cadt-02/.local/lib/python3.8/site-packages/setuptools/dist.py:472: SetuptoolsDeprecationWarning: Invalid dash-separated options
[7.630s] !!
[7.630s] 
[7.630s]         ********************************************************************************
[7.631s]         Usage of dash-separated 'script-dir' will not be supported in future
[7.631s]         versions. Please use the underscore name 'script_dir' instead.
[7.631s] 
[7.632s]         By 2024-Sep-26, you need to update your project and remove deprecated calls
[7.632s]         or your builds will no longer be supported.
[7.632s] 
[7.632s]         See https://setuptools.pypa.io/en/latest/userguide/declarative_config.html for details.
[7.633s]         ********************************************************************************
[7.633s] 
[7.633s] !!
[7.633s]   opt = self.warn_dash_deprecation(opt, section)
[7.877s] running egg_info
[7.917s] writing ../../build/my_package/my_package.egg-info/PKG-INFO
[7.918s] writing dependency_links to ../../build/my_package/my_package.egg-info/dependency_links.txt
[7.918s] writing entry points to ../../build/my_package/my_package.egg-info/entry_points.txt
[7.919s] writing requirements to ../../build/my_package/my_package.egg-info/requires.txt
[7.919s] writing top-level names to ../../build/my_package/my_package.egg-info/top_level.txt
[8.223s] reading manifest file '../../build/my_package/my_package.egg-info/SOURCES.txt'
[8.225s] writing manifest file '../../build/my_package/my_package.egg-info/SOURCES.txt'
[8.225s] running build
[8.226s] running build_py
[8.226s] copying my_package/camera_frame_publisher.py -> /home/cadt-02/Object-Detection/ros2_ws/build/my_package/build/lib/my_package
[8.226s] copying my_package/utils.py -> /home/cadt-02/Object-Detection/ros2_ws/build/my_package/build/lib/my_package
[8.227s] copying my_package/live_detection_node.py -> /home/cadt-02/Object-Detection/ros2_ws/build/my_package/build/lib/my_package
[8.227s] copying my_package/__init__.py -> /home/cadt-02/Object-Detection/ros2_ws/build/my_package/build/lib/my_package
[8.227s] copying my_package/main.py -> /home/cadt-02/Object-Detection/ros2_ws/build/my_package/build/lib/my_package
[8.228s] copying my_package/my_node.py -> /home/cadt-02/Object-Detection/ros2_ws/build/my_package/build/lib/my_package
[8.228s] copying my_package/object_detection_subscriber.py -> /home/cadt-02/Object-Detection/ros2_ws/build/my_package/build/lib/my_package
[8.229s] running install
[8.229s] /home/cadt-02/.local/lib/python3.8/site-packages/setuptools/_distutils/cmd.py:66: SetuptoolsDeprecationWarning: setup.py install is deprecated.
[8.230s] !!
[8.230s] 
[8.230s]         ********************************************************************************
[8.230s]         Please avoid running ``setup.py`` directly.
[8.230s]         Instead, use pypa/build, pypa/installer or other
[8.230s]         standards-based tools.
[8.230s] 
[8.231s]         See https://blog.ganssle.io/articles/2021/10/setup-py-deprecated.html for details.
[8.231s]         ********************************************************************************
[8.231s] 
[8.231s] !!
[8.231s]   self.initialize_options()
[8.242s] running install_lib
[8.282s] copying /home/cadt-02/Object-Detection/ros2_ws/build/my_package/build/lib/my_package/live_detection_node.py -> /home/cadt-02/Object-Detection/ros2_ws/install/my_package/lib/python3.8/site-packages/my_package
[8.284s] byte-compiling /home/cadt-02/Object-Detection/ros2_ws/install/my_package/lib/python3.8/site-packages/my_package/live_detection_node.py to live_detection_node.cpython-38.pyc
[8.287s] running install_data
[8.328s] copying resource/my_package -> /home/cadt-02/Object-Detection/ros2_ws/install/my_package/share/ament_index/resource_index/packages
[8.328s] copying package.xml -> /home/cadt-02/Object-Detection/ros2_ws/install/my_package/share/my_package
[8.329s] running install_egg_info
[8.370s] removing '/home/cadt-02/Object-Detection/ros2_ws/install/my_package/lib/python3.8/site-packages/my_package-0.0.0-py3.8.egg-info' (and everything under it)
[8.371s] Copying ../../build/my_package/my_package.egg-info to /home/cadt-02/Object-Detection/ros2_ws/install/my_package/lib/python3.8/site-packages/my_package-0.0.0-py3.8.egg-info
[8.372s] running install_scripts
[8.491s] Installing camera_frame_publisher script to /home/cadt-02/Object-Detection/ros2_ws/install/my_package/lib/my_package
[8.492s] Installing live_detection_node script to /home/cadt-02/Object-Detection/ros2_ws/install/my_package/lib/my_package
[8.492s] Installing main script to /home/cadt-02/Object-Detection/ros2_ws/install/my_package/lib/my_package
[8.492s] Installing my_node script to /home/cadt-02/Object-Detection/ros2_ws/install/my_package/lib/my_package
[8.493s] Installing object_detection_subscriber script to /home/cadt-02/Object-Detection/ros2_ws/install/my_package/lib/my_package
[8.493s] Installing utils script to /home/cadt-02/Object-Detection/ros2_ws/install/my_package/lib/my_package
[8.494s] writing list of installed files to '/home/cadt-02/Object-Detection/ros2_ws/build/my_package/install.log'
[9.445s] Invoked command in '/home/cadt-02/Object-Detection/ros2_ws/src/my_package' returned '0': PYTHONPATH=/home/cadt-02/Object-Detection/ros2_ws/build/my_package/prefix_override:/home/cadt-02/Object-Detection/ros2_ws/install/my_package/lib/python3.8/site-packages:${PYTHONPATH} /usr/bin/python3 setup.py egg_info --egg-base ../../build/my_package build --build-base /home/cadt-02/Object-Detection/ros2_ws/build/my_package/build install --record /home/cadt-02/Object-Detection/ros2_ws/build/my_package/install.log --install-scripts $base/lib/my_package --single-version-externally-managed
