[14.812s] DEBUG:colcon:Command line arguments: ['/usr/local/bin/colcon', 'build']
[14.812s] DEBUG:colcon:Parsed command line arguments: Namespace(ament_cmake_args=None, base_paths=['.'], build_base='build', catkin_cmake_args=None, catkin_skip_building_tests=False, cmake_args=None, cmake_clean_cache=False, cmake_clean_first=False, cmake_force_configure=False, cmake_target=None, cmake_target_skip_unavailable=False, continue_on_error=False, event_handlers=None, executor='parallel', ignore_user_meta=False, install_base='install', log_base=None, log_level=None, main=<bound method BuildVerb.main of <colcon_core.verb.build.BuildVerb object at 0xffffb1adcc70>>, merge_install=False, metas=['./colcon.meta'], packages_above=None, packages_above_and_dependencies=None, packages_above_depth=None, packages_end=None, packages_ignore=None, packages_ignore_regex=None, packages_select=None, packages_select_build_failed=False, packages_select_by_dep=None, packages_select_regex=None, packages_select_test_failures=False, packages_skip=None, packages_skip_build_finished=False, packages_skip_by_dep=None, packages_skip_regex=None, packages_skip_test_passed=False, packages_skip_up_to=None, packages_start=None, packages_up_to=None, packages_up_to_regex=None, parallel_workers=6, paths=None, symlink_install=False, test_result_base=None, verb_extension=<colcon_core.verb.build.BuildVerb object at 0xffffb1adcc70>, verb_name='build', verb_parser=<colcon_defaults.argument_parser.defaults.DefaultArgumentsDecorator object at 0xffffb17cedf0>)
[15.458s] Level 1:colcon.colcon_core.package_discovery:discover_packages(colcon_meta) check parameters
[15.458s] Level 1:colcon.colcon_core.package_discovery:discover_packages(recursive) check parameters
[15.458s] Level 1:colcon.colcon_core.package_discovery:discover_packages(ignore) check parameters
[15.458s] Level 1:colcon.colcon_core.package_discovery:discover_packages(path) check parameters
[15.458s] Level 1:colcon.colcon_core.package_discovery:discover_packages(colcon_meta) discover
[15.458s] Level 1:colcon.colcon_core.package_discovery:discover_packages(recursive) discover
[15.459s] INFO:colcon.colcon_core.package_discovery:Crawling recursively for packages in '/home/cadt-02/Object-Detection/ros2_ws'
[15.459s] Level 1:colcon.colcon_core.package_identification:_identify(.) by extensions ['ignore', 'ignore_ament_install']
[15.459s] Level 1:colcon.colcon_core.package_identification:_identify(.) by extension 'ignore'
[15.459s] Level 1:colcon.colcon_core.package_identification:_identify(.) by extension 'ignore_ament_install'
[15.459s] Level 1:colcon.colcon_core.package_identification:_identify(.) by extensions ['colcon_pkg']
[15.459s] Level 1:colcon.colcon_core.package_identification:_identify(.) by extension 'colcon_pkg'
[15.460s] Level 1:colcon.colcon_core.package_identification:_identify(.) by extensions ['colcon_meta']
[15.460s] Level 1:colcon.colcon_core.package_identification:_identify(.) by extension 'colcon_meta'
[15.460s] Level 1:colcon.colcon_core.package_identification:_identify(.) by extensions ['ros']
[15.460s] Level 1:colcon.colcon_core.package_identification:_identify(.) by extension 'ros'
[15.514s] Level 1:colcon.colcon_core.package_identification:_identify(.) by extensions ['cmake', 'python']
[15.514s] Level 1:colcon.colcon_core.package_identification:_identify(.) by extension 'cmake'
[15.514s] Level 1:colcon.colcon_core.package_identification:_identify(.) by extension 'python'
[15.514s] Level 1:colcon.colcon_core.package_identification:_identify(.) by extensions ['python_setup_py']
[15.514s] Level 1:colcon.colcon_core.package_identification:_identify(.) by extension 'python_setup_py'
[15.515s] Level 1:colcon.colcon_core.package_identification:_identify(build) by extensions ['ignore', 'ignore_ament_install']
[15.515s] Level 1:colcon.colcon_core.package_identification:_identify(build) by extension 'ignore'
[15.515s] Level 1:colcon.colcon_core.package_identification:_identify(build) ignored
[15.515s] Level 1:colcon.colcon_core.package_identification:_identify(install) by extensions ['ignore', 'ignore_ament_install']
[15.516s] Level 1:colcon.colcon_core.package_identification:_identify(install) by extension 'ignore'
[15.516s] Level 1:colcon.colcon_core.package_identification:_identify(install) ignored
[15.516s] Level 1:colcon.colcon_core.package_identification:_identify(log) by extensions ['ignore', 'ignore_ament_install']
[15.516s] Level 1:colcon.colcon_core.package_identification:_identify(log) by extension 'ignore'
[15.516s] Level 1:colcon.colcon_core.package_identification:_identify(log) ignored
[15.517s] Level 1:colcon.colcon_core.package_identification:_identify(src) by extensions ['ignore', 'ignore_ament_install']
[15.517s] Level 1:colcon.colcon_core.package_identification:_identify(src) by extension 'ignore'
[15.517s] Level 1:colcon.colcon_core.package_identification:_identify(src) by extension 'ignore_ament_install'
[15.517s] Level 1:colcon.colcon_core.package_identification:_identify(src) by extensions ['colcon_pkg']
[15.517s] Level 1:colcon.colcon_core.package_identification:_identify(src) by extension 'colcon_pkg'
[15.517s] Level 1:colcon.colcon_core.package_identification:_identify(src) by extensions ['colcon_meta']
[15.517s] Level 1:colcon.colcon_core.package_identification:_identify(src) by extension 'colcon_meta'
[15.518s] Level 1:colcon.colcon_core.package_identification:_identify(src) by extensions ['ros']
[15.518s] Level 1:colcon.colcon_core.package_identification:_identify(src) by extension 'ros'
[15.518s] Level 1:colcon.colcon_core.package_identification:_identify(src) by extensions ['cmake', 'python']
[15.518s] Level 1:colcon.colcon_core.package_identification:_identify(src) by extension 'cmake'
[15.518s] Level 1:colcon.colcon_core.package_identification:_identify(src) by extension 'python'
[15.518s] Level 1:colcon.colcon_core.package_identification:_identify(src) by extensions ['python_setup_py']
[15.518s] Level 1:colcon.colcon_core.package_identification:_identify(src) by extension 'python_setup_py'
[15.518s] Level 1:colcon.colcon_core.package_identification:_identify(src/my_package) by extensions ['ignore', 'ignore_ament_install']
[15.519s] Level 1:colcon.colcon_core.package_identification:_identify(src/my_package) by extension 'ignore'
[15.519s] Level 1:colcon.colcon_core.package_identification:_identify(src/my_package) by extension 'ignore_ament_install'
[15.519s] Level 1:colcon.colcon_core.package_identification:_identify(src/my_package) by extensions ['colcon_pkg']
[15.519s] Level 1:colcon.colcon_core.package_identification:_identify(src/my_package) by extension 'colcon_pkg'
[15.519s] Level 1:colcon.colcon_core.package_identification:_identify(src/my_package) by extensions ['colcon_meta']
[15.519s] Level 1:colcon.colcon_core.package_identification:_identify(src/my_package) by extension 'colcon_meta'
[15.519s] Level 1:colcon.colcon_core.package_identification:_identify(src/my_package) by extensions ['ros']
[15.519s] Level 1:colcon.colcon_core.package_identification:_identify(src/my_package) by extension 'ros'
[15.525s] DEBUG:colcon.colcon_core.package_identification:Package 'src/my_package' with type 'ros.ament_python' and name 'my_package'
[15.526s] Level 1:colcon.colcon_core.package_identification:_identify(src/object_detection) by extensions ['ignore', 'ignore_ament_install']
[15.526s] Level 1:colcon.colcon_core.package_identification:_identify(src/object_detection) by extension 'ignore'
[15.526s] Level 1:colcon.colcon_core.package_identification:_identify(src/object_detection) by extension 'ignore_ament_install'
[15.526s] Level 1:colcon.colcon_core.package_identification:_identify(src/object_detection) by extensions ['colcon_pkg']
[15.527s] Level 1:colcon.colcon_core.package_identification:_identify(src/object_detection) by extension 'colcon_pkg'
[15.527s] Level 1:colcon.colcon_core.package_identification:_identify(src/object_detection) by extensions ['colcon_meta']
[15.527s] Level 1:colcon.colcon_core.package_identification:_identify(src/object_detection) by extension 'colcon_meta'
[15.527s] Level 1:colcon.colcon_core.package_identification:_identify(src/object_detection) by extensions ['ros']
[15.527s] Level 1:colcon.colcon_core.package_identification:_identify(src/object_detection) by extension 'ros'
[15.528s] DEBUG:colcon.colcon_core.package_identification:Package 'src/object_detection' with type 'ros.ament_python' and name 'object_detection'
[15.528s] Level 1:colcon.colcon_core.package_discovery:discover_packages(recursive) using defaults
[15.528s] Level 1:colcon.colcon_core.package_discovery:discover_packages(ignore) discover
[15.529s] Level 1:colcon.colcon_core.package_discovery:discover_packages(ignore) using defaults
[15.529s] Level 1:colcon.colcon_core.package_discovery:discover_packages(path) discover
[15.529s] Level 1:colcon.colcon_core.package_discovery:discover_packages(path) using defaults
[16.623s] Level 5:colcon.colcon_core.verb:set package 'my_package' build argument 'cmake_args' from command line to 'None'
[16.623s] Level 5:colcon.colcon_core.verb:set package 'my_package' build argument 'cmake_target' from command line to 'None'
[16.623s] Level 5:colcon.colcon_core.verb:set package 'my_package' build argument 'cmake_target_skip_unavailable' from command line to 'False'
[16.624s] Level 5:colcon.colcon_core.verb:set package 'my_package' build argument 'cmake_clean_cache' from command line to 'False'
[16.624s] Level 5:colcon.colcon_core.verb:set package 'my_package' build argument 'cmake_clean_first' from command line to 'False'
[16.624s] Level 5:colcon.colcon_core.verb:set package 'my_package' build argument 'cmake_force_configure' from command line to 'False'
[16.624s] Level 5:colcon.colcon_core.verb:set package 'my_package' build argument 'ament_cmake_args' from command line to 'None'
[16.624s] Level 5:colcon.colcon_core.verb:set package 'my_package' build argument 'catkin_cmake_args' from command line to 'None'
[16.624s] Level 5:colcon.colcon_core.verb:set package 'my_package' build argument 'catkin_skip_building_tests' from command line to 'False'
[16.624s] DEBUG:colcon.colcon_core.verb:Building package 'my_package' with the following arguments: {'ament_cmake_args': None, 'build_base': '/home/cadt-02/Object-Detection/ros2_ws/build/my_package', 'catkin_cmake_args': None, 'catkin_skip_building_tests': False, 'cmake_args': None, 'cmake_clean_cache': False, 'cmake_clean_first': False, 'cmake_force_configure': False, 'cmake_target': None, 'cmake_target_skip_unavailable': False, 'install_base': '/home/cadt-02/Object-Detection/ros2_ws/install/my_package', 'merge_install': False, 'path': '/home/cadt-02/Object-Detection/ros2_ws/src/my_package', 'symlink_install': False, 'test_result_base': None}
[16.887s] Level 5:colcon.colcon_core.verb:set package 'object_detection' build argument 'cmake_args' from command line to 'None'
[16.888s] Level 5:colcon.colcon_core.verb:set package 'object_detection' build argument 'cmake_target' from command line to 'None'
[16.888s] Level 5:colcon.colcon_core.verb:set package 'object_detection' build argument 'cmake_target_skip_unavailable' from command line to 'False'
[16.888s] Level 5:colcon.colcon_core.verb:set package 'object_detection' build argument 'cmake_clean_cache' from command line to 'False'
[16.888s] Level 5:colcon.colcon_core.verb:set package 'object_detection' build argument 'cmake_clean_first' from command line to 'False'
[16.888s] Level 5:colcon.colcon_core.verb:set package 'object_detection' build argument 'cmake_force_configure' from command line to 'False'
[16.888s] Level 5:colcon.colcon_core.verb:set package 'object_detection' build argument 'ament_cmake_args' from command line to 'None'
[16.888s] Level 5:colcon.colcon_core.verb:set package 'object_detection' build argument 'catkin_cmake_args' from command line to 'None'
[16.888s] Level 5:colcon.colcon_core.verb:set package 'object_detection' build argument 'catkin_skip_building_tests' from command line to 'False'
[16.888s] DEBUG:colcon.colcon_core.verb:Building package 'object_detection' with the following arguments: {'ament_cmake_args': None, 'build_base': '/home/cadt-02/Object-Detection/ros2_ws/build/object_detection', 'catkin_cmake_args': None, 'catkin_skip_building_tests': False, 'cmake_args': None, 'cmake_clean_cache': False, 'cmake_clean_first': False, 'cmake_force_configure': False, 'cmake_target': None, 'cmake_target_skip_unavailable': False, 'install_base': '/home/cadt-02/Object-Detection/ros2_ws/install/object_detection', 'merge_install': False, 'path': '/home/cadt-02/Object-Detection/ros2_ws/src/object_detection', 'symlink_install': False, 'test_result_base': None}
[17.151s] INFO:colcon.colcon_core.executor:Executing jobs using 'parallel' executor
[17.416s] DEBUG:colcon.colcon_parallel_executor.executor.parallel:run_until_complete
[17.416s] INFO:colcon.colcon_ros.task.ament_python.build:Building ROS package in '/home/cadt-02/Object-Detection/ros2_ws/src/my_package' with build type 'ament_python'
[17.417s] Level 1:colcon.colcon_core.shell:create_environment_hook('my_package', 'ament_prefix_path')
[17.686s] INFO:colcon.colcon_core.plugin_system:Skipping extension 'colcon_core.shell.bat': Not used on non-Windows systems
[17.687s] INFO:colcon.colcon_core.shell:Creating environment hook '/home/cadt-02/Object-Detection/ros2_ws/install/my_package/share/my_package/hook/ament_prefix_path.ps1'
[17.689s] INFO:colcon.colcon_core.shell:Creating environment descriptor '/home/cadt-02/Object-Detection/ros2_ws/install/my_package/share/my_package/hook/ament_prefix_path.dsv'
[17.690s] INFO:colcon.colcon_core.shell:Creating environment hook '/home/cadt-02/Object-Detection/ros2_ws/install/my_package/share/my_package/hook/ament_prefix_path.sh'
[17.964s] INFO:colcon.colcon_core.shell:Skip shell extension 'powershell' for command environment: Not usable outside of PowerShell
[17.964s] DEBUG:colcon.colcon_core.shell:Skip shell extension 'dsv' for command environment
[18.777s] INFO:colcon.colcon_ros.task.ament_python.build:Building ROS package in '/home/cadt-02/Object-Detection/ros2_ws/src/object_detection' with build type 'ament_python'
[18.778s] Level 1:colcon.colcon_core.shell:create_environment_hook('object_detection', 'ament_prefix_path')
[19.048s] INFO:colcon.colcon_core.shell:Creating environment hook '/home/cadt-02/Object-Detection/ros2_ws/install/object_detection/share/object_detection/hook/ament_prefix_path.ps1'
[19.049s] INFO:colcon.colcon_core.shell:Creating environment descriptor '/home/cadt-02/Object-Detection/ros2_ws/install/object_detection/share/object_detection/hook/ament_prefix_path.dsv'
[19.050s] INFO:colcon.colcon_core.shell:Creating environment hook '/home/cadt-02/Object-Detection/ros2_ws/install/object_detection/share/object_detection/hook/ament_prefix_path.sh'
[19.320s] INFO:colcon.colcon_core.shell:Skip shell extension 'powershell' for command environment: Not usable outside of PowerShell
[19.320s] DEBUG:colcon.colcon_core.shell:Skip shell extension 'dsv' for command environment
[20.592s] INFO:colcon.colcon_core.task.python.build:Building Python package in '/home/cadt-02/Object-Detection/ros2_ws/src/my_package'
[20.861s] INFO:colcon.colcon_core.shell:Skip shell extension 'powershell' for command environment: Not usable outside of PowerShell
[20.861s] DEBUG:colcon.colcon_core.shell:Skip shell extension 'dsv' for command environment
[22.123s] INFO:colcon.colcon_core.task.python.build:Building Python package in '/home/cadt-02/Object-Detection/ros2_ws/src/object_detection'
[22.393s] INFO:colcon.colcon_core.shell:Skip shell extension 'powershell' for command environment: Not usable outside of PowerShell
[22.394s] DEBUG:colcon.colcon_core.shell:Skip shell extension 'dsv' for command environment
[24.624s] DEBUG:colcon.colcon_core.event_handler.log_command:Invoking command in '/home/cadt-02/Object-Detection/ros2_ws/src/object_detection': PYTHONPATH=/home/cadt-02/Object-Detection/ros2_ws/build/object_detection/prefix_override:/home/cadt-02/Object-Detection/ros2_ws/install/object_detection/lib/python3.8/site-packages:${PYTHONPATH} /usr/bin/python3 setup.py egg_info --egg-base ../../build/object_detection build --build-base /home/cadt-02/Object-Detection/ros2_ws/build/object_detection/build install --record /home/cadt-02/Object-Detection/ros2_ws/build/object_detection/install.log --install-scripts $base/lib/object_detection --single-version-externally-managed
[24.642s] DEBUG:colcon.colcon_core.event_handler.log_command:Invoking command in '/home/cadt-02/Object-Detection/ros2_ws/src/my_package': PYTHONPATH=/home/cadt-02/Object-Detection/ros2_ws/build/my_package/prefix_override:/home/cadt-02/Object-Detection/ros2_ws/install/my_package/lib/python3.8/site-packages:${PYTHONPATH} /usr/bin/python3 setup.py egg_info --egg-base ../../build/my_package build --build-base /home/cadt-02/Object-Detection/ros2_ws/build/my_package/build install --record /home/cadt-02/Object-Detection/ros2_ws/build/my_package/install.log --install-scripts $base/lib/my_package --single-version-externally-managed
[25.831s] DEBUG:colcon.colcon_core.event_handler.log_command:Invoked command in '/home/cadt-02/Object-Detection/ros2_ws/src/object_detection' returned '0': PYTHONPATH=/home/cadt-02/Object-Detection/ros2_ws/build/object_detection/prefix_override:/home/cadt-02/Object-Detection/ros2_ws/install/object_detection/lib/python3.8/site-packages:${PYTHONPATH} /usr/bin/python3 setup.py egg_info --egg-base ../../build/object_detection build --build-base /home/cadt-02/Object-Detection/ros2_ws/build/object_detection/build install --record /home/cadt-02/Object-Detection/ros2_ws/build/object_detection/install.log --install-scripts $base/lib/object_detection --single-version-externally-managed
[26.115s] Level 1:colcon.colcon_core.environment:checking '/home/cadt-02/Object-Detection/ros2_ws/install/object_detection' for CMake module files
[26.116s] Level 1:colcon.colcon_core.environment:checking '/home/cadt-02/Object-Detection/ros2_ws/install/object_detection' for CMake config files
[26.118s] Level 1:colcon.colcon_core.environment:checking '/home/cadt-02/Object-Detection/ros2_ws/install/object_detection/lib'
[26.118s] Level 1:colcon.colcon_core.environment:checking '/home/cadt-02/Object-Detection/ros2_ws/install/object_detection/bin'
[26.118s] Level 1:colcon.colcon_core.environment:checking '/home/cadt-02/Object-Detection/ros2_ws/install/object_detection/lib/pkgconfig/object_detection.pc'
[26.119s] Level 1:colcon.colcon_core.environment:checking '/home/cadt-02/Object-Detection/ros2_ws/install/object_detection/lib/python3.8/site-packages'
[26.120s] Level 1:colcon.colcon_core.shell:create_environment_hook('object_detection', 'pythonpath')
[26.386s] INFO:colcon.colcon_core.shell:Creating environment hook '/home/cadt-02/Object-Detection/ros2_ws/install/object_detection/share/object_detection/hook/pythonpath.ps1'
[26.387s] INFO:colcon.colcon_core.shell:Creating environment descriptor '/home/cadt-02/Object-Detection/ros2_ws/install/object_detection/share/object_detection/hook/pythonpath.dsv'
[26.388s] INFO:colcon.colcon_core.shell:Creating environment hook '/home/cadt-02/Object-Detection/ros2_ws/install/object_detection/share/object_detection/hook/pythonpath.sh'
[26.389s] Level 1:colcon.colcon_core.environment:checking '/home/cadt-02/Object-Detection/ros2_ws/install/object_detection/bin'
[26.389s] Level 1:colcon.colcon_core.environment:create_environment_scripts_only(object_detection)
[26.655s] INFO:colcon.colcon_core.shell:Creating package script '/home/cadt-02/Object-Detection/ros2_ws/install/object_detection/share/object_detection/package.ps1'
[26.657s] INFO:colcon.colcon_core.shell:Creating package descriptor '/home/cadt-02/Object-Detection/ros2_ws/install/object_detection/share/object_detection/package.dsv'
[26.658s] INFO:colcon.colcon_core.shell:Creating package script '/home/cadt-02/Object-Detection/ros2_ws/install/object_detection/share/object_detection/package.sh'
[26.660s] INFO:colcon.colcon_core.shell:Creating package script '/home/cadt-02/Object-Detection/ros2_ws/install/object_detection/share/object_detection/package.bash'
[26.663s] INFO:colcon.colcon_core.shell:Creating package script '/home/cadt-02/Object-Detection/ros2_ws/install/object_detection/share/object_detection/package.zsh'
[26.665s] Level 1:colcon.colcon_core.environment:create_file_with_runtime_dependencies(/home/cadt-02/Object-Detection/ros2_ws/install/object_detection/share/colcon-core/packages/object_detection)
[26.670s] DEBUG:colcon.colcon_core.event_handler.log_command:Invoked command in '/home/cadt-02/Object-Detection/ros2_ws/src/my_package' returned '0': PYTHONPATH=/home/cadt-02/Object-Detection/ros2_ws/build/my_package/prefix_override:/home/cadt-02/Object-Detection/ros2_ws/install/my_package/lib/python3.8/site-packages:${PYTHONPATH} /usr/bin/python3 setup.py egg_info --egg-base ../../build/my_package build --build-base /home/cadt-02/Object-Detection/ros2_ws/build/my_package/build install --record /home/cadt-02/Object-Detection/ros2_ws/build/my_package/install.log --install-scripts $base/lib/my_package --single-version-externally-managed
[26.939s] Level 1:colcon.colcon_core.environment:checking '/home/cadt-02/Object-Detection/ros2_ws/install/my_package' for CMake module files
[26.940s] Level 1:colcon.colcon_core.environment:checking '/home/cadt-02/Object-Detection/ros2_ws/install/my_package' for CMake config files
[26.941s] Level 1:colcon.colcon_core.environment:checking '/home/cadt-02/Object-Detection/ros2_ws/install/my_package/lib'
[26.942s] Level 1:colcon.colcon_core.environment:checking '/home/cadt-02/Object-Detection/ros2_ws/install/my_package/bin'
[26.942s] Level 1:colcon.colcon_core.environment:checking '/home/cadt-02/Object-Detection/ros2_ws/install/my_package/lib/pkgconfig/my_package.pc'
[26.942s] Level 1:colcon.colcon_core.environment:checking '/home/cadt-02/Object-Detection/ros2_ws/install/my_package/lib/python3.8/site-packages'
[26.942s] Level 1:colcon.colcon_core.shell:create_environment_hook('my_package', 'pythonpath')
[27.218s] INFO:colcon.colcon_core.shell:Creating environment hook '/home/cadt-02/Object-Detection/ros2_ws/install/my_package/share/my_package/hook/pythonpath.ps1'
[27.219s] INFO:colcon.colcon_core.shell:Creating environment descriptor '/home/cadt-02/Object-Detection/ros2_ws/install/my_package/share/my_package/hook/pythonpath.dsv'
[27.220s] INFO:colcon.colcon_core.shell:Creating environment hook '/home/cadt-02/Object-Detection/ros2_ws/install/my_package/share/my_package/hook/pythonpath.sh'
[27.221s] Level 1:colcon.colcon_core.environment:checking '/home/cadt-02/Object-Detection/ros2_ws/install/my_package/bin'
[27.221s] Level 1:colcon.colcon_core.environment:create_environment_scripts_only(my_package)
[27.523s] INFO:colcon.colcon_core.shell:Creating package script '/home/cadt-02/Object-Detection/ros2_ws/install/my_package/share/my_package/package.ps1'
[27.524s] INFO:colcon.colcon_core.shell:Creating package descriptor '/home/cadt-02/Object-Detection/ros2_ws/install/my_package/share/my_package/package.dsv'
[27.526s] INFO:colcon.colcon_core.shell:Creating package script '/home/cadt-02/Object-Detection/ros2_ws/install/my_package/share/my_package/package.sh'
[27.527s] INFO:colcon.colcon_core.shell:Creating package script '/home/cadt-02/Object-Detection/ros2_ws/install/my_package/share/my_package/package.bash'
[27.528s] INFO:colcon.colcon_core.shell:Creating package script '/home/cadt-02/Object-Detection/ros2_ws/install/my_package/share/my_package/package.zsh'
[27.529s] Level 1:colcon.colcon_core.environment:create_file_with_runtime_dependencies(/home/cadt-02/Object-Detection/ros2_ws/install/my_package/share/colcon-core/packages/my_package)
[27.530s] DEBUG:colcon.colcon_parallel_executor.executor.parallel:closing loop
[27.530s] DEBUG:colcon.colcon_parallel_executor.executor.parallel:loop closed
[27.531s] DEBUG:colcon.colcon_parallel_executor.executor.parallel:run_until_complete finished with '0'
[27.531s] DEBUG:colcon.colcon_core.event_reactor:joining thread
[27.811s] INFO:colcon.colcon_core.plugin_system:Skipping extension 'colcon_notification.desktop_notification.terminal_notifier': Not used on non-Darwin systems
[27.811s] INFO:colcon.colcon_core.plugin_system:Skipping extension 'colcon_notification.desktop_notification.win32': Not used on non-Windows systems
[27.811s] INFO:colcon.colcon_notification.desktop_notification:Sending desktop notification using 'notify2'
[27.850s] DEBUG:colcon.colcon_core.event_reactor:joined thread
[28.117s] INFO:colcon.colcon_core.shell:Creating prefix script '/home/cadt-02/Object-Detection/ros2_ws/install/local_setup.ps1'
[28.120s] INFO:colcon.colcon_core.shell:Creating prefix util module '/home/cadt-02/Object-Detection/ros2_ws/install/_local_setup_util_ps1.py'
[28.122s] INFO:colcon.colcon_core.shell:Creating prefix chain script '/home/cadt-02/Object-Detection/ros2_ws/install/setup.ps1'
[28.389s] INFO:colcon.colcon_core.shell:Creating prefix script '/home/cadt-02/Object-Detection/ros2_ws/install/local_setup.sh'
[28.390s] INFO:colcon.colcon_core.shell:Creating prefix util module '/home/cadt-02/Object-Detection/ros2_ws/install/_local_setup_util_sh.py'
[28.391s] INFO:colcon.colcon_core.shell:Creating prefix chain script '/home/cadt-02/Object-Detection/ros2_ws/install/setup.sh'
[28.658s] INFO:colcon.colcon_core.shell:Creating prefix script '/home/cadt-02/Object-Detection/ros2_ws/install/local_setup.bash'
[28.659s] INFO:colcon.colcon_core.shell:Creating prefix chain script '/home/cadt-02/Object-Detection/ros2_ws/install/setup.bash'
[28.925s] INFO:colcon.colcon_core.shell:Creating prefix script '/home/cadt-02/Object-Detection/ros2_ws/install/local_setup.zsh'
[28.926s] INFO:colcon.colcon_core.shell:Creating prefix chain script '/home/cadt-02/Object-Detection/ros2_ws/install/setup.zsh'
