[0.190s] Invoking command in '/home/vandara/Documents/GitHub/Object-Detection/ros2_workspace/build/object_detection_pkg': CMAKE_PREFIX_PATH=${CMAKE_PREFIX_PATH}:/opt/ros/foxy /usr/bin/cmake /home/vandara/Documents/GitHub/Object-Detection/ros2_workspace/src/object_detection_pkg -DCMAKE_INSTALL_PREFIX=/home/vandara/Documents/GitHub/Object-Detection/ros2_workspace/install/object_detection_pkg
[0.243s] -- The C compiler identification is GNU 9.4.0
[0.292s] -- The CXX compiler identification is GNU 9.4.0
[0.296s] -- Check for working C compiler: /usr/bin/cc
[0.363s] -- Check for working C compiler: /usr/bin/cc -- works
[0.363s] -- Detecting C compiler ABI info
[0.427s] -- Detecting C compiler ABI info - done
[0.438s] -- Detecting C compile features
[0.438s] -- Detecting C compile features - done
[0.442s] -- Check for working CXX compiler: /usr/bin/c++
[0.514s] -- Check for working CXX compiler: /usr/bin/c++ -- works
[0.515s] -- Detecting CXX compiler ABI info
[0.587s] -- Detecting CXX compiler ABI info - done
[0.598s] -- Detecting CXX compile features
[0.598s] -- Detecting CXX compile features - done
[0.600s] -- Found ament_cmake: 0.9.12 (/opt/ros/foxy/share/ament_cmake/cmake)
[0.625s] -- Found PythonInterp: /usr/bin/python3 (found suitable version "3.8.10", minimum required is "3") 
[0.625s] -- Using PYTHON_EXECUTABLE: /usr/bin/python3
[0.834s] -- Found rclpy: 1.0.13 (/opt/ros/foxy/share/rclpy/cmake)
[0.834s] -- Found sensor_msgs: 2.0.5 (/opt/ros/foxy/share/sensor_msgs/cmake)
[0.860s] -- Using all available rosidl_typesupport_c: rosidl_typesupport_fastrtps_c;rosidl_typesupport_introspection_c
[0.865s] -- Found rosidl_adapter: 1.3.1 (/opt/ros/foxy/share/rosidl_adapter/cmake)
[0.944s] -- Found OpenSSL: /usr/lib/x86_64-linux-gnu/libcrypto.so (found version "1.1.1f")  
[0.971s] -- Found FastRTPS: /opt/ros/foxy/include  
[1.045s] -- Using all available rosidl_typesupport_cpp: rosidl_typesupport_fastrtps_cpp;rosidl_typesupport_introspection_cpp
[1.201s] -- Found cv_bridge: 3.0.7 (/opt/ros/foxy/share/cv_bridge/cmake)
[1.235s] -- Found ament_lint_auto: 0.9.8 (/opt/ros/foxy/share/ament_lint_auto/cmake)
[1.317s] -- Added test 'copyright' to check source files copyright and LICENSE
[1.319s] -- Added test 'flake8' to check Python code syntax and style conventions
[1.319s] -- Added test 'lint_cmake' to check CMake code style
[1.320s] -- Added test 'pep257' to check Python code against some of the style conventions in PEP 257
[1.321s] -- Added test 'xmllint' to check XML markup files
[1.324s] -- Configuring done
[1.326s] CMake Error at CMakeLists.txt:25 (add_executable):
[1.326s]   Cannot find source file:
[1.326s] 
[1.326s]     src/main.cpp
[1.327s] 
[1.327s]   Tried extensions .c .C .c++ .cc .cpp .cxx .cu .m .M .mm .h .hh .h++ .hm
[1.327s]   .hpp .hxx .in .txx
[1.327s] 
[1.327s] 
[1.328s] CMake Error at CMakeLists.txt:25 (add_executable):
[1.328s]   No SOURCES given to target: object_detection
[1.328s] 
[1.328s] 
[1.328s] CMake Generate step failed.  Build files cannot be regenerated correctly.
[1.335s] Invoked command in '/home/vandara/Documents/GitHub/Object-Detection/ros2_workspace/build/object_detection_pkg' returned '1': CMAKE_PREFIX_PATH=${CMAKE_PREFIX_PATH}:/opt/ros/foxy /usr/bin/cmake /home/vandara/Documents/GitHub/Object-Detection/ros2_workspace/src/object_detection_pkg -DCMAKE_INSTALL_PREFIX=/home/vandara/Documents/GitHub/Object-Detection/ros2_workspace/install/object_detection_pkg
