[6.409s] Invoking command in '/home/cadt-02/Object-Detection/ros2_ws/src/object_detection': NX_CONNECTION=172.23.34.123 52323 172.23.34.34 4000 PYTHONPATH=/home/cadt-02/Object-Detection/ros2_ws/build/object_detection/prefix_override:/home/cadt-02/Object-Detection/ros2_ws/install/object_detection/lib/python3.8/site-packages:${PYTHONPATH} /usr/bin/python3 setup.py egg_info --egg-base ../../build/object_detection build --build-base /home/cadt-02/Object-Detection/ros2_ws/build/object_detection/build install --record /home/cadt-02/Object-Detection/ros2_ws/build/object_detection/install.log --install-scripts $base/lib/object_detection --single-version-externally-managed
[6.733s] /home/cadt-02/.local/lib/python3.8/site-packages/setuptools/dist.py:476: SetuptoolsDeprecationWarning: Invalid dash-separated options
[6.734s] !!
[6.734s] 
[6.735s]         ********************************************************************************
[6.737s]         Usage of dash-separated 'script-dir' will not be supported in future
[6.737s]         versions. Please use the underscore name 'script_dir' instead.
[6.738s] 
[6.738s]         By 2024-Sep-26, you need to update your project and remove deprecated calls
[6.738s]         or your builds will no longer be supported.
[6.739s] 
[6.739s]         See https://setuptools.pypa.io/en/latest/userguide/declarative_config.html for details.
[6.740s]         ********************************************************************************
[6.740s] 
[6.741s] !!
[6.741s]   opt = self.warn_dash_deprecation(opt, section)
[6.982s] running egg_info
[7.024s] writing ../../build/object_detection/object_detection.egg-info/PKG-INFO
[7.025s] writing dependency_links to ../../build/object_detection/object_detection.egg-info/dependency_links.txt
[7.028s] writing requirements to ../../build/object_detection/object_detection.egg-info/requires.txt
[7.029s] writing top-level names to ../../build/object_detection/object_detection.egg-info/top_level.txt
[7.345s] reading manifest file '../../build/object_detection/object_detection.egg-info/SOURCES.txt'
[7.347s] writing manifest file '../../build/object_detection/object_detection.egg-info/SOURCES.txt'
[7.347s] running build
[7.347s] running build_py
[7.348s] copying object_detection/__init__.py -> /home/cadt-02/Object-Detection/ros2_ws/build/object_detection/build/lib/object_detection
[7.348s] running install
[7.350s] /home/cadt-02/.local/lib/python3.8/site-packages/setuptools/_distutils/cmd.py:66: SetuptoolsDeprecationWarning: setup.py install is deprecated.
[7.350s] !!
[7.350s] 
[7.350s]         ********************************************************************************
[7.350s]         Please avoid running ``setup.py`` directly.
[7.350s]         Instead, use pypa/build, pypa/installer or other
[7.350s]         standards-based tools.
[7.351s] 
[7.351s]         See https://blog.ganssle.io/articles/2021/10/setup-py-deprecated.html for details.
[7.352s]         ********************************************************************************
[7.353s] 
[7.353s] !!
[7.354s]   self.initialize_options()
[7.358s] running install_lib
[7.403s] running install_data
[7.445s] copying resource/object_detection -> /home/cadt-02/Object-Detection/ros2_ws/install/object_detection/share/ament_index/resource_index/packages
[7.446s] copying package.xml -> /home/cadt-02/Object-Detection/ros2_ws/install/object_detection/share/object_detection
[7.447s] running install_egg_info
[7.491s] removing '/home/cadt-02/Object-Detection/ros2_ws/install/object_detection/lib/python3.8/site-packages/object_detection-0.0.0-py3.8.egg-info' (and everything under it)
[7.492s] Copying ../../build/object_detection/object_detection.egg-info to /home/cadt-02/Object-Detection/ros2_ws/install/object_detection/lib/python3.8/site-packages/object_detection-0.0.0-py3.8.egg-info
[7.493s] running install_scripts
[7.600s] writing list of installed files to '/home/cadt-02/Object-Detection/ros2_ws/build/object_detection/install.log'
[7.972s] Invoked command in '/home/cadt-02/Object-Detection/ros2_ws/src/object_detection' returned '0': NX_CONNECTION=172.23.34.123 52323 172.23.34.34 4000 PYTHONPATH=/home/cadt-02/Object-Detection/ros2_ws/build/object_detection/prefix_override:/home/cadt-02/Object-Detection/ros2_ws/install/object_detection/lib/python3.8/site-packages:${PYTHONPATH} /usr/bin/python3 setup.py egg_info --egg-base ../../build/object_detection build --build-base /home/cadt-02/Object-Detection/ros2_ws/build/object_detection/build install --record /home/cadt-02/Object-Detection/ros2_ws/build/object_detection/install.log --install-scripts $base/lib/object_detection --single-version-externally-managed
