running egg_info
writing ../../build/my_package/my_package.egg-info/PKG-INFO
writing dependency_links to ../../build/my_package/my_package.egg-info/dependency_links.txt
writing entry points to ../../build/my_package/my_package.egg-info/entry_points.txt
writing requirements to ../../build/my_package/my_package.egg-info/requires.txt
writing top-level names to ../../build/my_package/my_package.egg-info/top_level.txt
reading manifest file '../../build/my_package/my_package.egg-info/SOURCES.txt'
writing manifest file '../../build/my_package/my_package.egg-info/SOURCES.txt'
running build
running build_py
copying my_package/main.py -> /home/vandara/ros2_ws/build/my_package/build/lib/my_package
copying my_package/live_detection_node.py -> /home/vandara/ros2_ws/build/my_package/build/lib/my_package
running install
running install_lib
copying /home/vandara/ros2_ws/build/my_package/build/lib/my_package/main.py -> /home/vandara/ros2_ws/install/my_package/lib/python3.8/site-packages/my_package
copying /home/vandara/ros2_ws/build/my_package/build/lib/my_package/live_detection_node.py -> /home/vandara/ros2_ws/install/my_package/lib/python3.8/site-packages/my_package
byte-compiling /home/vandara/ros2_ws/install/my_package/lib/python3.8/site-packages/my_package/main.py to main.cpython-38.pyc
byte-compiling /home/vandara/ros2_ws/install/my_package/lib/python3.8/site-packages/my_package/live_detection_node.py to live_detection_node.cpython-38.pyc
running install_data
running install_egg_info
removing '/home/vandara/ros2_ws/install/my_package/lib/python3.8/site-packages/my_package-0.0.0-py3.8.egg-info' (and everything under it)
Copying ../../build/my_package/my_package.egg-info to /home/vandara/ros2_ws/install/my_package/lib/python3.8/site-packages/my_package-0.0.0-py3.8.egg-info
running install_scripts
Installing live_detection_node = my_package.live_detection_node:mainmain script to /home/vandara/ros2_ws/install/my_package/lib/my_package
Installing my_node script to /home/vandara/ros2_ws/install/my_package/lib/my_package
Installing utils script to /home/vandara/ros2_ws/install/my_package/lib/my_package
writing list of installed files to '/home/vandara/ros2_ws/build/my_package/install.log'
