[1.601s] Invoking command in '/home/vandara/ros2_ws/src/object_detection': PYTHONPATH=/home/vandara/ros2_ws/build/object_detection/prefix_override:/home/vandara/ros2_ws/install/object_detection/lib/python3.8/site-packages:${PYTHONPATH} /usr/bin/python3 setup.py egg_info --egg-base ../../build/object_detection build --build-base /home/vandara/ros2_ws/build/object_detection/build install --record /home/vandara/ros2_ws/build/object_detection/install.log --install-scripts $base/lib/object_detection --single-version-externally-managed
[1.843s] running egg_info
[1.844s] writing ../../build/object_detection/object_detection.egg-info/PKG-INFO
[1.844s] writing dependency_links to ../../build/object_detection/object_detection.egg-info/dependency_links.txt
[1.846s] writing entry points to ../../build/object_detection/object_detection.egg-info/entry_points.txt
[1.847s] writing requirements to ../../build/object_detection/object_detection.egg-info/requires.txt
[1.848s] writing top-level names to ../../build/object_detection/object_detection.egg-info/top_level.txt
[1.880s] reading manifest file '../../build/object_detection/object_detection.egg-info/SOURCES.txt'
[1.882s] writing manifest file '../../build/object_detection/object_detection.egg-info/SOURCES.txt'
[1.883s] running build
[1.884s] running build_py
[1.885s] running install
[1.886s] running install_lib
[1.887s] running install_data
[1.888s] running install_egg_info
[1.888s] removing '/home/vandara/ros2_ws/install/object_detection/lib/python3.8/site-packages/object_detection-0.0.0-py3.8.egg-info' (and everything under it)
[1.889s] Copying ../../build/object_detection/object_detection.egg-info to /home/vandara/ros2_ws/install/object_detection/lib/python3.8/site-packages/object_detection-0.0.0-py3.8.egg-info
[1.889s] running install_scripts
[1.907s] writing list of installed files to '/home/vandara/ros2_ws/build/object_detection/install.log'
[1.972s] Invoked command in '/home/vandara/ros2_ws/src/object_detection' returned '0': PYTHONPATH=/home/vandara/ros2_ws/build/object_detection/prefix_override:/home/vandara/ros2_ws/install/object_detection/lib/python3.8/site-packages:${PYTHONPATH} /usr/bin/python3 setup.py egg_info --egg-base ../../build/object_detection build --build-base /home/vandara/ros2_ws/build/object_detection/build install --record /home/vandara/ros2_ws/build/object_detection/install.log --install-scripts $base/lib/object_detection --single-version-externally-managed
