[7.500s] Invoking command in '/home/cadt-02/Object-Detection/ros2_ws/src/my_package': PYTHONPATH=/home/cadt-02/Object-Detection/ros2_ws/build/my_package/prefix_override:/home/cadt-02/Object-Detection/ros2_ws/install/my_package/lib/python3.8/site-packages:${PYTHONPATH} /usr/bin/python3 setup.py egg_info --egg-base ../../build/my_package build --build-base /home/cadt-02/Object-Detection/ros2_ws/build/my_package/build install --record /home/cadt-02/Object-Detection/ros2_ws/build/my_package/install.log --install-scripts $base/lib/my_package --single-version-externally-managed
[7.796s] /home/cadt-02/.local/lib/python3.8/site-packages/setuptools/dist.py:472: SetuptoolsDeprecationWarning: Invalid dash-separated options
[7.796s] !!
[7.796s] 
[7.797s]         ********************************************************************************
[7.797s]         Usage of dash-separated 'script-dir' will not be supported in future
[7.797s]         versions. Please use the underscore name 'script_dir' instead.
[7.798s] 
[7.798s]         By 2024-Sep-26, you need to update your project and remove deprecated calls
[7.798s]         or your builds will no longer be supported.
[7.798s] 
[7.798s]         See https://setuptools.pypa.io/en/latest/userguide/declarative_config.html for details.
[7.799s]         ********************************************************************************
[7.799s] 
[7.799s] !!
[7.800s]   opt = self.warn_dash_deprecation(opt, section)
[8.064s] running egg_info
[8.106s] writing ../../build/my_package/my_package.egg-info/PKG-INFO
[8.107s] writing dependency_links to ../../build/my_package/my_package.egg-info/dependency_links.txt
[8.108s] writing entry points to ../../build/my_package/my_package.egg-info/entry_points.txt
[8.108s] writing requirements to ../../build/my_package/my_package.egg-info/requires.txt
[8.108s] writing top-level names to ../../build/my_package/my_package.egg-info/top_level.txt
[8.428s] reading manifest file '../../build/my_package/my_package.egg-info/SOURCES.txt'
[8.430s] writing manifest file '../../build/my_package/my_package.egg-info/SOURCES.txt'
[8.430s] running build
[8.431s] running build_py
[8.431s] copying my_package/camera_frame_publisher.py -> /home/cadt-02/Object-Detection/ros2_ws/build/my_package/build/lib/my_package
[8.432s] copying my_package/utils.py -> /home/cadt-02/Object-Detection/ros2_ws/build/my_package/build/lib/my_package
[8.432s] copying my_package/live_detection_node.py -> /home/cadt-02/Object-Detection/ros2_ws/build/my_package/build/lib/my_package
[8.432s] copying my_package/__init__.py -> /home/cadt-02/Object-Detection/ros2_ws/build/my_package/build/lib/my_package
[8.433s] copying my_package/main.py -> /home/cadt-02/Object-Detection/ros2_ws/build/my_package/build/lib/my_package
[8.433s] copying my_package/my_node.py -> /home/cadt-02/Object-Detection/ros2_ws/build/my_package/build/lib/my_package
[8.433s] copying my_package/object_detection_subscriber.py -> /home/cadt-02/Object-Detection/ros2_ws/build/my_package/build/lib/my_package
[8.434s] running install
[8.435s] /home/cadt-02/.local/lib/python3.8/site-packages/setuptools/_distutils/cmd.py:66: SetuptoolsDeprecationWarning: setup.py install is deprecated.
[8.435s] !!
[8.435s] 
[8.435s]         ********************************************************************************
[8.435s]         Please avoid running ``setup.py`` directly.
[8.436s]         Instead, use pypa/build, pypa/installer or other
[8.436s]         standards-based tools.
[8.436s] 
[8.436s]         See https://blog.ganssle.io/articles/2021/10/setup-py-deprecated.html for details.
[8.436s]         ********************************************************************************
[8.436s] 
[8.436s] !!
[8.436s]   self.initialize_options()
[8.447s] running install_lib
[8.491s] copying /home/cadt-02/Object-Detection/ros2_ws/build/my_package/build/lib/my_package/live_detection_node.py -> /home/cadt-02/Object-Detection/ros2_ws/install/my_package/lib/python3.8/site-packages/my_package
[8.493s] byte-compiling /home/cadt-02/Object-Detection/ros2_ws/install/my_package/lib/python3.8/site-packages/my_package/live_detection_node.py to live_detection_node.cpython-38.pyc
[8.496s] running install_data
[8.540s] copying resource/my_package -> /home/cadt-02/Object-Detection/ros2_ws/install/my_package/share/ament_index/resource_index/packages
[8.541s] copying package.xml -> /home/cadt-02/Object-Detection/ros2_ws/install/my_package/share/my_package
[8.541s] running install_egg_info
[8.584s] removing '/home/cadt-02/Object-Detection/ros2_ws/install/my_package/lib/python3.8/site-packages/my_package-0.0.0-py3.8.egg-info' (and everything under it)
[8.585s] Copying ../../build/my_package/my_package.egg-info to /home/cadt-02/Object-Detection/ros2_ws/install/my_package/lib/python3.8/site-packages/my_package-0.0.0-py3.8.egg-info
[8.587s] running install_scripts
[8.717s] Installing camera_frame_publisher script to /home/cadt-02/Object-Detection/ros2_ws/install/my_package/lib/my_package
[8.718s] Installing live_detection_node script to /home/cadt-02/Object-Detection/ros2_ws/install/my_package/lib/my_package
[8.745s] Installing main script to /home/cadt-02/Object-Detection/ros2_ws/install/my_package/lib/my_package
[8.748s] Installing my_node script to /home/cadt-02/Object-Detection/ros2_ws/install/my_package/lib/my_package
[8.750s] Installing object_detection_subscriber script to /home/cadt-02/Object-Detection/ros2_ws/install/my_package/lib/my_package
[8.760s] Installing utils script to /home/cadt-02/Object-Detection/ros2_ws/install/my_package/lib/my_package
[8.760s] writing list of installed files to '/home/cadt-02/Object-Detection/ros2_ws/build/my_package/install.log'
[9.590s] Invoked command in '/home/cadt-02/Object-Detection/ros2_ws/src/my_package' returned '0': PYTHONPATH=/home/cadt-02/Object-Detection/ros2_ws/build/my_package/prefix_override:/home/cadt-02/Object-Detection/ros2_ws/install/my_package/lib/python3.8/site-packages:${PYTHONPATH} /usr/bin/python3 setup.py egg_info --egg-base ../../build/my_package build --build-base /home/cadt-02/Object-Detection/ros2_ws/build/my_package/build install --record /home/cadt-02/Object-Detection/ros2_ws/build/my_package/install.log --install-scripts $base/lib/my_package --single-version-externally-managed
