[6.538s] Invoking command in '/home/cadt-02/Object-Detection/ros2_ws/src/my_package': PYTHONPATH=/home/cadt-02/Object-Detection/ros2_ws/build/my_package/prefix_override:/home/cadt-02/Object-Detection/ros2_ws/install/my_package/lib/python3.8/site-packages:${PYTHONPATH} /usr/bin/python3 setup.py egg_info --egg-base ../../build/my_package build --build-base /home/cadt-02/Object-Detection/ros2_ws/build/my_package/build install --record /home/cadt-02/Object-Detection/ros2_ws/build/my_package/install.log --install-scripts $base/lib/my_package --single-version-externally-managed
[6.811s] /home/cadt-02/.local/lib/python3.8/site-packages/setuptools/dist.py:472: SetuptoolsDeprecationWarning: Invalid dash-separated options
[6.812s] !!
[6.812s] 
[6.812s]         ********************************************************************************
[6.812s]         Usage of dash-separated 'script-dir' will not be supported in future
[6.813s]         versions. Please use the underscore name 'script_dir' instead.
[6.813s] 
[6.813s]         By 2024-Sep-26, you need to update your project and remove deprecated calls
[6.813s]         or your builds will no longer be supported.
[6.813s] 
[6.814s]         See https://setuptools.pypa.io/en/latest/userguide/declarative_config.html for details.
[6.814s]         ********************************************************************************
[6.814s] 
[6.814s] !!
[6.815s]   opt = self.warn_dash_deprecation(opt, section)
[7.062s] running egg_info
[7.102s] writing ../../build/my_package/my_package.egg-info/PKG-INFO
[7.103s] writing dependency_links to ../../build/my_package/my_package.egg-info/dependency_links.txt
[7.104s] writing entry points to ../../build/my_package/my_package.egg-info/entry_points.txt
[7.104s] writing requirements to ../../build/my_package/my_package.egg-info/requires.txt
[7.105s] writing top-level names to ../../build/my_package/my_package.egg-info/top_level.txt
[7.411s] reading manifest file '../../build/my_package/my_package.egg-info/SOURCES.txt'
[7.413s] writing manifest file '../../build/my_package/my_package.egg-info/SOURCES.txt'
[7.414s] running build
[7.414s] running build_py
[7.415s] copying my_package/camera_frame_publisher.py -> /home/cadt-02/Object-Detection/ros2_ws/build/my_package/build/lib/my_package
[7.415s] copying my_package/utils.py -> /home/cadt-02/Object-Detection/ros2_ws/build/my_package/build/lib/my_package
[7.415s] copying my_package/live_detection_node.py -> /home/cadt-02/Object-Detection/ros2_ws/build/my_package/build/lib/my_package
[7.416s] copying my_package/__init__.py -> /home/cadt-02/Object-Detection/ros2_ws/build/my_package/build/lib/my_package
[7.416s] copying my_package/main.py -> /home/cadt-02/Object-Detection/ros2_ws/build/my_package/build/lib/my_package
[7.418s] copying my_package/my_node.py -> /home/cadt-02/Object-Detection/ros2_ws/build/my_package/build/lib/my_package
[7.418s] copying my_package/object_detection_subscriber.py -> /home/cadt-02/Object-Detection/ros2_ws/build/my_package/build/lib/my_package
[7.419s] running install
[7.419s] /home/cadt-02/.local/lib/python3.8/site-packages/setuptools/_distutils/cmd.py:66: SetuptoolsDeprecationWarning: setup.py install is deprecated.
[7.419s] !!
[7.419s] 
[7.419s]         ********************************************************************************
[7.419s]         Please avoid running ``setup.py`` directly.
[7.419s]         Instead, use pypa/build, pypa/installer or other
[7.419s]         standards-based tools.
[7.420s] 
[7.420s]         See https://blog.ganssle.io/articles/2021/10/setup-py-deprecated.html for details.
[7.420s]         ********************************************************************************
[7.420s] 
[7.420s] !!
[7.420s]   self.initialize_options()
[7.429s] running install_lib
[7.470s] copying /home/cadt-02/Object-Detection/ros2_ws/build/my_package/build/lib/my_package/live_detection_node.py -> /home/cadt-02/Object-Detection/ros2_ws/install/my_package/lib/python3.8/site-packages/my_package
[7.471s] copying /home/cadt-02/Object-Detection/ros2_ws/build/my_package/build/lib/my_package/object_detection_subscriber.py -> /home/cadt-02/Object-Detection/ros2_ws/install/my_package/lib/python3.8/site-packages/my_package
[7.472s] byte-compiling /home/cadt-02/Object-Detection/ros2_ws/install/my_package/lib/python3.8/site-packages/my_package/live_detection_node.py to live_detection_node.cpython-38.pyc
[7.476s] byte-compiling /home/cadt-02/Object-Detection/ros2_ws/install/my_package/lib/python3.8/site-packages/my_package/object_detection_subscriber.py to object_detection_subscriber.cpython-38.pyc
[7.479s] running install_data
[7.520s] copying resource/my_package -> /home/cadt-02/Object-Detection/ros2_ws/install/my_package/share/ament_index/resource_index/packages
[7.520s] copying package.xml -> /home/cadt-02/Object-Detection/ros2_ws/install/my_package/share/my_package
[7.521s] running install_egg_info
[7.562s] removing '/home/cadt-02/Object-Detection/ros2_ws/install/my_package/lib/python3.8/site-packages/my_package-0.0.0-py3.8.egg-info' (and everything under it)
[7.563s] Copying ../../build/my_package/my_package.egg-info to /home/cadt-02/Object-Detection/ros2_ws/install/my_package/lib/python3.8/site-packages/my_package-0.0.0-py3.8.egg-info
[7.565s] running install_scripts
[7.684s] Installing camera_frame_publisher script to /home/cadt-02/Object-Detection/ros2_ws/install/my_package/lib/my_package
[7.684s] Installing live_detection_node script to /home/cadt-02/Object-Detection/ros2_ws/install/my_package/lib/my_package
[7.685s] Installing main script to /home/cadt-02/Object-Detection/ros2_ws/install/my_package/lib/my_package
[7.685s] Installing my_node script to /home/cadt-02/Object-Detection/ros2_ws/install/my_package/lib/my_package
[7.686s] Installing object_detection_subscriber script to /home/cadt-02/Object-Detection/ros2_ws/install/my_package/lib/my_package
[7.686s] Installing utils script to /home/cadt-02/Object-Detection/ros2_ws/install/my_package/lib/my_package
[7.687s] writing list of installed files to '/home/cadt-02/Object-Detection/ros2_ws/build/my_package/install.log'
[8.641s] Invoked command in '/home/cadt-02/Object-Detection/ros2_ws/src/my_package' returned '0': PYTHONPATH=/home/cadt-02/Object-Detection/ros2_ws/build/my_package/prefix_override:/home/cadt-02/Object-Detection/ros2_ws/install/my_package/lib/python3.8/site-packages:${PYTHONPATH} /usr/bin/python3 setup.py egg_info --egg-base ../../build/my_package build --build-base /home/cadt-02/Object-Detection/ros2_ws/build/my_package/build install --record /home/cadt-02/Object-Detection/ros2_ws/build/my_package/install.log --install-scripts $base/lib/my_package --single-version-externally-managed
