[5.271s] Invoking command in '/home/cadt-02/Object-Detection/ros2_ws/src/object_detection': PYTHONPATH=/home/cadt-02/Object-Detection/ros2_ws/build/object_detection/prefix_override:/home/cadt-02/Object-Detection/ros2_ws/install/object_detection/lib/python3.8/site-packages:${PYTHONPATH} /usr/bin/python3 setup.py egg_info --egg-base ../../build/object_detection build --build-base /home/cadt-02/Object-Detection/ros2_ws/build/object_detection/build install --record /home/cadt-02/Object-Detection/ros2_ws/build/object_detection/install.log --install-scripts $base/lib/object_detection --single-version-externally-managed
[5.538s] /home/cadt-02/.local/lib/python3.8/site-packages/setuptools/dist.py:472: SetuptoolsDeprecationWarning: Invalid dash-separated options
[5.538s] !!
[5.538s] 
[5.538s]         ********************************************************************************
[5.538s]         Usage of dash-separated 'script-dir' will not be supported in future
[5.538s]         versions. Please use the underscore name 'script_dir' instead.
[5.538s] 
[5.539s]         By 2024-Sep-26, you need to update your project and remove deprecated calls
[5.539s]         or your builds will no longer be supported.
[5.539s] 
[5.539s]         See https://setuptools.pypa.io/en/latest/userguide/declarative_config.html for details.
[5.539s]         ********************************************************************************
[5.539s] 
[5.539s] !!
[5.540s]   opt = self.warn_dash_deprecation(opt, section)
[5.794s] running egg_info
[5.834s] writing ../../build/object_detection/object_detection.egg-info/PKG-INFO
[5.836s] writing dependency_links to ../../build/object_detection/object_detection.egg-info/dependency_links.txt
[5.836s] writing requirements to ../../build/object_detection/object_detection.egg-info/requires.txt
[5.837s] writing top-level names to ../../build/object_detection/object_detection.egg-info/top_level.txt
[6.137s] reading manifest file '../../build/object_detection/object_detection.egg-info/SOURCES.txt'
[6.139s] writing manifest file '../../build/object_detection/object_detection.egg-info/SOURCES.txt'
[6.139s] running build
[6.139s] running build_py
[6.139s] copying object_detection/__init__.py -> /home/cadt-02/Object-Detection/ros2_ws/build/object_detection/build/lib/object_detection
[6.140s] running install
[6.142s] /home/cadt-02/.local/lib/python3.8/site-packages/setuptools/_distutils/cmd.py:66: SetuptoolsDeprecationWarning: setup.py install is deprecated.
[6.142s] !!
[6.142s] 
[6.142s]         ********************************************************************************
[6.143s]         Please avoid running ``setup.py`` directly.
[6.143s]         Instead, use pypa/build, pypa/installer or other
[6.143s]         standards-based tools.
[6.143s] 
[6.143s]         See https://blog.ganssle.io/articles/2021/10/setup-py-deprecated.html for details.
[6.143s]         ********************************************************************************
[6.143s] 
[6.144s] !!
[6.144s]   self.initialize_options()
[6.152s] running install_lib
[6.193s] running install_data
[6.233s] copying resource/object_detection -> /home/cadt-02/Object-Detection/ros2_ws/install/object_detection/share/ament_index/resource_index/packages
[6.233s] copying package.xml -> /home/cadt-02/Object-Detection/ros2_ws/install/object_detection/share/object_detection
[6.234s] running install_egg_info
[6.275s] removing '/home/cadt-02/Object-Detection/ros2_ws/install/object_detection/lib/python3.8/site-packages/object_detection-0.0.0-py3.8.egg-info' (and everything under it)
[6.277s] Copying ../../build/object_detection/object_detection.egg-info to /home/cadt-02/Object-Detection/ros2_ws/install/object_detection/lib/python3.8/site-packages/object_detection-0.0.0-py3.8.egg-info
[6.279s] running install_scripts
[6.397s] writing list of installed files to '/home/cadt-02/Object-Detection/ros2_ws/build/object_detection/install.log'
[6.499s] Invoked command in '/home/cadt-02/Object-Detection/ros2_ws/src/object_detection' returned '0': PYTHONPATH=/home/cadt-02/Object-Detection/ros2_ws/build/object_detection/prefix_override:/home/cadt-02/Object-Detection/ros2_ws/install/object_detection/lib/python3.8/site-packages:${PYTHONPATH} /usr/bin/python3 setup.py egg_info --egg-base ../../build/object_detection build --build-base /home/cadt-02/Object-Detection/ros2_ws/build/object_detection/build install --record /home/cadt-02/Object-Detection/ros2_ws/build/object_detection/install.log --install-scripts $base/lib/object_detection --single-version-externally-managed
