[5.963s] Invoking command in '/home/cadt-02/Object-Detection/ros2_ws/src/object_detection': PYTHONPATH=/home/cadt-02/Object-Detection/ros2_ws/build/object_detection/prefix_override:/home/cadt-02/Object-Detection/ros2_ws/install/object_detection/lib/python3.8/site-packages:${PYTHONPATH} /usr/bin/python3 setup.py egg_info --egg-base ../../build/object_detection build --build-base /home/cadt-02/Object-Detection/ros2_ws/build/object_detection/build install --record /home/cadt-02/Object-Detection/ros2_ws/build/object_detection/install.log --install-scripts $base/lib/object_detection --single-version-externally-managed
[6.237s] /home/cadt-02/.local/lib/python3.8/site-packages/setuptools/dist.py:472: SetuptoolsDeprecationWarning: Invalid dash-separated options
[6.237s] !!
[6.237s] 
[6.238s]         ********************************************************************************
[6.238s]         Usage of dash-separated 'script-dir' will not be supported in future
[6.238s]         versions. Please use the underscore name 'script_dir' instead.
[6.238s] 
[6.238s]         By 2024-Sep-26, you need to update your project and remove deprecated calls
[6.238s]         or your builds will no longer be supported.
[6.239s] 
[6.239s]         See https://setuptools.pypa.io/en/latest/userguide/declarative_config.html for details.
[6.239s]         ********************************************************************************
[6.239s] 
[6.239s] !!
[6.239s]   opt = self.warn_dash_deprecation(opt, section)
[6.485s] running egg_info
[6.525s] writing ../../build/object_detection/object_detection.egg-info/PKG-INFO
[6.526s] writing dependency_links to ../../build/object_detection/object_detection.egg-info/dependency_links.txt
[6.526s] writing requirements to ../../build/object_detection/object_detection.egg-info/requires.txt
[6.527s] writing top-level names to ../../build/object_detection/object_detection.egg-info/top_level.txt
[6.829s] reading manifest file '../../build/object_detection/object_detection.egg-info/SOURCES.txt'
[6.831s] writing manifest file '../../build/object_detection/object_detection.egg-info/SOURCES.txt'
[6.832s] running build
[6.833s] running build_py
[6.833s] copying object_detection/__init__.py -> /home/cadt-02/Object-Detection/ros2_ws/build/object_detection/build/lib/object_detection
[6.834s] running install
[6.835s] /home/cadt-02/.local/lib/python3.8/site-packages/setuptools/_distutils/cmd.py:66: SetuptoolsDeprecationWarning: setup.py install is deprecated.
[6.835s] !!
[6.835s] 
[6.835s]         ********************************************************************************
[6.835s]         Please avoid running ``setup.py`` directly.
[6.835s]         Instead, use pypa/build, pypa/installer or other
[6.835s]         standards-based tools.
[6.836s] 
[6.836s]         See https://blog.ganssle.io/articles/2021/10/setup-py-deprecated.html for details.
[6.836s]         ********************************************************************************
[6.836s] 
[6.836s] !!
[6.836s]   self.initialize_options()
[6.844s] running install_lib
[6.886s] running install_data
[6.927s] copying resource/object_detection -> /home/cadt-02/Object-Detection/ros2_ws/install/object_detection/share/ament_index/resource_index/packages
[6.927s] copying package.xml -> /home/cadt-02/Object-Detection/ros2_ws/install/object_detection/share/object_detection
[6.927s] running install_egg_info
[6.969s] removing '/home/cadt-02/Object-Detection/ros2_ws/install/object_detection/lib/python3.8/site-packages/object_detection-0.0.0-py3.8.egg-info' (and everything under it)
[6.969s] Copying ../../build/object_detection/object_detection.egg-info to /home/cadt-02/Object-Detection/ros2_ws/install/object_detection/lib/python3.8/site-packages/object_detection-0.0.0-py3.8.egg-info
[6.971s] running install_scripts
[7.091s] writing list of installed files to '/home/cadt-02/Object-Detection/ros2_ws/build/object_detection/install.log'
[7.185s] Invoked command in '/home/cadt-02/Object-Detection/ros2_ws/src/object_detection' returned '0': PYTHONPATH=/home/cadt-02/Object-Detection/ros2_ws/build/object_detection/prefix_override:/home/cadt-02/Object-Detection/ros2_ws/install/object_detection/lib/python3.8/site-packages:${PYTHONPATH} /usr/bin/python3 setup.py egg_info --egg-base ../../build/object_detection build --build-base /home/cadt-02/Object-Detection/ros2_ws/build/object_detection/build install --record /home/cadt-02/Object-Detection/ros2_ws/build/object_detection/install.log --install-scripts $base/lib/object_detection --single-version-externally-managed
