[8.114s] Invoking command in '/home/cadt-02/Object-Detection/ros2_ws/src/my_package': PYTHONPATH=/home/cadt-02/Object-Detection/ros2_ws/build/my_package/prefix_override:/home/cadt-02/Object-Detection/ros2_ws/install/my_package/lib/python3.8/site-packages:${PYTHONPATH} /usr/bin/python3 setup.py egg_info --egg-base ../../build/my_package build --build-base /home/cadt-02/Object-Detection/ros2_ws/build/my_package/build install --record /home/cadt-02/Object-Detection/ros2_ws/build/my_package/install.log --install-scripts $base/lib/my_package --single-version-externally-managed
[8.451s] /home/cadt-02/.local/lib/python3.8/site-packages/setuptools/dist.py:472: SetuptoolsDeprecationWarning: Invalid dash-separated options
[8.451s] !!
[8.451s] 
[8.451s]         ********************************************************************************
[8.451s]         Usage of dash-separated 'script-dir' will not be supported in future
[8.452s]         versions. Please use the underscore name 'script_dir' instead.
[8.452s] 
[8.452s]         By 2024-Sep-26, you need to update your project and remove deprecated calls
[8.452s]         or your builds will no longer be supported.
[8.452s] 
[8.452s]         See https://setuptools.pypa.io/en/latest/userguide/declarative_config.html for details.
[8.452s]         ********************************************************************************
[8.453s] 
[8.453s] !!
[8.453s]   opt = self.warn_dash_deprecation(opt, section)
[8.763s] running egg_info
[8.813s] writing ../../build/my_package/my_package.egg-info/PKG-INFO
[8.815s] writing dependency_links to ../../build/my_package/my_package.egg-info/dependency_links.txt
[8.815s] writing entry points to ../../build/my_package/my_package.egg-info/entry_points.txt
[8.816s] writing requirements to ../../build/my_package/my_package.egg-info/requires.txt
[8.816s] writing top-level names to ../../build/my_package/my_package.egg-info/top_level.txt
[9.186s] reading manifest file '../../build/my_package/my_package.egg-info/SOURCES.txt'
[9.189s] writing manifest file '../../build/my_package/my_package.egg-info/SOURCES.txt'
[9.189s] running build
[9.190s] running build_py
[9.191s] copying my_package/camera_frame_publisher.py -> /home/cadt-02/Object-Detection/ros2_ws/build/my_package/build/lib/my_package
[9.193s] copying my_package/utils.py -> /home/cadt-02/Object-Detection/ros2_ws/build/my_package/build/lib/my_package
[9.193s] copying my_package/live_detection_node.py -> /home/cadt-02/Object-Detection/ros2_ws/build/my_package/build/lib/my_package
[9.194s] copying my_package/__init__.py -> /home/cadt-02/Object-Detection/ros2_ws/build/my_package/build/lib/my_package
[9.195s] copying my_package/main.py -> /home/cadt-02/Object-Detection/ros2_ws/build/my_package/build/lib/my_package
[9.195s] copying my_package/my_node.py -> /home/cadt-02/Object-Detection/ros2_ws/build/my_package/build/lib/my_package
[9.196s] copying my_package/object_detection_subscriber.py -> /home/cadt-02/Object-Detection/ros2_ws/build/my_package/build/lib/my_package
[9.196s] running install
[9.196s] /home/cadt-02/.local/lib/python3.8/site-packages/setuptools/_distutils/cmd.py:66: SetuptoolsDeprecationWarning: setup.py install is deprecated.
[9.196s] !!
[9.196s] 
[9.196s]         ********************************************************************************
[9.197s]         Please avoid running ``setup.py`` directly.
[9.197s]         Instead, use pypa/build, pypa/installer or other
[9.197s]         standards-based tools.
[9.197s] 
[9.197s]         See https://blog.ganssle.io/articles/2021/10/setup-py-deprecated.html for details.
[9.197s]         ********************************************************************************
[9.197s] 
[9.197s] !!
[9.198s]   self.initialize_options()
[9.207s] running install_lib
[9.261s] copying /home/cadt-02/Object-Detection/ros2_ws/build/my_package/build/lib/my_package/live_detection_node.py -> /home/cadt-02/Object-Detection/ros2_ws/install/my_package/lib/python3.8/site-packages/my_package
[9.261s] byte-compiling /home/cadt-02/Object-Detection/ros2_ws/install/my_package/lib/python3.8/site-packages/my_package/live_detection_node.py to live_detection_node.cpython-38.pyc
[9.266s] running install_data
[9.316s] copying resource/my_package -> /home/cadt-02/Object-Detection/ros2_ws/install/my_package/share/ament_index/resource_index/packages
[9.322s] copying package.xml -> /home/cadt-02/Object-Detection/ros2_ws/install/my_package/share/my_package
[9.323s] running install_egg_info
[9.369s] removing '/home/cadt-02/Object-Detection/ros2_ws/install/my_package/lib/python3.8/site-packages/my_package-0.0.0-py3.8.egg-info' (and everything under it)
[9.370s] Copying ../../build/my_package/my_package.egg-info to /home/cadt-02/Object-Detection/ros2_ws/install/my_package/lib/python3.8/site-packages/my_package-0.0.0-py3.8.egg-info
[9.374s] running install_scripts
[9.522s] Installing camera_frame_publisher script to /home/cadt-02/Object-Detection/ros2_ws/install/my_package/lib/my_package
[9.524s] Installing live_detection_node script to /home/cadt-02/Object-Detection/ros2_ws/install/my_package/lib/my_package
[9.524s] Installing main script to /home/cadt-02/Object-Detection/ros2_ws/install/my_package/lib/my_package
[9.525s] Installing my_node script to /home/cadt-02/Object-Detection/ros2_ws/install/my_package/lib/my_package
[9.525s] Installing object_detection_subscriber script to /home/cadt-02/Object-Detection/ros2_ws/install/my_package/lib/my_package
[9.526s] Installing utils script to /home/cadt-02/Object-Detection/ros2_ws/install/my_package/lib/my_package
[9.527s] writing list of installed files to '/home/cadt-02/Object-Detection/ros2_ws/build/my_package/install.log'
[10.038s] Invoked command in '/home/cadt-02/Object-Detection/ros2_ws/src/my_package' returned '0': PYTHONPATH=/home/cadt-02/Object-Detection/ros2_ws/build/my_package/prefix_override:/home/cadt-02/Object-Detection/ros2_ws/install/my_package/lib/python3.8/site-packages:${PYTHONPATH} /usr/bin/python3 setup.py egg_info --egg-base ../../build/my_package build --build-base /home/cadt-02/Object-Detection/ros2_ws/build/my_package/build install --record /home/cadt-02/Object-Detection/ros2_ws/build/my_package/install.log --install-scripts $base/lib/my_package --single-version-externally-managed
