[7.398s] Invoking command in '/home/cadt-02/Object-Detection/ros2_ws/src/my_package': PYTHONPATH=/home/cadt-02/Object-Detection/ros2_ws/build/my_package/prefix_override:/home/cadt-02/Object-Detection/ros2_ws/install/my_package/lib/python3.8/site-packages:${PYTHONPATH} /usr/bin/python3 setup.py egg_info --egg-base ../../build/my_package build --build-base /home/cadt-02/Object-Detection/ros2_ws/build/my_package/build install --record /home/cadt-02/Object-Detection/ros2_ws/build/my_package/install.log --single-version-externally-managed
[7.681s] /home/cadt-02/.local/lib/python3.8/site-packages/setuptools/dist.py:472: SetuptoolsDeprecationWarning: Invalid dash-separated options
[7.681s] !!
[7.682s] 
[7.682s]         ********************************************************************************
[7.682s]         Usage of dash-separated 'build-base' will not be supported in future
[7.682s]         versions. Please use the underscore name 'build_base' instead.
[7.682s] 
[7.682s]         By 2024-Sep-26, you need to update your project and remove deprecated calls
[7.683s]         or your builds will no longer be supported.
[7.683s] 
[7.683s]         See https://setuptools.pypa.io/en/latest/userguide/declarative_config.html for details.
[7.683s]         ********************************************************************************
[7.683s] 
[7.683s] !!
[7.683s]   opt = self.warn_dash_deprecation(opt, section)
[7.940s] running egg_info
[7.979s] writing ../../build/my_package/my_package.egg-info/PKG-INFO
[7.980s] writing dependency_links to ../../build/my_package/my_package.egg-info/dependency_links.txt
[7.981s] writing entry points to ../../build/my_package/my_package.egg-info/entry_points.txt
[7.981s] writing requirements to ../../build/my_package/my_package.egg-info/requires.txt
[7.981s] writing top-level names to ../../build/my_package/my_package.egg-info/top_level.txt
[8.283s] reading manifest file '../../build/my_package/my_package.egg-info/SOURCES.txt'
[8.285s] writing manifest file '../../build/my_package/my_package.egg-info/SOURCES.txt'
[8.285s] running build
[8.285s] running build_py
[8.286s] copying my_package/reinforcement_r2.py -> /home/cadt-02/Object-Detection/ros2_ws/build/my_package/build/lib/my_package
[8.286s] copying my_package/live_detection_node.py -> /home/cadt-02/Object-Detection/ros2_ws/build/my_package/build/lib/my_package
[8.287s] copying my_package/__init__.py -> /home/cadt-02/Object-Detection/ros2_ws/build/my_package/build/lib/my_package
[8.287s] copying my_package/main.py -> /home/cadt-02/Object-Detection/ros2_ws/build/my_package/build/lib/my_package
[8.288s] running install
[8.288s] /home/cadt-02/.local/lib/python3.8/site-packages/setuptools/_distutils/cmd.py:66: SetuptoolsDeprecationWarning: setup.py install is deprecated.
[8.288s] !!
[8.289s] 
[8.289s]         ********************************************************************************
[8.289s]         Please avoid running ``setup.py`` directly.
[8.289s]         Instead, use pypa/build, pypa/installer or other
[8.289s]         standards-based tools.
[8.289s] 
[8.289s]         See https://blog.ganssle.io/articles/2021/10/setup-py-deprecated.html for details.
[8.290s]         ********************************************************************************
[8.290s] 
[8.290s] !!
[8.290s]   self.initialize_options()
[8.300s] running install_lib
[8.341s] copying /home/cadt-02/Object-Detection/ros2_ws/build/my_package/build/lib/my_package/reinforcement_r2.py -> /home/cadt-02/Object-Detection/ros2_ws/install/my_package/lib/python3.8/site-packages/my_package
[8.343s] byte-compiling /home/cadt-02/Object-Detection/ros2_ws/install/my_package/lib/python3.8/site-packages/my_package/reinforcement_r2.py to reinforcement_r2.cpython-38.pyc
[8.347s] running install_data
[8.388s] copying resource/my_package -> /home/cadt-02/Object-Detection/ros2_ws/install/my_package/share/ament_index/resource_index/packages
[8.388s] copying package.xml -> /home/cadt-02/Object-Detection/ros2_ws/install/my_package/share/my_package
[8.388s] running install_egg_info
[8.430s] removing '/home/cadt-02/Object-Detection/ros2_ws/install/my_package/lib/python3.8/site-packages/my_package-0.0.0-py3.8.egg-info' (and everything under it)
[8.431s] Copying ../../build/my_package/my_package.egg-info to /home/cadt-02/Object-Detection/ros2_ws/install/my_package/lib/python3.8/site-packages/my_package-0.0.0-py3.8.egg-info
[8.433s] running install_scripts
[8.551s] Installing live_detection_node script to /home/cadt-02/Object-Detection/ros2_ws/install/my_package/lib/my_package
[8.551s] Installing main script to /home/cadt-02/Object-Detection/ros2_ws/install/my_package/lib/my_package
[8.552s] Installing my_node script to /home/cadt-02/Object-Detection/ros2_ws/install/my_package/lib/my_package
[8.552s] Installing reinforcement_r2 script to /home/cadt-02/Object-Detection/ros2_ws/install/my_package/lib/my_package
[8.553s] writing list of installed files to '/home/cadt-02/Object-Detection/ros2_ws/build/my_package/install.log'
[8.628s] Invoked command in '/home/cadt-02/Object-Detection/ros2_ws/src/my_package' returned '0': PYTHONPATH=/home/cadt-02/Object-Detection/ros2_ws/build/my_package/prefix_override:/home/cadt-02/Object-Detection/ros2_ws/install/my_package/lib/python3.8/site-packages:${PYTHONPATH} /usr/bin/python3 setup.py egg_info --egg-base ../../build/my_package build --build-base /home/cadt-02/Object-Detection/ros2_ws/build/my_package/build install --record /home/cadt-02/Object-Detection/ros2_ws/build/my_package/install.log --single-version-externally-managed
