[7.513s] Invoking command in '/home/cadt-02/Object-Detection/ros2_ws/src/my_package': PYTHONPATH=/home/cadt-02/Object-Detection/ros2_ws/build/my_package/prefix_override:/home/cadt-02/Object-Detection/ros2_ws/install/my_package/lib/python3.8/site-packages:${PYTHONPATH} /usr/bin/python3 setup.py egg_info --egg-base ../../build/my_package build --build-base /home/cadt-02/Object-Detection/ros2_ws/build/my_package/build install --record /home/cadt-02/Object-Detection/ros2_ws/build/my_package/install.log --single-version-externally-managed
[7.798s] /home/cadt-02/.local/lib/python3.8/site-packages/setuptools/dist.py:472: SetuptoolsDeprecationWarning: Invalid dash-separated options
[7.798s] !!
[7.798s] 
[7.799s]         ********************************************************************************
[7.799s]         Usage of dash-separated 'build-base' will not be supported in future
[7.799s]         versions. Please use the underscore name 'build_base' instead.
[7.799s] 
[7.799s]         By 2024-Sep-26, you need to update your project and remove deprecated calls
[7.799s]         or your builds will no longer be supported.
[7.799s] 
[7.800s]         See https://setuptools.pypa.io/en/latest/userguide/declarative_config.html for details.
[7.800s]         ********************************************************************************
[7.800s] 
[7.800s] !!
[7.800s]   opt = self.warn_dash_deprecation(opt, section)
[8.065s] running egg_info
[8.106s] writing ../../build/my_package/my_package.egg-info/PKG-INFO
[8.107s] writing dependency_links to ../../build/my_package/my_package.egg-info/dependency_links.txt
[8.108s] writing entry points to ../../build/my_package/my_package.egg-info/entry_points.txt
[8.108s] writing requirements to ../../build/my_package/my_package.egg-info/requires.txt
[8.108s] writing top-level names to ../../build/my_package/my_package.egg-info/top_level.txt
[8.416s] reading manifest file '../../build/my_package/my_package.egg-info/SOURCES.txt'
[8.418s] writing manifest file '../../build/my_package/my_package.egg-info/SOURCES.txt'
[8.418s] running build
[8.419s] running build_py
[8.420s] copying my_package/reinforcement_r2.py -> /home/cadt-02/Object-Detection/ros2_ws/build/my_package/build/lib/my_package
[8.420s] copying my_package/live_detection_node.py -> /home/cadt-02/Object-Detection/ros2_ws/build/my_package/build/lib/my_package
[8.420s] copying my_package/__init__.py -> /home/cadt-02/Object-Detection/ros2_ws/build/my_package/build/lib/my_package
[8.421s] copying my_package/main.py -> /home/cadt-02/Object-Detection/ros2_ws/build/my_package/build/lib/my_package
[8.421s] running install
[8.422s] /home/cadt-02/.local/lib/python3.8/site-packages/setuptools/_distutils/cmd.py:66: SetuptoolsDeprecationWarning: setup.py install is deprecated.
[8.422s] !!
[8.422s] 
[8.422s]         ********************************************************************************
[8.423s]         Please avoid running ``setup.py`` directly.
[8.423s]         Instead, use pypa/build, pypa/installer or other
[8.423s]         standards-based tools.
[8.423s] 
[8.424s]         See https://blog.ganssle.io/articles/2021/10/setup-py-deprecated.html for details.
[8.424s]         ********************************************************************************
[8.424s] 
[8.424s] !!
[8.425s]   self.initialize_options()
[8.433s] running install_lib
[8.475s] copying /home/cadt-02/Object-Detection/ros2_ws/build/my_package/build/lib/my_package/reinforcement_r2.py -> /home/cadt-02/Object-Detection/ros2_ws/install/my_package/lib/python3.8/site-packages/my_package
[8.477s] byte-compiling /home/cadt-02/Object-Detection/ros2_ws/install/my_package/lib/python3.8/site-packages/my_package/reinforcement_r2.py to reinforcement_r2.cpython-38.pyc
[8.481s] running install_data
[8.523s] copying resource/my_package -> /home/cadt-02/Object-Detection/ros2_ws/install/my_package/share/ament_index/resource_index/packages
[8.523s] copying package.xml -> /home/cadt-02/Object-Detection/ros2_ws/install/my_package/share/my_package
[8.523s] running install_egg_info
[8.566s] removing '/home/cadt-02/Object-Detection/ros2_ws/install/my_package/lib/python3.8/site-packages/my_package-0.0.0-py3.8.egg-info' (and everything under it)
[8.566s] Copying ../../build/my_package/my_package.egg-info to /home/cadt-02/Object-Detection/ros2_ws/install/my_package/lib/python3.8/site-packages/my_package-0.0.0-py3.8.egg-info
[8.568s] running install_scripts
[8.691s] Installing live_detection_node script to /home/cadt-02/Object-Detection/ros2_ws/install/my_package/lib/my_package
[8.692s] Installing main script to /home/cadt-02/Object-Detection/ros2_ws/install/my_package/lib/my_package
[8.692s] Installing my_node script to /home/cadt-02/Object-Detection/ros2_ws/install/my_package/lib/my_package
[8.692s] Installing reinforcement_r2 script to /home/cadt-02/Object-Detection/ros2_ws/install/my_package/lib/my_package
[8.693s] writing list of installed files to '/home/cadt-02/Object-Detection/ros2_ws/build/my_package/install.log'
[8.781s] Invoked command in '/home/cadt-02/Object-Detection/ros2_ws/src/my_package' returned '0': PYTHONPATH=/home/cadt-02/Object-Detection/ros2_ws/build/my_package/prefix_override:/home/cadt-02/Object-Detection/ros2_ws/install/my_package/lib/python3.8/site-packages:${PYTHONPATH} /usr/bin/python3 setup.py egg_info --egg-base ../../build/my_package build --build-base /home/cadt-02/Object-Detection/ros2_ws/build/my_package/build install --record /home/cadt-02/Object-Detection/ros2_ws/build/my_package/install.log --single-version-externally-managed
