[5.830s] Invoking command in '/home/cadt-02/Object-Detection/ros2_ws/src/object_detection': PYTHONPATH=/home/cadt-02/Object-Detection/ros2_ws/build/object_detection/prefix_override:/home/cadt-02/Object-Detection/ros2_ws/install/object_detection/lib/python3.8/site-packages:${PYTHONPATH} /usr/bin/python3 setup.py egg_info --egg-base ../../build/object_detection build --build-base /home/cadt-02/Object-Detection/ros2_ws/build/object_detection/build install --record /home/cadt-02/Object-Detection/ros2_ws/build/object_detection/install.log --install-scripts $base/lib/object_detection --single-version-externally-managed
[6.098s] /home/cadt-02/.local/lib/python3.8/site-packages/setuptools/dist.py:472: SetuptoolsDeprecationWarning: Invalid dash-separated options
[6.099s] !!
[6.099s] 
[6.099s]         ********************************************************************************
[6.099s]         Usage of dash-separated 'script-dir' will not be supported in future
[6.099s]         versions. Please use the underscore name 'script_dir' instead.
[6.100s] 
[6.100s]         By 2024-Sep-26, you need to update your project and remove deprecated calls
[6.100s]         or your builds will no longer be supported.
[6.100s] 
[6.100s]         See https://setuptools.pypa.io/en/latest/userguide/declarative_config.html for details.
[6.100s]         ********************************************************************************
[6.100s] 
[6.101s] !!
[6.101s]   opt = self.warn_dash_deprecation(opt, section)
[6.336s] running egg_info
[6.374s] writing ../../build/object_detection/object_detection.egg-info/PKG-INFO
[6.375s] writing dependency_links to ../../build/object_detection/object_detection.egg-info/dependency_links.txt
[6.376s] writing requirements to ../../build/object_detection/object_detection.egg-info/requires.txt
[6.376s] writing top-level names to ../../build/object_detection/object_detection.egg-info/top_level.txt
[6.667s] reading manifest file '../../build/object_detection/object_detection.egg-info/SOURCES.txt'
[6.669s] writing manifest file '../../build/object_detection/object_detection.egg-info/SOURCES.txt'
[6.669s] running build
[6.669s] running build_py
[6.669s] copying object_detection/__init__.py -> /home/cadt-02/Object-Detection/ros2_ws/build/object_detection/build/lib/object_detection
[6.670s] running install
[6.671s] /home/cadt-02/.local/lib/python3.8/site-packages/setuptools/_distutils/cmd.py:66: SetuptoolsDeprecationWarning: setup.py install is deprecated.
[6.671s] !!
[6.671s] 
[6.671s]         ********************************************************************************
[6.671s]         Please avoid running ``setup.py`` directly.
[6.671s]         Instead, use pypa/build, pypa/installer or other
[6.672s]         standards-based tools.
[6.672s] 
[6.672s]         See https://blog.ganssle.io/articles/2021/10/setup-py-deprecated.html for details.
[6.672s]         ********************************************************************************
[6.672s] 
[6.672s] !!
[6.672s]   self.initialize_options()
[6.682s] running install_lib
[6.722s] running install_data
[6.760s] copying resource/object_detection -> /home/cadt-02/Object-Detection/ros2_ws/install/object_detection/share/ament_index/resource_index/packages
[6.761s] copying package.xml -> /home/cadt-02/Object-Detection/ros2_ws/install/object_detection/share/object_detection
[6.761s] running install_egg_info
[6.801s] removing '/home/cadt-02/Object-Detection/ros2_ws/install/object_detection/lib/python3.8/site-packages/object_detection-0.0.0-py3.8.egg-info' (and everything under it)
[6.801s] Copying ../../build/object_detection/object_detection.egg-info to /home/cadt-02/Object-Detection/ros2_ws/install/object_detection/lib/python3.8/site-packages/object_detection-0.0.0-py3.8.egg-info
[6.803s] running install_scripts
[6.918s] writing list of installed files to '/home/cadt-02/Object-Detection/ros2_ws/build/object_detection/install.log'
[7.000s] Invoked command in '/home/cadt-02/Object-Detection/ros2_ws/src/object_detection' returned '0': PYTHONPATH=/home/cadt-02/Object-Detection/ros2_ws/build/object_detection/prefix_override:/home/cadt-02/Object-Detection/ros2_ws/install/object_detection/lib/python3.8/site-packages:${PYTHONPATH} /usr/bin/python3 setup.py egg_info --egg-base ../../build/object_detection build --build-base /home/cadt-02/Object-Detection/ros2_ws/build/object_detection/build install --record /home/cadt-02/Object-Detection/ros2_ws/build/object_detection/install.log --install-scripts $base/lib/object_detection --single-version-externally-managed
