[7.305s] Invoking command in '/home/cadt-02/Object-Detection/ros2_ws/build/my_package': PYTHONPATH=/home/cadt-02/Object-Detection/ros2_ws/build/my_package/prefix_override:/home/cadt-02/Object-Detection/ros2_ws/install/my_package/lib/python3.8/site-packages:${PYTHONPATH} /usr/bin/python3 setup.py develop --editable --build-directory /home/cadt-02/Object-Detection/ros2_ws/build/my_package/build --no-deps install_data
[7.609s] /home/cadt-02/.local/lib/python3.8/site-packages/setuptools/dist.py:476: SetuptoolsDeprecationWarning: Invalid dash-separated options
[7.611s] !!
[7.611s] 
[7.612s]         ********************************************************************************
[7.612s]         Usage of dash-separated 'build-base' will not be supported in future
[7.612s]         versions. Please use the underscore name 'build_base' instead.
[7.613s] 
[7.616s]         By 2024-Sep-26, you need to update your project and remove deprecated calls
[7.618s]         or your builds will no longer be supported.
[7.618s] 
[7.619s]         See https://setuptools.pypa.io/en/latest/userguide/declarative_config.html for details.
[7.620s]         ********************************************************************************
[7.620s] 
[7.620s] !!
[7.621s]   opt = self.warn_dash_deprecation(opt, section)
[8.087s] running develop
[8.089s] /home/cadt-02/.local/lib/python3.8/site-packages/setuptools/command/develop.py:42: EasyInstallDeprecationWarning: easy_install command is deprecated.
[8.089s] !!
[8.090s] 
[8.091s]         ********************************************************************************
[8.092s]         Please avoid running ``setup.py`` and ``easy_install``.
[8.094s]         Instead, use pypa/build, pypa/installer or other
[8.096s]         standards-based tools.
[8.097s] 
[8.098s]         See https://github.com/pypa/setuptools/issues/917 for details.
[8.099s]         ********************************************************************************
[8.099s] 
[8.100s] !!
[8.101s]   easy_install.initialize_options(self)
[8.185s] /home/cadt-02/.local/lib/python3.8/site-packages/setuptools/_distutils/cmd.py:66: SetuptoolsDeprecationWarning: setup.py install is deprecated.
[8.186s] !!
[8.186s] 
[8.187s]         ********************************************************************************
[8.188s]         Please avoid running ``setup.py`` directly.
[8.190s]         Instead, use pypa/build, pypa/installer or other
[8.190s]         standards-based tools.
[8.191s] 
[8.193s]         See https://blog.ganssle.io/articles/2021/10/setup-py-deprecated.html for details.
[8.196s]         ********************************************************************************
[8.197s] 
[8.197s] !!
[8.198s]   self.initialize_options()
[8.580s] running egg_info
[8.621s] writing my_package.egg-info/PKG-INFO
[8.623s] writing dependency_links to my_package.egg-info/dependency_links.txt
[8.625s] writing entry points to my_package.egg-info/entry_points.txt
[8.627s] writing requirements to my_package.egg-info/requires.txt
[8.627s] writing top-level names to my_package.egg-info/top_level.txt
[8.709s] reading manifest file 'my_package.egg-info/SOURCES.txt'
[8.713s] writing manifest file 'my_package.egg-info/SOURCES.txt'
[8.865s] running build_ext
[8.865s] Creating /home/cadt-02/Object-Detection/ros2_ws/install/my_package/lib/python3.8/site-packages/my-package.egg-link (link to .)
[8.867s] Installing live_detection_node script to /home/cadt-02/Object-Detection/ros2_ws/install/my_package/lib/my_package
[8.867s] Installing main script to /home/cadt-02/Object-Detection/ros2_ws/install/my_package/lib/my_package
[8.867s] Installing my_node script to /home/cadt-02/Object-Detection/ros2_ws/install/my_package/lib/my_package
[8.867s] Installing reinforcement_r2 script to /home/cadt-02/Object-Detection/ros2_ws/install/my_package/lib/my_package
[8.868s] 
[8.868s] Installed /home/cadt-02/Object-Detection/ros2_ws/build/my_package
[8.868s] running install_data
[8.869s] copying resource/my_package -> /home/cadt-02/Object-Detection/ros2_ws/install/my_package/share/ament_index/resource_index/packages
[8.869s] copying package.xml -> /home/cadt-02/Object-Detection/ros2_ws/install/my_package/share/my_package
[10.140s] Invoked command in '/home/cadt-02/Object-Detection/ros2_ws/build/my_package' returned '0': PYTHONPATH=/home/cadt-02/Object-Detection/ros2_ws/build/my_package/prefix_override:/home/cadt-02/Object-Detection/ros2_ws/install/my_package/lib/python3.8/site-packages:${PYTHONPATH} /usr/bin/python3 setup.py develop --editable --build-directory /home/cadt-02/Object-Detection/ros2_ws/build/my_package/build --no-deps install_data
