[1.714s] Invoking command in '/home/vandara/ros2_ws/src/my_package': PYTHONPATH=/home/vandara/ros2_ws/build/my_package/prefix_override:/home/vandara/ros2_ws/install/my_package/lib/python3.8/site-packages:${PYTHONPATH} /usr/bin/python3 setup.py egg_info --egg-base ../../build/my_package build --build-base /home/vandara/ros2_ws/build/my_package/build install --record /home/vandara/ros2_ws/build/my_package/install.log --install-scripts $base/lib/my_package --single-version-externally-managed
[1.958s] running egg_info
[1.958s] writing ../../build/my_package/my_package.egg-info/PKG-INFO
[1.958s] writing dependency_links to ../../build/my_package/my_package.egg-info/dependency_links.txt
[1.959s] writing entry points to ../../build/my_package/my_package.egg-info/entry_points.txt
[1.959s] writing requirements to ../../build/my_package/my_package.egg-info/requires.txt
[1.959s] writing top-level names to ../../build/my_package/my_package.egg-info/top_level.txt
[1.995s] reading manifest file '../../build/my_package/my_package.egg-info/SOURCES.txt'
[1.997s] writing manifest file '../../build/my_package/my_package.egg-info/SOURCES.txt'
[1.997s] running build
[1.997s] running build_py
[1.997s] running install
[1.998s] running install_lib
[1.999s] running install_data
[2.000s] running install_egg_info
[2.002s] removing '/home/vandara/ros2_ws/install/my_package/lib/python3.8/site-packages/my_package-0.0.0-py3.8.egg-info' (and everything under it)
[2.002s] Copying ../../build/my_package/my_package.egg-info to /home/vandara/ros2_ws/install/my_package/lib/python3.8/site-packages/my_package-0.0.0-py3.8.egg-info
[2.003s] running install_scripts
[2.021s] Installing my_node = my_package.my_node:mainlive_detection_node script to /home/vandara/ros2_ws/install/my_package/lib/my_package
[2.021s] writing list of installed files to '/home/vandara/ros2_ws/build/my_package/install.log'
[2.041s] Invoked command in '/home/vandara/ros2_ws/src/my_package' returned '0': PYTHONPATH=/home/vandara/ros2_ws/build/my_package/prefix_override:/home/vandara/ros2_ws/install/my_package/lib/python3.8/site-packages:${PYTHONPATH} /usr/bin/python3 setup.py egg_info --egg-base ../../build/my_package build --build-base /home/vandara/ros2_ws/build/my_package/build install --record /home/vandara/ros2_ws/build/my_package/install.log --install-scripts $base/lib/my_package --single-version-externally-managed
