[5.981s] Invoking command in '/home/cadt-02/Object-Detection/ros2_ws/src/object_detection': PYTHONPATH=/home/cadt-02/Object-Detection/ros2_ws/build/object_detection/prefix_override:/home/cadt-02/Object-Detection/ros2_ws/install/object_detection/lib/python3.8/site-packages:${PYTHONPATH} /usr/bin/python3 setup.py egg_info --egg-base ../../build/object_detection build --build-base /home/cadt-02/Object-Detection/ros2_ws/build/object_detection/build install --record /home/cadt-02/Object-Detection/ros2_ws/build/object_detection/install.log --install-scripts $base/lib/object_detection --single-version-externally-managed
[6.278s] /home/cadt-02/.local/lib/python3.8/site-packages/setuptools/dist.py:472: SetuptoolsDeprecationWarning: Invalid dash-separated options
[6.278s] !!
[6.279s] 
[6.279s]         ********************************************************************************
[6.279s]         Usage of dash-separated 'script-dir' will not be supported in future
[6.280s]         versions. Please use the underscore name 'script_dir' instead.
[6.280s] 
[6.280s]         By 2024-Sep-26, you need to update your project and remove deprecated calls
[6.280s]         or your builds will no longer be supported.
[6.281s] 
[6.281s]         See https://setuptools.pypa.io/en/latest/userguide/declarative_config.html for details.
[6.281s]         ********************************************************************************
[6.281s] 
[6.282s] !!
[6.282s]   opt = self.warn_dash_deprecation(opt, section)
[6.532s] running egg_info
[6.572s] writing ../../build/object_detection/object_detection.egg-info/PKG-INFO
[6.573s] writing dependency_links to ../../build/object_detection/object_detection.egg-info/dependency_links.txt
[6.574s] writing requirements to ../../build/object_detection/object_detection.egg-info/requires.txt
[6.574s] writing top-level names to ../../build/object_detection/object_detection.egg-info/top_level.txt
[6.878s] reading manifest file '../../build/object_detection/object_detection.egg-info/SOURCES.txt'
[6.879s] writing manifest file '../../build/object_detection/object_detection.egg-info/SOURCES.txt'
[6.880s] running build
[6.880s] running build_py
[6.882s] copying object_detection/__init__.py -> /home/cadt-02/Object-Detection/ros2_ws/build/object_detection/build/lib/object_detection
[6.882s] running install
[6.882s] /home/cadt-02/.local/lib/python3.8/site-packages/setuptools/_distutils/cmd.py:66: SetuptoolsDeprecationWarning: setup.py install is deprecated.
[6.882s] !!
[6.882s] 
[6.882s]         ********************************************************************************
[6.883s]         Please avoid running ``setup.py`` directly.
[6.883s]         Instead, use pypa/build, pypa/installer or other
[6.883s]         standards-based tools.
[6.883s] 
[6.883s]         See https://blog.ganssle.io/articles/2021/10/setup-py-deprecated.html for details.
[6.883s]         ********************************************************************************
[6.883s] 
[6.884s] !!
[6.884s]   self.initialize_options()
[6.893s] running install_lib
[6.935s] running install_data
[6.977s] copying resource/object_detection -> /home/cadt-02/Object-Detection/ros2_ws/install/object_detection/share/ament_index/resource_index/packages
[6.977s] copying package.xml -> /home/cadt-02/Object-Detection/ros2_ws/install/object_detection/share/object_detection
[6.977s] running install_egg_info
[7.019s] removing '/home/cadt-02/Object-Detection/ros2_ws/install/object_detection/lib/python3.8/site-packages/object_detection-0.0.0-py3.8.egg-info' (and everything under it)
[7.020s] Copying ../../build/object_detection/object_detection.egg-info to /home/cadt-02/Object-Detection/ros2_ws/install/object_detection/lib/python3.8/site-packages/object_detection-0.0.0-py3.8.egg-info
[7.021s] running install_scripts
[7.140s] writing list of installed files to '/home/cadt-02/Object-Detection/ros2_ws/build/object_detection/install.log'
[7.224s] Invoked command in '/home/cadt-02/Object-Detection/ros2_ws/src/object_detection' returned '0': PYTHONPATH=/home/cadt-02/Object-Detection/ros2_ws/build/object_detection/prefix_override:/home/cadt-02/Object-Detection/ros2_ws/install/object_detection/lib/python3.8/site-packages:${PYTHONPATH} /usr/bin/python3 setup.py egg_info --egg-base ../../build/object_detection build --build-base /home/cadt-02/Object-Detection/ros2_ws/build/object_detection/build install --record /home/cadt-02/Object-Detection/ros2_ws/build/object_detection/install.log --install-scripts $base/lib/object_detection --single-version-externally-managed
