[5.159s] Invoking command in '/home/cadt-02/Object-Detection/ros2_ws/src/object_detection': PYTHONPATH=/home/cadt-02/Object-Detection/ros2_ws/build/object_detection/prefix_override:/home/cadt-02/Object-Detection/ros2_ws/install/object_detection/lib/python3.8/site-packages:${PYTHONPATH} /usr/bin/python3 setup.py egg_info --egg-base ../../build/object_detection build --build-base /home/cadt-02/Object-Detection/ros2_ws/build/object_detection/build install --record /home/cadt-02/Object-Detection/ros2_ws/build/object_detection/install.log --install-scripts $base/lib/object_detection --single-version-externally-managed
[5.428s] /home/cadt-02/.local/lib/python3.8/site-packages/setuptools/dist.py:472: SetuptoolsDeprecationWarning: Invalid dash-separated options
[5.428s] !!
[5.429s] 
[5.429s]         ********************************************************************************
[5.429s]         Usage of dash-separated 'script-dir' will not be supported in future
[5.429s]         versions. Please use the underscore name 'script_dir' instead.
[5.429s] 
[5.430s]         By 2024-Sep-26, you need to update your project and remove deprecated calls
[5.430s]         or your builds will no longer be supported.
[5.430s] 
[5.430s]         See https://setuptools.pypa.io/en/latest/userguide/declarative_config.html for details.
[5.431s]         ********************************************************************************
[5.431s] 
[5.431s] !!
[5.431s]   opt = self.warn_dash_deprecation(opt, section)
[5.676s] running egg_info
[5.717s] writing ../../build/object_detection/object_detection.egg-info/PKG-INFO
[5.717s] writing dependency_links to ../../build/object_detection/object_detection.egg-info/dependency_links.txt
[5.718s] writing requirements to ../../build/object_detection/object_detection.egg-info/requires.txt
[5.719s] writing top-level names to ../../build/object_detection/object_detection.egg-info/top_level.txt
[6.026s] reading manifest file '../../build/object_detection/object_detection.egg-info/SOURCES.txt'
[6.027s] writing manifest file '../../build/object_detection/object_detection.egg-info/SOURCES.txt'
[6.028s] running build
[6.029s] running build_py
[6.029s] copying object_detection/__init__.py -> /home/cadt-02/Object-Detection/ros2_ws/build/object_detection/build/lib/object_detection
[6.030s] running install
[6.032s] /home/cadt-02/.local/lib/python3.8/site-packages/setuptools/_distutils/cmd.py:66: SetuptoolsDeprecationWarning: setup.py install is deprecated.
[6.032s] !!
[6.032s] 
[6.033s]         ********************************************************************************
[6.033s]         Please avoid running ``setup.py`` directly.
[6.033s]         Instead, use pypa/build, pypa/installer or other
[6.034s]         standards-based tools.
[6.034s] 
[6.034s]         See https://blog.ganssle.io/articles/2021/10/setup-py-deprecated.html for details.
[6.034s]         ********************************************************************************
[6.035s] 
[6.035s] !!
[6.035s]   self.initialize_options()
[6.043s] running install_lib
[6.086s] running install_data
[6.125s] copying resource/object_detection -> /home/cadt-02/Object-Detection/ros2_ws/install/object_detection/share/ament_index/resource_index/packages
[6.126s] copying package.xml -> /home/cadt-02/Object-Detection/ros2_ws/install/object_detection/share/object_detection
[6.126s] running install_egg_info
[6.167s] removing '/home/cadt-02/Object-Detection/ros2_ws/install/object_detection/lib/python3.8/site-packages/object_detection-0.0.0-py3.8.egg-info' (and everything under it)
[6.168s] Copying ../../build/object_detection/object_detection.egg-info to /home/cadt-02/Object-Detection/ros2_ws/install/object_detection/lib/python3.8/site-packages/object_detection-0.0.0-py3.8.egg-info
[6.170s] running install_scripts
[6.288s] writing list of installed files to '/home/cadt-02/Object-Detection/ros2_ws/build/object_detection/install.log'
[6.381s] Invoked command in '/home/cadt-02/Object-Detection/ros2_ws/src/object_detection' returned '0': PYTHONPATH=/home/cadt-02/Object-Detection/ros2_ws/build/object_detection/prefix_override:/home/cadt-02/Object-Detection/ros2_ws/install/object_detection/lib/python3.8/site-packages:${PYTHONPATH} /usr/bin/python3 setup.py egg_info --egg-base ../../build/object_detection build --build-base /home/cadt-02/Object-Detection/ros2_ws/build/object_detection/build install --record /home/cadt-02/Object-Detection/ros2_ws/build/object_detection/install.log --install-scripts $base/lib/object_detection --single-version-externally-managed
