[2.375s] DEBUG:colcon:Command line arguments: ['/usr/bin/colcon', 'build']
[2.375s] DEBUG:colcon:Parsed command line arguments: Namespace(allow_overriding=[], ament_cmake_args=None, base_paths=['.'], build_base='build', catkin_cmake_args=None, catkin_skip_building_tests=False, cmake_args=None, cmake_clean_cache=False, cmake_clean_first=False, cmake_force_configure=False, cmake_target=None, cmake_target_skip_unavailable=False, continue_on_error=False, event_handlers=None, executor='parallel', ignore_user_meta=False, install_base='install', log_base=None, log_level=None, main=<bound method BuildVerb.main of <colcon_core.verb.build.BuildVerb object at 0x7f51592831c0>>, merge_install=False, metas=['./colcon.meta'], packages_above=None, packages_above_and_dependencies=None, packages_above_depth=None, packages_end=None, packages_ignore=None, packages_ignore_regex=None, packages_select=None, packages_select_build_failed=False, packages_select_by_dep=None, packages_select_regex=None, packages_select_test_failures=False, packages_skip=None, packages_skip_build_finished=False, packages_skip_by_dep=None, packages_skip_regex=None, packages_skip_test_passed=False, packages_skip_up_to=None, packages_start=None, packages_up_to=None, packages_up_to_regex=None, parallel_workers=8, paths=None, symlink_install=False, test_result_base=None, verb_extension=<colcon_core.verb.build.BuildVerb object at 0x7f51592831c0>, verb_name='build', verb_parser=<colcon_defaults.argument_parser.defaults.DefaultArgumentsDecorator object at 0x7f5158edc190>)
[2.474s] Level 1:colcon.colcon_core.package_discovery:discover_packages(colcon_meta) check parameters
[2.474s] Level 1:colcon.colcon_core.package_discovery:discover_packages(recursive) check parameters
[2.474s] Level 1:colcon.colcon_core.package_discovery:discover_packages(ignore) check parameters
[2.474s] Level 1:colcon.colcon_core.package_discovery:discover_packages(path) check parameters
[2.474s] Level 1:colcon.colcon_core.package_discovery:discover_packages(colcon_meta) discover
[2.474s] Level 1:colcon.colcon_core.package_discovery:discover_packages(recursive) discover
[2.474s] INFO:colcon.colcon_core.package_discovery:Crawling recursively for packages in '/home/vandara/ros2_ws'
[2.474s] Level 1:colcon.colcon_core.package_identification:_identify(.) by extensions ['ignore', 'ignore_ament_install']
[2.474s] Level 1:colcon.colcon_core.package_identification:_identify(.) by extension 'ignore'
[2.474s] Level 1:colcon.colcon_core.package_identification:_identify(.) by extension 'ignore_ament_install'
[2.474s] Level 1:colcon.colcon_core.package_identification:_identify(.) by extensions ['colcon_pkg']
[2.474s] Level 1:colcon.colcon_core.package_identification:_identify(.) by extension 'colcon_pkg'
[2.474s] Level 1:colcon.colcon_core.package_identification:_identify(.) by extensions ['colcon_meta']
[2.474s] Level 1:colcon.colcon_core.package_identification:_identify(.) by extension 'colcon_meta'
[2.474s] Level 1:colcon.colcon_core.package_identification:_identify(.) by extensions ['ros']
[2.474s] Level 1:colcon.colcon_core.package_identification:_identify(.) by extension 'ros'
[2.492s] Level 1:colcon.colcon_core.package_identification:_identify(.) by extensions ['cmake', 'python']
[2.492s] Level 1:colcon.colcon_core.package_identification:_identify(.) by extension 'cmake'
[2.493s] Level 1:colcon.colcon_core.package_identification:_identify(.) by extension 'python'
[2.493s] Level 1:colcon.colcon_core.package_identification:_identify(.) by extensions ['python_setup_py']
[2.493s] Level 1:colcon.colcon_core.package_identification:_identify(.) by extension 'python_setup_py'
[2.493s] Level 1:colcon.colcon_core.package_identification:_identify(build) by extensions ['ignore', 'ignore_ament_install']
[2.493s] Level 1:colcon.colcon_core.package_identification:_identify(build) by extension 'ignore'
[2.493s] Level 1:colcon.colcon_core.package_identification:_identify(build) ignored
[2.493s] Level 1:colcon.colcon_core.package_identification:_identify(install) by extensions ['ignore', 'ignore_ament_install']
[2.493s] Level 1:colcon.colcon_core.package_identification:_identify(install) by extension 'ignore'
[2.493s] Level 1:colcon.colcon_core.package_identification:_identify(install) ignored
[2.493s] Level 1:colcon.colcon_core.package_identification:_identify(log) by extensions ['ignore', 'ignore_ament_install']
[2.493s] Level 1:colcon.colcon_core.package_identification:_identify(log) by extension 'ignore'
[2.493s] Level 1:colcon.colcon_core.package_identification:_identify(log) ignored
[2.494s] Level 1:colcon.colcon_core.package_identification:_identify(src) by extensions ['ignore', 'ignore_ament_install']
[2.494s] Level 1:colcon.colcon_core.package_identification:_identify(src) by extension 'ignore'
[2.494s] Level 1:colcon.colcon_core.package_identification:_identify(src) by extension 'ignore_ament_install'
[2.494s] Level 1:colcon.colcon_core.package_identification:_identify(src) by extensions ['colcon_pkg']
[2.494s] Level 1:colcon.colcon_core.package_identification:_identify(src) by extension 'colcon_pkg'
[2.494s] Level 1:colcon.colcon_core.package_identification:_identify(src) by extensions ['colcon_meta']
[2.494s] Level 1:colcon.colcon_core.package_identification:_identify(src) by extension 'colcon_meta'
[2.494s] Level 1:colcon.colcon_core.package_identification:_identify(src) by extensions ['ros']
[2.494s] Level 1:colcon.colcon_core.package_identification:_identify(src) by extension 'ros'
[2.494s] Level 1:colcon.colcon_core.package_identification:_identify(src) by extensions ['cmake', 'python']
[2.494s] Level 1:colcon.colcon_core.package_identification:_identify(src) by extension 'cmake'
[2.494s] Level 1:colcon.colcon_core.package_identification:_identify(src) by extension 'python'
[2.494s] Level 1:colcon.colcon_core.package_identification:_identify(src) by extensions ['python_setup_py']
[2.494s] Level 1:colcon.colcon_core.package_identification:_identify(src) by extension 'python_setup_py'
[2.494s] Level 1:colcon.colcon_core.package_identification:_identify(src/my_package) by extensions ['ignore', 'ignore_ament_install']
[2.494s] Level 1:colcon.colcon_core.package_identification:_identify(src/my_package) by extension 'ignore'
[2.494s] Level 1:colcon.colcon_core.package_identification:_identify(src/my_package) by extension 'ignore_ament_install'
[2.494s] Level 1:colcon.colcon_core.package_identification:_identify(src/my_package) by extensions ['colcon_pkg']
[2.495s] Level 1:colcon.colcon_core.package_identification:_identify(src/my_package) by extension 'colcon_pkg'
[2.495s] Level 1:colcon.colcon_core.package_identification:_identify(src/my_package) by extensions ['colcon_meta']
[2.495s] Level 1:colcon.colcon_core.package_identification:_identify(src/my_package) by extension 'colcon_meta'
[2.495s] Level 1:colcon.colcon_core.package_identification:_identify(src/my_package) by extensions ['ros']
[2.495s] Level 1:colcon.colcon_core.package_identification:_identify(src/my_package) by extension 'ros'
[2.497s] DEBUG:colcon.colcon_core.package_identification:Package 'src/my_package' with type 'ros.ament_python' and name 'my_package'
[2.497s] Level 1:colcon.colcon_core.package_identification:_identify(src/object_detection) by extensions ['ignore', 'ignore_ament_install']
[2.497s] Level 1:colcon.colcon_core.package_identification:_identify(src/object_detection) by extension 'ignore'
[2.497s] Level 1:colcon.colcon_core.package_identification:_identify(src/object_detection) by extension 'ignore_ament_install'
[2.497s] Level 1:colcon.colcon_core.package_identification:_identify(src/object_detection) by extensions ['colcon_pkg']
[2.497s] Level 1:colcon.colcon_core.package_identification:_identify(src/object_detection) by extension 'colcon_pkg'
[2.497s] Level 1:colcon.colcon_core.package_identification:_identify(src/object_detection) by extensions ['colcon_meta']
[2.497s] Level 1:colcon.colcon_core.package_identification:_identify(src/object_detection) by extension 'colcon_meta'
[2.497s] Level 1:colcon.colcon_core.package_identification:_identify(src/object_detection) by extensions ['ros']
[2.497s] Level 1:colcon.colcon_core.package_identification:_identify(src/object_detection) by extension 'ros'
[2.498s] DEBUG:colcon.colcon_core.package_identification:Package 'src/object_detection' with type 'ros.ament_python' and name 'object_detection'
[2.498s] Level 1:colcon.colcon_core.package_discovery:discover_packages(recursive) using defaults
[2.498s] Level 1:colcon.colcon_core.package_discovery:discover_packages(ignore) discover
[2.498s] Level 1:colcon.colcon_core.package_discovery:discover_packages(ignore) using defaults
[2.498s] Level 1:colcon.colcon_core.package_discovery:discover_packages(path) discover
[2.498s] Level 1:colcon.colcon_core.package_discovery:discover_packages(path) using defaults
[2.711s] Level 1:colcon.colcon_core.package_discovery:discover_packages(prefix_path) check parameters
[2.711s] Level 1:colcon.colcon_core.package_discovery:discover_packages(prefix_path) discover
[2.799s] DEBUG:colcon.colcon_installed_package_information.package_discovery:Found 2 installed packages in /home/vandara/ros2_ws/install
[2.841s] DEBUG:colcon.colcon_installed_package_information.package_discovery:Found 262 installed packages in /opt/ros/foxy
[2.842s] Level 1:colcon.colcon_core.package_discovery:discover_packages(prefix_path) using defaults
[2.983s] Level 5:colcon.colcon_core.verb:set package 'my_package' build argument 'cmake_args' from command line to 'None'
[2.983s] Level 5:colcon.colcon_core.verb:set package 'my_package' build argument 'cmake_target' from command line to 'None'
[2.983s] Level 5:colcon.colcon_core.verb:set package 'my_package' build argument 'cmake_target_skip_unavailable' from command line to 'False'
[2.984s] Level 5:colcon.colcon_core.verb:set package 'my_package' build argument 'cmake_clean_cache' from command line to 'False'
[2.984s] Level 5:colcon.colcon_core.verb:set package 'my_package' build argument 'cmake_clean_first' from command line to 'False'
[2.984s] Level 5:colcon.colcon_core.verb:set package 'my_package' build argument 'cmake_force_configure' from command line to 'False'
[2.984s] Level 5:colcon.colcon_core.verb:set package 'my_package' build argument 'ament_cmake_args' from command line to 'None'
[2.984s] Level 5:colcon.colcon_core.verb:set package 'my_package' build argument 'catkin_cmake_args' from command line to 'None'
[2.984s] Level 5:colcon.colcon_core.verb:set package 'my_package' build argument 'catkin_skip_building_tests' from command line to 'False'
[2.984s] DEBUG:colcon.colcon_core.verb:Building package 'my_package' with the following arguments: {'ament_cmake_args': None, 'build_base': '/home/vandara/ros2_ws/build/my_package', 'catkin_cmake_args': None, 'catkin_skip_building_tests': False, 'cmake_args': None, 'cmake_clean_cache': False, 'cmake_clean_first': False, 'cmake_force_configure': False, 'cmake_target': None, 'cmake_target_skip_unavailable': False, 'install_base': '/home/vandara/ros2_ws/install/my_package', 'merge_install': False, 'path': '/home/vandara/ros2_ws/src/my_package', 'symlink_install': False, 'test_result_base': None}
[3.023s] Level 5:colcon.colcon_core.verb:set package 'object_detection' build argument 'cmake_args' from command line to 'None'
[3.024s] Level 5:colcon.colcon_core.verb:set package 'object_detection' build argument 'cmake_target' from command line to 'None'
[3.024s] Level 5:colcon.colcon_core.verb:set package 'object_detection' build argument 'cmake_target_skip_unavailable' from command line to 'False'
[3.024s] Level 5:colcon.colcon_core.verb:set package 'object_detection' build argument 'cmake_clean_cache' from command line to 'False'
[3.024s] Level 5:colcon.colcon_core.verb:set package 'object_detection' build argument 'cmake_clean_first' from command line to 'False'
[3.024s] Level 5:colcon.colcon_core.verb:set package 'object_detection' build argument 'cmake_force_configure' from command line to 'False'
[3.024s] Level 5:colcon.colcon_core.verb:set package 'object_detection' build argument 'ament_cmake_args' from command line to 'None'
[3.024s] Level 5:colcon.colcon_core.verb:set package 'object_detection' build argument 'catkin_cmake_args' from command line to 'None'
[3.024s] Level 5:colcon.colcon_core.verb:set package 'object_detection' build argument 'catkin_skip_building_tests' from command line to 'False'
[3.024s] DEBUG:colcon.colcon_core.verb:Building package 'object_detection' with the following arguments: {'ament_cmake_args': None, 'build_base': '/home/vandara/ros2_ws/build/object_detection', 'catkin_cmake_args': None, 'catkin_skip_building_tests': False, 'cmake_args': None, 'cmake_clean_cache': False, 'cmake_clean_first': False, 'cmake_force_configure': False, 'cmake_target': None, 'cmake_target_skip_unavailable': False, 'install_base': '/home/vandara/ros2_ws/install/object_detection', 'merge_install': False, 'path': '/home/vandara/ros2_ws/src/object_detection', 'symlink_install': False, 'test_result_base': None}
[3.064s] INFO:colcon.colcon_core.executor:Executing jobs using 'parallel' executor
[3.104s] DEBUG:colcon.colcon_parallel_executor.executor.parallel:run_until_complete
[3.104s] INFO:colcon.colcon_ros.task.ament_python.build:Building ROS package in '/home/vandara/ros2_ws/src/my_package' with build type 'ament_python'
[3.105s] Level 1:colcon.colcon_core.shell:create_environment_hook('my_package', 'ament_prefix_path')
[3.152s] INFO:colcon.colcon_core.plugin_system:Skipping extension 'colcon_core.shell.bat': Not used on non-Windows systems
[3.152s] INFO:colcon.colcon_core.shell:Creating environment hook '/home/vandara/ros2_ws/install/my_package/share/my_package/hook/ament_prefix_path.ps1'
[3.152s] INFO:colcon.colcon_core.shell:Creating environment descriptor '/home/vandara/ros2_ws/install/my_package/share/my_package/hook/ament_prefix_path.dsv'
[3.153s] INFO:colcon.colcon_core.shell:Creating environment hook '/home/vandara/ros2_ws/install/my_package/share/my_package/hook/ament_prefix_path.sh'
[3.195s] INFO:colcon.colcon_core.shell:Skip shell extension 'powershell' for command environment: Not usable outside of PowerShell
[3.195s] DEBUG:colcon.colcon_core.shell:Skip shell extension 'dsv' for command environment
[3.324s] INFO:colcon.colcon_ros.task.ament_python.build:Building ROS package in '/home/vandara/ros2_ws/src/object_detection' with build type 'ament_python'
[3.324s] Level 1:colcon.colcon_core.shell:create_environment_hook('object_detection', 'ament_prefix_path')
[3.367s] INFO:colcon.colcon_core.shell:Creating environment hook '/home/vandara/ros2_ws/install/object_detection/share/object_detection/hook/ament_prefix_path.ps1'
[3.368s] INFO:colcon.colcon_core.shell:Creating environment descriptor '/home/vandara/ros2_ws/install/object_detection/share/object_detection/hook/ament_prefix_path.dsv'
[3.368s] INFO:colcon.colcon_core.shell:Creating environment hook '/home/vandara/ros2_ws/install/object_detection/share/object_detection/hook/ament_prefix_path.sh'
[3.409s] INFO:colcon.colcon_core.shell:Skip shell extension 'powershell' for command environment: Not usable outside of PowerShell
[3.409s] DEBUG:colcon.colcon_core.shell:Skip shell extension 'dsv' for command environment
[3.767s] INFO:colcon.colcon_core.task.python.build:Building Python package in '/home/vandara/ros2_ws/src/my_package'
[3.809s] INFO:colcon.colcon_core.shell:Skip shell extension 'powershell' for command environment: Not usable outside of PowerShell
[3.809s] DEBUG:colcon.colcon_core.shell:Skip shell extension 'dsv' for command environment
[4.154s] INFO:colcon.colcon_core.task.python.build:Building Python package in '/home/vandara/ros2_ws/src/object_detection'
[4.198s] INFO:colcon.colcon_core.shell:Skip shell extension 'powershell' for command environment: Not usable outside of PowerShell
[4.198s] DEBUG:colcon.colcon_core.shell:Skip shell extension 'dsv' for command environment
[4.688s] DEBUG:colcon.colcon_core.event_handler.log_command:Invoking command in '/home/vandara/ros2_ws/src/object_detection': PYTHONPATH=/home/vandara/ros2_ws/build/object_detection/prefix_override:/home/vandara/ros2_ws/install/object_detection/lib/python3.8/site-packages:${PYTHONPATH} /usr/bin/python3 setup.py egg_info --egg-base ../../build/object_detection build --build-base /home/vandara/ros2_ws/build/object_detection/build install --record /home/vandara/ros2_ws/build/object_detection/install.log --install-scripts $base/lib/object_detection --single-version-externally-managed
[4.692s] DEBUG:colcon.colcon_core.event_handler.log_command:Invoking command in '/home/vandara/ros2_ws/src/my_package': PYTHONPATH=/home/vandara/ros2_ws/build/my_package/prefix_override:/home/vandara/ros2_ws/install/my_package/lib/python3.8/site-packages:${PYTHONPATH} /usr/bin/python3 setup.py egg_info --egg-base ../../build/my_package build --build-base /home/vandara/ros2_ws/build/my_package/build install --record /home/vandara/ros2_ws/build/my_package/install.log --install-scripts $base/lib/my_package --single-version-externally-managed
[4.957s] DEBUG:colcon.colcon_core.event_handler.log_command:Invoked command in '/home/vandara/ros2_ws/src/object_detection' returned '0': PYTHONPATH=/home/vandara/ros2_ws/build/object_detection/prefix_override:/home/vandara/ros2_ws/install/object_detection/lib/python3.8/site-packages:${PYTHONPATH} /usr/bin/python3 setup.py egg_info --egg-base ../../build/object_detection build --build-base /home/vandara/ros2_ws/build/object_detection/build install --record /home/vandara/ros2_ws/build/object_detection/install.log --install-scripts $base/lib/object_detection --single-version-externally-managed
[5.003s] Level 1:colcon.colcon_core.environment:checking '/home/vandara/ros2_ws/install/object_detection' for CMake module files
[5.003s] Level 1:colcon.colcon_core.environment:checking '/home/vandara/ros2_ws/install/object_detection' for CMake config files
[5.003s] Level 1:colcon.colcon_core.environment:checking '/home/vandara/ros2_ws/install/object_detection/lib'
[5.004s] Level 1:colcon.colcon_core.environment:checking '/home/vandara/ros2_ws/install/object_detection/bin'
[5.004s] Level 1:colcon.colcon_core.environment:checking '/home/vandara/ros2_ws/install/object_detection/lib/pkgconfig/object_detection.pc'
[5.004s] Level 1:colcon.colcon_core.environment:checking '/home/vandara/ros2_ws/install/object_detection/lib/python3.8/site-packages'
[5.004s] Level 1:colcon.colcon_core.shell:create_environment_hook('object_detection', 'pythonpath')
[5.047s] INFO:colcon.colcon_core.shell:Creating environment hook '/home/vandara/ros2_ws/install/object_detection/share/object_detection/hook/pythonpath.ps1'
[5.047s] INFO:colcon.colcon_core.shell:Creating environment descriptor '/home/vandara/ros2_ws/install/object_detection/share/object_detection/hook/pythonpath.dsv'
[5.048s] INFO:colcon.colcon_core.shell:Creating environment hook '/home/vandara/ros2_ws/install/object_detection/share/object_detection/hook/pythonpath.sh'
[5.048s] Level 1:colcon.colcon_core.environment:checking '/home/vandara/ros2_ws/install/object_detection/bin'
[5.048s] Level 1:colcon.colcon_core.environment:create_environment_scripts_only(object_detection)
[5.090s] INFO:colcon.colcon_core.shell:Creating package script '/home/vandara/ros2_ws/install/object_detection/share/object_detection/package.ps1'
[5.091s] INFO:colcon.colcon_core.shell:Creating package descriptor '/home/vandara/ros2_ws/install/object_detection/share/object_detection/package.dsv'
[5.091s] INFO:colcon.colcon_core.shell:Creating package script '/home/vandara/ros2_ws/install/object_detection/share/object_detection/package.sh'
[5.092s] INFO:colcon.colcon_core.shell:Creating package script '/home/vandara/ros2_ws/install/object_detection/share/object_detection/package.bash'
[5.092s] INFO:colcon.colcon_core.shell:Creating package script '/home/vandara/ros2_ws/install/object_detection/share/object_detection/package.zsh'
[5.093s] Level 1:colcon.colcon_core.environment:create_file_with_runtime_dependencies(/home/vandara/ros2_ws/install/object_detection/share/colcon-core/packages/object_detection)
[5.095s] DEBUG:colcon.colcon_core.event_handler.log_command:Invoked command in '/home/vandara/ros2_ws/src/my_package' returned '0': PYTHONPATH=/home/vandara/ros2_ws/build/my_package/prefix_override:/home/vandara/ros2_ws/install/my_package/lib/python3.8/site-packages:${PYTHONPATH} /usr/bin/python3 setup.py egg_info --egg-base ../../build/my_package build --build-base /home/vandara/ros2_ws/build/my_package/build install --record /home/vandara/ros2_ws/build/my_package/install.log --install-scripts $base/lib/my_package --single-version-externally-managed
[5.145s] Level 1:colcon.colcon_core.environment:checking '/home/vandara/ros2_ws/install/my_package' for CMake module files
[5.146s] Level 1:colcon.colcon_core.environment:checking '/home/vandara/ros2_ws/install/my_package' for CMake config files
[5.146s] Level 1:colcon.colcon_core.environment:checking '/home/vandara/ros2_ws/install/my_package/lib'
[5.146s] Level 1:colcon.colcon_core.environment:checking '/home/vandara/ros2_ws/install/my_package/bin'
[5.146s] Level 1:colcon.colcon_core.environment:checking '/home/vandara/ros2_ws/install/my_package/lib/pkgconfig/my_package.pc'
[5.147s] Level 1:colcon.colcon_core.environment:checking '/home/vandara/ros2_ws/install/my_package/lib/python3.8/site-packages'
[5.147s] Level 1:colcon.colcon_core.shell:create_environment_hook('my_package', 'pythonpath')
[5.189s] INFO:colcon.colcon_core.shell:Creating environment hook '/home/vandara/ros2_ws/install/my_package/share/my_package/hook/pythonpath.ps1'
[5.189s] INFO:colcon.colcon_core.shell:Creating environment descriptor '/home/vandara/ros2_ws/install/my_package/share/my_package/hook/pythonpath.dsv'
[5.189s] INFO:colcon.colcon_core.shell:Creating environment hook '/home/vandara/ros2_ws/install/my_package/share/my_package/hook/pythonpath.sh'
[5.190s] Level 1:colcon.colcon_core.environment:checking '/home/vandara/ros2_ws/install/my_package/bin'
[5.190s] Level 1:colcon.colcon_core.environment:create_environment_scripts_only(my_package)
[5.234s] INFO:colcon.colcon_core.shell:Creating package script '/home/vandara/ros2_ws/install/my_package/share/my_package/package.ps1'
[5.235s] INFO:colcon.colcon_core.shell:Creating package descriptor '/home/vandara/ros2_ws/install/my_package/share/my_package/package.dsv'
[5.235s] INFO:colcon.colcon_core.shell:Creating package script '/home/vandara/ros2_ws/install/my_package/share/my_package/package.sh'
[5.235s] INFO:colcon.colcon_core.shell:Creating package script '/home/vandara/ros2_ws/install/my_package/share/my_package/package.bash'
[5.236s] INFO:colcon.colcon_core.shell:Creating package script '/home/vandara/ros2_ws/install/my_package/share/my_package/package.zsh'
[5.236s] Level 1:colcon.colcon_core.environment:create_file_with_runtime_dependencies(/home/vandara/ros2_ws/install/my_package/share/colcon-core/packages/my_package)
[5.236s] DEBUG:colcon.colcon_parallel_executor.executor.parallel:closing loop
[5.236s] DEBUG:colcon.colcon_parallel_executor.executor.parallel:loop closed
[5.236s] DEBUG:colcon.colcon_parallel_executor.executor.parallel:run_until_complete finished with '0'
[5.236s] DEBUG:colcon.colcon_core.event_reactor:joining thread
[5.283s] INFO:colcon.colcon_core.plugin_system:Skipping extension 'colcon_notification.desktop_notification.terminal_notifier': Not used on non-Darwin systems
[5.283s] INFO:colcon.colcon_core.plugin_system:Skipping extension 'colcon_notification.desktop_notification.win32': Not used on non-Windows systems
[5.283s] INFO:colcon.colcon_notification.desktop_notification:Sending desktop notification using 'notify2'
[5.294s] DEBUG:colcon.colcon_core.event_reactor:joined thread
[5.339s] INFO:colcon.colcon_core.shell:Creating prefix script '/home/vandara/ros2_ws/install/local_setup.ps1'
[5.339s] INFO:colcon.colcon_core.shell:Creating prefix util module '/home/vandara/ros2_ws/install/_local_setup_util_ps1.py'
[5.340s] INFO:colcon.colcon_core.shell:Creating prefix chain script '/home/vandara/ros2_ws/install/setup.ps1'
[5.384s] INFO:colcon.colcon_core.shell:Creating prefix script '/home/vandara/ros2_ws/install/local_setup.sh'
[5.384s] INFO:colcon.colcon_core.shell:Creating prefix util module '/home/vandara/ros2_ws/install/_local_setup_util_sh.py'
[5.385s] INFO:colcon.colcon_core.shell:Creating prefix chain script '/home/vandara/ros2_ws/install/setup.sh'
[5.427s] INFO:colcon.colcon_core.shell:Creating prefix script '/home/vandara/ros2_ws/install/local_setup.bash'
[5.428s] INFO:colcon.colcon_core.shell:Creating prefix chain script '/home/vandara/ros2_ws/install/setup.bash'
[5.471s] INFO:colcon.colcon_core.shell:Creating prefix script '/home/vandara/ros2_ws/install/local_setup.zsh'
[5.471s] INFO:colcon.colcon_core.shell:Creating prefix chain script '/home/vandara/ros2_ws/install/setup.zsh'
