[15.131s] DEBUG:colcon:Command line arguments: ['/usr/local/bin/colcon', 'build']
[15.131s] DEBUG:colcon:Parsed command line arguments: Namespace(ament_cmake_args=None, base_paths=['.'], build_base='build', catkin_cmake_args=None, catkin_skip_building_tests=False, cmake_args=None, cmake_clean_cache=False, cmake_clean_first=False, cmake_force_configure=False, cmake_target=None, cmake_target_skip_unavailable=False, continue_on_error=False, event_handlers=None, executor='parallel', ignore_user_meta=False, install_base='install', log_base=None, log_level=None, main=<bound method BuildVerb.main of <colcon_core.verb.build.BuildVerb object at 0xffff9ee81c70>>, merge_install=False, metas=['./colcon.meta'], packages_above=None, packages_above_and_dependencies=None, packages_above_depth=None, packages_end=None, packages_ignore=None, packages_ignore_regex=None, packages_select=None, packages_select_build_failed=False, packages_select_by_dep=None, packages_select_regex=None, packages_select_test_failures=False, packages_skip=None, packages_skip_build_finished=False, packages_skip_by_dep=None, packages_skip_regex=None, packages_skip_test_passed=False, packages_skip_up_to=None, packages_start=None, packages_up_to=None, packages_up_to_regex=None, parallel_workers=6, paths=None, symlink_install=False, test_result_base=None, verb_extension=<colcon_core.verb.build.BuildVerb object at 0xffff9ee81c70>, verb_name='build', verb_parser=<colcon_defaults.argument_parser.defaults.DefaultArgumentsDecorator object at 0xffff9eb9fdf0>)
[15.799s] Level 1:colcon.colcon_core.package_discovery:discover_packages(colcon_meta) check parameters
[15.799s] Level 1:colcon.colcon_core.package_discovery:discover_packages(recursive) check parameters
[15.799s] Level 1:colcon.colcon_core.package_discovery:discover_packages(ignore) check parameters
[15.799s] Level 1:colcon.colcon_core.package_discovery:discover_packages(path) check parameters
[15.800s] Level 1:colcon.colcon_core.package_discovery:discover_packages(colcon_meta) discover
[15.800s] Level 1:colcon.colcon_core.package_discovery:discover_packages(recursive) discover
[15.800s] INFO:colcon.colcon_core.package_discovery:Crawling recursively for packages in '/home/cadt-02/Object-Detection/ros2_ws'
[15.800s] Level 1:colcon.colcon_core.package_identification:_identify(.) by extensions ['ignore', 'ignore_ament_install']
[15.800s] Level 1:colcon.colcon_core.package_identification:_identify(.) by extension 'ignore'
[15.801s] Level 1:colcon.colcon_core.package_identification:_identify(.) by extension 'ignore_ament_install'
[15.801s] Level 1:colcon.colcon_core.package_identification:_identify(.) by extensions ['colcon_pkg']
[15.801s] Level 1:colcon.colcon_core.package_identification:_identify(.) by extension 'colcon_pkg'
[15.801s] Level 1:colcon.colcon_core.package_identification:_identify(.) by extensions ['colcon_meta']
[15.801s] Level 1:colcon.colcon_core.package_identification:_identify(.) by extension 'colcon_meta'
[15.801s] Level 1:colcon.colcon_core.package_identification:_identify(.) by extensions ['ros']
[15.801s] Level 1:colcon.colcon_core.package_identification:_identify(.) by extension 'ros'
[15.856s] Level 1:colcon.colcon_core.package_identification:_identify(.) by extensions ['cmake', 'python']
[15.857s] Level 1:colcon.colcon_core.package_identification:_identify(.) by extension 'cmake'
[15.857s] Level 1:colcon.colcon_core.package_identification:_identify(.) by extension 'python'
[15.857s] Level 1:colcon.colcon_core.package_identification:_identify(.) by extensions ['python_setup_py']
[15.857s] Level 1:colcon.colcon_core.package_identification:_identify(.) by extension 'python_setup_py'
[15.857s] Level 1:colcon.colcon_core.package_identification:_identify(build) by extensions ['ignore', 'ignore_ament_install']
[15.858s] Level 1:colcon.colcon_core.package_identification:_identify(build) by extension 'ignore'
[15.858s] Level 1:colcon.colcon_core.package_identification:_identify(build) ignored
[15.858s] Level 1:colcon.colcon_core.package_identification:_identify(install) by extensions ['ignore', 'ignore_ament_install']
[15.858s] Level 1:colcon.colcon_core.package_identification:_identify(install) by extension 'ignore'
[15.858s] Level 1:colcon.colcon_core.package_identification:_identify(install) ignored
[15.859s] Level 1:colcon.colcon_core.package_identification:_identify(log) by extensions ['ignore', 'ignore_ament_install']
[15.859s] Level 1:colcon.colcon_core.package_identification:_identify(log) by extension 'ignore'
[15.859s] Level 1:colcon.colcon_core.package_identification:_identify(log) ignored
[15.859s] Level 1:colcon.colcon_core.package_identification:_identify(src) by extensions ['ignore', 'ignore_ament_install']
[15.859s] Level 1:colcon.colcon_core.package_identification:_identify(src) by extension 'ignore'
[15.860s] Level 1:colcon.colcon_core.package_identification:_identify(src) by extension 'ignore_ament_install'
[15.860s] Level 1:colcon.colcon_core.package_identification:_identify(src) by extensions ['colcon_pkg']
[15.860s] Level 1:colcon.colcon_core.package_identification:_identify(src) by extension 'colcon_pkg'
[15.860s] Level 1:colcon.colcon_core.package_identification:_identify(src) by extensions ['colcon_meta']
[15.860s] Level 1:colcon.colcon_core.package_identification:_identify(src) by extension 'colcon_meta'
[15.860s] Level 1:colcon.colcon_core.package_identification:_identify(src) by extensions ['ros']
[15.860s] Level 1:colcon.colcon_core.package_identification:_identify(src) by extension 'ros'
[15.860s] Level 1:colcon.colcon_core.package_identification:_identify(src) by extensions ['cmake', 'python']
[15.861s] Level 1:colcon.colcon_core.package_identification:_identify(src) by extension 'cmake'
[15.861s] Level 1:colcon.colcon_core.package_identification:_identify(src) by extension 'python'
[15.861s] Level 1:colcon.colcon_core.package_identification:_identify(src) by extensions ['python_setup_py']
[15.861s] Level 1:colcon.colcon_core.package_identification:_identify(src) by extension 'python_setup_py'
[15.861s] Level 1:colcon.colcon_core.package_identification:_identify(src/my_package) by extensions ['ignore', 'ignore_ament_install']
[15.861s] Level 1:colcon.colcon_core.package_identification:_identify(src/my_package) by extension 'ignore'
[15.861s] Level 1:colcon.colcon_core.package_identification:_identify(src/my_package) by extension 'ignore_ament_install'
[15.862s] Level 1:colcon.colcon_core.package_identification:_identify(src/my_package) by extensions ['colcon_pkg']
[15.862s] Level 1:colcon.colcon_core.package_identification:_identify(src/my_package) by extension 'colcon_pkg'
[15.862s] Level 1:colcon.colcon_core.package_identification:_identify(src/my_package) by extensions ['colcon_meta']
[15.862s] Level 1:colcon.colcon_core.package_identification:_identify(src/my_package) by extension 'colcon_meta'
[15.862s] Level 1:colcon.colcon_core.package_identification:_identify(src/my_package) by extensions ['ros']
[15.862s] Level 1:colcon.colcon_core.package_identification:_identify(src/my_package) by extension 'ros'
[15.869s] DEBUG:colcon.colcon_core.package_identification:Package 'src/my_package' with type 'ros.ament_python' and name 'my_package'
[15.869s] Level 1:colcon.colcon_core.package_identification:_identify(src/object_detection) by extensions ['ignore', 'ignore_ament_install']
[15.870s] Level 1:colcon.colcon_core.package_identification:_identify(src/object_detection) by extension 'ignore'
[15.870s] Level 1:colcon.colcon_core.package_identification:_identify(src/object_detection) by extension 'ignore_ament_install'
[15.870s] Level 1:colcon.colcon_core.package_identification:_identify(src/object_detection) by extensions ['colcon_pkg']
[15.870s] Level 1:colcon.colcon_core.package_identification:_identify(src/object_detection) by extension 'colcon_pkg'
[15.870s] Level 1:colcon.colcon_core.package_identification:_identify(src/object_detection) by extensions ['colcon_meta']
[15.870s] Level 1:colcon.colcon_core.package_identification:_identify(src/object_detection) by extension 'colcon_meta'
[15.870s] Level 1:colcon.colcon_core.package_identification:_identify(src/object_detection) by extensions ['ros']
[15.871s] Level 1:colcon.colcon_core.package_identification:_identify(src/object_detection) by extension 'ros'
[15.872s] DEBUG:colcon.colcon_core.package_identification:Package 'src/object_detection' with type 'ros.ament_python' and name 'object_detection'
[15.872s] Level 1:colcon.colcon_core.package_discovery:discover_packages(recursive) using defaults
[15.872s] Level 1:colcon.colcon_core.package_discovery:discover_packages(ignore) discover
[15.872s] Level 1:colcon.colcon_core.package_discovery:discover_packages(ignore) using defaults
[15.872s] Level 1:colcon.colcon_core.package_discovery:discover_packages(path) discover
[15.872s] Level 1:colcon.colcon_core.package_discovery:discover_packages(path) using defaults
[16.986s] Level 5:colcon.colcon_core.verb:set package 'my_package' build argument 'cmake_args' from command line to 'None'
[16.987s] Level 5:colcon.colcon_core.verb:set package 'my_package' build argument 'cmake_target' from command line to 'None'
[16.987s] Level 5:colcon.colcon_core.verb:set package 'my_package' build argument 'cmake_target_skip_unavailable' from command line to 'False'
[16.987s] Level 5:colcon.colcon_core.verb:set package 'my_package' build argument 'cmake_clean_cache' from command line to 'False'
[16.987s] Level 5:colcon.colcon_core.verb:set package 'my_package' build argument 'cmake_clean_first' from command line to 'False'
[16.987s] Level 5:colcon.colcon_core.verb:set package 'my_package' build argument 'cmake_force_configure' from command line to 'False'
[16.987s] Level 5:colcon.colcon_core.verb:set package 'my_package' build argument 'ament_cmake_args' from command line to 'None'
[16.987s] Level 5:colcon.colcon_core.verb:set package 'my_package' build argument 'catkin_cmake_args' from command line to 'None'
[16.987s] Level 5:colcon.colcon_core.verb:set package 'my_package' build argument 'catkin_skip_building_tests' from command line to 'False'
[16.987s] DEBUG:colcon.colcon_core.verb:Building package 'my_package' with the following arguments: {'ament_cmake_args': None, 'build_base': '/home/cadt-02/Object-Detection/ros2_ws/build/my_package', 'catkin_cmake_args': None, 'catkin_skip_building_tests': False, 'cmake_args': None, 'cmake_clean_cache': False, 'cmake_clean_first': False, 'cmake_force_configure': False, 'cmake_target': None, 'cmake_target_skip_unavailable': False, 'install_base': '/home/cadt-02/Object-Detection/ros2_ws/install/my_package', 'merge_install': False, 'path': '/home/cadt-02/Object-Detection/ros2_ws/src/my_package', 'symlink_install': False, 'test_result_base': None}
[17.254s] Level 5:colcon.colcon_core.verb:set package 'object_detection' build argument 'cmake_args' from command line to 'None'
[17.254s] Level 5:colcon.colcon_core.verb:set package 'object_detection' build argument 'cmake_target' from command line to 'None'
[17.254s] Level 5:colcon.colcon_core.verb:set package 'object_detection' build argument 'cmake_target_skip_unavailable' from command line to 'False'
[17.254s] Level 5:colcon.colcon_core.verb:set package 'object_detection' build argument 'cmake_clean_cache' from command line to 'False'
[17.254s] Level 5:colcon.colcon_core.verb:set package 'object_detection' build argument 'cmake_clean_first' from command line to 'False'
[17.254s] Level 5:colcon.colcon_core.verb:set package 'object_detection' build argument 'cmake_force_configure' from command line to 'False'
[17.254s] Level 5:colcon.colcon_core.verb:set package 'object_detection' build argument 'ament_cmake_args' from command line to 'None'
[17.254s] Level 5:colcon.colcon_core.verb:set package 'object_detection' build argument 'catkin_cmake_args' from command line to 'None'
[17.254s] Level 5:colcon.colcon_core.verb:set package 'object_detection' build argument 'catkin_skip_building_tests' from command line to 'False'
[17.254s] DEBUG:colcon.colcon_core.verb:Building package 'object_detection' with the following arguments: {'ament_cmake_args': None, 'build_base': '/home/cadt-02/Object-Detection/ros2_ws/build/object_detection', 'catkin_cmake_args': None, 'catkin_skip_building_tests': False, 'cmake_args': None, 'cmake_clean_cache': False, 'cmake_clean_first': False, 'cmake_force_configure': False, 'cmake_target': None, 'cmake_target_skip_unavailable': False, 'install_base': '/home/cadt-02/Object-Detection/ros2_ws/install/object_detection', 'merge_install': False, 'path': '/home/cadt-02/Object-Detection/ros2_ws/src/object_detection', 'symlink_install': False, 'test_result_base': None}
[17.533s] INFO:colcon.colcon_core.executor:Executing jobs using 'parallel' executor
[17.808s] DEBUG:colcon.colcon_parallel_executor.executor.parallel:run_until_complete
[17.809s] INFO:colcon.colcon_ros.task.ament_python.build:Building ROS package in '/home/cadt-02/Object-Detection/ros2_ws/src/my_package' with build type 'ament_python'
[17.810s] Level 1:colcon.colcon_core.shell:create_environment_hook('my_package', 'ament_prefix_path')
[18.090s] INFO:colcon.colcon_core.plugin_system:Skipping extension 'colcon_core.shell.bat': Not used on non-Windows systems
[18.091s] INFO:colcon.colcon_core.shell:Creating environment hook '/home/cadt-02/Object-Detection/ros2_ws/install/my_package/share/my_package/hook/ament_prefix_path.ps1'
[18.093s] INFO:colcon.colcon_core.shell:Creating environment descriptor '/home/cadt-02/Object-Detection/ros2_ws/install/my_package/share/my_package/hook/ament_prefix_path.dsv'
[18.094s] INFO:colcon.colcon_core.shell:Creating environment hook '/home/cadt-02/Object-Detection/ros2_ws/install/my_package/share/my_package/hook/ament_prefix_path.sh'
[18.372s] INFO:colcon.colcon_core.shell:Skip shell extension 'powershell' for command environment: Not usable outside of PowerShell
[18.372s] DEBUG:colcon.colcon_core.shell:Skip shell extension 'dsv' for command environment
[19.200s] INFO:colcon.colcon_ros.task.ament_python.build:Building ROS package in '/home/cadt-02/Object-Detection/ros2_ws/src/object_detection' with build type 'ament_python'
[19.201s] Level 1:colcon.colcon_core.shell:create_environment_hook('object_detection', 'ament_prefix_path')
[19.473s] INFO:colcon.colcon_core.shell:Creating environment hook '/home/cadt-02/Object-Detection/ros2_ws/install/object_detection/share/object_detection/hook/ament_prefix_path.ps1'
[19.475s] INFO:colcon.colcon_core.shell:Creating environment descriptor '/home/cadt-02/Object-Detection/ros2_ws/install/object_detection/share/object_detection/hook/ament_prefix_path.dsv'
[19.475s] INFO:colcon.colcon_core.shell:Creating environment hook '/home/cadt-02/Object-Detection/ros2_ws/install/object_detection/share/object_detection/hook/ament_prefix_path.sh'
[19.749s] INFO:colcon.colcon_core.shell:Skip shell extension 'powershell' for command environment: Not usable outside of PowerShell
[19.750s] DEBUG:colcon.colcon_core.shell:Skip shell extension 'dsv' for command environment
[21.020s] INFO:colcon.colcon_core.task.python.build:Building Python package in '/home/cadt-02/Object-Detection/ros2_ws/src/my_package'
[21.291s] INFO:colcon.colcon_core.shell:Skip shell extension 'powershell' for command environment: Not usable outside of PowerShell
[21.291s] DEBUG:colcon.colcon_core.shell:Skip shell extension 'dsv' for command environment
[22.555s] INFO:colcon.colcon_core.task.python.build:Building Python package in '/home/cadt-02/Object-Detection/ros2_ws/src/object_detection'
[22.829s] INFO:colcon.colcon_core.shell:Skip shell extension 'powershell' for command environment: Not usable outside of PowerShell
[22.829s] DEBUG:colcon.colcon_core.shell:Skip shell extension 'dsv' for command environment
[25.060s] DEBUG:colcon.colcon_core.event_handler.log_command:Invoking command in '/home/cadt-02/Object-Detection/ros2_ws/src/my_package': PYTHONPATH=/home/cadt-02/Object-Detection/ros2_ws/build/my_package/prefix_override:/home/cadt-02/Object-Detection/ros2_ws/install/my_package/lib/python3.8/site-packages:${PYTHONPATH} /usr/bin/python3 setup.py egg_info --egg-base ../../build/my_package build --build-base /home/cadt-02/Object-Detection/ros2_ws/build/my_package/build install --record /home/cadt-02/Object-Detection/ros2_ws/build/my_package/install.log --install-scripts $base/lib/my_package --single-version-externally-managed
[25.081s] DEBUG:colcon.colcon_core.event_handler.log_command:Invoking command in '/home/cadt-02/Object-Detection/ros2_ws/src/object_detection': PYTHONPATH=/home/cadt-02/Object-Detection/ros2_ws/build/object_detection/prefix_override:/home/cadt-02/Object-Detection/ros2_ws/install/object_detection/lib/python3.8/site-packages:${PYTHONPATH} /usr/bin/python3 setup.py egg_info --egg-base ../../build/object_detection build --build-base /home/cadt-02/Object-Detection/ros2_ws/build/object_detection/build install --record /home/cadt-02/Object-Detection/ros2_ws/build/object_detection/install.log --install-scripts $base/lib/object_detection --single-version-externally-managed
[26.248s] DEBUG:colcon.colcon_core.event_handler.log_command:Invoked command in '/home/cadt-02/Object-Detection/ros2_ws/src/my_package' returned '0': PYTHONPATH=/home/cadt-02/Object-Detection/ros2_ws/build/my_package/prefix_override:/home/cadt-02/Object-Detection/ros2_ws/install/my_package/lib/python3.8/site-packages:${PYTHONPATH} /usr/bin/python3 setup.py egg_info --egg-base ../../build/my_package build --build-base /home/cadt-02/Object-Detection/ros2_ws/build/my_package/build install --record /home/cadt-02/Object-Detection/ros2_ws/build/my_package/install.log --install-scripts $base/lib/my_package --single-version-externally-managed
[26.527s] Level 1:colcon.colcon_core.environment:checking '/home/cadt-02/Object-Detection/ros2_ws/install/my_package' for CMake module files
[26.528s] Level 1:colcon.colcon_core.environment:checking '/home/cadt-02/Object-Detection/ros2_ws/install/my_package' for CMake config files
[26.530s] Level 1:colcon.colcon_core.environment:checking '/home/cadt-02/Object-Detection/ros2_ws/install/my_package/lib'
[26.531s] Level 1:colcon.colcon_core.environment:checking '/home/cadt-02/Object-Detection/ros2_ws/install/my_package/bin'
[26.531s] Level 1:colcon.colcon_core.environment:checking '/home/cadt-02/Object-Detection/ros2_ws/install/my_package/lib/pkgconfig/my_package.pc'
[26.531s] Level 1:colcon.colcon_core.environment:checking '/home/cadt-02/Object-Detection/ros2_ws/install/my_package/lib/python3.8/site-packages'
[26.532s] Level 1:colcon.colcon_core.shell:create_environment_hook('my_package', 'pythonpath')
[26.802s] INFO:colcon.colcon_core.shell:Creating environment hook '/home/cadt-02/Object-Detection/ros2_ws/install/my_package/share/my_package/hook/pythonpath.ps1'
[26.803s] INFO:colcon.colcon_core.shell:Creating environment descriptor '/home/cadt-02/Object-Detection/ros2_ws/install/my_package/share/my_package/hook/pythonpath.dsv'
[26.804s] INFO:colcon.colcon_core.shell:Creating environment hook '/home/cadt-02/Object-Detection/ros2_ws/install/my_package/share/my_package/hook/pythonpath.sh'
[26.805s] Level 1:colcon.colcon_core.environment:checking '/home/cadt-02/Object-Detection/ros2_ws/install/my_package/bin'
[26.805s] Level 1:colcon.colcon_core.environment:create_environment_scripts_only(my_package)
[27.072s] INFO:colcon.colcon_core.shell:Creating package script '/home/cadt-02/Object-Detection/ros2_ws/install/my_package/share/my_package/package.ps1'
[27.074s] INFO:colcon.colcon_core.shell:Creating package descriptor '/home/cadt-02/Object-Detection/ros2_ws/install/my_package/share/my_package/package.dsv'
[27.075s] INFO:colcon.colcon_core.shell:Creating package script '/home/cadt-02/Object-Detection/ros2_ws/install/my_package/share/my_package/package.sh'
[27.076s] INFO:colcon.colcon_core.shell:Creating package script '/home/cadt-02/Object-Detection/ros2_ws/install/my_package/share/my_package/package.bash'
[27.078s] INFO:colcon.colcon_core.shell:Creating package script '/home/cadt-02/Object-Detection/ros2_ws/install/my_package/share/my_package/package.zsh'
[27.081s] Level 1:colcon.colcon_core.environment:create_file_with_runtime_dependencies(/home/cadt-02/Object-Detection/ros2_ws/install/my_package/share/colcon-core/packages/my_package)
[27.087s] DEBUG:colcon.colcon_core.event_handler.log_command:Invoked command in '/home/cadt-02/Object-Detection/ros2_ws/src/object_detection' returned '0': PYTHONPATH=/home/cadt-02/Object-Detection/ros2_ws/build/object_detection/prefix_override:/home/cadt-02/Object-Detection/ros2_ws/install/object_detection/lib/python3.8/site-packages:${PYTHONPATH} /usr/bin/python3 setup.py egg_info --egg-base ../../build/object_detection build --build-base /home/cadt-02/Object-Detection/ros2_ws/build/object_detection/build install --record /home/cadt-02/Object-Detection/ros2_ws/build/object_detection/install.log --install-scripts $base/lib/object_detection --single-version-externally-managed
[27.355s] Level 1:colcon.colcon_core.environment:checking '/home/cadt-02/Object-Detection/ros2_ws/install/object_detection' for CMake module files
[27.356s] Level 1:colcon.colcon_core.environment:checking '/home/cadt-02/Object-Detection/ros2_ws/install/object_detection' for CMake config files
[27.358s] Level 1:colcon.colcon_core.environment:checking '/home/cadt-02/Object-Detection/ros2_ws/install/object_detection/lib'
[27.358s] Level 1:colcon.colcon_core.environment:checking '/home/cadt-02/Object-Detection/ros2_ws/install/object_detection/bin'
[27.358s] Level 1:colcon.colcon_core.environment:checking '/home/cadt-02/Object-Detection/ros2_ws/install/object_detection/lib/pkgconfig/object_detection.pc'
[27.358s] Level 1:colcon.colcon_core.environment:checking '/home/cadt-02/Object-Detection/ros2_ws/install/object_detection/lib/python3.8/site-packages'
[27.359s] Level 1:colcon.colcon_core.shell:create_environment_hook('object_detection', 'pythonpath')
[27.628s] INFO:colcon.colcon_core.shell:Creating environment hook '/home/cadt-02/Object-Detection/ros2_ws/install/object_detection/share/object_detection/hook/pythonpath.ps1'
[27.630s] INFO:colcon.colcon_core.shell:Creating environment descriptor '/home/cadt-02/Object-Detection/ros2_ws/install/object_detection/share/object_detection/hook/pythonpath.dsv'
[27.630s] INFO:colcon.colcon_core.shell:Creating environment hook '/home/cadt-02/Object-Detection/ros2_ws/install/object_detection/share/object_detection/hook/pythonpath.sh'
[27.631s] Level 1:colcon.colcon_core.environment:checking '/home/cadt-02/Object-Detection/ros2_ws/install/object_detection/bin'
[27.632s] Level 1:colcon.colcon_core.environment:create_environment_scripts_only(object_detection)
[27.900s] INFO:colcon.colcon_core.shell:Creating package script '/home/cadt-02/Object-Detection/ros2_ws/install/object_detection/share/object_detection/package.ps1'
[27.901s] INFO:colcon.colcon_core.shell:Creating package descriptor '/home/cadt-02/Object-Detection/ros2_ws/install/object_detection/share/object_detection/package.dsv'
[27.902s] INFO:colcon.colcon_core.shell:Creating package script '/home/cadt-02/Object-Detection/ros2_ws/install/object_detection/share/object_detection/package.sh'
[27.903s] INFO:colcon.colcon_core.shell:Creating package script '/home/cadt-02/Object-Detection/ros2_ws/install/object_detection/share/object_detection/package.bash'
[27.904s] INFO:colcon.colcon_core.shell:Creating package script '/home/cadt-02/Object-Detection/ros2_ws/install/object_detection/share/object_detection/package.zsh'
[27.904s] Level 1:colcon.colcon_core.environment:create_file_with_runtime_dependencies(/home/cadt-02/Object-Detection/ros2_ws/install/object_detection/share/colcon-core/packages/object_detection)
[27.905s] DEBUG:colcon.colcon_parallel_executor.executor.parallel:closing loop
[27.906s] DEBUG:colcon.colcon_parallel_executor.executor.parallel:loop closed
[27.906s] DEBUG:colcon.colcon_parallel_executor.executor.parallel:run_until_complete finished with '0'
[27.907s] DEBUG:colcon.colcon_core.event_reactor:joining thread
[28.191s] INFO:colcon.colcon_core.plugin_system:Skipping extension 'colcon_notification.desktop_notification.terminal_notifier': Not used on non-Darwin systems
[28.191s] INFO:colcon.colcon_core.plugin_system:Skipping extension 'colcon_notification.desktop_notification.win32': Not used on non-Windows systems
[28.191s] INFO:colcon.colcon_notification.desktop_notification:Sending desktop notification using 'notify2'
[28.236s] DEBUG:colcon.colcon_core.event_reactor:joined thread
[28.504s] INFO:colcon.colcon_core.shell:Creating prefix script '/home/cadt-02/Object-Detection/ros2_ws/install/local_setup.ps1'
[28.507s] INFO:colcon.colcon_core.shell:Creating prefix util module '/home/cadt-02/Object-Detection/ros2_ws/install/_local_setup_util_ps1.py'
[28.509s] INFO:colcon.colcon_core.shell:Creating prefix chain script '/home/cadt-02/Object-Detection/ros2_ws/install/setup.ps1'
[28.778s] INFO:colcon.colcon_core.shell:Creating prefix script '/home/cadt-02/Object-Detection/ros2_ws/install/local_setup.sh'
[28.780s] INFO:colcon.colcon_core.shell:Creating prefix util module '/home/cadt-02/Object-Detection/ros2_ws/install/_local_setup_util_sh.py'
[28.781s] INFO:colcon.colcon_core.shell:Creating prefix chain script '/home/cadt-02/Object-Detection/ros2_ws/install/setup.sh'
[29.048s] INFO:colcon.colcon_core.shell:Creating prefix script '/home/cadt-02/Object-Detection/ros2_ws/install/local_setup.bash'
[29.049s] INFO:colcon.colcon_core.shell:Creating prefix chain script '/home/cadt-02/Object-Detection/ros2_ws/install/setup.bash'
[29.316s] INFO:colcon.colcon_core.shell:Creating prefix script '/home/cadt-02/Object-Detection/ros2_ws/install/local_setup.zsh'
[29.317s] INFO:colcon.colcon_core.shell:Creating prefix chain script '/home/cadt-02/Object-Detection/ros2_ws/install/setup.zsh'
