[1.399s] Invoking command in '/home/vandara/ros2_ws/src/object_detection': PYTHONPATH=/home/vandara/ros2_ws/build/object_detection/prefix_override:/home/vandara/ros2_ws/install/object_detection/lib/python3.8/site-packages:${PYTHONPATH} /usr/bin/python3 setup.py egg_info --egg-base ../../build/object_detection build --build-base /home/vandara/ros2_ws/build/object_detection/build install --record /home/vandara/ros2_ws/build/object_detection/install.log --install-scripts $base/lib/object_detection --single-version-externally-managed
[1.647s] running egg_info
[1.648s] writing ../../build/object_detection/object_detection.egg-info/PKG-INFO
[1.648s] writing dependency_links to ../../build/object_detection/object_detection.egg-info/dependency_links.txt
[1.649s] writing entry points to ../../build/object_detection/object_detection.egg-info/entry_points.txt
[1.649s] writing requirements to ../../build/object_detection/object_detection.egg-info/requires.txt
[1.649s] writing top-level names to ../../build/object_detection/object_detection.egg-info/top_level.txt
[1.687s] reading manifest file '../../build/object_detection/object_detection.egg-info/SOURCES.txt'
[1.688s] writing manifest file '../../build/object_detection/object_detection.egg-info/SOURCES.txt'
[1.688s] running build
[1.688s] running build_py
[1.688s] running install
[1.689s] running install_lib
[1.691s] running install_data
[1.691s] running install_egg_info
[1.693s] removing '/home/vandara/ros2_ws/install/object_detection/lib/python3.8/site-packages/object_detection-0.0.0-py3.8.egg-info' (and everything under it)
[1.693s] Copying ../../build/object_detection/object_detection.egg-info to /home/vandara/ros2_ws/install/object_detection/lib/python3.8/site-packages/object_detection-0.0.0-py3.8.egg-info
[1.694s] running install_scripts
[1.715s] writing list of installed files to '/home/vandara/ros2_ws/build/object_detection/install.log'
[1.737s] Invoked command in '/home/vandara/ros2_ws/src/object_detection' returned '0': PYTHONPATH=/home/vandara/ros2_ws/build/object_detection/prefix_override:/home/vandara/ros2_ws/install/object_detection/lib/python3.8/site-packages:${PYTHONPATH} /usr/bin/python3 setup.py egg_info --egg-base ../../build/object_detection build --build-base /home/vandara/ros2_ws/build/object_detection/build install --record /home/vandara/ros2_ws/build/object_detection/install.log --install-scripts $base/lib/object_detection --single-version-externally-managed
