[2.520s] DEBUG:colcon:Command line arguments: ['/usr/bin/colcon', 'build']
[2.520s] DEBUG:colcon:Parsed command line arguments: Namespace(allow_overriding=[], ament_cmake_args=None, base_paths=['.'], build_base='build', catkin_cmake_args=None, catkin_skip_building_tests=False, cmake_args=None, cmake_clean_cache=False, cmake_clean_first=False, cmake_force_configure=False, cmake_target=None, cmake_target_skip_unavailable=False, continue_on_error=False, event_handlers=None, executor='parallel', ignore_user_meta=False, install_base='install', log_base=None, log_level=None, main=<bound method BuildVerb.main of <colcon_core.verb.build.BuildVerb object at 0x7f126482fc40>>, merge_install=False, metas=['./colcon.meta'], packages_above=None, packages_above_and_dependencies=None, packages_above_depth=None, packages_end=None, packages_ignore=None, packages_ignore_regex=None, packages_select=None, packages_select_build_failed=False, packages_select_by_dep=None, packages_select_regex=None, packages_select_test_failures=False, packages_skip=None, packages_skip_build_finished=False, packages_skip_by_dep=None, packages_skip_regex=None, packages_skip_test_passed=False, packages_skip_up_to=None, packages_start=None, packages_up_to=None, packages_up_to_regex=None, parallel_workers=8, paths=None, symlink_install=False, test_result_base=None, verb_extension=<colcon_core.verb.build.BuildVerb object at 0x7f126482fc40>, verb_name='build', verb_parser=<colcon_defaults.argument_parser.defaults.DefaultArgumentsDecorator object at 0x7f12644290d0>)
[2.630s] Level 1:colcon.colcon_core.package_discovery:discover_packages(colcon_meta) check parameters
[2.630s] Level 1:colcon.colcon_core.package_discovery:discover_packages(recursive) check parameters
[2.630s] Level 1:colcon.colcon_core.package_discovery:discover_packages(ignore) check parameters
[2.630s] Level 1:colcon.colcon_core.package_discovery:discover_packages(path) check parameters
[2.630s] Level 1:colcon.colcon_core.package_discovery:discover_packages(colcon_meta) discover
[2.630s] Level 1:colcon.colcon_core.package_discovery:discover_packages(recursive) discover
[2.630s] INFO:colcon.colcon_core.package_discovery:Crawling recursively for packages in '/home/vandara/ros2_ws/src/my_package/my_package'
[2.630s] Level 1:colcon.colcon_core.package_identification:_identify(.) by extensions ['ignore', 'ignore_ament_install']
[2.630s] Level 1:colcon.colcon_core.package_identification:_identify(.) by extension 'ignore'
[2.630s] Level 1:colcon.colcon_core.package_identification:_identify(.) by extension 'ignore_ament_install'
[2.630s] Level 1:colcon.colcon_core.package_identification:_identify(.) by extensions ['colcon_pkg']
[2.630s] Level 1:colcon.colcon_core.package_identification:_identify(.) by extension 'colcon_pkg'
[2.630s] Level 1:colcon.colcon_core.package_identification:_identify(.) by extensions ['colcon_meta']
[2.630s] Level 1:colcon.colcon_core.package_identification:_identify(.) by extension 'colcon_meta'
[2.630s] Level 1:colcon.colcon_core.package_identification:_identify(.) by extensions ['ros']
[2.630s] Level 1:colcon.colcon_core.package_identification:_identify(.) by extension 'ros'
[2.649s] Level 1:colcon.colcon_core.package_identification:_identify(.) by extensions ['cmake', 'python']
[2.650s] Level 1:colcon.colcon_core.package_identification:_identify(.) by extension 'cmake'
[2.650s] Level 1:colcon.colcon_core.package_identification:_identify(.) by extension 'python'
[2.650s] Level 1:colcon.colcon_core.package_identification:_identify(.) by extensions ['python_setup_py']
[2.650s] Level 1:colcon.colcon_core.package_identification:_identify(.) by extension 'python_setup_py'
[2.650s] Level 1:colcon.colcon_core.package_identification:_identify(build) by extensions ['ignore', 'ignore_ament_install']
[2.650s] Level 1:colcon.colcon_core.package_identification:_identify(build) by extension 'ignore'
[2.650s] Level 1:colcon.colcon_core.package_identification:_identify(build) ignored
[2.650s] Level 1:colcon.colcon_core.package_identification:_identify(install) by extensions ['ignore', 'ignore_ament_install']
[2.650s] Level 1:colcon.colcon_core.package_identification:_identify(install) by extension 'ignore'
[2.650s] Level 1:colcon.colcon_core.package_identification:_identify(install) ignored
[2.650s] Level 1:colcon.colcon_core.package_identification:_identify(log) by extensions ['ignore', 'ignore_ament_install']
[2.650s] Level 1:colcon.colcon_core.package_identification:_identify(log) by extension 'ignore'
[2.650s] Level 1:colcon.colcon_core.package_identification:_identify(log) ignored
[2.650s] Level 1:colcon.colcon_core.package_discovery:discover_packages(recursive) using defaults
[2.650s] Level 1:colcon.colcon_core.package_discovery:discover_packages(ignore) discover
[2.650s] Level 1:colcon.colcon_core.package_discovery:discover_packages(ignore) using defaults
[2.650s] Level 1:colcon.colcon_core.package_discovery:discover_packages(path) discover
[2.650s] Level 1:colcon.colcon_core.package_discovery:discover_packages(path) using defaults
[2.883s] Level 1:colcon.colcon_core.package_discovery:discover_packages(prefix_path) check parameters
[2.883s] Level 1:colcon.colcon_core.package_discovery:discover_packages(prefix_path) discover
[2.997s] DEBUG:colcon.colcon_installed_package_information.package_discovery:Found 2 installed packages in /home/vandara/ros2_ws/install
[3.058s] DEBUG:colcon.colcon_installed_package_information.package_discovery:Found 262 installed packages in /opt/ros/foxy
[3.061s] Level 1:colcon.colcon_core.package_discovery:discover_packages(prefix_path) using defaults
[3.293s] INFO:colcon.colcon_core.executor:Executing jobs using 'parallel' executor
[3.375s] DEBUG:colcon.colcon_parallel_executor.executor.parallel:run_until_complete
[3.375s] DEBUG:colcon.colcon_parallel_executor.executor.parallel:closing loop
[3.375s] DEBUG:colcon.colcon_parallel_executor.executor.parallel:loop closed
[3.375s] DEBUG:colcon.colcon_parallel_executor.executor.parallel:run_until_complete finished with '0'
[3.375s] DEBUG:colcon.colcon_core.event_reactor:joining thread
[3.468s] INFO:colcon.colcon_core.plugin_system:Skipping extension 'colcon_notification.desktop_notification.terminal_notifier': Not used on non-Darwin systems
[3.468s] INFO:colcon.colcon_core.plugin_system:Skipping extension 'colcon_notification.desktop_notification.win32': Not used on non-Windows systems
[3.468s] INFO:colcon.colcon_notification.desktop_notification:Sending desktop notification using 'notify2'
[3.500s] DEBUG:colcon.colcon_core.event_reactor:joined thread
[3.596s] INFO:colcon.colcon_core.plugin_system:Skipping extension 'colcon_core.shell.bat': Not used on non-Windows systems
[3.596s] INFO:colcon.colcon_core.shell:Creating prefix script '/home/vandara/ros2_ws/src/my_package/my_package/install/local_setup.ps1'
[3.599s] INFO:colcon.colcon_core.shell:Creating prefix util module '/home/vandara/ros2_ws/src/my_package/my_package/install/_local_setup_util_ps1.py'
[3.602s] INFO:colcon.colcon_core.shell:Creating prefix chain script '/home/vandara/ros2_ws/src/my_package/my_package/install/setup.ps1'
[3.683s] INFO:colcon.colcon_core.shell:Creating prefix script '/home/vandara/ros2_ws/src/my_package/my_package/install/local_setup.sh'
[3.684s] INFO:colcon.colcon_core.shell:Creating prefix util module '/home/vandara/ros2_ws/src/my_package/my_package/install/_local_setup_util_sh.py'
[3.685s] INFO:colcon.colcon_core.shell:Creating prefix chain script '/home/vandara/ros2_ws/src/my_package/my_package/install/setup.sh'
[3.807s] INFO:colcon.colcon_core.shell:Creating prefix script '/home/vandara/ros2_ws/src/my_package/my_package/install/local_setup.bash'
[3.808s] INFO:colcon.colcon_core.shell:Creating prefix chain script '/home/vandara/ros2_ws/src/my_package/my_package/install/setup.bash'
[3.910s] INFO:colcon.colcon_core.shell:Creating prefix script '/home/vandara/ros2_ws/src/my_package/my_package/install/local_setup.zsh'
[3.911s] INFO:colcon.colcon_core.shell:Creating prefix chain script '/home/vandara/ros2_ws/src/my_package/my_package/install/setup.zsh'
