[15.289s] [34mcolcon[0m [1;30mDEBUG[0m [32mCommand line arguments: ['/usr/local/bin/colcon', 'build'][0m
[15.289s] [34mcolcon[0m [1;30mDEBUG[0m [32mParsed command line arguments: Namespace(ament_cmake_args=None, base_paths=['.'], build_base='build', catkin_cmake_args=None, catkin_skip_building_tests=False, cmake_args=None, cmake_clean_cache=False, cmake_clean_first=False, cmake_force_configure=False, cmake_target=None, cmake_target_skip_unavailable=False, continue_on_error=False, event_handlers=None, executor='parallel', ignore_user_meta=False, install_base='install', log_base=None, log_level=None, main=<bound method BuildVerb.main of <colcon_core.verb.build.BuildVerb object at 0xffff8c4f1a90>>, merge_install=False, metas=['./colcon.meta'], packages_above=None, packages_above_and_dependencies=None, packages_above_depth=None, packages_end=None, packages_ignore=None, packages_ignore_regex=None, packages_select=None, packages_select_build_failed=False, packages_select_by_dep=None, packages_select_regex=None, packages_select_test_failures=False, packages_skip=None, packages_skip_build_finished=False, packages_skip_by_dep=None, packages_skip_regex=None, packages_skip_test_passed=False, packages_skip_up_to=None, packages_start=None, packages_up_to=None, packages_up_to_regex=None, parallel_workers=6, paths=None, symlink_install=False, test_result_base=None, verb_extension=<colcon_core.verb.build.BuildVerb object at 0xffff8c4f1a90>, verb_name='build', verb_parser=<colcon_defaults.argument_parser.defaults.DefaultArgumentsDecorator object at 0xffff8c1f5790>)[0m
[15.950s] [34mcolcon.colcon_core.package_discovery[0m [1;30mLevel 1[0m discover_packages(colcon_meta) check parameters
[15.951s] [34mcolcon.colcon_core.package_discovery[0m [1;30mLevel 1[0m discover_packages(recursive) check parameters
[15.951s] [34mcolcon.colcon_core.package_discovery[0m [1;30mLevel 1[0m discover_packages(ignore) check parameters
[15.951s] [34mcolcon.colcon_core.package_discovery[0m [1;30mLevel 1[0m discover_packages(path) check parameters
[15.951s] [34mcolcon.colcon_core.package_discovery[0m [1;30mLevel 1[0m discover_packages(colcon_meta) discover
[15.951s] [34mcolcon.colcon_core.package_discovery[0m [1;30mLevel 1[0m discover_packages(recursive) discover
[15.951s] [34mcolcon.colcon_core.package_discovery[0m [1;30mINFO[0m Crawling recursively for packages in '/home/cadt-02/Object-Detection/ros2_ws'
[15.952s] [34mcolcon.colcon_core.package_identification[0m [1;30mLevel 1[0m _identify(.) by extensions ['ignore', 'ignore_ament_install']
[15.952s] [34mcolcon.colcon_core.package_identification[0m [1;30mLevel 1[0m _identify(.) by extension 'ignore'
[15.952s] [34mcolcon.colcon_core.package_identification[0m [1;30mLevel 1[0m _identify(.) by extension 'ignore_ament_install'
[15.952s] [34mcolcon.colcon_core.package_identification[0m [1;30mLevel 1[0m _identify(.) by extensions ['colcon_pkg']
[15.952s] [34mcolcon.colcon_core.package_identification[0m [1;30mLevel 1[0m _identify(.) by extension 'colcon_pkg'
[15.953s] [34mcolcon.colcon_core.package_identification[0m [1;30mLevel 1[0m _identify(.) by extensions ['colcon_meta']
[15.953s] [34mcolcon.colcon_core.package_identification[0m [1;30mLevel 1[0m _identify(.) by extension 'colcon_meta'
[15.953s] [34mcolcon.colcon_core.package_identification[0m [1;30mLevel 1[0m _identify(.) by extensions ['ros']
[15.953s] [34mcolcon.colcon_core.package_identification[0m [1;30mLevel 1[0m _identify(.) by extension 'ros'
[16.004s] [34mcolcon.colcon_core.package_identification[0m [1;30mLevel 1[0m _identify(.) by extensions ['cmake', 'python']
[16.004s] [34mcolcon.colcon_core.package_identification[0m [1;30mLevel 1[0m _identify(.) by extension 'cmake'
[16.005s] [34mcolcon.colcon_core.package_identification[0m [1;30mLevel 1[0m _identify(.) by extension 'python'
[16.005s] [34mcolcon.colcon_core.package_identification[0m [1;30mLevel 1[0m _identify(.) by extensions ['python_setup_py']
[16.005s] [34mcolcon.colcon_core.package_identification[0m [1;30mLevel 1[0m _identify(.) by extension 'python_setup_py'
[16.005s] [34mcolcon.colcon_core.package_identification[0m [1;30mLevel 1[0m _identify(build) by extensions ['ignore', 'ignore_ament_install']
[16.005s] [34mcolcon.colcon_core.package_identification[0m [1;30mLevel 1[0m _identify(build) by extension 'ignore'
[16.006s] [34mcolcon.colcon_core.package_identification[0m [1;30mLevel 1[0m _identify(build) ignored
[16.006s] [34mcolcon.colcon_core.package_identification[0m [1;30mLevel 1[0m _identify(datasets) by extensions ['ignore', 'ignore_ament_install']
[16.006s] [34mcolcon.colcon_core.package_identification[0m [1;30mLevel 1[0m _identify(datasets) by extension 'ignore'
[16.006s] [34mcolcon.colcon_core.package_identification[0m [1;30mLevel 1[0m _identify(datasets) by extension 'ignore_ament_install'
[16.006s] [34mcolcon.colcon_core.package_identification[0m [1;30mLevel 1[0m _identify(datasets) by extensions ['colcon_pkg']
[16.007s] [34mcolcon.colcon_core.package_identification[0m [1;30mLevel 1[0m _identify(datasets) by extension 'colcon_pkg'
[16.007s] [34mcolcon.colcon_core.package_identification[0m [1;30mLevel 1[0m _identify(datasets) by extensions ['colcon_meta']
[16.007s] [34mcolcon.colcon_core.package_identification[0m [1;30mLevel 1[0m _identify(datasets) by extension 'colcon_meta'
[16.007s] [34mcolcon.colcon_core.package_identification[0m [1;30mLevel 1[0m _identify(datasets) by extensions ['ros']
[16.007s] [34mcolcon.colcon_core.package_identification[0m [1;30mLevel 1[0m _identify(datasets) by extension 'ros'
[16.007s] [34mcolcon.colcon_core.package_identification[0m [1;30mLevel 1[0m _identify(datasets) by extensions ['cmake', 'python']
[16.007s] [34mcolcon.colcon_core.package_identification[0m [1;30mLevel 1[0m _identify(datasets) by extension 'cmake'
[16.007s] [34mcolcon.colcon_core.package_identification[0m [1;30mLevel 1[0m _identify(datasets) by extension 'python'
[16.008s] [34mcolcon.colcon_core.package_identification[0m [1;30mLevel 1[0m _identify(datasets) by extensions ['python_setup_py']
[16.008s] [34mcolcon.colcon_core.package_identification[0m [1;30mLevel 1[0m _identify(datasets) by extension 'python_setup_py'
[16.008s] [34mcolcon.colcon_core.package_identification[0m [1;30mLevel 1[0m _identify(datasets/SJZNB.v9i.yolov8) by extensions ['ignore', 'ignore_ament_install']
[16.008s] [34mcolcon.colcon_core.package_identification[0m [1;30mLevel 1[0m _identify(datasets/SJZNB.v9i.yolov8) by extension 'ignore'
[16.008s] [34mcolcon.colcon_core.package_identification[0m [1;30mLevel 1[0m _identify(datasets/SJZNB.v9i.yolov8) by extension 'ignore_ament_install'
[16.008s] [34mcolcon.colcon_core.package_identification[0m [1;30mLevel 1[0m _identify(datasets/SJZNB.v9i.yolov8) by extensions ['colcon_pkg']
[16.008s] [34mcolcon.colcon_core.package_identification[0m [1;30mLevel 1[0m _identify(datasets/SJZNB.v9i.yolov8) by extension 'colcon_pkg'
[16.009s] [34mcolcon.colcon_core.package_identification[0m [1;30mLevel 1[0m _identify(datasets/SJZNB.v9i.yolov8) by extensions ['colcon_meta']
[16.009s] [34mcolcon.colcon_core.package_identification[0m [1;30mLevel 1[0m _identify(datasets/SJZNB.v9i.yolov8) by extension 'colcon_meta'
[16.009s] [34mcolcon.colcon_core.package_identification[0m [1;30mLevel 1[0m _identify(datasets/SJZNB.v9i.yolov8) by extensions ['ros']
[16.009s] [34mcolcon.colcon_core.package_identification[0m [1;30mLevel 1[0m _identify(datasets/SJZNB.v9i.yolov8) by extension 'ros'
[16.009s] [34mcolcon.colcon_core.package_identification[0m [1;30mLevel 1[0m _identify(datasets/SJZNB.v9i.yolov8) by extensions ['cmake', 'python']
[16.009s] [34mcolcon.colcon_core.package_identification[0m [1;30mLevel 1[0m _identify(datasets/SJZNB.v9i.yolov8) by extension 'cmake'
[16.009s] [34mcolcon.colcon_core.package_identification[0m [1;30mLevel 1[0m _identify(datasets/SJZNB.v9i.yolov8) by extension 'python'
[16.009s] [34mcolcon.colcon_core.package_identification[0m [1;30mLevel 1[0m _identify(datasets/SJZNB.v9i.yolov8) by extensions ['python_setup_py']
[16.010s] [34mcolcon.colcon_core.package_identification[0m [1;30mLevel 1[0m _identify(datasets/SJZNB.v9i.yolov8) by extension 'python_setup_py'
[16.010s] [34mcolcon.colcon_core.package_identification[0m [1;30mLevel 1[0m _identify(datasets/SJZNB.v9i.yolov8/test) by extensions ['ignore', 'ignore_ament_install']
[16.010s] [34mcolcon.colcon_core.package_identification[0m [1;30mLevel 1[0m _identify(datasets/SJZNB.v9i.yolov8/test) by extension 'ignore'
[16.010s] [34mcolcon.colcon_core.package_identification[0m [1;30mLevel 1[0m _identify(datasets/SJZNB.v9i.yolov8/test) by extension 'ignore_ament_install'
[16.010s] [34mcolcon.colcon_core.package_identification[0m [1;30mLevel 1[0m _identify(datasets/SJZNB.v9i.yolov8/test) by extensions ['colcon_pkg']
[16.010s] [34mcolcon.colcon_core.package_identification[0m [1;30mLevel 1[0m _identify(datasets/SJZNB.v9i.yolov8/test) by extension 'colcon_pkg'
[16.010s] [34mcolcon.colcon_core.package_identification[0m [1;30mLevel 1[0m _identify(datasets/SJZNB.v9i.yolov8/test) by extensions ['colcon_meta']
[16.011s] [34mcolcon.colcon_core.package_identification[0m [1;30mLevel 1[0m _identify(datasets/SJZNB.v9i.yolov8/test) by extension 'colcon_meta'
[16.011s] [34mcolcon.colcon_core.package_identification[0m [1;30mLevel 1[0m _identify(datasets/SJZNB.v9i.yolov8/test) by extensions ['ros']
[16.011s] [34mcolcon.colcon_core.package_identification[0m [1;30mLevel 1[0m _identify(datasets/SJZNB.v9i.yolov8/test) by extension 'ros'
[16.011s] [34mcolcon.colcon_core.package_identification[0m [1;30mLevel 1[0m _identify(datasets/SJZNB.v9i.yolov8/test) by extensions ['cmake', 'python']
[16.011s] [34mcolcon.colcon_core.package_identification[0m [1;30mLevel 1[0m _identify(datasets/SJZNB.v9i.yolov8/test) by extension 'cmake'
[16.011s] [34mcolcon.colcon_core.package_identification[0m [1;30mLevel 1[0m _identify(datasets/SJZNB.v9i.yolov8/test) by extension 'python'
[16.011s] [34mcolcon.colcon_core.package_identification[0m [1;30mLevel 1[0m _identify(datasets/SJZNB.v9i.yolov8/test) by extensions ['python_setup_py']
[16.011s] [34mcolcon.colcon_core.package_identification[0m [1;30mLevel 1[0m _identify(datasets/SJZNB.v9i.yolov8/test) by extension 'python_setup_py'
[16.012s] [34mcolcon.colcon_core.package_identification[0m [1;30mLevel 1[0m _identify(datasets/SJZNB.v9i.yolov8/test/images) by extensions ['ignore', 'ignore_ament_install']
[16.012s] [34mcolcon.colcon_core.package_identification[0m [1;30mLevel 1[0m _identify(datasets/SJZNB.v9i.yolov8/test/images) by extension 'ignore'
[16.012s] [34mcolcon.colcon_core.package_identification[0m [1;30mLevel 1[0m _identify(datasets/SJZNB.v9i.yolov8/test/images) by extension 'ignore_ament_install'
[16.012s] [34mcolcon.colcon_core.package_identification[0m [1;30mLevel 1[0m _identify(datasets/SJZNB.v9i.yolov8/test/images) by extensions ['colcon_pkg']
[16.012s] [34mcolcon.colcon_core.package_identification[0m [1;30mLevel 1[0m _identify(datasets/SJZNB.v9i.yolov8/test/images) by extension 'colcon_pkg'
[16.012s] [34mcolcon.colcon_core.package_identification[0m [1;30mLevel 1[0m _identify(datasets/SJZNB.v9i.yolov8/test/images) by extensions ['colcon_meta']
[16.012s] [34mcolcon.colcon_core.package_identification[0m [1;30mLevel 1[0m _identify(datasets/SJZNB.v9i.yolov8/test/images) by extension 'colcon_meta'
[16.013s] [34mcolcon.colcon_core.package_identification[0m [1;30mLevel 1[0m _identify(datasets/SJZNB.v9i.yolov8/test/images) by extensions ['ros']
[16.013s] [34mcolcon.colcon_core.package_identification[0m [1;30mLevel 1[0m _identify(datasets/SJZNB.v9i.yolov8/test/images) by extension 'ros'
[16.013s] [34mcolcon.colcon_core.package_identification[0m [1;30mLevel 1[0m _identify(datasets/SJZNB.v9i.yolov8/test/images) by extensions ['cmake', 'python']
[16.013s] [34mcolcon.colcon_core.package_identification[0m [1;30mLevel 1[0m _identify(datasets/SJZNB.v9i.yolov8/test/images) by extension 'cmake'
[16.013s] [34mcolcon.colcon_core.package_identification[0m [1;30mLevel 1[0m _identify(datasets/SJZNB.v9i.yolov8/test/images) by extension 'python'
[16.013s] [34mcolcon.colcon_core.package_identification[0m [1;30mLevel 1[0m _identify(datasets/SJZNB.v9i.yolov8/test/images) by extensions ['python_setup_py']
[16.013s] [34mcolcon.colcon_core.package_identification[0m [1;30mLevel 1[0m _identify(datasets/SJZNB.v9i.yolov8/test/images) by extension 'python_setup_py'
[16.014s] [34mcolcon.colcon_core.package_identification[0m [1;30mLevel 1[0m _identify(datasets/SJZNB.v9i.yolov8/test/labels) by extensions ['ignore', 'ignore_ament_install']
[16.014s] [34mcolcon.colcon_core.package_identification[0m [1;30mLevel 1[0m _identify(datasets/SJZNB.v9i.yolov8/test/labels) by extension 'ignore'
[16.014s] [34mcolcon.colcon_core.package_identification[0m [1;30mLevel 1[0m _identify(datasets/SJZNB.v9i.yolov8/test/labels) by extension 'ignore_ament_install'
[16.014s] [34mcolcon.colcon_core.package_identification[0m [1;30mLevel 1[0m _identify(datasets/SJZNB.v9i.yolov8/test/labels) by extensions ['colcon_pkg']
[16.014s] [34mcolcon.colcon_core.package_identification[0m [1;30mLevel 1[0m _identify(datasets/SJZNB.v9i.yolov8/test/labels) by extension 'colcon_pkg'
[16.014s] [34mcolcon.colcon_core.package_identification[0m [1;30mLevel 1[0m _identify(datasets/SJZNB.v9i.yolov8/test/labels) by extensions ['colcon_meta']
[16.014s] [34mcolcon.colcon_core.package_identification[0m [1;30mLevel 1[0m _identify(datasets/SJZNB.v9i.yolov8/test/labels) by extension 'colcon_meta'
[16.014s] [34mcolcon.colcon_core.package_identification[0m [1;30mLevel 1[0m _identify(datasets/SJZNB.v9i.yolov8/test/labels) by extensions ['ros']
[16.015s] [34mcolcon.colcon_core.package_identification[0m [1;30mLevel 1[0m _identify(datasets/SJZNB.v9i.yolov8/test/labels) by extension 'ros'
[16.015s] [34mcolcon.colcon_core.package_identification[0m [1;30mLevel 1[0m _identify(datasets/SJZNB.v9i.yolov8/test/labels) by extensions ['cmake', 'python']
[16.015s] [34mcolcon.colcon_core.package_identification[0m [1;30mLevel 1[0m _identify(datasets/SJZNB.v9i.yolov8/test/labels) by extension 'cmake'
[16.015s] [34mcolcon.colcon_core.package_identification[0m [1;30mLevel 1[0m _identify(datasets/SJZNB.v9i.yolov8/test/labels) by extension 'python'
[16.015s] [34mcolcon.colcon_core.package_identification[0m [1;30mLevel 1[0m _identify(datasets/SJZNB.v9i.yolov8/test/labels) by extensions ['python_setup_py']
[16.015s] [34mcolcon.colcon_core.package_identification[0m [1;30mLevel 1[0m _identify(datasets/SJZNB.v9i.yolov8/test/labels) by extension 'python_setup_py'
[16.015s] [34mcolcon.colcon_core.package_identification[0m [1;30mLevel 1[0m _identify(datasets/SJZNB.v9i.yolov8/train) by extensions ['ignore', 'ignore_ament_install']
[16.016s] [34mcolcon.colcon_core.package_identification[0m [1;30mLevel 1[0m _identify(datasets/SJZNB.v9i.yolov8/train) by extension 'ignore'
[16.016s] [34mcolcon.colcon_core.package_identification[0m [1;30mLevel 1[0m _identify(datasets/SJZNB.v9i.yolov8/train) by extension 'ignore_ament_install'
[16.016s] [34mcolcon.colcon_core.package_identification[0m [1;30mLevel 1[0m _identify(datasets/SJZNB.v9i.yolov8/train) by extensions ['colcon_pkg']
[16.016s] [34mcolcon.colcon_core.package_identification[0m [1;30mLevel 1[0m _identify(datasets/SJZNB.v9i.yolov8/train) by extension 'colcon_pkg'
[16.016s] [34mcolcon.colcon_core.package_identification[0m [1;30mLevel 1[0m _identify(datasets/SJZNB.v9i.yolov8/train) by extensions ['colcon_meta']
[16.016s] [34mcolcon.colcon_core.package_identification[0m [1;30mLevel 1[0m _identify(datasets/SJZNB.v9i.yolov8/train) by extension 'colcon_meta'
[16.016s] [34mcolcon.colcon_core.package_identification[0m [1;30mLevel 1[0m _identify(datasets/SJZNB.v9i.yolov8/train) by extensions ['ros']
[16.016s] [34mcolcon.colcon_core.package_identification[0m [1;30mLevel 1[0m _identify(datasets/SJZNB.v9i.yolov8/train) by extension 'ros'
[16.016s] [34mcolcon.colcon_core.package_identification[0m [1;30mLevel 1[0m _identify(datasets/SJZNB.v9i.yolov8/train) by extensions ['cmake', 'python']
[16.017s] [34mcolcon.colcon_core.package_identification[0m [1;30mLevel 1[0m _identify(datasets/SJZNB.v9i.yolov8/train) by extension 'cmake'
[16.017s] [34mcolcon.colcon_core.package_identification[0m [1;30mLevel 1[0m _identify(datasets/SJZNB.v9i.yolov8/train) by extension 'python'
[16.017s] [34mcolcon.colcon_core.package_identification[0m [1;30mLevel 1[0m _identify(datasets/SJZNB.v9i.yolov8/train) by extensions ['python_setup_py']
[16.017s] [34mcolcon.colcon_core.package_identification[0m [1;30mLevel 1[0m _identify(datasets/SJZNB.v9i.yolov8/train) by extension 'python_setup_py'
[16.018s] [34mcolcon.colcon_core.package_identification[0m [1;30mLevel 1[0m _identify(datasets/SJZNB.v9i.yolov8/train/images) by extensions ['ignore', 'ignore_ament_install']
[16.019s] [34mcolcon.colcon_core.package_identification[0m [1;30mLevel 1[0m _identify(datasets/SJZNB.v9i.yolov8/train/images) by extension 'ignore'
[16.019s] [34mcolcon.colcon_core.package_identification[0m [1;30mLevel 1[0m _identify(datasets/SJZNB.v9i.yolov8/train/images) by extension 'ignore_ament_install'
[16.019s] [34mcolcon.colcon_core.package_identification[0m [1;30mLevel 1[0m _identify(datasets/SJZNB.v9i.yolov8/train/images) by extensions ['colcon_pkg']
[16.019s] [34mcolcon.colcon_core.package_identification[0m [1;30mLevel 1[0m _identify(datasets/SJZNB.v9i.yolov8/train/images) by extension 'colcon_pkg'
[16.019s] [34mcolcon.colcon_core.package_identification[0m [1;30mLevel 1[0m _identify(datasets/SJZNB.v9i.yolov8/train/images) by extensions ['colcon_meta']
[16.019s] [34mcolcon.colcon_core.package_identification[0m [1;30mLevel 1[0m _identify(datasets/SJZNB.v9i.yolov8/train/images) by extension 'colcon_meta'
[16.019s] [34mcolcon.colcon_core.package_identification[0m [1;30mLevel 1[0m _identify(datasets/SJZNB.v9i.yolov8/train/images) by extensions ['ros']
[16.020s] [34mcolcon.colcon_core.package_identification[0m [1;30mLevel 1[0m _identify(datasets/SJZNB.v9i.yolov8/train/images) by extension 'ros'
[16.020s] [34mcolcon.colcon_core.package_identification[0m [1;30mLevel 1[0m _identify(datasets/SJZNB.v9i.yolov8/train/images) by extensions ['cmake', 'python']
[16.020s] [34mcolcon.colcon_core.package_identification[0m [1;30mLevel 1[0m _identify(datasets/SJZNB.v9i.yolov8/train/images) by extension 'cmake'
[16.020s] [34mcolcon.colcon_core.package_identification[0m [1;30mLevel 1[0m _identify(datasets/SJZNB.v9i.yolov8/train/images) by extension 'python'
[16.020s] [34mcolcon.colcon_core.package_identification[0m [1;30mLevel 1[0m _identify(datasets/SJZNB.v9i.yolov8/train/images) by extensions ['python_setup_py']
[16.020s] [34mcolcon.colcon_core.package_identification[0m [1;30mLevel 1[0m _identify(datasets/SJZNB.v9i.yolov8/train/images) by extension 'python_setup_py'
[16.022s] [34mcolcon.colcon_core.package_identification[0m [1;30mLevel 1[0m _identify(datasets/SJZNB.v9i.yolov8/train/labels) by extensions ['ignore', 'ignore_ament_install']
[16.022s] [34mcolcon.colcon_core.package_identification[0m [1;30mLevel 1[0m _identify(datasets/SJZNB.v9i.yolov8/train/labels) by extension 'ignore'
[16.022s] [34mcolcon.colcon_core.package_identification[0m [1;30mLevel 1[0m _identify(datasets/SJZNB.v9i.yolov8/train/labels) by extension 'ignore_ament_install'
[16.022s] [34mcolcon.colcon_core.package_identification[0m [1;30mLevel 1[0m _identify(datasets/SJZNB.v9i.yolov8/train/labels) by extensions ['colcon_pkg']
[16.023s] [34mcolcon.colcon_core.package_identification[0m [1;30mLevel 1[0m _identify(datasets/SJZNB.v9i.yolov8/train/labels) by extension 'colcon_pkg'
[16.023s] [34mcolcon.colcon_core.package_identification[0m [1;30mLevel 1[0m _identify(datasets/SJZNB.v9i.yolov8/train/labels) by extensions ['colcon_meta']
[16.023s] [34mcolcon.colcon_core.package_identification[0m [1;30mLevel 1[0m _identify(datasets/SJZNB.v9i.yolov8/train/labels) by extension 'colcon_meta'
[16.023s] [34mcolcon.colcon_core.package_identification[0m [1;30mLevel 1[0m _identify(datasets/SJZNB.v9i.yolov8/train/labels) by extensions ['ros']
[16.023s] [34mcolcon.colcon_core.package_identification[0m [1;30mLevel 1[0m _identify(datasets/SJZNB.v9i.yolov8/train/labels) by extension 'ros'
[16.023s] [34mcolcon.colcon_core.package_identification[0m [1;30mLevel 1[0m _identify(datasets/SJZNB.v9i.yolov8/train/labels) by extensions ['cmake', 'python']
[16.023s] [34mcolcon.colcon_core.package_identification[0m [1;30mLevel 1[0m _identify(datasets/SJZNB.v9i.yolov8/train/labels) by extension 'cmake'
[16.024s] [34mcolcon.colcon_core.package_identification[0m [1;30mLevel 1[0m _identify(datasets/SJZNB.v9i.yolov8/train/labels) by extension 'python'
[16.024s] [34mcolcon.colcon_core.package_identification[0m [1;30mLevel 1[0m _identify(datasets/SJZNB.v9i.yolov8/train/labels) by extensions ['python_setup_py']
[16.024s] [34mcolcon.colcon_core.package_identification[0m [1;30mLevel 1[0m _identify(datasets/SJZNB.v9i.yolov8/train/labels) by extension 'python_setup_py'
[16.024s] [34mcolcon.colcon_core.package_identification[0m [1;30mLevel 1[0m _identify(datasets/SJZNB.v9i.yolov8/valid) by extensions ['ignore', 'ignore_ament_install']
[16.024s] [34mcolcon.colcon_core.package_identification[0m [1;30mLevel 1[0m _identify(datasets/SJZNB.v9i.yolov8/valid) by extension 'ignore'
[16.024s] [34mcolcon.colcon_core.package_identification[0m [1;30mLevel 1[0m _identify(datasets/SJZNB.v9i.yolov8/valid) by extension 'ignore_ament_install'
[16.025s] [34mcolcon.colcon_core.package_identification[0m [1;30mLevel 1[0m _identify(datasets/SJZNB.v9i.yolov8/valid) by extensions ['colcon_pkg']
[16.025s] [34mcolcon.colcon_core.package_identification[0m [1;30mLevel 1[0m _identify(datasets/SJZNB.v9i.yolov8/valid) by extension 'colcon_pkg'
[16.025s] [34mcolcon.colcon_core.package_identification[0m [1;30mLevel 1[0m _identify(datasets/SJZNB.v9i.yolov8/valid) by extensions ['colcon_meta']
[16.025s] [34mcolcon.colcon_core.package_identification[0m [1;30mLevel 1[0m _identify(datasets/SJZNB.v9i.yolov8/valid) by extension 'colcon_meta'
[16.025s] [34mcolcon.colcon_core.package_identification[0m [1;30mLevel 1[0m _identify(datasets/SJZNB.v9i.yolov8/valid) by extensions ['ros']
[16.025s] [34mcolcon.colcon_core.package_identification[0m [1;30mLevel 1[0m _identify(datasets/SJZNB.v9i.yolov8/valid) by extension 'ros'
[16.025s] [34mcolcon.colcon_core.package_identification[0m [1;30mLevel 1[0m _identify(datasets/SJZNB.v9i.yolov8/valid) by extensions ['cmake', 'python']
[16.025s] [34mcolcon.colcon_core.package_identification[0m [1;30mLevel 1[0m _identify(datasets/SJZNB.v9i.yolov8/valid) by extension 'cmake'
[16.025s] [34mcolcon.colcon_core.package_identification[0m [1;30mLevel 1[0m _identify(datasets/SJZNB.v9i.yolov8/valid) by extension 'python'
[16.026s] [34mcolcon.colcon_core.package_identification[0m [1;30mLevel 1[0m _identify(datasets/SJZNB.v9i.yolov8/valid) by extensions ['python_setup_py']
[16.026s] [34mcolcon.colcon_core.package_identification[0m [1;30mLevel 1[0m _identify(datasets/SJZNB.v9i.yolov8/valid) by extension 'python_setup_py'
[16.026s] [34mcolcon.colcon_core.package_identification[0m [1;30mLevel 1[0m _identify(datasets/SJZNB.v9i.yolov8/valid/images) by extensions ['ignore', 'ignore_ament_install']
[16.026s] [34mcolcon.colcon_core.package_identification[0m [1;30mLevel 1[0m _identify(datasets/SJZNB.v9i.yolov8/valid/images) by extension 'ignore'
[16.026s] [34mcolcon.colcon_core.package_identification[0m [1;30mLevel 1[0m _identify(datasets/SJZNB.v9i.yolov8/valid/images) by extension 'ignore_ament_install'
[16.027s] [34mcolcon.colcon_core.package_identification[0m [1;30mLevel 1[0m _identify(datasets/SJZNB.v9i.yolov8/valid/images) by extensions ['colcon_pkg']
[16.027s] [34mcolcon.colcon_core.package_identification[0m [1;30mLevel 1[0m _identify(datasets/SJZNB.v9i.yolov8/valid/images) by extension 'colcon_pkg'
[16.027s] [34mcolcon.colcon_core.package_identification[0m [1;30mLevel 1[0m _identify(datasets/SJZNB.v9i.yolov8/valid/images) by extensions ['colcon_meta']
[16.027s] [34mcolcon.colcon_core.package_identification[0m [1;30mLevel 1[0m _identify(datasets/SJZNB.v9i.yolov8/valid/images) by extension 'colcon_meta'
[16.027s] [34mcolcon.colcon_core.package_identification[0m [1;30mLevel 1[0m _identify(datasets/SJZNB.v9i.yolov8/valid/images) by extensions ['ros']
[16.027s] [34mcolcon.colcon_core.package_identification[0m [1;30mLevel 1[0m _identify(datasets/SJZNB.v9i.yolov8/valid/images) by extension 'ros'
[16.027s] [34mcolcon.colcon_core.package_identification[0m [1;30mLevel 1[0m _identify(datasets/SJZNB.v9i.yolov8/valid/images) by extensions ['cmake', 'python']
[16.027s] [34mcolcon.colcon_core.package_identification[0m [1;30mLevel 1[0m _identify(datasets/SJZNB.v9i.yolov8/valid/images) by extension 'cmake'
[16.027s] [34mcolcon.colcon_core.package_identification[0m [1;30mLevel 1[0m _identify(datasets/SJZNB.v9i.yolov8/valid/images) by extension 'python'
[16.028s] [34mcolcon.colcon_core.package_identification[0m [1;30mLevel 1[0m _identify(datasets/SJZNB.v9i.yolov8/valid/images) by extensions ['python_setup_py']
[16.028s] [34mcolcon.colcon_core.package_identification[0m [1;30mLevel 1[0m _identify(datasets/SJZNB.v9i.yolov8/valid/images) by extension 'python_setup_py'
[16.028s] [34mcolcon.colcon_core.package_identification[0m [1;30mLevel 1[0m _identify(datasets/SJZNB.v9i.yolov8/valid/labels) by extensions ['ignore', 'ignore_ament_install']
[16.028s] [34mcolcon.colcon_core.package_identification[0m [1;30mLevel 1[0m _identify(datasets/SJZNB.v9i.yolov8/valid/labels) by extension 'ignore'
[16.028s] [34mcolcon.colcon_core.package_identification[0m [1;30mLevel 1[0m _identify(datasets/SJZNB.v9i.yolov8/valid/labels) by extension 'ignore_ament_install'
[16.028s] [34mcolcon.colcon_core.package_identification[0m [1;30mLevel 1[0m _identify(datasets/SJZNB.v9i.yolov8/valid/labels) by extensions ['colcon_pkg']
[16.029s] [34mcolcon.colcon_core.package_identification[0m [1;30mLevel 1[0m _identify(datasets/SJZNB.v9i.yolov8/valid/labels) by extension 'colcon_pkg'
[16.029s] [34mcolcon.colcon_core.package_identification[0m [1;30mLevel 1[0m _identify(datasets/SJZNB.v9i.yolov8/valid/labels) by extensions ['colcon_meta']
[16.029s] [34mcolcon.colcon_core.package_identification[0m [1;30mLevel 1[0m _identify(datasets/SJZNB.v9i.yolov8/valid/labels) by extension 'colcon_meta'
[16.029s] [34mcolcon.colcon_core.package_identification[0m [1;30mLevel 1[0m _identify(datasets/SJZNB.v9i.yolov8/valid/labels) by extensions ['ros']
[16.029s] [34mcolcon.colcon_core.package_identification[0m [1;30mLevel 1[0m _identify(datasets/SJZNB.v9i.yolov8/valid/labels) by extension 'ros'
[16.029s] [34mcolcon.colcon_core.package_identification[0m [1;30mLevel 1[0m _identify(datasets/SJZNB.v9i.yolov8/valid/labels) by extensions ['cmake', 'python']
[16.029s] [34mcolcon.colcon_core.package_identification[0m [1;30mLevel 1[0m _identify(datasets/SJZNB.v9i.yolov8/valid/labels) by extension 'cmake'
[16.029s] [34mcolcon.colcon_core.package_identification[0m [1;30mLevel 1[0m _identify(datasets/SJZNB.v9i.yolov8/valid/labels) by extension 'python'
[16.029s] [34mcolcon.colcon_core.package_identification[0m [1;30mLevel 1[0m _identify(datasets/SJZNB.v9i.yolov8/valid/labels) by extensions ['python_setup_py']
[16.029s] [34mcolcon.colcon_core.package_identification[0m [1;30mLevel 1[0m _identify(datasets/SJZNB.v9i.yolov8/valid/labels) by extension 'python_setup_py'
[16.030s] [34mcolcon.colcon_core.package_identification[0m [1;30mLevel 1[0m _identify(install) by extensions ['ignore', 'ignore_ament_install']
[16.030s] [34mcolcon.colcon_core.package_identification[0m [1;30mLevel 1[0m _identify(install) by extension 'ignore'
[16.030s] [34mcolcon.colcon_core.package_identification[0m [1;30mLevel 1[0m _identify(install) ignored
[16.031s] [34mcolcon.colcon_core.package_identification[0m [1;30mLevel 1[0m _identify(log) by extensions ['ignore', 'ignore_ament_install']
[16.031s] [34mcolcon.colcon_core.package_identification[0m [1;30mLevel 1[0m _identify(log) by extension 'ignore'
[16.031s] [34mcolcon.colcon_core.package_identification[0m [1;30mLevel 1[0m _identify(log) ignored
[16.031s] [34mcolcon.colcon_core.package_identification[0m [1;30mLevel 1[0m _identify(src) by extensions ['ignore', 'ignore_ament_install']
[16.031s] [34mcolcon.colcon_core.package_identification[0m [1;30mLevel 1[0m _identify(src) by extension 'ignore'
[16.032s] [34mcolcon.colcon_core.package_identification[0m [1;30mLevel 1[0m _identify(src) by extension 'ignore_ament_install'
[16.032s] [34mcolcon.colcon_core.package_identification[0m [1;30mLevel 1[0m _identify(src) by extensions ['colcon_pkg']
[16.032s] [34mcolcon.colcon_core.package_identification[0m [1;30mLevel 1[0m _identify(src) by extension 'colcon_pkg'
[16.032s] [34mcolcon.colcon_core.package_identification[0m [1;30mLevel 1[0m _identify(src) by extensions ['colcon_meta']
[16.032s] [34mcolcon.colcon_core.package_identification[0m [1;30mLevel 1[0m _identify(src) by extension 'colcon_meta'
[16.032s] [34mcolcon.colcon_core.package_identification[0m [1;30mLevel 1[0m _identify(src) by extensions ['ros']
[16.032s] [34mcolcon.colcon_core.package_identification[0m [1;30mLevel 1[0m _identify(src) by extension 'ros'
[16.032s] [34mcolcon.colcon_core.package_identification[0m [1;30mLevel 1[0m _identify(src) by extensions ['cmake', 'python']
[16.032s] [34mcolcon.colcon_core.package_identification[0m [1;30mLevel 1[0m _identify(src) by extension 'cmake'
[16.033s] [34mcolcon.colcon_core.package_identification[0m [1;30mLevel 1[0m _identify(src) by extension 'python'
[16.033s] [34mcolcon.colcon_core.package_identification[0m [1;30mLevel 1[0m _identify(src) by extensions ['python_setup_py']
[16.033s] [34mcolcon.colcon_core.package_identification[0m [1;30mLevel 1[0m _identify(src) by extension 'python_setup_py'
[16.033s] [34mcolcon.colcon_core.package_identification[0m [1;30mLevel 1[0m _identify(src/my_package) by extensions ['ignore', 'ignore_ament_install']
[16.033s] [34mcolcon.colcon_core.package_identification[0m [1;30mLevel 1[0m _identify(src/my_package) by extension 'ignore'
[16.033s] [34mcolcon.colcon_core.package_identification[0m [1;30mLevel 1[0m _identify(src/my_package) by extension 'ignore_ament_install'
[16.033s] [34mcolcon.colcon_core.package_identification[0m [1;30mLevel 1[0m _identify(src/my_package) by extensions ['colcon_pkg']
[16.033s] [34mcolcon.colcon_core.package_identification[0m [1;30mLevel 1[0m _identify(src/my_package) by extension 'colcon_pkg'
[16.034s] [34mcolcon.colcon_core.package_identification[0m [1;30mLevel 1[0m _identify(src/my_package) by extensions ['colcon_meta']
[16.034s] [34mcolcon.colcon_core.package_identification[0m [1;30mLevel 1[0m _identify(src/my_package) by extension 'colcon_meta'
[16.034s] [34mcolcon.colcon_core.package_identification[0m [1;30mLevel 1[0m _identify(src/my_package) by extensions ['ros']
[16.034s] [34mcolcon.colcon_core.package_identification[0m [1;30mLevel 1[0m _identify(src/my_package) by extension 'ros'
[16.041s] [34mcolcon.colcon_core.package_identification[0m [1;30mDEBUG[0m [32mPackage 'src/my_package' with type 'ros.ament_python' and name 'my_package'[0m
[16.041s] [34mcolcon.colcon_core.package_identification[0m [1;30mLevel 1[0m _identify(src/object_detection) by extensions ['ignore', 'ignore_ament_install']
[16.041s] [34mcolcon.colcon_core.package_identification[0m [1;30mLevel 1[0m _identify(src/object_detection) by extension 'ignore'
[16.042s] [34mcolcon.colcon_core.package_identification[0m [1;30mLevel 1[0m _identify(src/object_detection) by extension 'ignore_ament_install'
[16.042s] [34mcolcon.colcon_core.package_identification[0m [1;30mLevel 1[0m _identify(src/object_detection) by extensions ['colcon_pkg']
[16.042s] [34mcolcon.colcon_core.package_identification[0m [1;30mLevel 1[0m _identify(src/object_detection) by extension 'colcon_pkg'
[16.042s] [34mcolcon.colcon_core.package_identification[0m [1;30mLevel 1[0m _identify(src/object_detection) by extensions ['colcon_meta']
[16.042s] [34mcolcon.colcon_core.package_identification[0m [1;30mLevel 1[0m _identify(src/object_detection) by extension 'colcon_meta'
[16.042s] [34mcolcon.colcon_core.package_identification[0m [1;30mLevel 1[0m _identify(src/object_detection) by extensions ['ros']
[16.042s] [34mcolcon.colcon_core.package_identification[0m [1;30mLevel 1[0m _identify(src/object_detection) by extension 'ros'
[16.044s] [34mcolcon.colcon_core.package_identification[0m [1;30mDEBUG[0m [32mPackage 'src/object_detection' with type 'ros.ament_python' and name 'object_detection'[0m
[16.044s] [34mcolcon.colcon_core.package_discovery[0m [1;30mLevel 1[0m discover_packages(recursive) using defaults
[16.044s] [34mcolcon.colcon_core.package_discovery[0m [1;30mLevel 1[0m discover_packages(ignore) discover
[16.044s] [34mcolcon.colcon_core.package_discovery[0m [1;30mLevel 1[0m discover_packages(ignore) using defaults
[16.044s] [34mcolcon.colcon_core.package_discovery[0m [1;30mLevel 1[0m discover_packages(path) discover
[16.044s] [34mcolcon.colcon_core.package_discovery[0m [1;30mLevel 1[0m discover_packages(path) using defaults
[17.168s] [34mcolcon.colcon_core.verb[0m [1;30mLevel 5[0m set package 'my_package' build argument 'cmake_args' from command line to 'None'
[17.168s] [34mcolcon.colcon_core.verb[0m [1;30mLevel 5[0m set package 'my_package' build argument 'cmake_target' from command line to 'None'
[17.169s] [34mcolcon.colcon_core.verb[0m [1;30mLevel 5[0m set package 'my_package' build argument 'cmake_target_skip_unavailable' from command line to 'False'
[17.169s] [34mcolcon.colcon_core.verb[0m [1;30mLevel 5[0m set package 'my_package' build argument 'cmake_clean_cache' from command line to 'False'
[17.169s] [34mcolcon.colcon_core.verb[0m [1;30mLevel 5[0m set package 'my_package' build argument 'cmake_clean_first' from command line to 'False'
[17.169s] [34mcolcon.colcon_core.verb[0m [1;30mLevel 5[0m set package 'my_package' build argument 'cmake_force_configure' from command line to 'False'
[17.169s] [34mcolcon.colcon_core.verb[0m [1;30mLevel 5[0m set package 'my_package' build argument 'ament_cmake_args' from command line to 'None'
[17.169s] [34mcolcon.colcon_core.verb[0m [1;30mLevel 5[0m set package 'my_package' build argument 'catkin_cmake_args' from command line to 'None'
[17.169s] [34mcolcon.colcon_core.verb[0m [1;30mLevel 5[0m set package 'my_package' build argument 'catkin_skip_building_tests' from command line to 'False'
[17.169s] [34mcolcon.colcon_core.verb[0m [1;30mDEBUG[0m [32mBuilding package 'my_package' with the following arguments: {'ament_cmake_args': None, 'build_base': '/home/cadt-02/Object-Detection/ros2_ws/build/my_package', 'catkin_cmake_args': None, 'catkin_skip_building_tests': False, 'cmake_args': None, 'cmake_clean_cache': False, 'cmake_clean_first': False, 'cmake_force_configure': False, 'cmake_target': None, 'cmake_target_skip_unavailable': False, 'install_base': '/home/cadt-02/Object-Detection/ros2_ws/install/my_package', 'merge_install': False, 'path': '/home/cadt-02/Object-Detection/ros2_ws/src/my_package', 'symlink_install': False, 'test_result_base': None}[0m
[17.439s] [34mcolcon.colcon_core.verb[0m [1;30mLevel 5[0m set package 'object_detection' build argument 'cmake_args' from command line to 'None'
[17.439s] [34mcolcon.colcon_core.verb[0m [1;30mLevel 5[0m set package 'object_detection' build argument 'cmake_target' from command line to 'None'
[17.439s] [34mcolcon.colcon_core.verb[0m [1;30mLevel 5[0m set package 'object_detection' build argument 'cmake_target_skip_unavailable' from command line to 'False'
[17.439s] [34mcolcon.colcon_core.verb[0m [1;30mLevel 5[0m set package 'object_detection' build argument 'cmake_clean_cache' from command line to 'False'
[17.439s] [34mcolcon.colcon_core.verb[0m [1;30mLevel 5[0m set package 'object_detection' build argument 'cmake_clean_first' from command line to 'False'
[17.439s] [34mcolcon.colcon_core.verb[0m [1;30mLevel 5[0m set package 'object_detection' build argument 'cmake_force_configure' from command line to 'False'
[17.439s] [34mcolcon.colcon_core.verb[0m [1;30mLevel 5[0m set package 'object_detection' build argument 'ament_cmake_args' from command line to 'None'
[17.440s] [34mcolcon.colcon_core.verb[0m [1;30mLevel 5[0m set package 'object_detection' build argument 'catkin_cmake_args' from command line to 'None'
[17.440s] [34mcolcon.colcon_core.verb[0m [1;30mLevel 5[0m set package 'object_detection' build argument 'catkin_skip_building_tests' from command line to 'False'
[17.440s] [34mcolcon.colcon_core.verb[0m [1;30mDEBUG[0m [32mBuilding package 'object_detection' with the following arguments: {'ament_cmake_args': None, 'build_base': '/home/cadt-02/Object-Detection/ros2_ws/build/object_detection', 'catkin_cmake_args': None, 'catkin_skip_building_tests': False, 'cmake_args': None, 'cmake_clean_cache': False, 'cmake_clean_first': False, 'cmake_force_configure': False, 'cmake_target': None, 'cmake_target_skip_unavailable': False, 'install_base': '/home/cadt-02/Object-Detection/ros2_ws/install/object_detection', 'merge_install': False, 'path': '/home/cadt-02/Object-Detection/ros2_ws/src/object_detection', 'symlink_install': False, 'test_result_base': None}[0m
[17.708s] [34mcolcon.colcon_core.executor[0m [1;30mINFO[0m Executing jobs using 'parallel' executor
[17.978s] [34mcolcon.colcon_parallel_executor.executor.parallel[0m [1;30mDEBUG[0m [32mrun_until_complete[0m
[17.979s] [34mcolcon.colcon_ros.task.ament_python.build[0m [1;30mINFO[0m Building ROS package in '/home/cadt-02/Object-Detection/ros2_ws/src/my_package' with build type 'ament_python'
[17.979s] [34mcolcon.colcon_core.shell[0m [1;30mLevel 1[0m create_environment_hook('my_package', 'ament_prefix_path')
[18.260s] [34mcolcon.colcon_core.plugin_system[0m [1;30mINFO[0m Skipping extension 'colcon_core.shell.bat': Not used on non-Windows systems
[18.261s] [34mcolcon.colcon_core.shell[0m [1;30mINFO[0m Creating environment hook '/home/cadt-02/Object-Detection/ros2_ws/install/my_package/share/my_package/hook/ament_prefix_path.ps1'
[18.262s] [34mcolcon.colcon_core.shell[0m [1;30mINFO[0m Creating environment descriptor '/home/cadt-02/Object-Detection/ros2_ws/install/my_package/share/my_package/hook/ament_prefix_path.dsv'
[18.263s] [34mcolcon.colcon_core.shell[0m [1;30mINFO[0m Creating environment hook '/home/cadt-02/Object-Detection/ros2_ws/install/my_package/share/my_package/hook/ament_prefix_path.sh'
[18.539s] [34mcolcon.colcon_core.shell[0m [1;30mINFO[0m Skip shell extension 'powershell' for command environment: Not usable outside of PowerShell
[18.539s] [34mcolcon.colcon_core.shell[0m [1;30mDEBUG[0m [32mSkip shell extension 'dsv' for command environment[0m
[19.101s] [34mcolcon.colcon_ros.task.ament_python.build[0m [1;30mINFO[0m Building ROS package in '/home/cadt-02/Object-Detection/ros2_ws/src/object_detection' with build type 'ament_python'
[19.102s] [34mcolcon.colcon_core.shell[0m [1;30mLevel 1[0m create_environment_hook('object_detection', 'ament_prefix_path')
[19.378s] [34mcolcon.colcon_core.shell[0m [1;30mINFO[0m Creating environment hook '/home/cadt-02/Object-Detection/ros2_ws/install/object_detection/share/object_detection/hook/ament_prefix_path.ps1'
[19.379s] [34mcolcon.colcon_core.shell[0m [1;30mINFO[0m Creating environment descriptor '/home/cadt-02/Object-Detection/ros2_ws/install/object_detection/share/object_detection/hook/ament_prefix_path.dsv'
[19.380s] [34mcolcon.colcon_core.shell[0m [1;30mINFO[0m Creating environment hook '/home/cadt-02/Object-Detection/ros2_ws/install/object_detection/share/object_detection/hook/ament_prefix_path.sh'
[19.655s] [34mcolcon.colcon_core.shell[0m [1;30mINFO[0m Skip shell extension 'powershell' for command environment: Not usable outside of PowerShell
[19.655s] [34mcolcon.colcon_core.shell[0m [1;30mDEBUG[0m [32mSkip shell extension 'dsv' for command environment[0m
[20.665s] [34mcolcon.colcon_core.task.python.build[0m [1;30mINFO[0m Building Python package in '/home/cadt-02/Object-Detection/ros2_ws/src/my_package'
[20.943s] [34mcolcon.colcon_core.shell[0m [1;30mINFO[0m Skip shell extension 'powershell' for command environment: Not usable outside of PowerShell
[20.943s] [34mcolcon.colcon_core.shell[0m [1;30mDEBUG[0m [32mSkip shell extension 'dsv' for command environment[0m
[21.953s] [34mcolcon.colcon_core.task.python.build[0m [1;30mINFO[0m Building Python package in '/home/cadt-02/Object-Detection/ros2_ws/src/object_detection'
[22.232s] [34mcolcon.colcon_core.shell[0m [1;30mINFO[0m Skip shell extension 'powershell' for command environment: Not usable outside of PowerShell
[22.232s] [34mcolcon.colcon_core.shell[0m [1;30mDEBUG[0m [32mSkip shell extension 'dsv' for command environment[0m
[24.221s] [34mcolcon.colcon_core.event_handler.log_command[0m [1;30mDEBUG[0m [32mInvoking command in '/home/cadt-02/Object-Detection/ros2_ws/src/my_package': PYTHONPATH=/home/cadt-02/Object-Detection/ros2_ws/build/my_package/prefix_override:/home/cadt-02/Object-Detection/ros2_ws/install/my_package/lib/python3.8/site-packages:${PYTHONPATH} /usr/bin/python3 setup.py egg_info --egg-base ../../build/my_package build --build-base /home/cadt-02/Object-Detection/ros2_ws/build/my_package/build install --record /home/cadt-02/Object-Detection/ros2_ws/build/my_package/install.log --install-scripts $base/lib/my_package --single-version-externally-managed[0m
[24.252s] [34mcolcon.colcon_core.event_handler.log_command[0m [1;30mDEBUG[0m [32mInvoking command in '/home/cadt-02/Object-Detection/ros2_ws/src/object_detection': PYTHONPATH=/home/cadt-02/Object-Detection/ros2_ws/build/object_detection/prefix_override:/home/cadt-02/Object-Detection/ros2_ws/install/object_detection/lib/python3.8/site-packages:${PYTHONPATH} /usr/bin/python3 setup.py egg_info --egg-base ../../build/object_detection build --build-base /home/cadt-02/Object-Detection/ros2_ws/build/object_detection/build install --record /home/cadt-02/Object-Detection/ros2_ws/build/object_detection/install.log --install-scripts $base/lib/object_detection --single-version-externally-managed[0m
[25.413s] [34mcolcon.colcon_core.event_handler.log_command[0m [1;30mDEBUG[0m [32mInvoked command in '/home/cadt-02/Object-Detection/ros2_ws/src/my_package' returned '0': PYTHONPATH=/home/cadt-02/Object-Detection/ros2_ws/build/my_package/prefix_override:/home/cadt-02/Object-Detection/ros2_ws/install/my_package/lib/python3.8/site-packages:${PYTHONPATH} /usr/bin/python3 setup.py egg_info --egg-base ../../build/my_package build --build-base /home/cadt-02/Object-Detection/ros2_ws/build/my_package/build install --record /home/cadt-02/Object-Detection/ros2_ws/build/my_package/install.log --install-scripts $base/lib/my_package --single-version-externally-managed[0m
[25.722s] [34mcolcon.colcon_core.environment[0m [1;30mLevel 1[0m checking '/home/cadt-02/Object-Detection/ros2_ws/install/my_package' for CMake module files
[25.723s] [34mcolcon.colcon_core.environment[0m [1;30mLevel 1[0m checking '/home/cadt-02/Object-Detection/ros2_ws/install/my_package' for CMake config files
[25.725s] [34mcolcon.colcon_core.environment[0m [1;30mLevel 1[0m checking '/home/cadt-02/Object-Detection/ros2_ws/install/my_package/lib'
[25.725s] [34mcolcon.colcon_core.environment[0m [1;30mLevel 1[0m checking '/home/cadt-02/Object-Detection/ros2_ws/install/my_package/bin'
[25.725s] [34mcolcon.colcon_core.environment[0m [1;30mLevel 1[0m checking '/home/cadt-02/Object-Detection/ros2_ws/install/my_package/lib/pkgconfig/my_package.pc'
[25.726s] [34mcolcon.colcon_core.environment[0m [1;30mLevel 1[0m checking '/home/cadt-02/Object-Detection/ros2_ws/install/my_package/lib/python3.8/site-packages'
[25.726s] [34mcolcon.colcon_core.shell[0m [1;30mLevel 1[0m create_environment_hook('my_package', 'pythonpath')
[26.003s] [34mcolcon.colcon_core.shell[0m [1;30mINFO[0m Creating environment hook '/home/cadt-02/Object-Detection/ros2_ws/install/my_package/share/my_package/hook/pythonpath.ps1'
[26.005s] [34mcolcon.colcon_core.shell[0m [1;30mINFO[0m Creating environment descriptor '/home/cadt-02/Object-Detection/ros2_ws/install/my_package/share/my_package/hook/pythonpath.dsv'
[26.005s] [34mcolcon.colcon_core.shell[0m [1;30mINFO[0m Creating environment hook '/home/cadt-02/Object-Detection/ros2_ws/install/my_package/share/my_package/hook/pythonpath.sh'
[26.006s] [34mcolcon.colcon_core.environment[0m [1;30mLevel 1[0m checking '/home/cadt-02/Object-Detection/ros2_ws/install/my_package/bin'
[26.007s] [34mcolcon.colcon_core.environment[0m [1;30mLevel 1[0m create_environment_scripts_only(my_package)
[26.283s] [34mcolcon.colcon_core.shell[0m [1;30mINFO[0m Creating package script '/home/cadt-02/Object-Detection/ros2_ws/install/my_package/share/my_package/package.ps1'
[26.285s] [34mcolcon.colcon_core.shell[0m [1;30mINFO[0m Creating package descriptor '/home/cadt-02/Object-Detection/ros2_ws/install/my_package/share/my_package/package.dsv'
[26.286s] [34mcolcon.colcon_core.shell[0m [1;30mINFO[0m Creating package script '/home/cadt-02/Object-Detection/ros2_ws/install/my_package/share/my_package/package.sh'
[26.287s] [34mcolcon.colcon_core.shell[0m [1;30mINFO[0m Creating package script '/home/cadt-02/Object-Detection/ros2_ws/install/my_package/share/my_package/package.bash'
[26.289s] [34mcolcon.colcon_core.shell[0m [1;30mINFO[0m Creating package script '/home/cadt-02/Object-Detection/ros2_ws/install/my_package/share/my_package/package.zsh'
[26.290s] [34mcolcon.colcon_core.environment[0m [1;30mLevel 1[0m create_file_with_runtime_dependencies(/home/cadt-02/Object-Detection/ros2_ws/install/my_package/share/colcon-core/packages/my_package)
[26.295s] [34mcolcon.colcon_core.event_handler.log_command[0m [1;30mDEBUG[0m [32mInvoked command in '/home/cadt-02/Object-Detection/ros2_ws/src/object_detection' returned '0': PYTHONPATH=/home/cadt-02/Object-Detection/ros2_ws/build/object_detection/prefix_override:/home/cadt-02/Object-Detection/ros2_ws/install/object_detection/lib/python3.8/site-packages:${PYTHONPATH} /usr/bin/python3 setup.py egg_info --egg-base ../../build/object_detection build --build-base /home/cadt-02/Object-Detection/ros2_ws/build/object_detection/build install --record /home/cadt-02/Object-Detection/ros2_ws/build/object_detection/install.log --install-scripts $base/lib/object_detection --single-version-externally-managed[0m
[26.572s] [34mcolcon.colcon_core.environment[0m [1;30mLevel 1[0m checking '/home/cadt-02/Object-Detection/ros2_ws/install/object_detection' for CMake module files
[26.573s] [34mcolcon.colcon_core.environment[0m [1;30mLevel 1[0m checking '/home/cadt-02/Object-Detection/ros2_ws/install/object_detection' for CMake config files
[26.574s] [34mcolcon.colcon_core.environment[0m [1;30mLevel 1[0m checking '/home/cadt-02/Object-Detection/ros2_ws/install/object_detection/lib'
[26.575s] [34mcolcon.colcon_core.environment[0m [1;30mLevel 1[0m checking '/home/cadt-02/Object-Detection/ros2_ws/install/object_detection/bin'
[26.575s] [34mcolcon.colcon_core.environment[0m [1;30mLevel 1[0m checking '/home/cadt-02/Object-Detection/ros2_ws/install/object_detection/lib/pkgconfig/object_detection.pc'
[26.575s] [34mcolcon.colcon_core.environment[0m [1;30mLevel 1[0m checking '/home/cadt-02/Object-Detection/ros2_ws/install/object_detection/lib/python3.8/site-packages'
[26.575s] [34mcolcon.colcon_core.shell[0m [1;30mLevel 1[0m create_environment_hook('object_detection', 'pythonpath')
[26.851s] [34mcolcon.colcon_core.shell[0m [1;30mINFO[0m Creating environment hook '/home/cadt-02/Object-Detection/ros2_ws/install/object_detection/share/object_detection/hook/pythonpath.ps1'
[26.853s] [34mcolcon.colcon_core.shell[0m [1;30mINFO[0m Creating environment descriptor '/home/cadt-02/Object-Detection/ros2_ws/install/object_detection/share/object_detection/hook/pythonpath.dsv'
[26.853s] [34mcolcon.colcon_core.shell[0m [1;30mINFO[0m Creating environment hook '/home/cadt-02/Object-Detection/ros2_ws/install/object_detection/share/object_detection/hook/pythonpath.sh'
[26.855s] [34mcolcon.colcon_core.environment[0m [1;30mLevel 1[0m checking '/home/cadt-02/Object-Detection/ros2_ws/install/object_detection/bin'
[26.855s] [34mcolcon.colcon_core.environment[0m [1;30mLevel 1[0m create_environment_scripts_only(object_detection)
[27.133s] [34mcolcon.colcon_core.shell[0m [1;30mINFO[0m Creating package script '/home/cadt-02/Object-Detection/ros2_ws/install/object_detection/share/object_detection/package.ps1'
[27.135s] [34mcolcon.colcon_core.shell[0m [1;30mINFO[0m Creating package descriptor '/home/cadt-02/Object-Detection/ros2_ws/install/object_detection/share/object_detection/package.dsv'
[27.136s] [34mcolcon.colcon_core.shell[0m [1;30mINFO[0m Creating package script '/home/cadt-02/Object-Detection/ros2_ws/install/object_detection/share/object_detection/package.sh'
[27.137s] [34mcolcon.colcon_core.shell[0m [1;30mINFO[0m Creating package script '/home/cadt-02/Object-Detection/ros2_ws/install/object_detection/share/object_detection/package.bash'
[27.137s] [34mcolcon.colcon_core.shell[0m [1;30mINFO[0m Creating package script '/home/cadt-02/Object-Detection/ros2_ws/install/object_detection/share/object_detection/package.zsh'
[27.138s] [34mcolcon.colcon_core.environment[0m [1;30mLevel 1[0m create_file_with_runtime_dependencies(/home/cadt-02/Object-Detection/ros2_ws/install/object_detection/share/colcon-core/packages/object_detection)
[27.139s] [34mcolcon.colcon_parallel_executor.executor.parallel[0m [1;30mDEBUG[0m [32mclosing loop[0m
[27.139s] [34mcolcon.colcon_parallel_executor.executor.parallel[0m [1;30mDEBUG[0m [32mloop closed[0m
[27.140s] [34mcolcon.colcon_parallel_executor.executor.parallel[0m [1;30mDEBUG[0m [32mrun_until_complete finished with '0'[0m
[27.140s] [34mcolcon.colcon_core.event_reactor[0m [1;30mDEBUG[0m [32mjoining thread[0m
[27.427s] [34mcolcon.colcon_core.plugin_system[0m [1;30mINFO[0m Skipping extension 'colcon_notification.desktop_notification.terminal_notifier': Not used on non-Darwin systems
[27.427s] [34mcolcon.colcon_core.plugin_system[0m [1;30mINFO[0m Skipping extension 'colcon_notification.desktop_notification.win32': Not used on non-Windows systems
[27.427s] [34mcolcon.colcon_notification.desktop_notification[0m [1;30mINFO[0m Sending desktop notification using 'notify2'
[27.479s] [34mcolcon.colcon_core.event_reactor[0m [1;30mDEBUG[0m [32mjoined thread[0m
[27.753s] [34mcolcon.colcon_core.shell[0m [1;30mINFO[0m Creating prefix script '/home/cadt-02/Object-Detection/ros2_ws/install/local_setup.ps1'
[27.756s] [34mcolcon.colcon_core.shell[0m [1;30mINFO[0m Creating prefix util module '/home/cadt-02/Object-Detection/ros2_ws/install/_local_setup_util_ps1.py'
[27.758s] [34mcolcon.colcon_core.shell[0m [1;30mINFO[0m Creating prefix chain script '/home/cadt-02/Object-Detection/ros2_ws/install/setup.ps1'
[28.032s] [34mcolcon.colcon_core.shell[0m [1;30mINFO[0m Creating prefix script '/home/cadt-02/Object-Detection/ros2_ws/install/local_setup.sh'
[28.034s] [34mcolcon.colcon_core.shell[0m [1;30mINFO[0m Creating prefix util module '/home/cadt-02/Object-Detection/ros2_ws/install/_local_setup_util_sh.py'
[28.035s] [34mcolcon.colcon_core.shell[0m [1;30mINFO[0m Creating prefix chain script '/home/cadt-02/Object-Detection/ros2_ws/install/setup.sh'
[28.309s] [34mcolcon.colcon_core.shell[0m [1;30mINFO[0m Creating prefix script '/home/cadt-02/Object-Detection/ros2_ws/install/local_setup.bash'
[28.311s] [34mcolcon.colcon_core.shell[0m [1;30mINFO[0m Creating prefix chain script '/home/cadt-02/Object-Detection/ros2_ws/install/setup.bash'
[28.585s] [34mcolcon.colcon_core.shell[0m [1;30mINFO[0m Creating prefix script '/home/cadt-02/Object-Detection/ros2_ws/install/local_setup.zsh'
[28.586s] [34mcolcon.colcon_core.shell[0m [1;30mINFO[0m Creating prefix chain script '/home/cadt-02/Object-Detection/ros2_ws/install/setup.zsh'
