[6.219s] Invoking command in '/home/cadt-02/Object-Detection/ros2_ws/src/object_detection': PYTHONPATH=/home/cadt-02/Object-Detection/ros2_ws/build/object_detection/prefix_override:/home/cadt-02/Object-Detection/ros2_ws/install/object_detection/lib/python3.8/site-packages:${PYTHONPATH} /usr/bin/python3 setup.py egg_info --egg-base ../../build/object_detection build --build-base /home/cadt-02/Object-Detection/ros2_ws/build/object_detection/build install --record /home/cadt-02/Object-Detection/ros2_ws/build/object_detection/install.log --install-scripts $base/lib/object_detection --single-version-externally-managed
[6.496s] /home/cadt-02/.local/lib/python3.8/site-packages/setuptools/dist.py:472: SetuptoolsDeprecationWarning: Invalid dash-separated options
[6.496s] !!
[6.496s] 
[6.497s]         ********************************************************************************
[6.497s]         Usage of dash-separated 'script-dir' will not be supported in future
[6.497s]         versions. Please use the underscore name 'script_dir' instead.
[6.497s] 
[6.497s]         By 2024-Sep-26, you need to update your project and remove deprecated calls
[6.497s]         or your builds will no longer be supported.
[6.497s] 
[6.498s]         See https://setuptools.pypa.io/en/latest/userguide/declarative_config.html for details.
[6.498s]         ********************************************************************************
[6.498s] 
[6.498s] !!
[6.498s]   opt = self.warn_dash_deprecation(opt, section)
[6.750s] running egg_info
[6.790s] writing ../../build/object_detection/object_detection.egg-info/PKG-INFO
[6.791s] writing dependency_links to ../../build/object_detection/object_detection.egg-info/dependency_links.txt
[6.792s] writing requirements to ../../build/object_detection/object_detection.egg-info/requires.txt
[6.792s] writing top-level names to ../../build/object_detection/object_detection.egg-info/top_level.txt
[7.095s] reading manifest file '../../build/object_detection/object_detection.egg-info/SOURCES.txt'
[7.097s] writing manifest file '../../build/object_detection/object_detection.egg-info/SOURCES.txt'
[7.097s] running build
[7.098s] running build_py
[7.098s] copying object_detection/__init__.py -> /home/cadt-02/Object-Detection/ros2_ws/build/object_detection/build/lib/object_detection
[7.099s] running install
[7.099s] /home/cadt-02/.local/lib/python3.8/site-packages/setuptools/_distutils/cmd.py:66: SetuptoolsDeprecationWarning: setup.py install is deprecated.
[7.099s] !!
[7.100s] 
[7.100s]         ********************************************************************************
[7.100s]         Please avoid running ``setup.py`` directly.
[7.100s]         Instead, use pypa/build, pypa/installer or other
[7.100s]         standards-based tools.
[7.100s] 
[7.100s]         See https://blog.ganssle.io/articles/2021/10/setup-py-deprecated.html for details.
[7.100s]         ********************************************************************************
[7.101s] 
[7.101s] !!
[7.101s]   self.initialize_options()
[7.111s] running install_lib
[7.153s] running install_data
[7.194s] copying resource/object_detection -> /home/cadt-02/Object-Detection/ros2_ws/install/object_detection/share/ament_index/resource_index/packages
[7.195s] copying package.xml -> /home/cadt-02/Object-Detection/ros2_ws/install/object_detection/share/object_detection
[7.195s] running install_egg_info
[7.237s] removing '/home/cadt-02/Object-Detection/ros2_ws/install/object_detection/lib/python3.8/site-packages/object_detection-0.0.0-py3.8.egg-info' (and everything under it)
[7.238s] Copying ../../build/object_detection/object_detection.egg-info to /home/cadt-02/Object-Detection/ros2_ws/install/object_detection/lib/python3.8/site-packages/object_detection-0.0.0-py3.8.egg-info
[7.240s] running install_scripts
[7.360s] writing list of installed files to '/home/cadt-02/Object-Detection/ros2_ws/build/object_detection/install.log'
[8.273s] Invoked command in '/home/cadt-02/Object-Detection/ros2_ws/src/object_detection' returned '0': PYTHONPATH=/home/cadt-02/Object-Detection/ros2_ws/build/object_detection/prefix_override:/home/cadt-02/Object-Detection/ros2_ws/install/object_detection/lib/python3.8/site-packages:${PYTHONPATH} /usr/bin/python3 setup.py egg_info --egg-base ../../build/object_detection build --build-base /home/cadt-02/Object-Detection/ros2_ws/build/object_detection/build install --record /home/cadt-02/Object-Detection/ros2_ws/build/object_detection/install.log --install-scripts $base/lib/object_detection --single-version-externally-managed
