[2.372s] DEBUG:colcon:Command line arguments: ['/usr/bin/colcon', 'build']
[2.372s] DEBUG:colcon:Parsed command line arguments: Namespace(allow_overriding=[], ament_cmake_args=None, base_paths=['.'], build_base='build', catkin_cmake_args=None, catkin_skip_building_tests=False, cmake_args=None, cmake_clean_cache=False, cmake_clean_first=False, cmake_force_configure=False, cmake_target=None, cmake_target_skip_unavailable=False, continue_on_error=False, event_handlers=None, executor='parallel', ignore_user_meta=False, install_base='install', log_base=None, log_level=None, main=<bound method BuildVerb.main of <colcon_core.verb.build.BuildVerb object at 0x7f496bbb9e20>>, merge_install=False, metas=['./colcon.meta'], packages_above=None, packages_above_and_dependencies=None, packages_above_depth=None, packages_end=None, packages_ignore=None, packages_ignore_regex=None, packages_select=None, packages_select_build_failed=False, packages_select_by_dep=None, packages_select_regex=None, packages_select_test_failures=False, packages_skip=None, packages_skip_build_finished=False, packages_skip_by_dep=None, packages_skip_regex=None, packages_skip_test_passed=False, packages_skip_up_to=None, packages_start=None, packages_up_to=None, packages_up_to_regex=None, parallel_workers=8, paths=None, symlink_install=False, test_result_base=None, verb_extension=<colcon_core.verb.build.BuildVerb object at 0x7f496bbb9e20>, verb_name='build', verb_parser=<colcon_defaults.argument_parser.defaults.DefaultArgumentsDecorator object at 0x7f496b7d29d0>)
[2.483s] Level 1:colcon.colcon_core.package_discovery:discover_packages(colcon_meta) check parameters
[2.483s] Level 1:colcon.colcon_core.package_discovery:discover_packages(recursive) check parameters
[2.483s] Level 1:colcon.colcon_core.package_discovery:discover_packages(ignore) check parameters
[2.483s] Level 1:colcon.colcon_core.package_discovery:discover_packages(path) check parameters
[2.483s] Level 1:colcon.colcon_core.package_discovery:discover_packages(colcon_meta) discover
[2.483s] Level 1:colcon.colcon_core.package_discovery:discover_packages(recursive) discover
[2.483s] INFO:colcon.colcon_core.package_discovery:Crawling recursively for packages in '/home/vandara/ros2_ws'
[2.484s] Level 1:colcon.colcon_core.package_identification:_identify(.) by extensions ['ignore', 'ignore_ament_install']
[2.484s] Level 1:colcon.colcon_core.package_identification:_identify(.) by extension 'ignore'
[2.484s] Level 1:colcon.colcon_core.package_identification:_identify(.) by extension 'ignore_ament_install'
[2.484s] Level 1:colcon.colcon_core.package_identification:_identify(.) by extensions ['colcon_pkg']
[2.484s] Level 1:colcon.colcon_core.package_identification:_identify(.) by extension 'colcon_pkg'
[2.484s] Level 1:colcon.colcon_core.package_identification:_identify(.) by extensions ['colcon_meta']
[2.484s] Level 1:colcon.colcon_core.package_identification:_identify(.) by extension 'colcon_meta'
[2.484s] Level 1:colcon.colcon_core.package_identification:_identify(.) by extensions ['ros']
[2.484s] Level 1:colcon.colcon_core.package_identification:_identify(.) by extension 'ros'
[2.502s] Level 1:colcon.colcon_core.package_identification:_identify(.) by extensions ['cmake', 'python']
[2.502s] Level 1:colcon.colcon_core.package_identification:_identify(.) by extension 'cmake'
[2.502s] Level 1:colcon.colcon_core.package_identification:_identify(.) by extension 'python'
[2.502s] Level 1:colcon.colcon_core.package_identification:_identify(.) by extensions ['python_setup_py']
[2.502s] Level 1:colcon.colcon_core.package_identification:_identify(.) by extension 'python_setup_py'
[2.502s] Level 1:colcon.colcon_core.package_identification:_identify(build) by extensions ['ignore', 'ignore_ament_install']
[2.502s] Level 1:colcon.colcon_core.package_identification:_identify(build) by extension 'ignore'
[2.502s] Level 1:colcon.colcon_core.package_identification:_identify(build) ignored
[2.502s] Level 1:colcon.colcon_core.package_identification:_identify(install) by extensions ['ignore', 'ignore_ament_install']
[2.503s] Level 1:colcon.colcon_core.package_identification:_identify(install) by extension 'ignore'
[2.503s] Level 1:colcon.colcon_core.package_identification:_identify(install) ignored
[2.503s] Level 1:colcon.colcon_core.package_identification:_identify(log) by extensions ['ignore', 'ignore_ament_install']
[2.503s] Level 1:colcon.colcon_core.package_identification:_identify(log) by extension 'ignore'
[2.503s] Level 1:colcon.colcon_core.package_identification:_identify(log) ignored
[2.503s] Level 1:colcon.colcon_core.package_identification:_identify(src) by extensions ['ignore', 'ignore_ament_install']
[2.503s] Level 1:colcon.colcon_core.package_identification:_identify(src) by extension 'ignore'
[2.503s] Level 1:colcon.colcon_core.package_identification:_identify(src) by extension 'ignore_ament_install'
[2.503s] Level 1:colcon.colcon_core.package_identification:_identify(src) by extensions ['colcon_pkg']
[2.503s] Level 1:colcon.colcon_core.package_identification:_identify(src) by extension 'colcon_pkg'
[2.503s] Level 1:colcon.colcon_core.package_identification:_identify(src) by extensions ['colcon_meta']
[2.503s] Level 1:colcon.colcon_core.package_identification:_identify(src) by extension 'colcon_meta'
[2.503s] Level 1:colcon.colcon_core.package_identification:_identify(src) by extensions ['ros']
[2.503s] Level 1:colcon.colcon_core.package_identification:_identify(src) by extension 'ros'
[2.504s] Level 1:colcon.colcon_core.package_identification:_identify(src) by extensions ['cmake', 'python']
[2.504s] Level 1:colcon.colcon_core.package_identification:_identify(src) by extension 'cmake'
[2.504s] Level 1:colcon.colcon_core.package_identification:_identify(src) by extension 'python'
[2.504s] Level 1:colcon.colcon_core.package_identification:_identify(src) by extensions ['python_setup_py']
[2.504s] Level 1:colcon.colcon_core.package_identification:_identify(src) by extension 'python_setup_py'
[2.504s] Level 1:colcon.colcon_core.package_identification:_identify(src/my_package) by extensions ['ignore', 'ignore_ament_install']
[2.504s] Level 1:colcon.colcon_core.package_identification:_identify(src/my_package) by extension 'ignore'
[2.504s] Level 1:colcon.colcon_core.package_identification:_identify(src/my_package) by extension 'ignore_ament_install'
[2.504s] Level 1:colcon.colcon_core.package_identification:_identify(src/my_package) by extensions ['colcon_pkg']
[2.504s] Level 1:colcon.colcon_core.package_identification:_identify(src/my_package) by extension 'colcon_pkg'
[2.504s] Level 1:colcon.colcon_core.package_identification:_identify(src/my_package) by extensions ['colcon_meta']
[2.504s] Level 1:colcon.colcon_core.package_identification:_identify(src/my_package) by extension 'colcon_meta'
[2.504s] Level 1:colcon.colcon_core.package_identification:_identify(src/my_package) by extensions ['ros']
[2.504s] Level 1:colcon.colcon_core.package_identification:_identify(src/my_package) by extension 'ros'
[2.506s] DEBUG:colcon.colcon_core.package_identification:Package 'src/my_package' with type 'ros.ament_python' and name 'my_package'
[2.506s] Level 1:colcon.colcon_core.package_identification:_identify(src/object_detection) by extensions ['ignore', 'ignore_ament_install']
[2.506s] Level 1:colcon.colcon_core.package_identification:_identify(src/object_detection) by extension 'ignore'
[2.506s] Level 1:colcon.colcon_core.package_identification:_identify(src/object_detection) by extension 'ignore_ament_install'
[2.507s] Level 1:colcon.colcon_core.package_identification:_identify(src/object_detection) by extensions ['colcon_pkg']
[2.507s] Level 1:colcon.colcon_core.package_identification:_identify(src/object_detection) by extension 'colcon_pkg'
[2.507s] Level 1:colcon.colcon_core.package_identification:_identify(src/object_detection) by extensions ['colcon_meta']
[2.507s] Level 1:colcon.colcon_core.package_identification:_identify(src/object_detection) by extension 'colcon_meta'
[2.507s] Level 1:colcon.colcon_core.package_identification:_identify(src/object_detection) by extensions ['ros']
[2.507s] Level 1:colcon.colcon_core.package_identification:_identify(src/object_detection) by extension 'ros'
[2.507s] DEBUG:colcon.colcon_core.package_identification:Package 'src/object_detection' with type 'ros.ament_python' and name 'object_detection'
[2.507s] Level 1:colcon.colcon_core.package_discovery:discover_packages(recursive) using defaults
[2.507s] Level 1:colcon.colcon_core.package_discovery:discover_packages(ignore) discover
[2.507s] Level 1:colcon.colcon_core.package_discovery:discover_packages(ignore) using defaults
[2.507s] Level 1:colcon.colcon_core.package_discovery:discover_packages(path) discover
[2.507s] Level 1:colcon.colcon_core.package_discovery:discover_packages(path) using defaults
[2.723s] Level 1:colcon.colcon_core.package_discovery:discover_packages(prefix_path) check parameters
[2.723s] Level 1:colcon.colcon_core.package_discovery:discover_packages(prefix_path) discover
[2.813s] DEBUG:colcon.colcon_installed_package_information.package_discovery:Found 2 installed packages in /home/vandara/ros2_ws/install
[2.854s] DEBUG:colcon.colcon_installed_package_information.package_discovery:Found 262 installed packages in /opt/ros/foxy
[2.856s] Level 1:colcon.colcon_core.package_discovery:discover_packages(prefix_path) using defaults
[3.012s] Level 5:colcon.colcon_core.verb:set package 'my_package' build argument 'cmake_args' from command line to 'None'
[3.012s] Level 5:colcon.colcon_core.verb:set package 'my_package' build argument 'cmake_target' from command line to 'None'
[3.012s] Level 5:colcon.colcon_core.verb:set package 'my_package' build argument 'cmake_target_skip_unavailable' from command line to 'False'
[3.012s] Level 5:colcon.colcon_core.verb:set package 'my_package' build argument 'cmake_clean_cache' from command line to 'False'
[3.012s] Level 5:colcon.colcon_core.verb:set package 'my_package' build argument 'cmake_clean_first' from command line to 'False'
[3.012s] Level 5:colcon.colcon_core.verb:set package 'my_package' build argument 'cmake_force_configure' from command line to 'False'
[3.012s] Level 5:colcon.colcon_core.verb:set package 'my_package' build argument 'ament_cmake_args' from command line to 'None'
[3.012s] Level 5:colcon.colcon_core.verb:set package 'my_package' build argument 'catkin_cmake_args' from command line to 'None'
[3.012s] Level 5:colcon.colcon_core.verb:set package 'my_package' build argument 'catkin_skip_building_tests' from command line to 'False'
[3.012s] DEBUG:colcon.colcon_core.verb:Building package 'my_package' with the following arguments: {'ament_cmake_args': None, 'build_base': '/home/vandara/ros2_ws/build/my_package', 'catkin_cmake_args': None, 'catkin_skip_building_tests': False, 'cmake_args': None, 'cmake_clean_cache': False, 'cmake_clean_first': False, 'cmake_force_configure': False, 'cmake_target': None, 'cmake_target_skip_unavailable': False, 'install_base': '/home/vandara/ros2_ws/install/my_package', 'merge_install': False, 'path': '/home/vandara/ros2_ws/src/my_package', 'symlink_install': False, 'test_result_base': None}
[3.053s] Level 5:colcon.colcon_core.verb:set package 'object_detection' build argument 'cmake_args' from command line to 'None'
[3.053s] Level 5:colcon.colcon_core.verb:set package 'object_detection' build argument 'cmake_target' from command line to 'None'
[3.053s] Level 5:colcon.colcon_core.verb:set package 'object_detection' build argument 'cmake_target_skip_unavailable' from command line to 'False'
[3.053s] Level 5:colcon.colcon_core.verb:set package 'object_detection' build argument 'cmake_clean_cache' from command line to 'False'
[3.053s] Level 5:colcon.colcon_core.verb:set package 'object_detection' build argument 'cmake_clean_first' from command line to 'False'
[3.053s] Level 5:colcon.colcon_core.verb:set package 'object_detection' build argument 'cmake_force_configure' from command line to 'False'
[3.053s] Level 5:colcon.colcon_core.verb:set package 'object_detection' build argument 'ament_cmake_args' from command line to 'None'
[3.053s] Level 5:colcon.colcon_core.verb:set package 'object_detection' build argument 'catkin_cmake_args' from command line to 'None'
[3.053s] Level 5:colcon.colcon_core.verb:set package 'object_detection' build argument 'catkin_skip_building_tests' from command line to 'False'
[3.053s] DEBUG:colcon.colcon_core.verb:Building package 'object_detection' with the following arguments: {'ament_cmake_args': None, 'build_base': '/home/vandara/ros2_ws/build/object_detection', 'catkin_cmake_args': None, 'catkin_skip_building_tests': False, 'cmake_args': None, 'cmake_clean_cache': False, 'cmake_clean_first': False, 'cmake_force_configure': False, 'cmake_target': None, 'cmake_target_skip_unavailable': False, 'install_base': '/home/vandara/ros2_ws/install/object_detection', 'merge_install': False, 'path': '/home/vandara/ros2_ws/src/object_detection', 'symlink_install': False, 'test_result_base': None}
[3.094s] INFO:colcon.colcon_core.executor:Executing jobs using 'parallel' executor
[3.135s] DEBUG:colcon.colcon_parallel_executor.executor.parallel:run_until_complete
[3.136s] INFO:colcon.colcon_ros.task.ament_python.build:Building ROS package in '/home/vandara/ros2_ws/src/my_package' with build type 'ament_python'
[3.136s] Level 1:colcon.colcon_core.shell:create_environment_hook('my_package', 'ament_prefix_path')
[3.179s] INFO:colcon.colcon_core.plugin_system:Skipping extension 'colcon_core.shell.bat': Not used on non-Windows systems
[3.179s] INFO:colcon.colcon_core.shell:Creating environment hook '/home/vandara/ros2_ws/install/my_package/share/my_package/hook/ament_prefix_path.ps1'
[3.180s] INFO:colcon.colcon_core.shell:Creating environment descriptor '/home/vandara/ros2_ws/install/my_package/share/my_package/hook/ament_prefix_path.dsv'
[3.180s] INFO:colcon.colcon_core.shell:Creating environment hook '/home/vandara/ros2_ws/install/my_package/share/my_package/hook/ament_prefix_path.sh'
[3.221s] INFO:colcon.colcon_core.shell:Skip shell extension 'powershell' for command environment: Not usable outside of PowerShell
[3.222s] DEBUG:colcon.colcon_core.shell:Skip shell extension 'dsv' for command environment
[3.351s] INFO:colcon.colcon_ros.task.ament_python.build:Building ROS package in '/home/vandara/ros2_ws/src/object_detection' with build type 'ament_python'
[3.351s] Level 1:colcon.colcon_core.shell:create_environment_hook('object_detection', 'ament_prefix_path')
[3.395s] INFO:colcon.colcon_core.shell:Creating environment hook '/home/vandara/ros2_ws/install/object_detection/share/object_detection/hook/ament_prefix_path.ps1'
[3.395s] INFO:colcon.colcon_core.shell:Creating environment descriptor '/home/vandara/ros2_ws/install/object_detection/share/object_detection/hook/ament_prefix_path.dsv'
[3.395s] INFO:colcon.colcon_core.shell:Creating environment hook '/home/vandara/ros2_ws/install/object_detection/share/object_detection/hook/ament_prefix_path.sh'
[3.446s] INFO:colcon.colcon_core.shell:Skip shell extension 'powershell' for command environment: Not usable outside of PowerShell
[3.446s] DEBUG:colcon.colcon_core.shell:Skip shell extension 'dsv' for command environment
[3.792s] INFO:colcon.colcon_core.task.python.build:Building Python package in '/home/vandara/ros2_ws/src/my_package'
[3.835s] INFO:colcon.colcon_core.shell:Skip shell extension 'powershell' for command environment: Not usable outside of PowerShell
[3.836s] DEBUG:colcon.colcon_core.shell:Skip shell extension 'dsv' for command environment
[4.182s] INFO:colcon.colcon_core.task.python.build:Building Python package in '/home/vandara/ros2_ws/src/object_detection'
[4.225s] INFO:colcon.colcon_core.shell:Skip shell extension 'powershell' for command environment: Not usable outside of PowerShell
[4.225s] DEBUG:colcon.colcon_core.shell:Skip shell extension 'dsv' for command environment
[4.707s] DEBUG:colcon.colcon_core.event_handler.log_command:Invoking command in '/home/vandara/ros2_ws/src/my_package': PYTHONPATH=/home/vandara/ros2_ws/build/my_package/prefix_override:/home/vandara/ros2_ws/install/my_package/lib/python3.8/site-packages:${PYTHONPATH} /usr/bin/python3 setup.py egg_info --egg-base ../../build/my_package build --build-base /home/vandara/ros2_ws/build/my_package/build install --record /home/vandara/ros2_ws/build/my_package/install.log --install-scripts $base/lib/my_package --single-version-externally-managed
[4.717s] DEBUG:colcon.colcon_core.event_handler.log_command:Invoking command in '/home/vandara/ros2_ws/src/object_detection': PYTHONPATH=/home/vandara/ros2_ws/build/object_detection/prefix_override:/home/vandara/ros2_ws/install/object_detection/lib/python3.8/site-packages:${PYTHONPATH} /usr/bin/python3 setup.py egg_info --egg-base ../../build/object_detection build --build-base /home/vandara/ros2_ws/build/object_detection/build install --record /home/vandara/ros2_ws/build/object_detection/install.log --install-scripts $base/lib/object_detection --single-version-externally-managed
[4.974s] DEBUG:colcon.colcon_core.event_handler.log_command:Invoked command in '/home/vandara/ros2_ws/src/my_package' returned '0': PYTHONPATH=/home/vandara/ros2_ws/build/my_package/prefix_override:/home/vandara/ros2_ws/install/my_package/lib/python3.8/site-packages:${PYTHONPATH} /usr/bin/python3 setup.py egg_info --egg-base ../../build/my_package build --build-base /home/vandara/ros2_ws/build/my_package/build install --record /home/vandara/ros2_ws/build/my_package/install.log --install-scripts $base/lib/my_package --single-version-externally-managed
[5.020s] Level 1:colcon.colcon_core.environment:checking '/home/vandara/ros2_ws/install/my_package' for CMake module files
[5.020s] Level 1:colcon.colcon_core.environment:checking '/home/vandara/ros2_ws/install/my_package' for CMake config files
[5.021s] Level 1:colcon.colcon_core.environment:checking '/home/vandara/ros2_ws/install/my_package/lib'
[5.021s] Level 1:colcon.colcon_core.environment:checking '/home/vandara/ros2_ws/install/my_package/bin'
[5.021s] Level 1:colcon.colcon_core.environment:checking '/home/vandara/ros2_ws/install/my_package/lib/pkgconfig/my_package.pc'
[5.022s] Level 1:colcon.colcon_core.environment:checking '/home/vandara/ros2_ws/install/my_package/lib/python3.8/site-packages'
[5.022s] Level 1:colcon.colcon_core.shell:create_environment_hook('my_package', 'pythonpath')
[5.064s] INFO:colcon.colcon_core.shell:Creating environment hook '/home/vandara/ros2_ws/install/my_package/share/my_package/hook/pythonpath.ps1'
[5.065s] INFO:colcon.colcon_core.shell:Creating environment descriptor '/home/vandara/ros2_ws/install/my_package/share/my_package/hook/pythonpath.dsv'
[5.065s] INFO:colcon.colcon_core.shell:Creating environment hook '/home/vandara/ros2_ws/install/my_package/share/my_package/hook/pythonpath.sh'
[5.065s] Level 1:colcon.colcon_core.environment:checking '/home/vandara/ros2_ws/install/my_package/bin'
[5.065s] Level 1:colcon.colcon_core.environment:create_environment_scripts_only(my_package)
[5.108s] INFO:colcon.colcon_core.shell:Creating package script '/home/vandara/ros2_ws/install/my_package/share/my_package/package.ps1'
[5.109s] INFO:colcon.colcon_core.shell:Creating package descriptor '/home/vandara/ros2_ws/install/my_package/share/my_package/package.dsv'
[5.109s] INFO:colcon.colcon_core.shell:Creating package script '/home/vandara/ros2_ws/install/my_package/share/my_package/package.sh'
[5.110s] INFO:colcon.colcon_core.shell:Creating package script '/home/vandara/ros2_ws/install/my_package/share/my_package/package.bash'
[5.110s] INFO:colcon.colcon_core.shell:Creating package script '/home/vandara/ros2_ws/install/my_package/share/my_package/package.zsh'
[5.111s] Level 1:colcon.colcon_core.environment:create_file_with_runtime_dependencies(/home/vandara/ros2_ws/install/my_package/share/colcon-core/packages/my_package)
[5.112s] DEBUG:colcon.colcon_core.event_handler.log_command:Invoked command in '/home/vandara/ros2_ws/src/object_detection' returned '0': PYTHONPATH=/home/vandara/ros2_ws/build/object_detection/prefix_override:/home/vandara/ros2_ws/install/object_detection/lib/python3.8/site-packages:${PYTHONPATH} /usr/bin/python3 setup.py egg_info --egg-base ../../build/object_detection build --build-base /home/vandara/ros2_ws/build/object_detection/build install --record /home/vandara/ros2_ws/build/object_detection/install.log --install-scripts $base/lib/object_detection --single-version-externally-managed
[5.156s] Level 1:colcon.colcon_core.environment:checking '/home/vandara/ros2_ws/install/object_detection' for CMake module files
[5.157s] Level 1:colcon.colcon_core.environment:checking '/home/vandara/ros2_ws/install/object_detection' for CMake config files
[5.157s] Level 1:colcon.colcon_core.environment:checking '/home/vandara/ros2_ws/install/object_detection/lib'
[5.157s] Level 1:colcon.colcon_core.environment:checking '/home/vandara/ros2_ws/install/object_detection/bin'
[5.157s] Level 1:colcon.colcon_core.environment:checking '/home/vandara/ros2_ws/install/object_detection/lib/pkgconfig/object_detection.pc'
[5.157s] Level 1:colcon.colcon_core.environment:checking '/home/vandara/ros2_ws/install/object_detection/lib/python3.8/site-packages'
[5.157s] Level 1:colcon.colcon_core.shell:create_environment_hook('object_detection', 'pythonpath')
[5.201s] INFO:colcon.colcon_core.shell:Creating environment hook '/home/vandara/ros2_ws/install/object_detection/share/object_detection/hook/pythonpath.ps1'
[5.202s] INFO:colcon.colcon_core.shell:Creating environment descriptor '/home/vandara/ros2_ws/install/object_detection/share/object_detection/hook/pythonpath.dsv'
[5.202s] INFO:colcon.colcon_core.shell:Creating environment hook '/home/vandara/ros2_ws/install/object_detection/share/object_detection/hook/pythonpath.sh'
[5.202s] Level 1:colcon.colcon_core.environment:checking '/home/vandara/ros2_ws/install/object_detection/bin'
[5.202s] Level 1:colcon.colcon_core.environment:create_environment_scripts_only(object_detection)
[5.245s] INFO:colcon.colcon_core.shell:Creating package script '/home/vandara/ros2_ws/install/object_detection/share/object_detection/package.ps1'
[5.246s] INFO:colcon.colcon_core.shell:Creating package descriptor '/home/vandara/ros2_ws/install/object_detection/share/object_detection/package.dsv'
[5.246s] INFO:colcon.colcon_core.shell:Creating package script '/home/vandara/ros2_ws/install/object_detection/share/object_detection/package.sh'
[5.246s] INFO:colcon.colcon_core.shell:Creating package script '/home/vandara/ros2_ws/install/object_detection/share/object_detection/package.bash'
[5.247s] INFO:colcon.colcon_core.shell:Creating package script '/home/vandara/ros2_ws/install/object_detection/share/object_detection/package.zsh'
[5.247s] Level 1:colcon.colcon_core.environment:create_file_with_runtime_dependencies(/home/vandara/ros2_ws/install/object_detection/share/colcon-core/packages/object_detection)
[5.247s] DEBUG:colcon.colcon_parallel_executor.executor.parallel:closing loop
[5.247s] DEBUG:colcon.colcon_parallel_executor.executor.parallel:loop closed
[5.247s] DEBUG:colcon.colcon_parallel_executor.executor.parallel:run_until_complete finished with '0'
[5.247s] DEBUG:colcon.colcon_core.event_reactor:joining thread
[5.296s] INFO:colcon.colcon_core.plugin_system:Skipping extension 'colcon_notification.desktop_notification.terminal_notifier': Not used on non-Darwin systems
[5.297s] INFO:colcon.colcon_core.plugin_system:Skipping extension 'colcon_notification.desktop_notification.win32': Not used on non-Windows systems
[5.297s] INFO:colcon.colcon_notification.desktop_notification:Sending desktop notification using 'notify2'
[5.309s] DEBUG:colcon.colcon_core.event_reactor:joined thread
[5.354s] INFO:colcon.colcon_core.shell:Creating prefix script '/home/vandara/ros2_ws/install/local_setup.ps1'
[5.355s] INFO:colcon.colcon_core.shell:Creating prefix util module '/home/vandara/ros2_ws/install/_local_setup_util_ps1.py'
[5.356s] INFO:colcon.colcon_core.shell:Creating prefix chain script '/home/vandara/ros2_ws/install/setup.ps1'
[5.400s] INFO:colcon.colcon_core.shell:Creating prefix script '/home/vandara/ros2_ws/install/local_setup.sh'
[5.400s] INFO:colcon.colcon_core.shell:Creating prefix util module '/home/vandara/ros2_ws/install/_local_setup_util_sh.py'
[5.400s] INFO:colcon.colcon_core.shell:Creating prefix chain script '/home/vandara/ros2_ws/install/setup.sh'
[5.456s] INFO:colcon.colcon_core.shell:Creating prefix script '/home/vandara/ros2_ws/install/local_setup.bash'
[5.456s] INFO:colcon.colcon_core.shell:Creating prefix chain script '/home/vandara/ros2_ws/install/setup.bash'
[5.501s] INFO:colcon.colcon_core.shell:Creating prefix script '/home/vandara/ros2_ws/install/local_setup.zsh'
[5.501s] INFO:colcon.colcon_core.shell:Creating prefix chain script '/home/vandara/ros2_ws/install/setup.zsh'
