/home/cadt-02/.local/lib/python3.8/site-packages/setuptools/dist.py:476: SetuptoolsDeprecationWarning: Invalid dash-separated options
!!

        ********************************************************************************
        Usage of dash-separated 'build-base' will not be supported in future
        versions. Please use the underscore name 'build_base' instead.

        By 2024-Sep-26, you need to update your project and remove deprecated calls
        or your builds will no longer be supported.

        See https://setuptools.pypa.io/en/latest/userguide/declarative_config.html for details.
        ********************************************************************************

!!
  opt = self.warn_dash_deprecation(opt, section)
/home/cadt-02/.local/lib/python3.8/site-packages/setuptools/command/develop.py:42: EasyInstallDeprecationWarning: easy_install command is deprecated.
!!

        ********************************************************************************
        Please avoid running ``setup.py`` and ``easy_install``.
        Instead, use pypa/build, pypa/installer or other
        standards-based tools.

        See https://github.com/pypa/setuptools/issues/917 for details.
        ********************************************************************************

!!
  easy_install.initialize_options(self)
running develop
/home/cadt-02/.local/lib/python3.8/site-packages/setuptools/_distutils/cmd.py:66: SetuptoolsDeprecationWarning: setup.py install is deprecated.
!!

        ********************************************************************************
        Please avoid running ``setup.py`` directly.
        Instead, use pypa/build, pypa/installer or other
        standards-based tools.

        See https://blog.ganssle.io/articles/2021/10/setup-py-deprecated.html for details.
        ********************************************************************************

!!
  self.initialize_options()
running egg_info
writing my_package.egg-info/PKG-INFO
writing dependency_links to my_package.egg-info/dependency_links.txt
writing entry points to my_package.egg-info/entry_points.txt
writing requirements to my_package.egg-info/requires.txt
writing top-level names to my_package.egg-info/top_level.txt
reading manifest file 'my_package.egg-info/SOURCES.txt'
writing manifest file 'my_package.egg-info/SOURCES.txt'
running build_ext
Creating /home/cadt-02/Object-Detection/ros2_ws/install/my_package/lib/python3.8/site-packages/my-package.egg-link (link to .)
Installing live_detection_node script to /home/cadt-02/Object-Detection/ros2_ws/install/my_package/lib/my_package
Installing main script to /home/cadt-02/Object-Detection/ros2_ws/install/my_package/lib/my_package
Installing my_node script to /home/cadt-02/Object-Detection/ros2_ws/install/my_package/lib/my_package
Installing reinforcement_r2 script to /home/cadt-02/Object-Detection/ros2_ws/install/my_package/lib/my_package

Installed /home/cadt-02/Object-Detection/ros2_ws/build/my_package
running install_data
copying resource/my_package -> /home/cadt-02/Object-Detection/ros2_ws/install/my_package/share/ament_index/resource_index/packages
copying package.xml -> /home/cadt-02/Object-Detection/ros2_ws/install/my_package/share/my_package
