[16.648s] [34mcolcon[0m [1;30mDEBUG[0m [32mCommand line arguments: ['/usr/local/bin/colcon', 'build', '--symlink-install'][0m
[16.649s] [34mcolcon[0m [1;30mDEBUG[0m [32mParsed command line arguments: Namespace(ament_cmake_args=None, base_paths=['.'], build_base='build', catkin_cmake_args=None, catkin_skip_building_tests=False, cmake_args=None, cmake_clean_cache=False, cmake_clean_first=False, cmake_force_configure=False, cmake_target=None, cmake_target_skip_unavailable=False, continue_on_error=False, event_handlers=None, executor='parallel', ignore_user_meta=False, install_base='install', log_base=None, log_level=None, main=<bound method BuildVerb.main of <colcon_core.verb.build.BuildVerb object at 0xffff7e6c38b0>>, merge_install=False, metas=['./colcon.meta'], packages_above=None, packages_above_and_dependencies=None, packages_above_depth=None, packages_end=None, packages_ignore=None, packages_ignore_regex=None, packages_select=None, packages_select_build_failed=False, packages_select_by_dep=None, packages_select_regex=None, packages_select_test_failures=False, packages_skip=None, packages_skip_build_finished=False, packages_skip_by_dep=None, packages_skip_regex=None, packages_skip_test_passed=False, packages_skip_up_to=None, packages_start=None, packages_up_to=None, packages_up_to_regex=None, parallel_workers=6, paths=None, symlink_install=True, test_result_base=None, verb_extension=<colcon_core.verb.build.BuildVerb object at 0xffff7e6c38b0>, verb_name='build', verb_parser=<colcon_defaults.argument_parser.defaults.DefaultArgumentsDecorator object at 0xffff7e327e20>)[0m
[17.329s] [34mcolcon.colcon_core.package_discovery[0m [1;30mLevel 1[0m discover_packages(colcon_meta) check parameters
[17.330s] [34mcolcon.colcon_core.package_discovery[0m [1;30mLevel 1[0m discover_packages(recursive) check parameters
[17.330s] [34mcolcon.colcon_core.package_discovery[0m [1;30mLevel 1[0m discover_packages(ignore) check parameters
[17.330s] [34mcolcon.colcon_core.package_discovery[0m [1;30mLevel 1[0m discover_packages(path) check parameters
[17.330s] [34mcolcon.colcon_core.package_discovery[0m [1;30mLevel 1[0m discover_packages(colcon_meta) discover
[17.330s] [34mcolcon.colcon_core.package_discovery[0m [1;30mLevel 1[0m discover_packages(recursive) discover
[17.330s] [34mcolcon.colcon_core.package_discovery[0m [1;30mINFO[0m Crawling recursively for packages in '/home/cadt-02/Object-Detection/ros2_ws'
[17.330s] [34mcolcon.colcon_core.package_identification[0m [1;30mLevel 1[0m _identify(.) by extensions ['ignore', 'ignore_ament_install']
[17.331s] [34mcolcon.colcon_core.package_identification[0m [1;30mLevel 1[0m _identify(.) by extension 'ignore'
[17.331s] [34mcolcon.colcon_core.package_identification[0m [1;30mLevel 1[0m _identify(.) by extension 'ignore_ament_install'
[17.331s] [34mcolcon.colcon_core.package_identification[0m [1;30mLevel 1[0m _identify(.) by extensions ['colcon_pkg']
[17.331s] [34mcolcon.colcon_core.package_identification[0m [1;30mLevel 1[0m _identify(.) by extension 'colcon_pkg'
[17.331s] [34mcolcon.colcon_core.package_identification[0m [1;30mLevel 1[0m _identify(.) by extensions ['colcon_meta']
[17.331s] [34mcolcon.colcon_core.package_identification[0m [1;30mLevel 1[0m _identify(.) by extension 'colcon_meta'
[17.331s] [34mcolcon.colcon_core.package_identification[0m [1;30mLevel 1[0m _identify(.) by extensions ['ros']
[17.331s] [34mcolcon.colcon_core.package_identification[0m [1;30mLevel 1[0m _identify(.) by extension 'ros'
[17.409s] [34mcolcon.colcon_core.package_identification[0m [1;30mLevel 1[0m _identify(.) by extensions ['cmake', 'python']
[17.410s] [34mcolcon.colcon_core.package_identification[0m [1;30mLevel 1[0m _identify(.) by extension 'cmake'
[17.410s] [34mcolcon.colcon_core.package_identification[0m [1;30mLevel 1[0m _identify(.) by extension 'python'
[17.410s] [34mcolcon.colcon_core.package_identification[0m [1;30mLevel 1[0m _identify(.) by extensions ['python_setup_py']
[17.410s] [34mcolcon.colcon_core.package_identification[0m [1;30mLevel 1[0m _identify(.) by extension 'python_setup_py'
[17.411s] [34mcolcon.colcon_core.package_identification[0m [1;30mLevel 1[0m _identify(build) by extensions ['ignore', 'ignore_ament_install']
[17.411s] [34mcolcon.colcon_core.package_identification[0m [1;30mLevel 1[0m _identify(build) by extension 'ignore'
[17.411s] [34mcolcon.colcon_core.package_identification[0m [1;30mLevel 1[0m _identify(build) ignored
[17.411s] [34mcolcon.colcon_core.package_identification[0m [1;30mLevel 1[0m _identify(dqn_logs) by extensions ['ignore', 'ignore_ament_install']
[17.411s] [34mcolcon.colcon_core.package_identification[0m [1;30mLevel 1[0m _identify(dqn_logs) by extension 'ignore'
[17.412s] [34mcolcon.colcon_core.package_identification[0m [1;30mLevel 1[0m _identify(dqn_logs) by extension 'ignore_ament_install'
[17.412s] [34mcolcon.colcon_core.package_identification[0m [1;30mLevel 1[0m _identify(dqn_logs) by extensions ['colcon_pkg']
[17.412s] [34mcolcon.colcon_core.package_identification[0m [1;30mLevel 1[0m _identify(dqn_logs) by extension 'colcon_pkg'
[17.412s] [34mcolcon.colcon_core.package_identification[0m [1;30mLevel 1[0m _identify(dqn_logs) by extensions ['colcon_meta']
[17.412s] [34mcolcon.colcon_core.package_identification[0m [1;30mLevel 1[0m _identify(dqn_logs) by extension 'colcon_meta'
[17.412s] [34mcolcon.colcon_core.package_identification[0m [1;30mLevel 1[0m _identify(dqn_logs) by extensions ['ros']
[17.412s] [34mcolcon.colcon_core.package_identification[0m [1;30mLevel 1[0m _identify(dqn_logs) by extension 'ros'
[17.412s] [34mcolcon.colcon_core.package_identification[0m [1;30mLevel 1[0m _identify(dqn_logs) by extensions ['cmake', 'python']
[17.412s] [34mcolcon.colcon_core.package_identification[0m [1;30mLevel 1[0m _identify(dqn_logs) by extension 'cmake'
[17.413s] [34mcolcon.colcon_core.package_identification[0m [1;30mLevel 1[0m _identify(dqn_logs) by extension 'python'
[17.413s] [34mcolcon.colcon_core.package_identification[0m [1;30mLevel 1[0m _identify(dqn_logs) by extensions ['python_setup_py']
[17.413s] [34mcolcon.colcon_core.package_identification[0m [1;30mLevel 1[0m _identify(dqn_logs) by extension 'python_setup_py'
[17.413s] [34mcolcon.colcon_core.package_identification[0m [1;30mLevel 1[0m _identify(install) by extensions ['ignore', 'ignore_ament_install']
[17.413s] [34mcolcon.colcon_core.package_identification[0m [1;30mLevel 1[0m _identify(install) by extension 'ignore'
[17.413s] [34mcolcon.colcon_core.package_identification[0m [1;30mLevel 1[0m _identify(install) ignored
[17.414s] [34mcolcon.colcon_core.package_identification[0m [1;30mLevel 1[0m _identify(log) by extensions ['ignore', 'ignore_ament_install']
[17.414s] [34mcolcon.colcon_core.package_identification[0m [1;30mLevel 1[0m _identify(log) by extension 'ignore'
[17.414s] [34mcolcon.colcon_core.package_identification[0m [1;30mLevel 1[0m _identify(log) ignored
[17.415s] [34mcolcon.colcon_core.package_identification[0m [1;30mLevel 1[0m _identify(runs) by extensions ['ignore', 'ignore_ament_install']
[17.415s] [34mcolcon.colcon_core.package_identification[0m [1;30mLevel 1[0m _identify(runs) by extension 'ignore'
[17.415s] [34mcolcon.colcon_core.package_identification[0m [1;30mLevel 1[0m _identify(runs) by extension 'ignore_ament_install'
[17.415s] [34mcolcon.colcon_core.package_identification[0m [1;30mLevel 1[0m _identify(runs) by extensions ['colcon_pkg']
[17.415s] [34mcolcon.colcon_core.package_identification[0m [1;30mLevel 1[0m _identify(runs) by extension 'colcon_pkg'
[17.415s] [34mcolcon.colcon_core.package_identification[0m [1;30mLevel 1[0m _identify(runs) by extensions ['colcon_meta']
[17.415s] [34mcolcon.colcon_core.package_identification[0m [1;30mLevel 1[0m _identify(runs) by extension 'colcon_meta'
[17.416s] [34mcolcon.colcon_core.package_identification[0m [1;30mLevel 1[0m _identify(runs) by extensions ['ros']
[17.416s] [34mcolcon.colcon_core.package_identification[0m [1;30mLevel 1[0m _identify(runs) by extension 'ros'
[17.416s] [34mcolcon.colcon_core.package_identification[0m [1;30mLevel 1[0m _identify(runs) by extensions ['cmake', 'python']
[17.416s] [34mcolcon.colcon_core.package_identification[0m [1;30mLevel 1[0m _identify(runs) by extension 'cmake'
[17.416s] [34mcolcon.colcon_core.package_identification[0m [1;30mLevel 1[0m _identify(runs) by extension 'python'
[17.416s] [34mcolcon.colcon_core.package_identification[0m [1;30mLevel 1[0m _identify(runs) by extensions ['python_setup_py']
[17.416s] [34mcolcon.colcon_core.package_identification[0m [1;30mLevel 1[0m _identify(runs) by extension 'python_setup_py'
[17.416s] [34mcolcon.colcon_core.package_identification[0m [1;30mLevel 1[0m _identify(runs/Jun08_01-18-26_cadt02-pc) by extensions ['ignore', 'ignore_ament_install']
[17.417s] [34mcolcon.colcon_core.package_identification[0m [1;30mLevel 1[0m _identify(runs/Jun08_01-18-26_cadt02-pc) by extension 'ignore'
[17.417s] [34mcolcon.colcon_core.package_identification[0m [1;30mLevel 1[0m _identify(runs/Jun08_01-18-26_cadt02-pc) by extension 'ignore_ament_install'
[17.417s] [34mcolcon.colcon_core.package_identification[0m [1;30mLevel 1[0m _identify(runs/Jun08_01-18-26_cadt02-pc) by extensions ['colcon_pkg']
[17.417s] [34mcolcon.colcon_core.package_identification[0m [1;30mLevel 1[0m _identify(runs/Jun08_01-18-26_cadt02-pc) by extension 'colcon_pkg'
[17.417s] [34mcolcon.colcon_core.package_identification[0m [1;30mLevel 1[0m _identify(runs/Jun08_01-18-26_cadt02-pc) by extensions ['colcon_meta']
[17.417s] [34mcolcon.colcon_core.package_identification[0m [1;30mLevel 1[0m _identify(runs/Jun08_01-18-26_cadt02-pc) by extension 'colcon_meta'
[17.417s] [34mcolcon.colcon_core.package_identification[0m [1;30mLevel 1[0m _identify(runs/Jun08_01-18-26_cadt02-pc) by extensions ['ros']
[17.417s] [34mcolcon.colcon_core.package_identification[0m [1;30mLevel 1[0m _identify(runs/Jun08_01-18-26_cadt02-pc) by extension 'ros'
[17.417s] [34mcolcon.colcon_core.package_identification[0m [1;30mLevel 1[0m _identify(runs/Jun08_01-18-26_cadt02-pc) by extensions ['cmake', 'python']
[17.418s] [34mcolcon.colcon_core.package_identification[0m [1;30mLevel 1[0m _identify(runs/Jun08_01-18-26_cadt02-pc) by extension 'cmake'
[17.418s] [34mcolcon.colcon_core.package_identification[0m [1;30mLevel 1[0m _identify(runs/Jun08_01-18-26_cadt02-pc) by extension 'python'
[17.418s] [34mcolcon.colcon_core.package_identification[0m [1;30mLevel 1[0m _identify(runs/Jun08_01-18-26_cadt02-pc) by extensions ['python_setup_py']
[17.418s] [34mcolcon.colcon_core.package_identification[0m [1;30mLevel 1[0m _identify(runs/Jun08_01-18-26_cadt02-pc) by extension 'python_setup_py'
[17.418s] [34mcolcon.colcon_core.package_identification[0m [1;30mLevel 1[0m _identify(src) by extensions ['ignore', 'ignore_ament_install']
[17.418s] [34mcolcon.colcon_core.package_identification[0m [1;30mLevel 1[0m _identify(src) by extension 'ignore'
[17.418s] [34mcolcon.colcon_core.package_identification[0m [1;30mLevel 1[0m _identify(src) by extension 'ignore_ament_install'
[17.419s] [34mcolcon.colcon_core.package_identification[0m [1;30mLevel 1[0m _identify(src) by extensions ['colcon_pkg']
[17.419s] [34mcolcon.colcon_core.package_identification[0m [1;30mLevel 1[0m _identify(src) by extension 'colcon_pkg'
[17.419s] [34mcolcon.colcon_core.package_identification[0m [1;30mLevel 1[0m _identify(src) by extensions ['colcon_meta']
[17.419s] [34mcolcon.colcon_core.package_identification[0m [1;30mLevel 1[0m _identify(src) by extension 'colcon_meta'
[17.419s] [34mcolcon.colcon_core.package_identification[0m [1;30mLevel 1[0m _identify(src) by extensions ['ros']
[17.419s] [34mcolcon.colcon_core.package_identification[0m [1;30mLevel 1[0m _identify(src) by extension 'ros'
[17.419s] [34mcolcon.colcon_core.package_identification[0m [1;30mLevel 1[0m _identify(src) by extensions ['cmake', 'python']
[17.419s] [34mcolcon.colcon_core.package_identification[0m [1;30mLevel 1[0m _identify(src) by extension 'cmake'
[17.419s] [34mcolcon.colcon_core.package_identification[0m [1;30mLevel 1[0m _identify(src) by extension 'python'
[17.419s] [34mcolcon.colcon_core.package_identification[0m [1;30mLevel 1[0m _identify(src) by extensions ['python_setup_py']
[17.420s] [34mcolcon.colcon_core.package_identification[0m [1;30mLevel 1[0m _identify(src) by extension 'python_setup_py'
[17.420s] [34mcolcon.colcon_core.package_identification[0m [1;30mLevel 1[0m _identify(src/micro-ROS-Agent) by extensions ['ignore', 'ignore_ament_install']
[17.420s] [34mcolcon.colcon_core.package_identification[0m [1;30mLevel 1[0m _identify(src/micro-ROS-Agent) by extension 'ignore'
[17.420s] [34mcolcon.colcon_core.package_identification[0m [1;30mLevel 1[0m _identify(src/micro-ROS-Agent) by extension 'ignore_ament_install'
[17.420s] [34mcolcon.colcon_core.package_identification[0m [1;30mLevel 1[0m _identify(src/micro-ROS-Agent) by extensions ['colcon_pkg']
[17.420s] [34mcolcon.colcon_core.package_identification[0m [1;30mLevel 1[0m _identify(src/micro-ROS-Agent) by extension 'colcon_pkg'
[17.420s] [34mcolcon.colcon_core.package_identification[0m [1;30mLevel 1[0m _identify(src/micro-ROS-Agent) by extensions ['colcon_meta']
[17.420s] [34mcolcon.colcon_core.package_identification[0m [1;30mLevel 1[0m _identify(src/micro-ROS-Agent) by extension 'colcon_meta'
[17.421s] [34mcolcon.colcon_core.package_identification[0m [1;30mLevel 1[0m _identify(src/micro-ROS-Agent) by extensions ['ros']
[17.421s] [34mcolcon.colcon_core.package_identification[0m [1;30mLevel 1[0m _identify(src/micro-ROS-Agent) by extension 'ros'
[17.421s] [34mcolcon.colcon_core.package_identification[0m [1;30mLevel 1[0m _identify(src/micro-ROS-Agent) by extensions ['cmake', 'python']
[17.421s] [34mcolcon.colcon_core.package_identification[0m [1;30mLevel 1[0m _identify(src/micro-ROS-Agent) by extension 'cmake'
[17.421s] [34mcolcon.colcon_core.package_identification[0m [1;30mLevel 1[0m _identify(src/micro-ROS-Agent) by extension 'python'
[17.421s] [34mcolcon.colcon_core.package_identification[0m [1;30mLevel 1[0m _identify(src/micro-ROS-Agent) by extensions ['python_setup_py']
[17.421s] [34mcolcon.colcon_core.package_identification[0m [1;30mLevel 1[0m _identify(src/micro-ROS-Agent) by extension 'python_setup_py'
[17.421s] [34mcolcon.colcon_core.package_identification[0m [1;30mLevel 1[0m _identify(src/micro-ROS-Agent/micro_ros_agent) by extensions ['ignore', 'ignore_ament_install']
[17.422s] [34mcolcon.colcon_core.package_identification[0m [1;30mLevel 1[0m _identify(src/micro-ROS-Agent/micro_ros_agent) by extension 'ignore'
[17.422s] [34mcolcon.colcon_core.package_identification[0m [1;30mLevel 1[0m _identify(src/micro-ROS-Agent/micro_ros_agent) by extension 'ignore_ament_install'
[17.422s] [34mcolcon.colcon_core.package_identification[0m [1;30mLevel 1[0m _identify(src/micro-ROS-Agent/micro_ros_agent) by extensions ['colcon_pkg']
[17.422s] [34mcolcon.colcon_core.package_identification[0m [1;30mLevel 1[0m _identify(src/micro-ROS-Agent/micro_ros_agent) by extension 'colcon_pkg'
[17.422s] [34mcolcon.colcon_core.package_identification[0m [1;30mLevel 1[0m _identify(src/micro-ROS-Agent/micro_ros_agent) by extensions ['colcon_meta']
[17.422s] [34mcolcon.colcon_core.package_identification[0m [1;30mLevel 1[0m _identify(src/micro-ROS-Agent/micro_ros_agent) by extension 'colcon_meta'
[17.422s] [34mcolcon.colcon_core.package_identification[0m [1;30mLevel 1[0m _identify(src/micro-ROS-Agent/micro_ros_agent) by extensions ['ros']
[17.422s] [34mcolcon.colcon_core.package_identification[0m [1;30mLevel 1[0m _identify(src/micro-ROS-Agent/micro_ros_agent) by extension 'ros'
[17.430s] [34mcolcon.colcon_core.package_identification[0m [1;30mDEBUG[0m [32mPackage 'src/micro-ROS-Agent/micro_ros_agent' with type 'ros.ament_cmake' and name 'micro_ros_agent'[0m
[17.431s] [34mcolcon.colcon_core.package_identification[0m [1;30mLevel 1[0m _identify(src/micro-ROS-Agent/snap) by extensions ['ignore', 'ignore_ament_install']
[17.431s] [34mcolcon.colcon_core.package_identification[0m [1;30mLevel 1[0m _identify(src/micro-ROS-Agent/snap) by extension 'ignore'
[17.431s] [34mcolcon.colcon_core.package_identification[0m [1;30mLevel 1[0m _identify(src/micro-ROS-Agent/snap) by extension 'ignore_ament_install'
[17.432s] [34mcolcon.colcon_core.package_identification[0m [1;30mLevel 1[0m _identify(src/micro-ROS-Agent/snap) by extensions ['colcon_pkg']
[17.432s] [34mcolcon.colcon_core.package_identification[0m [1;30mLevel 1[0m _identify(src/micro-ROS-Agent/snap) by extension 'colcon_pkg'
[17.432s] [34mcolcon.colcon_core.package_identification[0m [1;30mLevel 1[0m _identify(src/micro-ROS-Agent/snap) by extensions ['colcon_meta']
[17.432s] [34mcolcon.colcon_core.package_identification[0m [1;30mLevel 1[0m _identify(src/micro-ROS-Agent/snap) by extension 'colcon_meta'
[17.432s] [34mcolcon.colcon_core.package_identification[0m [1;30mLevel 1[0m _identify(src/micro-ROS-Agent/snap) by extensions ['ros']
[17.432s] [34mcolcon.colcon_core.package_identification[0m [1;30mLevel 1[0m _identify(src/micro-ROS-Agent/snap) by extension 'ros'
[17.432s] [34mcolcon.colcon_core.package_identification[0m [1;30mLevel 1[0m _identify(src/micro-ROS-Agent/snap) by extensions ['cmake', 'python']
[17.432s] [34mcolcon.colcon_core.package_identification[0m [1;30mLevel 1[0m _identify(src/micro-ROS-Agent/snap) by extension 'cmake'
[17.433s] [34mcolcon.colcon_core.package_identification[0m [1;30mLevel 1[0m _identify(src/micro-ROS-Agent/snap) by extension 'python'
[17.433s] [34mcolcon.colcon_core.package_identification[0m [1;30mLevel 1[0m _identify(src/micro-ROS-Agent/snap) by extensions ['python_setup_py']
[17.433s] [34mcolcon.colcon_core.package_identification[0m [1;30mLevel 1[0m _identify(src/micro-ROS-Agent/snap) by extension 'python_setup_py'
[17.433s] [34mcolcon.colcon_core.package_identification[0m [1;30mLevel 1[0m _identify(src/micro-ROS-Agent/snap/hooks) by extensions ['ignore', 'ignore_ament_install']
[17.433s] [34mcolcon.colcon_core.package_identification[0m [1;30mLevel 1[0m _identify(src/micro-ROS-Agent/snap/hooks) by extension 'ignore'
[17.433s] [34mcolcon.colcon_core.package_identification[0m [1;30mLevel 1[0m _identify(src/micro-ROS-Agent/snap/hooks) by extension 'ignore_ament_install'
[17.433s] [34mcolcon.colcon_core.package_identification[0m [1;30mLevel 1[0m _identify(src/micro-ROS-Agent/snap/hooks) by extensions ['colcon_pkg']
[17.434s] [34mcolcon.colcon_core.package_identification[0m [1;30mLevel 1[0m _identify(src/micro-ROS-Agent/snap/hooks) by extension 'colcon_pkg'
[17.434s] [34mcolcon.colcon_core.package_identification[0m [1;30mLevel 1[0m _identify(src/micro-ROS-Agent/snap/hooks) by extensions ['colcon_meta']
[17.434s] [34mcolcon.colcon_core.package_identification[0m [1;30mLevel 1[0m _identify(src/micro-ROS-Agent/snap/hooks) by extension 'colcon_meta'
[17.434s] [34mcolcon.colcon_core.package_identification[0m [1;30mLevel 1[0m _identify(src/micro-ROS-Agent/snap/hooks) by extensions ['ros']
[17.434s] [34mcolcon.colcon_core.package_identification[0m [1;30mLevel 1[0m _identify(src/micro-ROS-Agent/snap/hooks) by extension 'ros'
[17.434s] [34mcolcon.colcon_core.package_identification[0m [1;30mLevel 1[0m _identify(src/micro-ROS-Agent/snap/hooks) by extensions ['cmake', 'python']
[17.434s] [34mcolcon.colcon_core.package_identification[0m [1;30mLevel 1[0m _identify(src/micro-ROS-Agent/snap/hooks) by extension 'cmake'
[17.434s] [34mcolcon.colcon_core.package_identification[0m [1;30mLevel 1[0m _identify(src/micro-ROS-Agent/snap/hooks) by extension 'python'
[17.434s] [34mcolcon.colcon_core.package_identification[0m [1;30mLevel 1[0m _identify(src/micro-ROS-Agent/snap/hooks) by extensions ['python_setup_py']
[17.435s] [34mcolcon.colcon_core.package_identification[0m [1;30mLevel 1[0m _identify(src/micro-ROS-Agent/snap/hooks) by extension 'python_setup_py'
[17.435s] [34mcolcon.colcon_core.package_identification[0m [1;30mLevel 1[0m _identify(src/micro-ROS-Agent/snap/local) by extensions ['ignore', 'ignore_ament_install']
[17.435s] [34mcolcon.colcon_core.package_identification[0m [1;30mLevel 1[0m _identify(src/micro-ROS-Agent/snap/local) by extension 'ignore'
[17.435s] [34mcolcon.colcon_core.package_identification[0m [1;30mLevel 1[0m _identify(src/micro-ROS-Agent/snap/local) by extension 'ignore_ament_install'
[17.435s] [34mcolcon.colcon_core.package_identification[0m [1;30mLevel 1[0m _identify(src/micro-ROS-Agent/snap/local) by extensions ['colcon_pkg']
[17.435s] [34mcolcon.colcon_core.package_identification[0m [1;30mLevel 1[0m _identify(src/micro-ROS-Agent/snap/local) by extension 'colcon_pkg'
[17.435s] [34mcolcon.colcon_core.package_identification[0m [1;30mLevel 1[0m _identify(src/micro-ROS-Agent/snap/local) by extensions ['colcon_meta']
[17.435s] [34mcolcon.colcon_core.package_identification[0m [1;30mLevel 1[0m _identify(src/micro-ROS-Agent/snap/local) by extension 'colcon_meta'
[17.436s] [34mcolcon.colcon_core.package_identification[0m [1;30mLevel 1[0m _identify(src/micro-ROS-Agent/snap/local) by extensions ['ros']
[17.436s] [34mcolcon.colcon_core.package_identification[0m [1;30mLevel 1[0m _identify(src/micro-ROS-Agent/snap/local) by extension 'ros'
[17.436s] [34mcolcon.colcon_core.package_identification[0m [1;30mLevel 1[0m _identify(src/micro-ROS-Agent/snap/local) by extensions ['cmake', 'python']
[17.436s] [34mcolcon.colcon_core.package_identification[0m [1;30mLevel 1[0m _identify(src/micro-ROS-Agent/snap/local) by extension 'cmake'
[17.436s] [34mcolcon.colcon_core.package_identification[0m [1;30mLevel 1[0m _identify(src/micro-ROS-Agent/snap/local) by extension 'python'
[17.436s] [34mcolcon.colcon_core.package_identification[0m [1;30mLevel 1[0m _identify(src/micro-ROS-Agent/snap/local) by extensions ['python_setup_py']
[17.436s] [34mcolcon.colcon_core.package_identification[0m [1;30mLevel 1[0m _identify(src/micro-ROS-Agent/snap/local) by extension 'python_setup_py'
[17.436s] [34mcolcon.colcon_core.package_identification[0m [1;30mLevel 1[0m _identify(src/my_package) by extensions ['ignore', 'ignore_ament_install']
[17.437s] [34mcolcon.colcon_core.package_identification[0m [1;30mLevel 1[0m _identify(src/my_package) by extension 'ignore'
[17.437s] [34mcolcon.colcon_core.package_identification[0m [1;30mLevel 1[0m _identify(src/my_package) by extension 'ignore_ament_install'
[17.437s] [34mcolcon.colcon_core.package_identification[0m [1;30mLevel 1[0m _identify(src/my_package) by extensions ['colcon_pkg']
[17.437s] [34mcolcon.colcon_core.package_identification[0m [1;30mLevel 1[0m _identify(src/my_package) by extension 'colcon_pkg'
[17.437s] [34mcolcon.colcon_core.package_identification[0m [1;30mLevel 1[0m _identify(src/my_package) by extensions ['colcon_meta']
[17.437s] [34mcolcon.colcon_core.package_identification[0m [1;30mLevel 1[0m _identify(src/my_package) by extension 'colcon_meta'
[17.437s] [34mcolcon.colcon_core.package_identification[0m [1;30mLevel 1[0m _identify(src/my_package) by extensions ['ros']
[17.437s] [34mcolcon.colcon_core.package_identification[0m [1;30mLevel 1[0m _identify(src/my_package) by extension 'ros'
[17.441s] [34mcolcon.colcon_core.package_identification[0m [1;30mDEBUG[0m [32mPackage 'src/my_package' with type 'ros.ament_python' and name 'my_package'[0m
[17.442s] [34mcolcon.colcon_core.package_identification[0m [1;30mLevel 1[0m _identify(src/object_detection) by extensions ['ignore', 'ignore_ament_install']
[17.442s] [34mcolcon.colcon_core.package_identification[0m [1;30mLevel 1[0m _identify(src/object_detection) by extension 'ignore'
[17.442s] [34mcolcon.colcon_core.package_identification[0m [1;30mLevel 1[0m _identify(src/object_detection) by extension 'ignore_ament_install'
[17.442s] [34mcolcon.colcon_core.package_identification[0m [1;30mLevel 1[0m _identify(src/object_detection) by extensions ['colcon_pkg']
[17.442s] [34mcolcon.colcon_core.package_identification[0m [1;30mLevel 1[0m _identify(src/object_detection) by extension 'colcon_pkg'
[17.442s] [34mcolcon.colcon_core.package_identification[0m [1;30mLevel 1[0m _identify(src/object_detection) by extensions ['colcon_meta']
[17.442s] [34mcolcon.colcon_core.package_identification[0m [1;30mLevel 1[0m _identify(src/object_detection) by extension 'colcon_meta'
[17.443s] [34mcolcon.colcon_core.package_identification[0m [1;30mLevel 1[0m _identify(src/object_detection) by extensions ['ros']
[17.443s] [34mcolcon.colcon_core.package_identification[0m [1;30mLevel 1[0m _identify(src/object_detection) by extension 'ros'
[17.445s] [34mcolcon.colcon_core.package_identification[0m [1;30mDEBUG[0m [32mPackage 'src/object_detection' with type 'ros.ament_python' and name 'object_detection'[0m
[17.445s] [34mcolcon.colcon_core.package_discovery[0m [1;30mLevel 1[0m discover_packages(recursive) using defaults
[17.445s] [34mcolcon.colcon_core.package_discovery[0m [1;30mLevel 1[0m discover_packages(ignore) discover
[17.445s] [34mcolcon.colcon_core.package_discovery[0m [1;30mLevel 1[0m discover_packages(ignore) using defaults
[17.445s] [34mcolcon.colcon_core.package_discovery[0m [1;30mLevel 1[0m discover_packages(path) discover
[17.445s] [34mcolcon.colcon_core.package_discovery[0m [1;30mLevel 1[0m discover_packages(path) using defaults
[18.617s] [34mcolcon.colcon_core.verb[0m [1;30mLevel 5[0m set package 'micro_ros_agent' build argument 'cmake_args' from command line to 'None'
[18.617s] [34mcolcon.colcon_core.verb[0m [1;30mLevel 5[0m set package 'micro_ros_agent' build argument 'cmake_target' from command line to 'None'
[18.617s] [34mcolcon.colcon_core.verb[0m [1;30mLevel 5[0m set package 'micro_ros_agent' build argument 'cmake_target_skip_unavailable' from command line to 'False'
[18.617s] [34mcolcon.colcon_core.verb[0m [1;30mLevel 5[0m set package 'micro_ros_agent' build argument 'cmake_clean_cache' from command line to 'False'
[18.617s] [34mcolcon.colcon_core.verb[0m [1;30mLevel 5[0m set package 'micro_ros_agent' build argument 'cmake_clean_first' from command line to 'False'
[18.618s] [34mcolcon.colcon_core.verb[0m [1;30mLevel 5[0m set package 'micro_ros_agent' build argument 'cmake_force_configure' from command line to 'False'
[18.618s] [34mcolcon.colcon_core.verb[0m [1;30mLevel 5[0m set package 'micro_ros_agent' build argument 'ament_cmake_args' from command line to 'None'
[18.618s] [34mcolcon.colcon_core.verb[0m [1;30mLevel 5[0m set package 'micro_ros_agent' build argument 'catkin_cmake_args' from command line to 'None'
[18.618s] [34mcolcon.colcon_core.verb[0m [1;30mLevel 5[0m set package 'micro_ros_agent' build argument 'catkin_skip_building_tests' from command line to 'False'
[18.618s] [34mcolcon.colcon_core.verb[0m [1;30mDEBUG[0m [32mBuilding package 'micro_ros_agent' with the following arguments: {'ament_cmake_args': None, 'build_base': '/home/cadt-02/Object-Detection/ros2_ws/build/micro_ros_agent', 'catkin_cmake_args': None, 'catkin_skip_building_tests': False, 'cmake_args': None, 'cmake_clean_cache': False, 'cmake_clean_first': False, 'cmake_force_configure': False, 'cmake_target': None, 'cmake_target_skip_unavailable': False, 'install_base': '/home/cadt-02/Object-Detection/ros2_ws/install/micro_ros_agent', 'merge_install': False, 'path': '/home/cadt-02/Object-Detection/ros2_ws/src/micro-ROS-Agent/micro_ros_agent', 'symlink_install': True, 'test_result_base': None}[0m
[18.899s] [34mcolcon.colcon_core.verb[0m [1;30mLevel 5[0m set package 'my_package' build argument 'cmake_args' from command line to 'None'
[18.900s] [34mcolcon.colcon_core.verb[0m [1;30mLevel 5[0m set package 'my_package' build argument 'cmake_target' from command line to 'None'
[18.900s] [34mcolcon.colcon_core.verb[0m [1;30mLevel 5[0m set package 'my_package' build argument 'cmake_target_skip_unavailable' from command line to 'False'
[18.900s] [34mcolcon.colcon_core.verb[0m [1;30mLevel 5[0m set package 'my_package' build argument 'cmake_clean_cache' from command line to 'False'
[18.900s] [34mcolcon.colcon_core.verb[0m [1;30mLevel 5[0m set package 'my_package' build argument 'cmake_clean_first' from command line to 'False'
[18.900s] [34mcolcon.colcon_core.verb[0m [1;30mLevel 5[0m set package 'my_package' build argument 'cmake_force_configure' from command line to 'False'
[18.900s] [34mcolcon.colcon_core.verb[0m [1;30mLevel 5[0m set package 'my_package' build argument 'ament_cmake_args' from command line to 'None'
[18.900s] [34mcolcon.colcon_core.verb[0m [1;30mLevel 5[0m set package 'my_package' build argument 'catkin_cmake_args' from command line to 'None'
[18.900s] [34mcolcon.colcon_core.verb[0m [1;30mLevel 5[0m set package 'my_package' build argument 'catkin_skip_building_tests' from command line to 'False'
[18.900s] [34mcolcon.colcon_core.verb[0m [1;30mDEBUG[0m [32mBuilding package 'my_package' with the following arguments: {'ament_cmake_args': None, 'build_base': '/home/cadt-02/Object-Detection/ros2_ws/build/my_package', 'catkin_cmake_args': None, 'catkin_skip_building_tests': False, 'cmake_args': None, 'cmake_clean_cache': False, 'cmake_clean_first': False, 'cmake_force_configure': False, 'cmake_target': None, 'cmake_target_skip_unavailable': False, 'install_base': '/home/cadt-02/Object-Detection/ros2_ws/install/my_package', 'merge_install': False, 'path': '/home/cadt-02/Object-Detection/ros2_ws/src/my_package', 'symlink_install': True, 'test_result_base': None}[0m
[19.182s] [34mcolcon.colcon_core.verb[0m [1;30mLevel 5[0m set package 'object_detection' build argument 'cmake_args' from command line to 'None'
[19.182s] [34mcolcon.colcon_core.verb[0m [1;30mLevel 5[0m set package 'object_detection' build argument 'cmake_target' from command line to 'None'
[19.182s] [34mcolcon.colcon_core.verb[0m [1;30mLevel 5[0m set package 'object_detection' build argument 'cmake_target_skip_unavailable' from command line to 'False'
[19.182s] [34mcolcon.colcon_core.verb[0m [1;30mLevel 5[0m set package 'object_detection' build argument 'cmake_clean_cache' from command line to 'False'
[19.182s] [34mcolcon.colcon_core.verb[0m [1;30mLevel 5[0m set package 'object_detection' build argument 'cmake_clean_first' from command line to 'False'
[19.182s] [34mcolcon.colcon_core.verb[0m [1;30mLevel 5[0m set package 'object_detection' build argument 'cmake_force_configure' from command line to 'False'
[19.183s] [34mcolcon.colcon_core.verb[0m [1;30mLevel 5[0m set package 'object_detection' build argument 'ament_cmake_args' from command line to 'None'
[19.183s] [34mcolcon.colcon_core.verb[0m [1;30mLevel 5[0m set package 'object_detection' build argument 'catkin_cmake_args' from command line to 'None'
[19.183s] [34mcolcon.colcon_core.verb[0m [1;30mLevel 5[0m set package 'object_detection' build argument 'catkin_skip_building_tests' from command line to 'False'
[19.183s] [34mcolcon.colcon_core.verb[0m [1;30mDEBUG[0m [32mBuilding package 'object_detection' with the following arguments: {'ament_cmake_args': None, 'build_base': '/home/cadt-02/Object-Detection/ros2_ws/build/object_detection', 'catkin_cmake_args': None, 'catkin_skip_building_tests': False, 'cmake_args': None, 'cmake_clean_cache': False, 'cmake_clean_first': False, 'cmake_force_configure': False, 'cmake_target': None, 'cmake_target_skip_unavailable': False, 'install_base': '/home/cadt-02/Object-Detection/ros2_ws/install/object_detection', 'merge_install': False, 'path': '/home/cadt-02/Object-Detection/ros2_ws/src/object_detection', 'symlink_install': True, 'test_result_base': None}[0m
[19.465s] [34mcolcon.colcon_core.executor[0m [1;30mINFO[0m Executing jobs using 'parallel' executor
[19.747s] [34mcolcon.colcon_parallel_executor.executor.parallel[0m [1;30mDEBUG[0m [32mrun_until_complete[0m
[19.748s] [34mcolcon.colcon_ros.task.ament_cmake.build[0m [1;30mINFO[0m Building ROS package in '/home/cadt-02/Object-Detection/ros2_ws/src/micro-ROS-Agent/micro_ros_agent' with build type 'ament_cmake'
[19.749s] [34mcolcon.colcon_cmake.task.cmake.build[0m [1;30mINFO[0m Building CMake package in '/home/cadt-02/Object-Detection/ros2_ws/src/micro-ROS-Agent/micro_ros_agent'
[20.066s] [34mcolcon.colcon_core.plugin_system[0m [1;30mINFO[0m Skipping extension 'colcon_core.shell.bat': Not used on non-Windows systems
[20.066s] [34mcolcon.colcon_core.shell[0m [1;30mINFO[0m Skip shell extension 'powershell' for command environment: Not usable outside of PowerShell
[20.067s] [34mcolcon.colcon_core.shell[0m [1;30mDEBUG[0m [32mSkip shell extension 'dsv' for command environment[0m
[20.700s] [34mcolcon.colcon_ros.task.ament_python.build[0m [1;30mINFO[0m Building ROS package in '/home/cadt-02/Object-Detection/ros2_ws/src/my_package' with build type 'ament_python'
[20.701s] [34mcolcon.colcon_core.shell[0m [1;30mLevel 1[0m create_environment_hook('my_package', 'ament_prefix_path')
[20.996s] [34mcolcon.colcon_core.shell[0m [1;30mINFO[0m Creating environment hook '/home/cadt-02/Object-Detection/ros2_ws/install/my_package/share/my_package/hook/ament_prefix_path.ps1'
[20.999s] [34mcolcon.colcon_core.shell[0m [1;30mINFO[0m Creating environment descriptor '/home/cadt-02/Object-Detection/ros2_ws/install/my_package/share/my_package/hook/ament_prefix_path.dsv'
[21.000s] [34mcolcon.colcon_core.shell[0m [1;30mINFO[0m Creating environment hook '/home/cadt-02/Object-Detection/ros2_ws/install/my_package/share/my_package/hook/ament_prefix_path.sh'
[21.289s] [34mcolcon.colcon_core.shell[0m [1;30mINFO[0m Skip shell extension 'powershell' for command environment: Not usable outside of PowerShell
[21.289s] [34mcolcon.colcon_core.shell[0m [1;30mDEBUG[0m [32mSkip shell extension 'dsv' for command environment[0m
[21.871s] [34mcolcon.colcon_ros.task.ament_python.build[0m [1;30mINFO[0m Building ROS package in '/home/cadt-02/Object-Detection/ros2_ws/src/object_detection' with build type 'ament_python'
[21.872s] [34mcolcon.colcon_core.shell[0m [1;30mLevel 1[0m create_environment_hook('object_detection', 'ament_prefix_path')
[22.162s] [34mcolcon.colcon_core.shell[0m [1;30mINFO[0m Creating environment hook '/home/cadt-02/Object-Detection/ros2_ws/install/object_detection/share/object_detection/hook/ament_prefix_path.ps1'
[22.163s] [34mcolcon.colcon_core.shell[0m [1;30mINFO[0m Creating environment descriptor '/home/cadt-02/Object-Detection/ros2_ws/install/object_detection/share/object_detection/hook/ament_prefix_path.dsv'
[22.164s] [34mcolcon.colcon_core.shell[0m [1;30mINFO[0m Creating environment hook '/home/cadt-02/Object-Detection/ros2_ws/install/object_detection/share/object_detection/hook/ament_prefix_path.sh'
[22.452s] [34mcolcon.colcon_core.shell[0m [1;30mINFO[0m Skip shell extension 'powershell' for command environment: Not usable outside of PowerShell
[22.452s] [34mcolcon.colcon_core.shell[0m [1;30mDEBUG[0m [32mSkip shell extension 'dsv' for command environment[0m
[23.058s] [34mcolcon.colcon_core.event_handler.log_command[0m [1;30mDEBUG[0m [32mInvoking command in '/home/cadt-02/Object-Detection/ros2_ws/build/micro_ros_agent': CMAKE_PREFIX_PATH=/opt/ros/foxy NX_CONNECTION=172.23.35.102 56659 172.23.34.34 4000 /home/cadt-02/.local/bin/cmake --build /home/cadt-02/Object-Detection/ros2_ws/build/micro_ros_agent -- -j6 -l6[0m
[23.587s] [34mcolcon.colcon_core.task.python.build[0m [1;30mINFO[0m Building Python package in '/home/cadt-02/Object-Detection/ros2_ws/src/my_package'
[23.912s] [34mcolcon.colcon_core.shell[0m [1;30mINFO[0m Skip shell extension 'powershell' for command environment: Not usable outside of PowerShell
[23.913s] [34mcolcon.colcon_core.shell[0m [1;30mDEBUG[0m [32mSkip shell extension 'dsv' for command environment[0m
[25.076s] [34mcolcon.colcon_core.task.python.build[0m [1;30mINFO[0m Building Python package in '/home/cadt-02/Object-Detection/ros2_ws/src/object_detection'
[25.399s] [34mcolcon.colcon_core.shell[0m [1;30mINFO[0m Skip shell extension 'powershell' for command environment: Not usable outside of PowerShell
[25.400s] [34mcolcon.colcon_core.shell[0m [1;30mDEBUG[0m [32mSkip shell extension 'dsv' for command environment[0m
[26.015s] [34mcolcon.colcon_core.event_handler.log_command[0m [1;30mDEBUG[0m [32mInvoked command in '/home/cadt-02/Object-Detection/ros2_ws/build/micro_ros_agent' returned '0': CMAKE_PREFIX_PATH=/opt/ros/foxy NX_CONNECTION=172.23.35.102 56659 172.23.34.34 4000 /home/cadt-02/.local/bin/cmake --build /home/cadt-02/Object-Detection/ros2_ws/build/micro_ros_agent -- -j6 -l6[0m
[26.219s] [34mcolcon.colcon_core.event_handler.log_command[0m [1;30mDEBUG[0m [32mInvoking command in '/home/cadt-02/Object-Detection/ros2_ws/build/micro_ros_agent': CMAKE_PREFIX_PATH=/opt/ros/foxy NX_CONNECTION=172.23.35.102 56659 172.23.34.34 4000 /home/cadt-02/.local/bin/cmake --install /home/cadt-02/Object-Detection/ros2_ws/build/micro_ros_agent[0m
[26.325s] [34mcolcon.colcon_core.environment[0m [1;30mLevel 1[0m create_environment_scripts_only(micro_ros_agent)
[26.327s] [34mcolcon.colcon_core.event_handler.log_command[0m [1;30mDEBUG[0m [32mInvoked command in '/home/cadt-02/Object-Detection/ros2_ws/build/micro_ros_agent' returned '0': CMAKE_PREFIX_PATH=/opt/ros/foxy NX_CONNECTION=172.23.35.102 56659 172.23.34.34 4000 /home/cadt-02/.local/bin/cmake --install /home/cadt-02/Object-Detection/ros2_ws/build/micro_ros_agent[0m
[26.651s] [34mcolcon.colcon_core.environment[0m [1;30mLevel 1[0m checking '/home/cadt-02/Object-Detection/ros2_ws/install/micro_ros_agent' for CMake module files
[26.652s] [34mcolcon.colcon_core.environment[0m [1;30mLevel 1[0m checking '/home/cadt-02/Object-Detection/ros2_ws/install/micro_ros_agent' for CMake config files
[26.652s] [34mcolcon.colcon_core.shell[0m [1;30mLevel 1[0m create_environment_hook('micro_ros_agent', 'cmake_prefix_path')
[26.941s] [34mcolcon.colcon_core.shell[0m [1;30mINFO[0m Creating environment hook '/home/cadt-02/Object-Detection/ros2_ws/install/micro_ros_agent/share/micro_ros_agent/hook/cmake_prefix_path.ps1'
[26.943s] [34mcolcon.colcon_core.shell[0m [1;30mINFO[0m Creating environment descriptor '/home/cadt-02/Object-Detection/ros2_ws/install/micro_ros_agent/share/micro_ros_agent/hook/cmake_prefix_path.dsv'
[26.944s] [34mcolcon.colcon_core.shell[0m [1;30mINFO[0m Creating environment hook '/home/cadt-02/Object-Detection/ros2_ws/install/micro_ros_agent/share/micro_ros_agent/hook/cmake_prefix_path.sh'
[26.945s] [34mcolcon.colcon_core.environment[0m [1;30mLevel 1[0m checking '/home/cadt-02/Object-Detection/ros2_ws/install/micro_ros_agent/lib'
[26.946s] [34mcolcon.colcon_core.shell[0m [1;30mLevel 1[0m create_environment_hook('micro_ros_agent', 'ld_library_path_lib')
[27.237s] [34mcolcon.colcon_core.shell[0m [1;30mINFO[0m Creating environment hook '/home/cadt-02/Object-Detection/ros2_ws/install/micro_ros_agent/share/micro_ros_agent/hook/ld_library_path_lib.ps1'
[27.238s] [34mcolcon.colcon_core.shell[0m [1;30mINFO[0m Creating environment descriptor '/home/cadt-02/Object-Detection/ros2_ws/install/micro_ros_agent/share/micro_ros_agent/hook/ld_library_path_lib.dsv'
[27.239s] [34mcolcon.colcon_core.shell[0m [1;30mINFO[0m Creating environment hook '/home/cadt-02/Object-Detection/ros2_ws/install/micro_ros_agent/share/micro_ros_agent/hook/ld_library_path_lib.sh'
[27.240s] [34mcolcon.colcon_core.environment[0m [1;30mLevel 1[0m checking '/home/cadt-02/Object-Detection/ros2_ws/install/micro_ros_agent/bin'
[27.240s] [34mcolcon.colcon_core.environment[0m [1;30mLevel 1[0m checking '/home/cadt-02/Object-Detection/ros2_ws/install/micro_ros_agent/lib/pkgconfig/micro_ros_agent.pc'
[27.241s] [34mcolcon.colcon_core.environment[0m [1;30mLevel 1[0m checking '/home/cadt-02/Object-Detection/ros2_ws/install/micro_ros_agent/lib/python3.8/site-packages'
[27.241s] [34mcolcon.colcon_core.environment[0m [1;30mLevel 1[0m checking '/home/cadt-02/Object-Detection/ros2_ws/install/micro_ros_agent/bin'
[27.532s] [34mcolcon.colcon_core.shell[0m [1;30mINFO[0m Creating package script '/home/cadt-02/Object-Detection/ros2_ws/install/micro_ros_agent/share/micro_ros_agent/package.ps1'
[27.535s] [34mcolcon.colcon_core.shell[0m [1;30mINFO[0m Creating package descriptor '/home/cadt-02/Object-Detection/ros2_ws/install/micro_ros_agent/share/micro_ros_agent/package.dsv'
[27.537s] [34mcolcon.colcon_core.shell[0m [1;30mINFO[0m Creating package script '/home/cadt-02/Object-Detection/ros2_ws/install/micro_ros_agent/share/micro_ros_agent/package.sh'
[27.539s] [34mcolcon.colcon_core.shell[0m [1;30mINFO[0m Creating package script '/home/cadt-02/Object-Detection/ros2_ws/install/micro_ros_agent/share/micro_ros_agent/package.bash'
[27.541s] [34mcolcon.colcon_core.shell[0m [1;30mINFO[0m Creating package script '/home/cadt-02/Object-Detection/ros2_ws/install/micro_ros_agent/share/micro_ros_agent/package.zsh'
[27.542s] [34mcolcon.colcon_core.environment[0m [1;30mLevel 1[0m create_file_with_runtime_dependencies(/home/cadt-02/Object-Detection/ros2_ws/install/micro_ros_agent/share/colcon-core/packages/micro_ros_agent)
[27.643s] [34mcolcon.colcon_core.event_handler.log_command[0m [1;30mDEBUG[0m [32mInvoking command in '/home/cadt-02/Object-Detection/ros2_ws/build/object_detection': NX_CONNECTION=172.23.35.102 56659 172.23.34.34 4000 PYTHONPATH=/home/cadt-02/Object-Detection/ros2_ws/build/object_detection/prefix_override:/home/cadt-02/Object-Detection/ros2_ws/install/object_detection/lib/python3.8/site-packages:${PYTHONPATH} /usr/bin/python3 setup.py develop --editable --build-directory /home/cadt-02/Object-Detection/ros2_ws/build/object_detection/build --no-deps install_data[0m
[27.658s] [34mcolcon.colcon_core.event_handler.log_command[0m [1;30mDEBUG[0m [32mInvoking command in '/home/cadt-02/Object-Detection/ros2_ws/build/my_package': NX_CONNECTION=172.23.35.102 56659 172.23.34.34 4000 PYTHONPATH=/home/cadt-02/Object-Detection/ros2_ws/build/my_package/prefix_override:/home/cadt-02/Object-Detection/ros2_ws/install/my_package/lib/python3.8/site-packages:${PYTHONPATH} /usr/bin/python3 setup.py develop --editable --build-directory /home/cadt-02/Object-Detection/ros2_ws/build/my_package/build --no-deps install_data[0m
[27.978s] [34mcolcon.colcon_core.environment[0m [1;30mLevel 1[0m create_environment_scripts_only(micro_ros_agent)
[28.304s] [34mcolcon.colcon_core.environment[0m [1;30mLevel 1[0m checking '/home/cadt-02/Object-Detection/ros2_ws/install/micro_ros_agent' for CMake module files
[28.305s] [34mcolcon.colcon_core.environment[0m [1;30mLevel 1[0m checking '/home/cadt-02/Object-Detection/ros2_ws/install/micro_ros_agent' for CMake config files
[28.306s] [34mcolcon.colcon_core.shell[0m [1;30mLevel 1[0m create_environment_hook('micro_ros_agent', 'cmake_prefix_path')
[28.622s] [34mcolcon.colcon_core.shell[0m [1;30mINFO[0m Creating environment hook '/home/cadt-02/Object-Detection/ros2_ws/install/micro_ros_agent/share/micro_ros_agent/hook/cmake_prefix_path.ps1'
[28.624s] [34mcolcon.colcon_core.shell[0m [1;30mINFO[0m Creating environment descriptor '/home/cadt-02/Object-Detection/ros2_ws/install/micro_ros_agent/share/micro_ros_agent/hook/cmake_prefix_path.dsv'
[28.624s] [34mcolcon.colcon_core.shell[0m [1;30mINFO[0m Creating environment hook '/home/cadt-02/Object-Detection/ros2_ws/install/micro_ros_agent/share/micro_ros_agent/hook/cmake_prefix_path.sh'
[28.626s] [34mcolcon.colcon_core.environment[0m [1;30mLevel 1[0m checking '/home/cadt-02/Object-Detection/ros2_ws/install/micro_ros_agent/lib'
[28.626s] [34mcolcon.colcon_core.shell[0m [1;30mLevel 1[0m create_environment_hook('micro_ros_agent', 'ld_library_path_lib')
[28.931s] [34mcolcon.colcon_core.shell[0m [1;30mINFO[0m Creating environment hook '/home/cadt-02/Object-Detection/ros2_ws/install/micro_ros_agent/share/micro_ros_agent/hook/ld_library_path_lib.ps1'
[28.933s] [34mcolcon.colcon_core.shell[0m [1;30mINFO[0m Creating environment descriptor '/home/cadt-02/Object-Detection/ros2_ws/install/micro_ros_agent/share/micro_ros_agent/hook/ld_library_path_lib.dsv'
[28.933s] [34mcolcon.colcon_core.shell[0m [1;30mINFO[0m Creating environment hook '/home/cadt-02/Object-Detection/ros2_ws/install/micro_ros_agent/share/micro_ros_agent/hook/ld_library_path_lib.sh'
[28.934s] [34mcolcon.colcon_core.environment[0m [1;30mLevel 1[0m checking '/home/cadt-02/Object-Detection/ros2_ws/install/micro_ros_agent/bin'
[28.935s] [34mcolcon.colcon_core.environment[0m [1;30mLevel 1[0m checking '/home/cadt-02/Object-Detection/ros2_ws/install/micro_ros_agent/lib/pkgconfig/micro_ros_agent.pc'
[28.935s] [34mcolcon.colcon_core.environment[0m [1;30mLevel 1[0m checking '/home/cadt-02/Object-Detection/ros2_ws/install/micro_ros_agent/lib/python3.8/site-packages'
[28.935s] [34mcolcon.colcon_core.environment[0m [1;30mLevel 1[0m checking '/home/cadt-02/Object-Detection/ros2_ws/install/micro_ros_agent/bin'
[29.242s] [34mcolcon.colcon_core.shell[0m [1;30mINFO[0m Creating package script '/home/cadt-02/Object-Detection/ros2_ws/install/micro_ros_agent/share/micro_ros_agent/package.ps1'
[29.244s] [34mcolcon.colcon_core.shell[0m [1;30mINFO[0m Creating package descriptor '/home/cadt-02/Object-Detection/ros2_ws/install/micro_ros_agent/share/micro_ros_agent/package.dsv'
[29.245s] [34mcolcon.colcon_core.shell[0m [1;30mINFO[0m Creating package script '/home/cadt-02/Object-Detection/ros2_ws/install/micro_ros_agent/share/micro_ros_agent/package.sh'
[29.246s] [34mcolcon.colcon_core.shell[0m [1;30mINFO[0m Creating package script '/home/cadt-02/Object-Detection/ros2_ws/install/micro_ros_agent/share/micro_ros_agent/package.bash'
[29.247s] [34mcolcon.colcon_core.shell[0m [1;30mINFO[0m Creating package script '/home/cadt-02/Object-Detection/ros2_ws/install/micro_ros_agent/share/micro_ros_agent/package.zsh'
[29.248s] [34mcolcon.colcon_core.environment[0m [1;30mLevel 1[0m create_file_with_runtime_dependencies(/home/cadt-02/Object-Detection/ros2_ws/install/micro_ros_agent/share/colcon-core/packages/micro_ros_agent)
[29.387s] [34mcolcon.colcon_core.shell[0m [1;30mLevel 1[0m create_environment_hook('object_detection', 'pythonpath_develop')
[29.388s] [34mcolcon.colcon_core.event_handler.log_command[0m [1;30mDEBUG[0m [32mInvoked command in '/home/cadt-02/Object-Detection/ros2_ws/build/object_detection' returned '0': NX_CONNECTION=172.23.35.102 56659 172.23.34.34 4000 PYTHONPATH=/home/cadt-02/Object-Detection/ros2_ws/build/object_detection/prefix_override:/home/cadt-02/Object-Detection/ros2_ws/install/object_detection/lib/python3.8/site-packages:${PYTHONPATH} /usr/bin/python3 setup.py develop --editable --build-directory /home/cadt-02/Object-Detection/ros2_ws/build/object_detection/build --no-deps install_data[0m
[29.707s] [34mcolcon.colcon_core.shell[0m [1;30mINFO[0m Creating environment hook '/home/cadt-02/Object-Detection/ros2_ws/build/object_detection/share/object_detection/hook/pythonpath_develop.ps1'
[29.708s] [34mcolcon.colcon_core.shell[0m [1;30mINFO[0m Creating environment descriptor '/home/cadt-02/Object-Detection/ros2_ws/build/object_detection/share/object_detection/hook/pythonpath_develop.dsv'
[29.709s] [34mcolcon.colcon_core.shell[0m [1;30mINFO[0m Creating environment hook '/home/cadt-02/Object-Detection/ros2_ws/build/object_detection/share/object_detection/hook/pythonpath_develop.sh'
[30.002s] [34mcolcon.colcon_core.environment[0m [1;30mLevel 1[0m checking '/home/cadt-02/Object-Detection/ros2_ws/install/object_detection' for CMake module files
[30.003s] [34mcolcon.colcon_core.environment[0m [1;30mLevel 1[0m checking '/home/cadt-02/Object-Detection/ros2_ws/install/object_detection' for CMake config files
[30.004s] [34mcolcon.colcon_core.environment[0m [1;30mLevel 1[0m checking '/home/cadt-02/Object-Detection/ros2_ws/install/object_detection/lib'
[30.005s] [34mcolcon.colcon_core.environment[0m [1;30mLevel 1[0m checking '/home/cadt-02/Object-Detection/ros2_ws/install/object_detection/bin'
[30.005s] [34mcolcon.colcon_core.environment[0m [1;30mLevel 1[0m checking '/home/cadt-02/Object-Detection/ros2_ws/install/object_detection/lib/pkgconfig/object_detection.pc'
[30.005s] [34mcolcon.colcon_core.environment[0m [1;30mLevel 1[0m checking '/home/cadt-02/Object-Detection/ros2_ws/install/object_detection/lib/python3.8/site-packages'
[30.005s] [34mcolcon.colcon_core.shell[0m [1;30mLevel 1[0m create_environment_hook('object_detection', 'pythonpath')
[30.300s] [34mcolcon.colcon_core.shell[0m [1;30mINFO[0m Creating environment hook '/home/cadt-02/Object-Detection/ros2_ws/install/object_detection/share/object_detection/hook/pythonpath.ps1'
[30.302s] [34mcolcon.colcon_core.shell[0m [1;30mINFO[0m Creating environment descriptor '/home/cadt-02/Object-Detection/ros2_ws/install/object_detection/share/object_detection/hook/pythonpath.dsv'
[30.303s] [34mcolcon.colcon_core.shell[0m [1;30mINFO[0m Creating environment hook '/home/cadt-02/Object-Detection/ros2_ws/install/object_detection/share/object_detection/hook/pythonpath.sh'
[30.304s] [34mcolcon.colcon_core.environment[0m [1;30mLevel 1[0m checking '/home/cadt-02/Object-Detection/ros2_ws/install/object_detection/bin'
[30.304s] [34mcolcon.colcon_core.environment[0m [1;30mLevel 1[0m create_environment_scripts_only(object_detection)
[30.594s] [34mcolcon.colcon_core.shell[0m [1;30mINFO[0m Creating package script '/home/cadt-02/Object-Detection/ros2_ws/install/object_detection/share/object_detection/package.ps1'
[30.595s] [34mcolcon.colcon_core.shell[0m [1;30mINFO[0m Creating package descriptor '/home/cadt-02/Object-Detection/ros2_ws/install/object_detection/share/object_detection/package.dsv'
[30.597s] [34mcolcon.colcon_core.shell[0m [1;30mINFO[0m Creating package script '/home/cadt-02/Object-Detection/ros2_ws/install/object_detection/share/object_detection/package.sh'
[30.598s] [34mcolcon.colcon_core.shell[0m [1;30mINFO[0m Creating package script '/home/cadt-02/Object-Detection/ros2_ws/install/object_detection/share/object_detection/package.bash'
[30.598s] [34mcolcon.colcon_core.shell[0m [1;30mINFO[0m Creating package script '/home/cadt-02/Object-Detection/ros2_ws/install/object_detection/share/object_detection/package.zsh'
[30.599s] [34mcolcon.colcon_core.environment[0m [1;30mLevel 1[0m create_file_with_runtime_dependencies(/home/cadt-02/Object-Detection/ros2_ws/install/object_detection/share/colcon-core/packages/object_detection)
[30.602s] [34mcolcon.colcon_core.shell[0m [1;30mLevel 1[0m create_environment_hook('my_package', 'pythonpath_develop')
[30.604s] [34mcolcon.colcon_core.event_handler.log_command[0m [1;30mDEBUG[0m [32mInvoked command in '/home/cadt-02/Object-Detection/ros2_ws/build/my_package' returned '0': NX_CONNECTION=172.23.35.102 56659 172.23.34.34 4000 PYTHONPATH=/home/cadt-02/Object-Detection/ros2_ws/build/my_package/prefix_override:/home/cadt-02/Object-Detection/ros2_ws/install/my_package/lib/python3.8/site-packages:${PYTHONPATH} /usr/bin/python3 setup.py develop --editable --build-directory /home/cadt-02/Object-Detection/ros2_ws/build/my_package/build --no-deps install_data[0m
[30.893s] [34mcolcon.colcon_core.shell[0m [1;30mINFO[0m Creating environment hook '/home/cadt-02/Object-Detection/ros2_ws/build/my_package/share/my_package/hook/pythonpath_develop.ps1'
[30.894s] [34mcolcon.colcon_core.shell[0m [1;30mINFO[0m Creating environment descriptor '/home/cadt-02/Object-Detection/ros2_ws/build/my_package/share/my_package/hook/pythonpath_develop.dsv'
[30.895s] [34mcolcon.colcon_core.shell[0m [1;30mINFO[0m Creating environment hook '/home/cadt-02/Object-Detection/ros2_ws/build/my_package/share/my_package/hook/pythonpath_develop.sh'
[31.186s] [34mcolcon.colcon_core.environment[0m [1;30mLevel 1[0m checking '/home/cadt-02/Object-Detection/ros2_ws/install/my_package' for CMake module files
[31.187s] [34mcolcon.colcon_core.environment[0m [1;30mLevel 1[0m checking '/home/cadt-02/Object-Detection/ros2_ws/install/my_package' for CMake config files
[31.188s] [34mcolcon.colcon_core.environment[0m [1;30mLevel 1[0m checking '/home/cadt-02/Object-Detection/ros2_ws/install/my_package/lib'
[31.188s] [34mcolcon.colcon_core.environment[0m [1;30mLevel 1[0m checking '/home/cadt-02/Object-Detection/ros2_ws/install/my_package/bin'
[31.188s] [34mcolcon.colcon_core.environment[0m [1;30mLevel 1[0m checking '/home/cadt-02/Object-Detection/ros2_ws/install/my_package/lib/pkgconfig/my_package.pc'
[31.189s] [34mcolcon.colcon_core.environment[0m [1;30mLevel 1[0m checking '/home/cadt-02/Object-Detection/ros2_ws/install/my_package/lib/python3.8/site-packages'
[31.189s] [34mcolcon.colcon_core.shell[0m [1;30mLevel 1[0m create_environment_hook('my_package', 'pythonpath')
[31.503s] [34mcolcon.colcon_core.shell[0m [1;30mINFO[0m Creating environment hook '/home/cadt-02/Object-Detection/ros2_ws/install/my_package/share/my_package/hook/pythonpath.ps1'
[31.504s] [34mcolcon.colcon_core.shell[0m [1;30mINFO[0m Creating environment descriptor '/home/cadt-02/Object-Detection/ros2_ws/install/my_package/share/my_package/hook/pythonpath.dsv'
[31.505s] [34mcolcon.colcon_core.shell[0m [1;30mINFO[0m Creating environment hook '/home/cadt-02/Object-Detection/ros2_ws/install/my_package/share/my_package/hook/pythonpath.sh'
[31.506s] [34mcolcon.colcon_core.environment[0m [1;30mLevel 1[0m checking '/home/cadt-02/Object-Detection/ros2_ws/install/my_package/bin'
[31.506s] [34mcolcon.colcon_core.environment[0m [1;30mLevel 1[0m create_environment_scripts_only(my_package)
[31.824s] [34mcolcon.colcon_core.shell[0m [1;30mINFO[0m Creating package script '/home/cadt-02/Object-Detection/ros2_ws/install/my_package/share/my_package/package.ps1'
[31.826s] [34mcolcon.colcon_core.shell[0m [1;30mINFO[0m Creating package descriptor '/home/cadt-02/Object-Detection/ros2_ws/install/my_package/share/my_package/package.dsv'
[31.827s] [34mcolcon.colcon_core.shell[0m [1;30mINFO[0m Creating package script '/home/cadt-02/Object-Detection/ros2_ws/install/my_package/share/my_package/package.sh'
[31.829s] [34mcolcon.colcon_core.shell[0m [1;30mINFO[0m Creating package script '/home/cadt-02/Object-Detection/ros2_ws/install/my_package/share/my_package/package.bash'
[31.830s] [34mcolcon.colcon_core.shell[0m [1;30mINFO[0m Creating package script '/home/cadt-02/Object-Detection/ros2_ws/install/my_package/share/my_package/package.zsh'
[31.831s] [34mcolcon.colcon_core.environment[0m [1;30mLevel 1[0m create_file_with_runtime_dependencies(/home/cadt-02/Object-Detection/ros2_ws/install/my_package/share/colcon-core/packages/my_package)
[31.832s] [34mcolcon.colcon_parallel_executor.executor.parallel[0m [1;30mDEBUG[0m [32mclosing loop[0m
[31.834s] [34mcolcon.colcon_parallel_executor.executor.parallel[0m [1;30mDEBUG[0m [32mloop closed[0m
[31.835s] [34mcolcon.colcon_parallel_executor.executor.parallel[0m [1;30mDEBUG[0m [32mrun_until_complete finished with '0'[0m
[31.835s] [34mcolcon.colcon_core.event_reactor[0m [1;30mDEBUG[0m [32mjoining thread[0m
[32.151s] [34mcolcon.colcon_core.plugin_system[0m [1;30mINFO[0m Skipping extension 'colcon_notification.desktop_notification.terminal_notifier': Not used on non-Darwin systems
[32.151s] [34mcolcon.colcon_core.plugin_system[0m [1;30mINFO[0m Skipping extension 'colcon_notification.desktop_notification.win32': Not used on non-Windows systems
[32.151s] [34mcolcon.colcon_notification.desktop_notification[0m [1;30mINFO[0m Sending desktop notification using 'notify2'
[32.225s] [34mcolcon.colcon_core.event_reactor[0m [1;30mDEBUG[0m [32mjoined thread[0m
[32.518s] [34mcolcon.colcon_core.shell[0m [1;30mINFO[0m Creating prefix script '/home/cadt-02/Object-Detection/ros2_ws/install/local_setup.ps1'
[32.521s] [34mcolcon.colcon_core.shell[0m [1;30mINFO[0m Creating prefix util module '/home/cadt-02/Object-Detection/ros2_ws/install/_local_setup_util_ps1.py'
[32.523s] [34mcolcon.colcon_core.shell[0m [1;30mINFO[0m Creating prefix chain script '/home/cadt-02/Object-Detection/ros2_ws/install/setup.ps1'
[32.808s] [34mcolcon.colcon_core.shell[0m [1;30mINFO[0m Creating prefix script '/home/cadt-02/Object-Detection/ros2_ws/install/local_setup.sh'
[32.809s] [34mcolcon.colcon_core.shell[0m [1;30mINFO[0m Creating prefix util module '/home/cadt-02/Object-Detection/ros2_ws/install/_local_setup_util_sh.py'
[32.810s] [34mcolcon.colcon_core.shell[0m [1;30mINFO[0m Creating prefix chain script '/home/cadt-02/Object-Detection/ros2_ws/install/setup.sh'
[33.095s] [34mcolcon.colcon_core.shell[0m [1;30mINFO[0m Creating prefix script '/home/cadt-02/Object-Detection/ros2_ws/install/local_setup.bash'
[33.097s] [34mcolcon.colcon_core.shell[0m [1;30mINFO[0m Creating prefix chain script '/home/cadt-02/Object-Detection/ros2_ws/install/setup.bash'
[33.382s] [34mcolcon.colcon_core.shell[0m [1;30mINFO[0m Creating prefix script '/home/cadt-02/Object-Detection/ros2_ws/install/local_setup.zsh'
[33.384s] [34mcolcon.colcon_core.shell[0m [1;30mINFO[0m Creating prefix chain script '/home/cadt-02/Object-Detection/ros2_ws/install/setup.zsh'
