[14.833s] DEBUG:colcon:Command line arguments: ['/usr/local/bin/colcon', 'build']
[14.833s] DEBUG:colcon:Parsed command line arguments: Namespace(ament_cmake_args=None, base_paths=['.'], build_base='build', catkin_cmake_args=None, catkin_skip_building_tests=False, cmake_args=None, cmake_clean_cache=False, cmake_clean_first=False, cmake_force_configure=False, cmake_target=None, cmake_target_skip_unavailable=False, continue_on_error=False, event_handlers=None, executor='parallel', ignore_user_meta=False, install_base='install', log_base=None, log_level=None, main=<bound method BuildVerb.main of <colcon_core.verb.build.BuildVerb object at 0xffffb0a8bc70>>, merge_install=False, metas=['./colcon.meta'], packages_above=None, packages_above_and_dependencies=None, packages_above_depth=None, packages_end=None, packages_ignore=None, packages_ignore_regex=None, packages_select=None, packages_select_build_failed=False, packages_select_by_dep=None, packages_select_regex=None, packages_select_test_failures=False, packages_skip=None, packages_skip_build_finished=False, packages_skip_by_dep=None, packages_skip_regex=None, packages_skip_test_passed=False, packages_skip_up_to=None, packages_start=None, packages_up_to=None, packages_up_to_regex=None, parallel_workers=6, paths=None, symlink_install=False, test_result_base=None, verb_extension=<colcon_core.verb.build.BuildVerb object at 0xffffb0a8bc70>, verb_name='build', verb_parser=<colcon_defaults.argument_parser.defaults.DefaultArgumentsDecorator object at 0xffffb079ddf0>)
[15.473s] Level 1:colcon.colcon_core.package_discovery:discover_packages(colcon_meta) check parameters
[15.473s] Level 1:colcon.colcon_core.package_discovery:discover_packages(recursive) check parameters
[15.473s] Level 1:colcon.colcon_core.package_discovery:discover_packages(ignore) check parameters
[15.473s] Level 1:colcon.colcon_core.package_discovery:discover_packages(path) check parameters
[15.473s] Level 1:colcon.colcon_core.package_discovery:discover_packages(colcon_meta) discover
[15.473s] Level 1:colcon.colcon_core.package_discovery:discover_packages(recursive) discover
[15.474s] INFO:colcon.colcon_core.package_discovery:Crawling recursively for packages in '/home/cadt-02/Object-Detection/ros2_ws'
[15.474s] Level 1:colcon.colcon_core.package_identification:_identify(.) by extensions ['ignore', 'ignore_ament_install']
[15.474s] Level 1:colcon.colcon_core.package_identification:_identify(.) by extension 'ignore'
[15.474s] Level 1:colcon.colcon_core.package_identification:_identify(.) by extension 'ignore_ament_install'
[15.474s] Level 1:colcon.colcon_core.package_identification:_identify(.) by extensions ['colcon_pkg']
[15.475s] Level 1:colcon.colcon_core.package_identification:_identify(.) by extension 'colcon_pkg'
[15.475s] Level 1:colcon.colcon_core.package_identification:_identify(.) by extensions ['colcon_meta']
[15.475s] Level 1:colcon.colcon_core.package_identification:_identify(.) by extension 'colcon_meta'
[15.475s] Level 1:colcon.colcon_core.package_identification:_identify(.) by extensions ['ros']
[15.475s] Level 1:colcon.colcon_core.package_identification:_identify(.) by extension 'ros'
[15.527s] Level 1:colcon.colcon_core.package_identification:_identify(.) by extensions ['cmake', 'python']
[15.528s] Level 1:colcon.colcon_core.package_identification:_identify(.) by extension 'cmake'
[15.528s] Level 1:colcon.colcon_core.package_identification:_identify(.) by extension 'python'
[15.528s] Level 1:colcon.colcon_core.package_identification:_identify(.) by extensions ['python_setup_py']
[15.528s] Level 1:colcon.colcon_core.package_identification:_identify(.) by extension 'python_setup_py'
[15.528s] Level 1:colcon.colcon_core.package_identification:_identify(build) by extensions ['ignore', 'ignore_ament_install']
[15.528s] Level 1:colcon.colcon_core.package_identification:_identify(build) by extension 'ignore'
[15.529s] Level 1:colcon.colcon_core.package_identification:_identify(build) ignored
[15.529s] Level 1:colcon.colcon_core.package_identification:_identify(install) by extensions ['ignore', 'ignore_ament_install']
[15.529s] Level 1:colcon.colcon_core.package_identification:_identify(install) by extension 'ignore'
[15.529s] Level 1:colcon.colcon_core.package_identification:_identify(install) ignored
[15.530s] Level 1:colcon.colcon_core.package_identification:_identify(log) by extensions ['ignore', 'ignore_ament_install']
[15.530s] Level 1:colcon.colcon_core.package_identification:_identify(log) by extension 'ignore'
[15.530s] Level 1:colcon.colcon_core.package_identification:_identify(log) ignored
[15.530s] Level 1:colcon.colcon_core.package_identification:_identify(src) by extensions ['ignore', 'ignore_ament_install']
[15.530s] Level 1:colcon.colcon_core.package_identification:_identify(src) by extension 'ignore'
[15.530s] Level 1:colcon.colcon_core.package_identification:_identify(src) by extension 'ignore_ament_install'
[15.531s] Level 1:colcon.colcon_core.package_identification:_identify(src) by extensions ['colcon_pkg']
[15.531s] Level 1:colcon.colcon_core.package_identification:_identify(src) by extension 'colcon_pkg'
[15.531s] Level 1:colcon.colcon_core.package_identification:_identify(src) by extensions ['colcon_meta']
[15.531s] Level 1:colcon.colcon_core.package_identification:_identify(src) by extension 'colcon_meta'
[15.531s] Level 1:colcon.colcon_core.package_identification:_identify(src) by extensions ['ros']
[15.531s] Level 1:colcon.colcon_core.package_identification:_identify(src) by extension 'ros'
[15.531s] Level 1:colcon.colcon_core.package_identification:_identify(src) by extensions ['cmake', 'python']
[15.531s] Level 1:colcon.colcon_core.package_identification:_identify(src) by extension 'cmake'
[15.531s] Level 1:colcon.colcon_core.package_identification:_identify(src) by extension 'python'
[15.531s] Level 1:colcon.colcon_core.package_identification:_identify(src) by extensions ['python_setup_py']
[15.532s] Level 1:colcon.colcon_core.package_identification:_identify(src) by extension 'python_setup_py'
[15.532s] Level 1:colcon.colcon_core.package_identification:_identify(src/my_package) by extensions ['ignore', 'ignore_ament_install']
[15.532s] Level 1:colcon.colcon_core.package_identification:_identify(src/my_package) by extension 'ignore'
[15.532s] Level 1:colcon.colcon_core.package_identification:_identify(src/my_package) by extension 'ignore_ament_install'
[15.532s] Level 1:colcon.colcon_core.package_identification:_identify(src/my_package) by extensions ['colcon_pkg']
[15.532s] Level 1:colcon.colcon_core.package_identification:_identify(src/my_package) by extension 'colcon_pkg'
[15.532s] Level 1:colcon.colcon_core.package_identification:_identify(src/my_package) by extensions ['colcon_meta']
[15.532s] Level 1:colcon.colcon_core.package_identification:_identify(src/my_package) by extension 'colcon_meta'
[15.533s] Level 1:colcon.colcon_core.package_identification:_identify(src/my_package) by extensions ['ros']
[15.533s] Level 1:colcon.colcon_core.package_identification:_identify(src/my_package) by extension 'ros'
[15.538s] DEBUG:colcon.colcon_core.package_identification:Package 'src/my_package' with type 'ros.ament_python' and name 'my_package'
[15.539s] Level 1:colcon.colcon_core.package_identification:_identify(src/object_detection) by extensions ['ignore', 'ignore_ament_install']
[15.539s] Level 1:colcon.colcon_core.package_identification:_identify(src/object_detection) by extension 'ignore'
[15.539s] Level 1:colcon.colcon_core.package_identification:_identify(src/object_detection) by extension 'ignore_ament_install'
[15.539s] Level 1:colcon.colcon_core.package_identification:_identify(src/object_detection) by extensions ['colcon_pkg']
[15.539s] Level 1:colcon.colcon_core.package_identification:_identify(src/object_detection) by extension 'colcon_pkg'
[15.539s] Level 1:colcon.colcon_core.package_identification:_identify(src/object_detection) by extensions ['colcon_meta']
[15.539s] Level 1:colcon.colcon_core.package_identification:_identify(src/object_detection) by extension 'colcon_meta'
[15.540s] Level 1:colcon.colcon_core.package_identification:_identify(src/object_detection) by extensions ['ros']
[15.540s] Level 1:colcon.colcon_core.package_identification:_identify(src/object_detection) by extension 'ros'
[15.541s] DEBUG:colcon.colcon_core.package_identification:Package 'src/object_detection' with type 'ros.ament_python' and name 'object_detection'
[15.541s] Level 1:colcon.colcon_core.package_discovery:discover_packages(recursive) using defaults
[15.541s] Level 1:colcon.colcon_core.package_discovery:discover_packages(ignore) discover
[15.541s] Level 1:colcon.colcon_core.package_discovery:discover_packages(ignore) using defaults
[15.541s] Level 1:colcon.colcon_core.package_discovery:discover_packages(path) discover
[15.541s] Level 1:colcon.colcon_core.package_discovery:discover_packages(path) using defaults
[16.634s] Level 5:colcon.colcon_core.verb:set package 'my_package' build argument 'cmake_args' from command line to 'None'
[16.635s] Level 5:colcon.colcon_core.verb:set package 'my_package' build argument 'cmake_target' from command line to 'None'
[16.635s] Level 5:colcon.colcon_core.verb:set package 'my_package' build argument 'cmake_target_skip_unavailable' from command line to 'False'
[16.635s] Level 5:colcon.colcon_core.verb:set package 'my_package' build argument 'cmake_clean_cache' from command line to 'False'
[16.635s] Level 5:colcon.colcon_core.verb:set package 'my_package' build argument 'cmake_clean_first' from command line to 'False'
[16.635s] Level 5:colcon.colcon_core.verb:set package 'my_package' build argument 'cmake_force_configure' from command line to 'False'
[16.635s] Level 5:colcon.colcon_core.verb:set package 'my_package' build argument 'ament_cmake_args' from command line to 'None'
[16.635s] Level 5:colcon.colcon_core.verb:set package 'my_package' build argument 'catkin_cmake_args' from command line to 'None'
[16.635s] Level 5:colcon.colcon_core.verb:set package 'my_package' build argument 'catkin_skip_building_tests' from command line to 'False'
[16.635s] DEBUG:colcon.colcon_core.verb:Building package 'my_package' with the following arguments: {'ament_cmake_args': None, 'build_base': '/home/cadt-02/Object-Detection/ros2_ws/build/my_package', 'catkin_cmake_args': None, 'catkin_skip_building_tests': False, 'cmake_args': None, 'cmake_clean_cache': False, 'cmake_clean_first': False, 'cmake_force_configure': False, 'cmake_target': None, 'cmake_target_skip_unavailable': False, 'install_base': '/home/cadt-02/Object-Detection/ros2_ws/install/my_package', 'merge_install': False, 'path': '/home/cadt-02/Object-Detection/ros2_ws/src/my_package', 'symlink_install': False, 'test_result_base': None}
[16.898s] Level 5:colcon.colcon_core.verb:set package 'object_detection' build argument 'cmake_args' from command line to 'None'
[16.898s] Level 5:colcon.colcon_core.verb:set package 'object_detection' build argument 'cmake_target' from command line to 'None'
[16.898s] Level 5:colcon.colcon_core.verb:set package 'object_detection' build argument 'cmake_target_skip_unavailable' from command line to 'False'
[16.898s] Level 5:colcon.colcon_core.verb:set package 'object_detection' build argument 'cmake_clean_cache' from command line to 'False'
[16.898s] Level 5:colcon.colcon_core.verb:set package 'object_detection' build argument 'cmake_clean_first' from command line to 'False'
[16.898s] Level 5:colcon.colcon_core.verb:set package 'object_detection' build argument 'cmake_force_configure' from command line to 'False'
[16.898s] Level 5:colcon.colcon_core.verb:set package 'object_detection' build argument 'ament_cmake_args' from command line to 'None'
[16.898s] Level 5:colcon.colcon_core.verb:set package 'object_detection' build argument 'catkin_cmake_args' from command line to 'None'
[16.899s] Level 5:colcon.colcon_core.verb:set package 'object_detection' build argument 'catkin_skip_building_tests' from command line to 'False'
[16.899s] DEBUG:colcon.colcon_core.verb:Building package 'object_detection' with the following arguments: {'ament_cmake_args': None, 'build_base': '/home/cadt-02/Object-Detection/ros2_ws/build/object_detection', 'catkin_cmake_args': None, 'catkin_skip_building_tests': False, 'cmake_args': None, 'cmake_clean_cache': False, 'cmake_clean_first': False, 'cmake_force_configure': False, 'cmake_target': None, 'cmake_target_skip_unavailable': False, 'install_base': '/home/cadt-02/Object-Detection/ros2_ws/install/object_detection', 'merge_install': False, 'path': '/home/cadt-02/Object-Detection/ros2_ws/src/object_detection', 'symlink_install': False, 'test_result_base': None}
[17.160s] INFO:colcon.colcon_core.executor:Executing jobs using 'parallel' executor
[17.425s] DEBUG:colcon.colcon_parallel_executor.executor.parallel:run_until_complete
[17.425s] INFO:colcon.colcon_ros.task.ament_python.build:Building ROS package in '/home/cadt-02/Object-Detection/ros2_ws/src/my_package' with build type 'ament_python'
[17.426s] Level 1:colcon.colcon_core.shell:create_environment_hook('my_package', 'ament_prefix_path')
[17.696s] INFO:colcon.colcon_core.plugin_system:Skipping extension 'colcon_core.shell.bat': Not used on non-Windows systems
[17.696s] INFO:colcon.colcon_core.shell:Creating environment hook '/home/cadt-02/Object-Detection/ros2_ws/install/my_package/share/my_package/hook/ament_prefix_path.ps1'
[17.698s] INFO:colcon.colcon_core.shell:Creating environment descriptor '/home/cadt-02/Object-Detection/ros2_ws/install/my_package/share/my_package/hook/ament_prefix_path.dsv'
[17.699s] INFO:colcon.colcon_core.shell:Creating environment hook '/home/cadt-02/Object-Detection/ros2_ws/install/my_package/share/my_package/hook/ament_prefix_path.sh'
[17.969s] INFO:colcon.colcon_core.shell:Skip shell extension 'powershell' for command environment: Not usable outside of PowerShell
[17.969s] DEBUG:colcon.colcon_core.shell:Skip shell extension 'dsv' for command environment
[18.782s] INFO:colcon.colcon_ros.task.ament_python.build:Building ROS package in '/home/cadt-02/Object-Detection/ros2_ws/src/object_detection' with build type 'ament_python'
[18.783s] Level 1:colcon.colcon_core.shell:create_environment_hook('object_detection', 'ament_prefix_path')
[19.075s] INFO:colcon.colcon_core.shell:Creating environment hook '/home/cadt-02/Object-Detection/ros2_ws/install/object_detection/share/object_detection/hook/ament_prefix_path.ps1'
[19.076s] INFO:colcon.colcon_core.shell:Creating environment descriptor '/home/cadt-02/Object-Detection/ros2_ws/install/object_detection/share/object_detection/hook/ament_prefix_path.dsv'
[19.077s] INFO:colcon.colcon_core.shell:Creating environment hook '/home/cadt-02/Object-Detection/ros2_ws/install/object_detection/share/object_detection/hook/ament_prefix_path.sh'
[19.345s] INFO:colcon.colcon_core.shell:Skip shell extension 'powershell' for command environment: Not usable outside of PowerShell
[19.345s] DEBUG:colcon.colcon_core.shell:Skip shell extension 'dsv' for command environment
[20.670s] INFO:colcon.colcon_core.task.python.build:Building Python package in '/home/cadt-02/Object-Detection/ros2_ws/src/my_package'
[20.939s] INFO:colcon.colcon_core.shell:Skip shell extension 'powershell' for command environment: Not usable outside of PowerShell
[20.940s] DEBUG:colcon.colcon_core.shell:Skip shell extension 'dsv' for command environment
[22.209s] INFO:colcon.colcon_core.task.python.build:Building Python package in '/home/cadt-02/Object-Detection/ros2_ws/src/object_detection'
[22.477s] INFO:colcon.colcon_core.shell:Skip shell extension 'powershell' for command environment: Not usable outside of PowerShell
[22.478s] DEBUG:colcon.colcon_core.shell:Skip shell extension 'dsv' for command environment
[24.655s] DEBUG:colcon.colcon_core.event_handler.log_command:Invoking command in '/home/cadt-02/Object-Detection/ros2_ws/src/my_package': PYTHONPATH=/home/cadt-02/Object-Detection/ros2_ws/build/my_package/prefix_override:/home/cadt-02/Object-Detection/ros2_ws/install/my_package/lib/python3.8/site-packages:${PYTHONPATH} /usr/bin/python3 setup.py egg_info --egg-base ../../build/my_package build --build-base /home/cadt-02/Object-Detection/ros2_ws/build/my_package/build install --record /home/cadt-02/Object-Detection/ros2_ws/build/my_package/install.log --install-scripts $base/lib/my_package --single-version-externally-managed
[24.677s] DEBUG:colcon.colcon_core.event_handler.log_command:Invoking command in '/home/cadt-02/Object-Detection/ros2_ws/src/object_detection': PYTHONPATH=/home/cadt-02/Object-Detection/ros2_ws/build/object_detection/prefix_override:/home/cadt-02/Object-Detection/ros2_ws/install/object_detection/lib/python3.8/site-packages:${PYTHONPATH} /usr/bin/python3 setup.py egg_info --egg-base ../../build/object_detection build --build-base /home/cadt-02/Object-Detection/ros2_ws/build/object_detection/build install --record /home/cadt-02/Object-Detection/ros2_ws/build/object_detection/install.log --install-scripts $base/lib/object_detection --single-version-externally-managed
[25.846s] DEBUG:colcon.colcon_core.event_handler.log_command:Invoked command in '/home/cadt-02/Object-Detection/ros2_ws/src/my_package' returned '0': PYTHONPATH=/home/cadt-02/Object-Detection/ros2_ws/build/my_package/prefix_override:/home/cadt-02/Object-Detection/ros2_ws/install/my_package/lib/python3.8/site-packages:${PYTHONPATH} /usr/bin/python3 setup.py egg_info --egg-base ../../build/my_package build --build-base /home/cadt-02/Object-Detection/ros2_ws/build/my_package/build install --record /home/cadt-02/Object-Detection/ros2_ws/build/my_package/install.log --install-scripts $base/lib/my_package --single-version-externally-managed
[26.140s] Level 1:colcon.colcon_core.environment:checking '/home/cadt-02/Object-Detection/ros2_ws/install/my_package' for CMake module files
[26.141s] Level 1:colcon.colcon_core.environment:checking '/home/cadt-02/Object-Detection/ros2_ws/install/my_package' for CMake config files
[26.143s] Level 1:colcon.colcon_core.environment:checking '/home/cadt-02/Object-Detection/ros2_ws/install/my_package/lib'
[26.144s] Level 1:colcon.colcon_core.environment:checking '/home/cadt-02/Object-Detection/ros2_ws/install/my_package/bin'
[26.144s] Level 1:colcon.colcon_core.environment:checking '/home/cadt-02/Object-Detection/ros2_ws/install/my_package/lib/pkgconfig/my_package.pc'
[26.144s] Level 1:colcon.colcon_core.environment:checking '/home/cadt-02/Object-Detection/ros2_ws/install/my_package/lib/python3.8/site-packages'
[26.144s] Level 1:colcon.colcon_core.shell:create_environment_hook('my_package', 'pythonpath')
[26.409s] INFO:colcon.colcon_core.shell:Creating environment hook '/home/cadt-02/Object-Detection/ros2_ws/install/my_package/share/my_package/hook/pythonpath.ps1'
[26.411s] INFO:colcon.colcon_core.shell:Creating environment descriptor '/home/cadt-02/Object-Detection/ros2_ws/install/my_package/share/my_package/hook/pythonpath.dsv'
[26.412s] INFO:colcon.colcon_core.shell:Creating environment hook '/home/cadt-02/Object-Detection/ros2_ws/install/my_package/share/my_package/hook/pythonpath.sh'
[26.413s] Level 1:colcon.colcon_core.environment:checking '/home/cadt-02/Object-Detection/ros2_ws/install/my_package/bin'
[26.413s] Level 1:colcon.colcon_core.environment:create_environment_scripts_only(my_package)
[26.678s] INFO:colcon.colcon_core.shell:Creating package script '/home/cadt-02/Object-Detection/ros2_ws/install/my_package/share/my_package/package.ps1'
[26.680s] INFO:colcon.colcon_core.shell:Creating package descriptor '/home/cadt-02/Object-Detection/ros2_ws/install/my_package/share/my_package/package.dsv'
[26.681s] INFO:colcon.colcon_core.shell:Creating package script '/home/cadt-02/Object-Detection/ros2_ws/install/my_package/share/my_package/package.sh'
[26.683s] INFO:colcon.colcon_core.shell:Creating package script '/home/cadt-02/Object-Detection/ros2_ws/install/my_package/share/my_package/package.bash'
[26.684s] INFO:colcon.colcon_core.shell:Creating package script '/home/cadt-02/Object-Detection/ros2_ws/install/my_package/share/my_package/package.zsh'
[26.687s] Level 1:colcon.colcon_core.environment:create_file_with_runtime_dependencies(/home/cadt-02/Object-Detection/ros2_ws/install/my_package/share/colcon-core/packages/my_package)
[26.692s] DEBUG:colcon.colcon_core.event_handler.log_command:Invoked command in '/home/cadt-02/Object-Detection/ros2_ws/src/object_detection' returned '0': PYTHONPATH=/home/cadt-02/Object-Detection/ros2_ws/build/object_detection/prefix_override:/home/cadt-02/Object-Detection/ros2_ws/install/object_detection/lib/python3.8/site-packages:${PYTHONPATH} /usr/bin/python3 setup.py egg_info --egg-base ../../build/object_detection build --build-base /home/cadt-02/Object-Detection/ros2_ws/build/object_detection/build install --record /home/cadt-02/Object-Detection/ros2_ws/build/object_detection/install.log --install-scripts $base/lib/object_detection --single-version-externally-managed
[26.977s] Level 1:colcon.colcon_core.environment:checking '/home/cadt-02/Object-Detection/ros2_ws/install/object_detection' for CMake module files
[26.979s] Level 1:colcon.colcon_core.environment:checking '/home/cadt-02/Object-Detection/ros2_ws/install/object_detection' for CMake config files
[26.980s] Level 1:colcon.colcon_core.environment:checking '/home/cadt-02/Object-Detection/ros2_ws/install/object_detection/lib'
[26.980s] Level 1:colcon.colcon_core.environment:checking '/home/cadt-02/Object-Detection/ros2_ws/install/object_detection/bin'
[26.980s] Level 1:colcon.colcon_core.environment:checking '/home/cadt-02/Object-Detection/ros2_ws/install/object_detection/lib/pkgconfig/object_detection.pc'
[26.981s] Level 1:colcon.colcon_core.environment:checking '/home/cadt-02/Object-Detection/ros2_ws/install/object_detection/lib/python3.8/site-packages'
[26.981s] Level 1:colcon.colcon_core.shell:create_environment_hook('object_detection', 'pythonpath')
[27.282s] INFO:colcon.colcon_core.shell:Creating environment hook '/home/cadt-02/Object-Detection/ros2_ws/install/object_detection/share/object_detection/hook/pythonpath.ps1'
[27.283s] INFO:colcon.colcon_core.shell:Creating environment descriptor '/home/cadt-02/Object-Detection/ros2_ws/install/object_detection/share/object_detection/hook/pythonpath.dsv'
[27.284s] INFO:colcon.colcon_core.shell:Creating environment hook '/home/cadt-02/Object-Detection/ros2_ws/install/object_detection/share/object_detection/hook/pythonpath.sh'
[27.285s] Level 1:colcon.colcon_core.environment:checking '/home/cadt-02/Object-Detection/ros2_ws/install/object_detection/bin'
[27.286s] Level 1:colcon.colcon_core.environment:create_environment_scripts_only(object_detection)
[27.561s] INFO:colcon.colcon_core.shell:Creating package script '/home/cadt-02/Object-Detection/ros2_ws/install/object_detection/share/object_detection/package.ps1'
[27.563s] INFO:colcon.colcon_core.shell:Creating package descriptor '/home/cadt-02/Object-Detection/ros2_ws/install/object_detection/share/object_detection/package.dsv'
[27.564s] INFO:colcon.colcon_core.shell:Creating package script '/home/cadt-02/Object-Detection/ros2_ws/install/object_detection/share/object_detection/package.sh'
[27.565s] INFO:colcon.colcon_core.shell:Creating package script '/home/cadt-02/Object-Detection/ros2_ws/install/object_detection/share/object_detection/package.bash'
[27.566s] INFO:colcon.colcon_core.shell:Creating package script '/home/cadt-02/Object-Detection/ros2_ws/install/object_detection/share/object_detection/package.zsh'
[27.566s] Level 1:colcon.colcon_core.environment:create_file_with_runtime_dependencies(/home/cadt-02/Object-Detection/ros2_ws/install/object_detection/share/colcon-core/packages/object_detection)
[27.567s] DEBUG:colcon.colcon_parallel_executor.executor.parallel:closing loop
[27.568s] DEBUG:colcon.colcon_parallel_executor.executor.parallel:loop closed
[27.568s] DEBUG:colcon.colcon_parallel_executor.executor.parallel:run_until_complete finished with '0'
[27.569s] DEBUG:colcon.colcon_core.event_reactor:joining thread
[27.867s] INFO:colcon.colcon_core.plugin_system:Skipping extension 'colcon_notification.desktop_notification.terminal_notifier': Not used on non-Darwin systems
[27.867s] INFO:colcon.colcon_core.plugin_system:Skipping extension 'colcon_notification.desktop_notification.win32': Not used on non-Windows systems
[27.867s] INFO:colcon.colcon_notification.desktop_notification:Sending desktop notification using 'notify2'
[27.907s] DEBUG:colcon.colcon_core.event_reactor:joined thread
[28.177s] INFO:colcon.colcon_core.shell:Creating prefix script '/home/cadt-02/Object-Detection/ros2_ws/install/local_setup.ps1'
[28.179s] INFO:colcon.colcon_core.shell:Creating prefix util module '/home/cadt-02/Object-Detection/ros2_ws/install/_local_setup_util_ps1.py'
[28.181s] INFO:colcon.colcon_core.shell:Creating prefix chain script '/home/cadt-02/Object-Detection/ros2_ws/install/setup.ps1'
[28.450s] INFO:colcon.colcon_core.shell:Creating prefix script '/home/cadt-02/Object-Detection/ros2_ws/install/local_setup.sh'
[28.451s] INFO:colcon.colcon_core.shell:Creating prefix util module '/home/cadt-02/Object-Detection/ros2_ws/install/_local_setup_util_sh.py'
[28.452s] INFO:colcon.colcon_core.shell:Creating prefix chain script '/home/cadt-02/Object-Detection/ros2_ws/install/setup.sh'
[28.718s] INFO:colcon.colcon_core.shell:Creating prefix script '/home/cadt-02/Object-Detection/ros2_ws/install/local_setup.bash'
[28.719s] INFO:colcon.colcon_core.shell:Creating prefix chain script '/home/cadt-02/Object-Detection/ros2_ws/install/setup.bash'
[28.987s] INFO:colcon.colcon_core.shell:Creating prefix script '/home/cadt-02/Object-Detection/ros2_ws/install/local_setup.zsh'
[28.988s] INFO:colcon.colcon_core.shell:Creating prefix chain script '/home/cadt-02/Object-Detection/ros2_ws/install/setup.zsh'
