[1.836s] Invoking command in '/home/vandara/ros2_ws/src/object_detection': PYTHONPATH=/home/vandara/ros2_ws/build/object_detection/prefix_override:/home/vandara/ros2_ws/install/object_detection/lib/python3.8/site-packages:${PYTHONPATH} /usr/bin/python3 setup.py egg_info --egg-base ../../build/object_detection build --build-base /home/vandara/ros2_ws/build/object_detection/build install --record /home/vandara/ros2_ws/build/object_detection/install.log --install-scripts $base/lib/object_detection --single-version-externally-managed
[2.134s] running egg_info
[2.135s] writing ../../build/object_detection/object_detection.egg-info/PKG-INFO
[2.135s] writing dependency_links to ../../build/object_detection/object_detection.egg-info/dependency_links.txt
[2.135s] writing entry points to ../../build/object_detection/object_detection.egg-info/entry_points.txt
[2.135s] writing requirements to ../../build/object_detection/object_detection.egg-info/requires.txt
[2.136s] writing top-level names to ../../build/object_detection/object_detection.egg-info/top_level.txt
[2.185s] reading manifest file '../../build/object_detection/object_detection.egg-info/SOURCES.txt'
[2.186s] writing manifest file '../../build/object_detection/object_detection.egg-info/SOURCES.txt'
[2.186s] running build
[2.186s] running build_py
[2.186s] running install
[2.187s] running install_lib
[2.191s] running install_data
[2.192s] running install_egg_info
[2.194s] removing '/home/vandara/ros2_ws/install/object_detection/lib/python3.8/site-packages/object_detection-0.0.0-py3.8.egg-info' (and everything under it)
[2.195s] Copying ../../build/object_detection/object_detection.egg-info to /home/vandara/ros2_ws/install/object_detection/lib/python3.8/site-packages/object_detection-0.0.0-py3.8.egg-info
[2.196s] running install_scripts
[2.219s] writing list of installed files to '/home/vandara/ros2_ws/build/object_detection/install.log'
[2.385s] Invoked command in '/home/vandara/ros2_ws/src/object_detection' returned '0': PYTHONPATH=/home/vandara/ros2_ws/build/object_detection/prefix_override:/home/vandara/ros2_ws/install/object_detection/lib/python3.8/site-packages:${PYTHONPATH} /usr/bin/python3 setup.py egg_info --egg-base ../../build/object_detection build --build-base /home/vandara/ros2_ws/build/object_detection/build install --record /home/vandara/ros2_ws/build/object_detection/install.log --install-scripts $base/lib/object_detection --single-version-externally-managed
