[6.103s] Invoking command in '/home/cadt-02/Object-Detection/ros2_ws/src/object_detection': PYTHONPATH=/home/cadt-02/Object-Detection/ros2_ws/build/object_detection/prefix_override:/home/cadt-02/Object-Detection/ros2_ws/install/object_detection/lib/python3.8/site-packages:${PYTHONPATH} /usr/bin/python3 setup.py egg_info --egg-base ../../build/object_detection build --build-base /home/cadt-02/Object-Detection/ros2_ws/build/object_detection/build install --record /home/cadt-02/Object-Detection/ros2_ws/build/object_detection/install.log --install-scripts $base/lib/object_detection --single-version-externally-managed
[6.409s] /home/cadt-02/.local/lib/python3.8/site-packages/setuptools/dist.py:472: SetuptoolsDeprecationWarning: Invalid dash-separated options
[6.409s] !!
[6.409s] 
[6.410s]         ********************************************************************************
[6.410s]         Usage of dash-separated 'script-dir' will not be supported in future
[6.410s]         versions. Please use the underscore name 'script_dir' instead.
[6.410s] 
[6.410s]         By 2024-Sep-26, you need to update your project and remove deprecated calls
[6.410s]         or your builds will no longer be supported.
[6.410s] 
[6.410s]         See https://setuptools.pypa.io/en/latest/userguide/declarative_config.html for details.
[6.411s]         ********************************************************************************
[6.411s] 
[6.411s] !!
[6.411s]   opt = self.warn_dash_deprecation(opt, section)
[6.662s] running egg_info
[6.705s] writing ../../build/object_detection/object_detection.egg-info/PKG-INFO
[6.706s] writing dependency_links to ../../build/object_detection/object_detection.egg-info/dependency_links.txt
[6.707s] writing requirements to ../../build/object_detection/object_detection.egg-info/requires.txt
[6.707s] writing top-level names to ../../build/object_detection/object_detection.egg-info/top_level.txt
[7.019s] reading manifest file '../../build/object_detection/object_detection.egg-info/SOURCES.txt'
[7.023s] writing manifest file '../../build/object_detection/object_detection.egg-info/SOURCES.txt'
[7.023s] running build
[7.023s] running build_py
[7.023s] copying object_detection/__init__.py -> /home/cadt-02/Object-Detection/ros2_ws/build/object_detection/build/lib/object_detection
[7.023s] running install
[7.023s] /home/cadt-02/.local/lib/python3.8/site-packages/setuptools/_distutils/cmd.py:66: SetuptoolsDeprecationWarning: setup.py install is deprecated.
[7.024s] !!
[7.024s] 
[7.024s]         ********************************************************************************
[7.024s]         Please avoid running ``setup.py`` directly.
[7.024s]         Instead, use pypa/build, pypa/installer or other
[7.024s]         standards-based tools.
[7.024s] 
[7.024s]         See https://blog.ganssle.io/articles/2021/10/setup-py-deprecated.html for details.
[7.025s]         ********************************************************************************
[7.025s] 
[7.025s] !!
[7.025s]   self.initialize_options()
[7.035s] running install_lib
[7.076s] running install_data
[7.119s] copying resource/object_detection -> /home/cadt-02/Object-Detection/ros2_ws/install/object_detection/share/ament_index/resource_index/packages
[7.119s] copying package.xml -> /home/cadt-02/Object-Detection/ros2_ws/install/object_detection/share/object_detection
[7.119s] running install_egg_info
[7.161s] removing '/home/cadt-02/Object-Detection/ros2_ws/install/object_detection/lib/python3.8/site-packages/object_detection-0.0.0-py3.8.egg-info' (and everything under it)
[7.162s] Copying ../../build/object_detection/object_detection.egg-info to /home/cadt-02/Object-Detection/ros2_ws/install/object_detection/lib/python3.8/site-packages/object_detection-0.0.0-py3.8.egg-info
[7.164s] running install_scripts
[7.283s] writing list of installed files to '/home/cadt-02/Object-Detection/ros2_ws/build/object_detection/install.log'
[8.240s] Invoked command in '/home/cadt-02/Object-Detection/ros2_ws/src/object_detection' returned '0': PYTHONPATH=/home/cadt-02/Object-Detection/ros2_ws/build/object_detection/prefix_override:/home/cadt-02/Object-Detection/ros2_ws/install/object_detection/lib/python3.8/site-packages:${PYTHONPATH} /usr/bin/python3 setup.py egg_info --egg-base ../../build/object_detection build --build-base /home/cadt-02/Object-Detection/ros2_ws/build/object_detection/build install --record /home/cadt-02/Object-Detection/ros2_ws/build/object_detection/install.log --install-scripts $base/lib/object_detection --single-version-externally-managed
