[6.133s] Invoking command in '/home/cadt-02/Object-Detection/ros2_ws/src/object_detection': PYTHONPATH=/home/cadt-02/Object-Detection/ros2_ws/build/object_detection/prefix_override:/home/cadt-02/Object-Detection/ros2_ws/install/object_detection/lib/python3.8/site-packages:${PYTHONPATH} /usr/bin/python3 setup.py egg_info --egg-base ../../build/object_detection build --build-base /home/cadt-02/Object-Detection/ros2_ws/build/object_detection/build install --record /home/cadt-02/Object-Detection/ros2_ws/build/object_detection/install.log --install-scripts $base/lib/object_detection --single-version-externally-managed
[6.407s] /home/cadt-02/.local/lib/python3.8/site-packages/setuptools/dist.py:472: SetuptoolsDeprecationWarning: Invalid dash-separated options
[6.408s] !!
[6.408s] 
[6.408s]         ********************************************************************************
[6.408s]         Usage of dash-separated 'script-dir' will not be supported in future
[6.408s]         versions. Please use the underscore name 'script_dir' instead.
[6.408s] 
[6.409s]         By 2024-Sep-26, you need to update your project and remove deprecated calls
[6.409s]         or your builds will no longer be supported.
[6.409s] 
[6.409s]         See https://setuptools.pypa.io/en/latest/userguide/declarative_config.html for details.
[6.409s]         ********************************************************************************
[6.409s] 
[6.409s] !!
[6.410s]   opt = self.warn_dash_deprecation(opt, section)
[6.652s] running egg_info
[6.692s] writing ../../build/object_detection/object_detection.egg-info/PKG-INFO
[6.693s] writing dependency_links to ../../build/object_detection/object_detection.egg-info/dependency_links.txt
[6.694s] writing requirements to ../../build/object_detection/object_detection.egg-info/requires.txt
[6.694s] writing top-level names to ../../build/object_detection/object_detection.egg-info/top_level.txt
[6.994s] reading manifest file '../../build/object_detection/object_detection.egg-info/SOURCES.txt'
[6.996s] writing manifest file '../../build/object_detection/object_detection.egg-info/SOURCES.txt'
[6.997s] running build
[6.997s] running build_py
[6.997s] copying object_detection/__init__.py -> /home/cadt-02/Object-Detection/ros2_ws/build/object_detection/build/lib/object_detection
[6.998s] running install
[6.998s] /home/cadt-02/.local/lib/python3.8/site-packages/setuptools/_distutils/cmd.py:66: SetuptoolsDeprecationWarning: setup.py install is deprecated.
[6.998s] !!
[6.999s] 
[6.999s]         ********************************************************************************
[6.999s]         Please avoid running ``setup.py`` directly.
[6.999s]         Instead, use pypa/build, pypa/installer or other
[6.999s]         standards-based tools.
[6.999s] 
[6.999s]         See https://blog.ganssle.io/articles/2021/10/setup-py-deprecated.html for details.
[7.000s]         ********************************************************************************
[7.000s] 
[7.000s] !!
[7.000s]   self.initialize_options()
[7.011s] running install_lib
[7.052s] running install_data
[7.092s] copying resource/object_detection -> /home/cadt-02/Object-Detection/ros2_ws/install/object_detection/share/ament_index/resource_index/packages
[7.092s] copying package.xml -> /home/cadt-02/Object-Detection/ros2_ws/install/object_detection/share/object_detection
[7.092s] running install_egg_info
[7.135s] removing '/home/cadt-02/Object-Detection/ros2_ws/install/object_detection/lib/python3.8/site-packages/object_detection-0.0.0-py3.8.egg-info' (and everything under it)
[7.135s] Copying ../../build/object_detection/object_detection.egg-info to /home/cadt-02/Object-Detection/ros2_ws/install/object_detection/lib/python3.8/site-packages/object_detection-0.0.0-py3.8.egg-info
[7.136s] running install_scripts
[7.255s] writing list of installed files to '/home/cadt-02/Object-Detection/ros2_ws/build/object_detection/install.log'
[8.258s] Invoked command in '/home/cadt-02/Object-Detection/ros2_ws/src/object_detection' returned '0': PYTHONPATH=/home/cadt-02/Object-Detection/ros2_ws/build/object_detection/prefix_override:/home/cadt-02/Object-Detection/ros2_ws/install/object_detection/lib/python3.8/site-packages:${PYTHONPATH} /usr/bin/python3 setup.py egg_info --egg-base ../../build/object_detection build --build-base /home/cadt-02/Object-Detection/ros2_ws/build/object_detection/build install --record /home/cadt-02/Object-Detection/ros2_ws/build/object_detection/install.log --install-scripts $base/lib/object_detection --single-version-externally-managed
