[5.322s] Invoking command in '/home/cadt-02/Object-Detection/ros2_ws/src/object_detection': PYTHONPATH=/home/cadt-02/Object-Detection/ros2_ws/build/object_detection/prefix_override:/home/cadt-02/Object-Detection/ros2_ws/install/object_detection/lib/python3.8/site-packages:${PYTHONPATH} /usr/bin/python3 setup.py egg_info --egg-base ../../build/object_detection build --build-base /home/cadt-02/Object-Detection/ros2_ws/build/object_detection/build install --record /home/cadt-02/Object-Detection/ros2_ws/build/object_detection/install.log --install-scripts $base/lib/object_detection --single-version-externally-managed
[5.605s] /home/cadt-02/.local/lib/python3.8/site-packages/setuptools/dist.py:472: SetuptoolsDeprecationWarning: Invalid dash-separated options
[5.605s] !!
[5.605s] 
[5.606s]         ********************************************************************************
[5.606s]         Usage of dash-separated 'script-dir' will not be supported in future
[5.606s]         versions. Please use the underscore name 'script_dir' instead.
[5.607s] 
[5.607s]         By 2024-Sep-26, you need to update your project and remove deprecated calls
[5.607s]         or your builds will no longer be supported.
[5.607s] 
[5.608s]         See https://setuptools.pypa.io/en/latest/userguide/declarative_config.html for details.
[5.608s]         ********************************************************************************
[5.608s] 
[5.608s] !!
[5.609s]   opt = self.warn_dash_deprecation(opt, section)
[5.856s] running egg_info
[5.897s] writing ../../build/object_detection/object_detection.egg-info/PKG-INFO
[5.898s] writing dependency_links to ../../build/object_detection/object_detection.egg-info/dependency_links.txt
[5.899s] writing requirements to ../../build/object_detection/object_detection.egg-info/requires.txt
[5.899s] writing top-level names to ../../build/object_detection/object_detection.egg-info/top_level.txt
[6.209s] reading manifest file '../../build/object_detection/object_detection.egg-info/SOURCES.txt'
[6.212s] writing manifest file '../../build/object_detection/object_detection.egg-info/SOURCES.txt'
[6.212s] running build
[6.212s] running build_py
[6.213s] copying object_detection/__init__.py -> /home/cadt-02/Object-Detection/ros2_ws/build/object_detection/build/lib/object_detection
[6.213s] running install
[6.214s] /home/cadt-02/.local/lib/python3.8/site-packages/setuptools/_distutils/cmd.py:66: SetuptoolsDeprecationWarning: setup.py install is deprecated.
[6.214s] !!
[6.214s] 
[6.214s]         ********************************************************************************
[6.215s]         Please avoid running ``setup.py`` directly.
[6.215s]         Instead, use pypa/build, pypa/installer or other
[6.215s]         standards-based tools.
[6.215s] 
[6.215s]         See https://blog.ganssle.io/articles/2021/10/setup-py-deprecated.html for details.
[6.215s]         ********************************************************************************
[6.215s] 
[6.216s] !!
[6.216s]   self.initialize_options()
[6.225s] running install_lib
[6.267s] running install_data
[6.309s] copying resource/object_detection -> /home/cadt-02/Object-Detection/ros2_ws/install/object_detection/share/ament_index/resource_index/packages
[6.310s] copying package.xml -> /home/cadt-02/Object-Detection/ros2_ws/install/object_detection/share/object_detection
[6.310s] running install_egg_info
[6.352s] removing '/home/cadt-02/Object-Detection/ros2_ws/install/object_detection/lib/python3.8/site-packages/object_detection-0.0.0-py3.8.egg-info' (and everything under it)
[6.352s] Copying ../../build/object_detection/object_detection.egg-info to /home/cadt-02/Object-Detection/ros2_ws/install/object_detection/lib/python3.8/site-packages/object_detection-0.0.0-py3.8.egg-info
[6.354s] running install_scripts
[6.473s] writing list of installed files to '/home/cadt-02/Object-Detection/ros2_ws/build/object_detection/install.log'
[6.565s] Invoked command in '/home/cadt-02/Object-Detection/ros2_ws/src/object_detection' returned '0': PYTHONPATH=/home/cadt-02/Object-Detection/ros2_ws/build/object_detection/prefix_override:/home/cadt-02/Object-Detection/ros2_ws/install/object_detection/lib/python3.8/site-packages:${PYTHONPATH} /usr/bin/python3 setup.py egg_info --egg-base ../../build/object_detection build --build-base /home/cadt-02/Object-Detection/ros2_ws/build/object_detection/build install --record /home/cadt-02/Object-Detection/ros2_ws/build/object_detection/install.log --install-scripts $base/lib/object_detection --single-version-externally-managed
