[6.415s] Invoking command in '/home/cadt-02/Object-Detection/ros2_ws/src/object_detection': PYTHONPATH=/home/cadt-02/Object-Detection/ros2_ws/build/object_detection/prefix_override:/home/cadt-02/Object-Detection/ros2_ws/install/object_detection/lib/python3.8/site-packages:${PYTHONPATH} /usr/bin/python3 setup.py egg_info --egg-base ../../build/object_detection build --build-base /home/cadt-02/Object-Detection/ros2_ws/build/object_detection/build install --record /home/cadt-02/Object-Detection/ros2_ws/build/object_detection/install.log --install-scripts $base/lib/object_detection --single-version-externally-managed
[6.736s] /home/cadt-02/.local/lib/python3.8/site-packages/setuptools/dist.py:472: SetuptoolsDeprecationWarning: Invalid dash-separated options
[6.736s] !!
[6.736s] 
[6.737s]         ********************************************************************************
[6.737s]         Usage of dash-separated 'script-dir' will not be supported in future
[6.737s]         versions. Please use the underscore name 'script_dir' instead.
[6.737s] 
[6.737s]         By 2024-Sep-26, you need to update your project and remove deprecated calls
[6.737s]         or your builds will no longer be supported.
[6.737s] 
[6.738s]         See https://setuptools.pypa.io/en/latest/userguide/declarative_config.html for details.
[6.738s]         ********************************************************************************
[6.738s] 
[6.738s] !!
[6.738s]   opt = self.warn_dash_deprecation(opt, section)
[6.980s] running egg_info
[7.019s] writing ../../build/object_detection/object_detection.egg-info/PKG-INFO
[7.021s] writing dependency_links to ../../build/object_detection/object_detection.egg-info/dependency_links.txt
[7.021s] writing requirements to ../../build/object_detection/object_detection.egg-info/requires.txt
[7.022s] writing top-level names to ../../build/object_detection/object_detection.egg-info/top_level.txt
[7.321s] reading manifest file '../../build/object_detection/object_detection.egg-info/SOURCES.txt'
[7.323s] writing manifest file '../../build/object_detection/object_detection.egg-info/SOURCES.txt'
[7.323s] running build
[7.323s] running build_py
[7.323s] copying object_detection/__init__.py -> /home/cadt-02/Object-Detection/ros2_ws/build/object_detection/build/lib/object_detection
[7.324s] running install
[7.325s] /home/cadt-02/.local/lib/python3.8/site-packages/setuptools/_distutils/cmd.py:66: SetuptoolsDeprecationWarning: setup.py install is deprecated.
[7.325s] !!
[7.325s] 
[7.325s]         ********************************************************************************
[7.325s]         Please avoid running ``setup.py`` directly.
[7.325s]         Instead, use pypa/build, pypa/installer or other
[7.325s]         standards-based tools.
[7.326s] 
[7.326s]         See https://blog.ganssle.io/articles/2021/10/setup-py-deprecated.html for details.
[7.326s]         ********************************************************************************
[7.326s] 
[7.326s] !!
[7.326s]   self.initialize_options()
[7.337s] running install_lib
[7.378s] running install_data
[7.419s] copying resource/object_detection -> /home/cadt-02/Object-Detection/ros2_ws/install/object_detection/share/ament_index/resource_index/packages
[7.419s] copying package.xml -> /home/cadt-02/Object-Detection/ros2_ws/install/object_detection/share/object_detection
[7.420s] running install_egg_info
[7.462s] removing '/home/cadt-02/Object-Detection/ros2_ws/install/object_detection/lib/python3.8/site-packages/object_detection-0.0.0-py3.8.egg-info' (and everything under it)
[7.462s] Copying ../../build/object_detection/object_detection.egg-info to /home/cadt-02/Object-Detection/ros2_ws/install/object_detection/lib/python3.8/site-packages/object_detection-0.0.0-py3.8.egg-info
[7.463s] running install_scripts
[7.582s] writing list of installed files to '/home/cadt-02/Object-Detection/ros2_ws/build/object_detection/install.log'
[8.258s] Invoked command in '/home/cadt-02/Object-Detection/ros2_ws/src/object_detection' returned '0': PYTHONPATH=/home/cadt-02/Object-Detection/ros2_ws/build/object_detection/prefix_override:/home/cadt-02/Object-Detection/ros2_ws/install/object_detection/lib/python3.8/site-packages:${PYTHONPATH} /usr/bin/python3 setup.py egg_info --egg-base ../../build/object_detection build --build-base /home/cadt-02/Object-Detection/ros2_ws/build/object_detection/build install --record /home/cadt-02/Object-Detection/ros2_ws/build/object_detection/install.log --install-scripts $base/lib/object_detection --single-version-externally-managed
