/home/vandara/ros2_ws/install/my_package/lib/python3.8/site-packages/my_package/main.py
/home/vandara/ros2_ws/install/my_package/lib/python3.8/site-packages/my_package/my_node.py
/home/vandara/ros2_ws/install/my_package/lib/python3.8/site-packages/my_package/__init__.py
/home/vandara/ros2_ws/install/my_package/lib/python3.8/site-packages/my_package/object_detection_subscriber.py
/home/vandara/ros2_ws/install/my_package/lib/python3.8/site-packages/my_package/live_detection_node.py
/home/vandara/ros2_ws/install/my_package/lib/python3.8/site-packages/my_package/utils.py
/home/vandara/ros2_ws/install/my_package/lib/python3.8/site-packages/my_package/camera_frame_publisher.py
/home/vandara/ros2_ws/install/my_package/lib/python3.8/site-packages/my_package/__pycache__/main.cpython-38.pyc
/home/vandara/ros2_ws/install/my_package/lib/python3.8/site-packages/my_package/__pycache__/my_node.cpython-38.pyc
/home/vandara/ros2_ws/install/my_package/lib/python3.8/site-packages/my_package/__pycache__/__init__.cpython-38.pyc
/home/vandara/ros2_ws/install/my_package/lib/python3.8/site-packages/my_package/__pycache__/object_detection_subscriber.cpython-38.pyc
/home/vandara/ros2_ws/install/my_package/lib/python3.8/site-packages/my_package/__pycache__/live_detection_node.cpython-38.pyc
/home/vandara/ros2_ws/install/my_package/lib/python3.8/site-packages/my_package/__pycache__/utils.cpython-38.pyc
/home/vandara/ros2_ws/install/my_package/lib/python3.8/site-packages/my_package/__pycache__/camera_frame_publisher.cpython-38.pyc
/home/vandara/ros2_ws/install/my_package/share/ament_index/resource_index/packages/my_package
/home/vandara/ros2_ws/install/my_package/share/my_package/package.xml
/home/vandara/ros2_ws/install/my_package/lib/python3.8/site-packages/my_package-0.0.0-py3.8.egg-info/requires.txt
/home/vandara/ros2_ws/install/my_package/lib/python3.8/site-packages/my_package-0.0.0-py3.8.egg-info/zip-safe
/home/vandara/ros2_ws/install/my_package/lib/python3.8/site-packages/my_package-0.0.0-py3.8.egg-info/entry_points.txt
/home/vandara/ros2_ws/install/my_package/lib/python3.8/site-packages/my_package-0.0.0-py3.8.egg-info/SOURCES.txt
/home/vandara/ros2_ws/install/my_package/lib/python3.8/site-packages/my_package-0.0.0-py3.8.egg-info/dependency_links.txt
/home/vandara/ros2_ws/install/my_package/lib/python3.8/site-packages/my_package-0.0.0-py3.8.egg-info/PKG-INFO
/home/vandara/ros2_ws/install/my_package/lib/python3.8/site-packages/my_package-0.0.0-py3.8.egg-info/top_level.txt
/home/vandara/ros2_ws/install/my_package/lib/my_package/camera_frame_publisher
/home/vandara/ros2_ws/install/my_package/lib/my_package/live_detection_node
/home/vandara/ros2_ws/install/my_package/lib/my_package/main
/home/vandara/ros2_ws/install/my_package/lib/my_package/my_node
/home/vandara/ros2_ws/install/my_package/lib/my_package/object_detection_subscriber
/home/vandara/ros2_ws/install/my_package/lib/my_package/utils
