[6.047s] Invoking command in '/home/cadt-02/Object-Detection/ros2_ws/src/object_detection': PYTHONPATH=/home/cadt-02/Object-Detection/ros2_ws/build/object_detection/prefix_override:/home/cadt-02/Object-Detection/ros2_ws/install/object_detection/lib/python3.8/site-packages:${PYTHONPATH} /usr/bin/python3 setup.py egg_info --egg-base ../../build/object_detection build --build-base /home/cadt-02/Object-Detection/ros2_ws/build/object_detection/build install --record /home/cadt-02/Object-Detection/ros2_ws/build/object_detection/install.log --install-scripts $base/lib/object_detection --single-version-externally-managed
[6.341s] /home/cadt-02/.local/lib/python3.8/site-packages/setuptools/dist.py:472: SetuptoolsDeprecationWarning: Invalid dash-separated options
[6.342s] !!
[6.342s] 
[6.342s]         ********************************************************************************
[6.342s]         Usage of dash-separated 'script-dir' will not be supported in future
[6.342s]         versions. Please use the underscore name 'script_dir' instead.
[6.343s] 
[6.343s]         By 2024-Sep-26, you need to update your project and remove deprecated calls
[6.343s]         or your builds will no longer be supported.
[6.343s] 
[6.343s]         See https://setuptools.pypa.io/en/latest/userguide/declarative_config.html for details.
[6.343s]         ********************************************************************************
[6.343s] 
[6.343s] !!
[6.344s]   opt = self.warn_dash_deprecation(opt, section)
[6.593s] running egg_info
[6.636s] writing ../../build/object_detection/object_detection.egg-info/PKG-INFO
[6.637s] writing dependency_links to ../../build/object_detection/object_detection.egg-info/dependency_links.txt
[6.638s] writing requirements to ../../build/object_detection/object_detection.egg-info/requires.txt
[6.638s] writing top-level names to ../../build/object_detection/object_detection.egg-info/top_level.txt
[6.957s] reading manifest file '../../build/object_detection/object_detection.egg-info/SOURCES.txt'
[6.959s] writing manifest file '../../build/object_detection/object_detection.egg-info/SOURCES.txt'
[6.959s] running build
[6.959s] running build_py
[6.960s] copying object_detection/__init__.py -> /home/cadt-02/Object-Detection/ros2_ws/build/object_detection/build/lib/object_detection
[6.960s] running install
[6.962s] /home/cadt-02/.local/lib/python3.8/site-packages/setuptools/_distutils/cmd.py:66: SetuptoolsDeprecationWarning: setup.py install is deprecated.
[6.962s] !!
[6.962s] 
[6.963s]         ********************************************************************************
[6.963s]         Please avoid running ``setup.py`` directly.
[6.963s]         Instead, use pypa/build, pypa/installer or other
[6.963s]         standards-based tools.
[6.964s] 
[6.964s]         See https://blog.ganssle.io/articles/2021/10/setup-py-deprecated.html for details.
[6.964s]         ********************************************************************************
[6.964s] 
[6.965s] !!
[6.965s]   self.initialize_options()
[6.973s] running install_lib
[7.016s] running install_data
[7.058s] copying resource/object_detection -> /home/cadt-02/Object-Detection/ros2_ws/install/object_detection/share/ament_index/resource_index/packages
[7.059s] copying package.xml -> /home/cadt-02/Object-Detection/ros2_ws/install/object_detection/share/object_detection
[7.059s] running install_egg_info
[7.103s] removing '/home/cadt-02/Object-Detection/ros2_ws/install/object_detection/lib/python3.8/site-packages/object_detection-0.0.0-py3.8.egg-info' (and everything under it)
[7.103s] Copying ../../build/object_detection/object_detection.egg-info to /home/cadt-02/Object-Detection/ros2_ws/install/object_detection/lib/python3.8/site-packages/object_detection-0.0.0-py3.8.egg-info
[7.106s] running install_scripts
[7.230s] writing list of installed files to '/home/cadt-02/Object-Detection/ros2_ws/build/object_detection/install.log'
[7.333s] Invoked command in '/home/cadt-02/Object-Detection/ros2_ws/src/object_detection' returned '0': PYTHONPATH=/home/cadt-02/Object-Detection/ros2_ws/build/object_detection/prefix_override:/home/cadt-02/Object-Detection/ros2_ws/install/object_detection/lib/python3.8/site-packages:${PYTHONPATH} /usr/bin/python3 setup.py egg_info --egg-base ../../build/object_detection build --build-base /home/cadt-02/Object-Detection/ros2_ws/build/object_detection/build install --record /home/cadt-02/Object-Detection/ros2_ws/build/object_detection/install.log --install-scripts $base/lib/object_detection --single-version-externally-managed
