[0.189s] Invoking command in '/home/vandara/Documents/GitHub/Object-Detection/ros2_workspace/build/object_detection_pkg': CMAKE_PREFIX_PATH=${CMAKE_PREFIX_PATH}:/opt/ros/foxy /usr/bin/cmake /home/vandara/Documents/GitHub/Object-Detection/ros2_workspace/src/object_detection_pkg -DCMAKE_INSTALL_PREFIX=/home/vandara/Documents/GitHub/Object-Detection/ros2_workspace/install/object_detection_pkg
[0.201s] -- Found ament_cmake: 0.9.12 (/opt/ros/foxy/share/ament_cmake/cmake)
[0.222s] -- Using PYTHON_EXECUTABLE: /usr/bin/python3
[0.404s] -- Found rclpy: 1.0.13 (/opt/ros/foxy/share/rclpy/cmake)
[0.404s] -- Found sensor_msgs: 2.0.5 (/opt/ros/foxy/share/sensor_msgs/cmake)
[0.425s] -- Using all available rosidl_typesupport_c: rosidl_typesupport_fastrtps_c;rosidl_typesupport_introspection_c
[0.428s] -- Found rosidl_adapter: 1.3.1 (/opt/ros/foxy/share/rosidl_adapter/cmake)
[0.538s] -- Using all available rosidl_typesupport_cpp: rosidl_typesupport_fastrtps_cpp;rosidl_typesupport_introspection_cpp
[0.688s] -- Found cv_bridge: 3.0.7 (/opt/ros/foxy/share/cv_bridge/cmake)
[0.720s] -- Found ament_lint_auto: 0.9.8 (/opt/ros/foxy/share/ament_lint_auto/cmake)
[0.793s] -- Added test 'copyright' to check source files copyright and LICENSE
[0.795s] -- Added test 'flake8' to check Python code syntax and style conventions
[0.796s] -- Added test 'lint_cmake' to check CMake code style
[0.796s] -- Added test 'pep257' to check Python code against some of the style conventions in PEP 257
[0.797s] -- Added test 'xmllint' to check XML markup files
[0.799s] -- Configuring done
[0.800s] CMake Error at CMakeLists.txt:25 (add_executable):
[0.800s]   Cannot find source file:
[0.800s] 
[0.800s]     src/main.cpp
[0.800s] 
[0.801s]   Tried extensions .c .C .c++ .cc .cpp .cxx .cu .m .M .mm .h .hh .h++ .hm
[0.801s]   .hpp .hxx .in .txx
[0.801s] 
[0.801s] 
[0.802s] CMake Error at CMakeLists.txt:25 (add_executable):
[0.802s]   No SOURCES given to target: object_detection
[0.802s] 
[0.802s] 
[0.802s] CMake Generate step failed.  Build files cannot be regenerated correctly.
[0.807s] Invoked command in '/home/vandara/Documents/GitHub/Object-Detection/ros2_workspace/build/object_detection_pkg' returned '1': CMAKE_PREFIX_PATH=${CMAKE_PREFIX_PATH}:/opt/ros/foxy /usr/bin/cmake /home/vandara/Documents/GitHub/Object-Detection/ros2_workspace/src/object_detection_pkg -DCMAKE_INSTALL_PREFIX=/home/vandara/Documents/GitHub/Object-Detection/ros2_workspace/install/object_detection_pkg
