[6.742s] Invoking command in '/home/cadt-02/Object-Detection/ros2_ws/src/my_package': PYTHONPATH=/home/cadt-02/Object-Detection/ros2_ws/build/my_package/prefix_override:/home/cadt-02/Object-Detection/ros2_ws/install/my_package/lib/python3.8/site-packages:${PYTHONPATH} /usr/bin/python3 setup.py egg_info --egg-base ../../build/my_package build --build-base /home/cadt-02/Object-Detection/ros2_ws/build/my_package/build install --record /home/cadt-02/Object-Detection/ros2_ws/build/my_package/install.log --single-version-externally-managed
[7.059s] /home/cadt-02/.local/lib/python3.8/site-packages/setuptools/dist.py:476: SetuptoolsDeprecationWarning: Invalid dash-separated options
[7.060s] !!
[7.060s] 
[7.061s]         ********************************************************************************
[7.062s]         Usage of dash-separated 'build-base' will not be supported in future
[7.062s]         versions. Please use the underscore name 'build_base' instead.
[7.063s] 
[7.063s]         By 2024-Sep-26, you need to update your project and remove deprecated calls
[7.063s]         or your builds will no longer be supported.
[7.063s] 
[7.064s]         See https://setuptools.pypa.io/en/latest/userguide/declarative_config.html for details.
[7.067s]         ********************************************************************************
[7.068s] 
[7.069s] !!
[7.069s]   opt = self.warn_dash_deprecation(opt, section)
[7.319s] running egg_info
[7.359s] writing ../../build/my_package/my_package.egg-info/PKG-INFO
[7.361s] writing dependency_links to ../../build/my_package/my_package.egg-info/dependency_links.txt
[7.362s] writing entry points to ../../build/my_package/my_package.egg-info/entry_points.txt
[7.362s] writing requirements to ../../build/my_package/my_package.egg-info/requires.txt
[7.362s] writing top-level names to ../../build/my_package/my_package.egg-info/top_level.txt
[7.672s] reading manifest file '../../build/my_package/my_package.egg-info/SOURCES.txt'
[7.675s] writing manifest file '../../build/my_package/my_package.egg-info/SOURCES.txt'
[7.675s] running build
[7.676s] running build_py
[7.679s] copying my_package/reinforcement_r2.py -> /home/cadt-02/Object-Detection/ros2_ws/build/my_package/build/lib/my_package
[7.679s] copying my_package/live_detection_node.py -> /home/cadt-02/Object-Detection/ros2_ws/build/my_package/build/lib/my_package
[7.681s] copying my_package/__init__.py -> /home/cadt-02/Object-Detection/ros2_ws/build/my_package/build/lib/my_package
[7.682s] copying my_package/main.py -> /home/cadt-02/Object-Detection/ros2_ws/build/my_package/build/lib/my_package
[7.685s] running install
[7.685s] /home/cadt-02/.local/lib/python3.8/site-packages/setuptools/_distutils/cmd.py:66: SetuptoolsDeprecationWarning: setup.py install is deprecated.
[7.685s] !!
[7.686s] 
[7.686s]         ********************************************************************************
[7.687s]         Please avoid running ``setup.py`` directly.
[7.687s]         Instead, use pypa/build, pypa/installer or other
[7.688s]         standards-based tools.
[7.688s] 
[7.688s]         See https://blog.ganssle.io/articles/2021/10/setup-py-deprecated.html for details.
[7.689s]         ********************************************************************************
[7.689s] 
[7.690s] !!
[7.690s]   self.initialize_options()
[7.693s] running install_lib
[7.736s] running install_data
[7.784s] copying resource/my_package -> /home/cadt-02/Object-Detection/ros2_ws/install/my_package/share/ament_index/resource_index/packages
[7.784s] copying package.xml -> /home/cadt-02/Object-Detection/ros2_ws/install/my_package/share/my_package
[7.785s] running install_egg_info
[7.833s] removing '/home/cadt-02/Object-Detection/ros2_ws/install/my_package/lib/python3.8/site-packages/my_package-0.0.0-py3.8.egg-info' (and everything under it)
[7.834s] Copying ../../build/my_package/my_package.egg-info to /home/cadt-02/Object-Detection/ros2_ws/install/my_package/lib/python3.8/site-packages/my_package-0.0.0-py3.8.egg-info
[7.836s] running install_scripts
[7.949s] Installing live_detection_node script to /home/cadt-02/Object-Detection/ros2_ws/install/my_package/lib/my_package
[7.951s] Installing main script to /home/cadt-02/Object-Detection/ros2_ws/install/my_package/lib/my_package
[7.952s] Installing my_node script to /home/cadt-02/Object-Detection/ros2_ws/install/my_package/lib/my_package
[7.953s] Installing reinforcement_r2 script to /home/cadt-02/Object-Detection/ros2_ws/install/my_package/lib/my_package
[7.954s] writing list of installed files to '/home/cadt-02/Object-Detection/ros2_ws/build/my_package/install.log'
[9.152s] Invoked command in '/home/cadt-02/Object-Detection/ros2_ws/src/my_package' returned '0': PYTHONPATH=/home/cadt-02/Object-Detection/ros2_ws/build/my_package/prefix_override:/home/cadt-02/Object-Detection/ros2_ws/install/my_package/lib/python3.8/site-packages:${PYTHONPATH} /usr/bin/python3 setup.py egg_info --egg-base ../../build/my_package build --build-base /home/cadt-02/Object-Detection/ros2_ws/build/my_package/build install --record /home/cadt-02/Object-Detection/ros2_ws/build/my_package/install.log --single-version-externally-managed
