[1.228s] Invoking command in '/home/vandara/ros2_ws/src/object_detection': PYTHONPATH=/home/vandara/ros2_ws/build/object_detection/prefix_override:/home/vandara/ros2_ws/install/object_detection/lib/python3.8/site-packages:${PYTHONPATH} /usr/bin/python3 setup.py egg_info --egg-base ../../build/object_detection build --build-base /home/vandara/ros2_ws/build/object_detection/build install --record /home/vandara/ros2_ws/build/object_detection/install.log --install-scripts $base/lib/object_detection --single-version-externally-managed
[1.425s] running egg_info
[1.426s] creating ../../build/object_detection/object_detection.egg-info
[1.426s] writing ../../build/object_detection/object_detection.egg-info/PKG-INFO
[1.426s] writing dependency_links to ../../build/object_detection/object_detection.egg-info/dependency_links.txt
[1.426s] writing entry points to ../../build/object_detection/object_detection.egg-info/entry_points.txt
[1.426s] writing requirements to ../../build/object_detection/object_detection.egg-info/requires.txt
[1.426s] writing top-level names to ../../build/object_detection/object_detection.egg-info/top_level.txt
[1.427s] writing manifest file '../../build/object_detection/object_detection.egg-info/SOURCES.txt'
[1.455s] reading manifest file '../../build/object_detection/object_detection.egg-info/SOURCES.txt'
[1.456s] writing manifest file '../../build/object_detection/object_detection.egg-info/SOURCES.txt'
[1.456s] running build
[1.456s] running build_py
[1.456s] creating /home/vandara/ros2_ws/build/object_detection/build
[1.456s] creating /home/vandara/ros2_ws/build/object_detection/build/lib
[1.457s] creating /home/vandara/ros2_ws/build/object_detection/build/lib/object_detection
[1.457s] copying object_detection/__init__.py -> /home/vandara/ros2_ws/build/object_detection/build/lib/object_detection
[1.457s] running install
[1.457s] running install_lib
[1.458s] creating /home/vandara/ros2_ws/install/object_detection/lib/python3.8/site-packages/object_detection
[1.458s] copying /home/vandara/ros2_ws/build/object_detection/build/lib/object_detection/__init__.py -> /home/vandara/ros2_ws/install/object_detection/lib/python3.8/site-packages/object_detection
[1.459s] byte-compiling /home/vandara/ros2_ws/install/object_detection/lib/python3.8/site-packages/object_detection/__init__.py to __init__.cpython-38.pyc
[1.460s] running install_data
[1.460s] creating /home/vandara/ros2_ws/install/object_detection/share/ament_index
[1.460s] creating /home/vandara/ros2_ws/install/object_detection/share/ament_index/resource_index
[1.461s] creating /home/vandara/ros2_ws/install/object_detection/share/ament_index/resource_index/packages
[1.461s] copying resource/object_detection -> /home/vandara/ros2_ws/install/object_detection/share/ament_index/resource_index/packages
[1.461s] copying package.xml -> /home/vandara/ros2_ws/install/object_detection/share/object_detection
[1.461s] running install_egg_info
[1.462s] Copying ../../build/object_detection/object_detection.egg-info to /home/vandara/ros2_ws/install/object_detection/lib/python3.8/site-packages/object_detection-0.0.0-py3.8.egg-info
[1.463s] running install_scripts
[1.477s] writing list of installed files to '/home/vandara/ros2_ws/build/object_detection/install.log'
[1.632s] Invoked command in '/home/vandara/ros2_ws/src/object_detection' returned '0': PYTHONPATH=/home/vandara/ros2_ws/build/object_detection/prefix_override:/home/vandara/ros2_ws/install/object_detection/lib/python3.8/site-packages:${PYTHONPATH} /usr/bin/python3 setup.py egg_info --egg-base ../../build/object_detection build --build-base /home/vandara/ros2_ws/build/object_detection/build install --record /home/vandara/ros2_ws/build/object_detection/install.log --install-scripts $base/lib/object_detection --single-version-externally-managed
