[7.904s] Invoking command in '/home/cadt-02/Object-Detection/ros2_ws/src/object_detection': NX_CONNECTION=172.23.34.123 52323 172.23.34.34 4000 PYTHONPATH=/home/cadt-02/Object-Detection/ros2_ws/build/object_detection/prefix_override:/home/cadt-02/Object-Detection/ros2_ws/install/object_detection/lib/python3.8/site-packages:${PYTHONPATH} /usr/bin/python3 setup.py egg_info --egg-base ../../build/object_detection build --build-base /home/cadt-02/Object-Detection/ros2_ws/build/object_detection/build install --record /home/cadt-02/Object-Detection/ros2_ws/build/object_detection/install.log --install-scripts $base/lib/object_detection --single-version-externally-managed
[8.213s] /home/cadt-02/.local/lib/python3.8/site-packages/setuptools/dist.py:476: SetuptoolsDeprecationWarning: Invalid dash-separated options
[8.213s] !!
[8.214s] 
[8.214s]         ********************************************************************************
[8.215s]         Usage of dash-separated 'script-dir' will not be supported in future
[8.215s]         versions. Please use the underscore name 'script_dir' instead.
[8.216s] 
[8.217s]         By 2024-Sep-26, you need to update your project and remove deprecated calls
[8.217s]         or your builds will no longer be supported.
[8.217s] 
[8.217s]         See https://setuptools.pypa.io/en/latest/userguide/declarative_config.html for details.
[8.217s]         ********************************************************************************
[8.218s] 
[8.218s] !!
[8.218s]   opt = self.warn_dash_deprecation(opt, section)
[8.484s] running egg_info
[8.527s] writing ../../build/object_detection/object_detection.egg-info/PKG-INFO
[8.529s] writing dependency_links to ../../build/object_detection/object_detection.egg-info/dependency_links.txt
[8.530s] writing requirements to ../../build/object_detection/object_detection.egg-info/requires.txt
[8.530s] writing top-level names to ../../build/object_detection/object_detection.egg-info/top_level.txt
[8.853s] reading manifest file '../../build/object_detection/object_detection.egg-info/SOURCES.txt'
[8.855s] writing manifest file '../../build/object_detection/object_detection.egg-info/SOURCES.txt'
[8.856s] running build
[8.856s] running build_py
[8.856s] copying object_detection/__init__.py -> /home/cadt-02/Object-Detection/ros2_ws/build/object_detection/build/lib/object_detection
[8.857s] running install
[8.858s] /home/cadt-02/.local/lib/python3.8/site-packages/setuptools/_distutils/cmd.py:66: SetuptoolsDeprecationWarning: setup.py install is deprecated.
[8.858s] !!
[8.858s] 
[8.858s]         ********************************************************************************
[8.859s]         Please avoid running ``setup.py`` directly.
[8.859s]         Instead, use pypa/build, pypa/installer or other
[8.859s]         standards-based tools.
[8.859s] 
[8.859s]         See https://blog.ganssle.io/articles/2021/10/setup-py-deprecated.html for details.
[8.859s]         ********************************************************************************
[8.860s] 
[8.860s] !!
[8.860s]   self.initialize_options()
[8.870s] running install_lib
[8.914s] running install_data
[8.956s] copying resource/object_detection -> /home/cadt-02/Object-Detection/ros2_ws/install/object_detection/share/ament_index/resource_index/packages
[8.956s] copying package.xml -> /home/cadt-02/Object-Detection/ros2_ws/install/object_detection/share/object_detection
[8.956s] running install_egg_info
[9.001s] removing '/home/cadt-02/Object-Detection/ros2_ws/install/object_detection/lib/python3.8/site-packages/object_detection-0.0.0-py3.8.egg-info' (and everything under it)
[9.002s] Copying ../../build/object_detection/object_detection.egg-info to /home/cadt-02/Object-Detection/ros2_ws/install/object_detection/lib/python3.8/site-packages/object_detection-0.0.0-py3.8.egg-info
[9.006s] running install_scripts
[9.107s] writing list of installed files to '/home/cadt-02/Object-Detection/ros2_ws/build/object_detection/install.log'
[10.088s] Invoked command in '/home/cadt-02/Object-Detection/ros2_ws/src/object_detection' returned '0': NX_CONNECTION=172.23.34.123 52323 172.23.34.34 4000 PYTHONPATH=/home/cadt-02/Object-Detection/ros2_ws/build/object_detection/prefix_override:/home/cadt-02/Object-Detection/ros2_ws/install/object_detection/lib/python3.8/site-packages:${PYTHONPATH} /usr/bin/python3 setup.py egg_info --egg-base ../../build/object_detection build --build-base /home/cadt-02/Object-Detection/ros2_ws/build/object_detection/build install --record /home/cadt-02/Object-Detection/ros2_ws/build/object_detection/install.log --install-scripts $base/lib/object_detection --single-version-externally-managed
