[7.421s] Invoking command in '/home/cadt-02/Object-Detection/ros2_ws/src/object_detection': NX_CONNECTION=172.23.34.123 52323 172.23.34.34 4000 PYTHONPATH=/home/cadt-02/Object-Detection/ros2_ws/build/object_detection/prefix_override:/home/cadt-02/Object-Detection/ros2_ws/install/object_detection/lib/python3.8/site-packages:${PYTHONPATH} /usr/bin/python3 setup.py egg_info --egg-base ../../build/object_detection build --build-base /home/cadt-02/Object-Detection/ros2_ws/build/object_detection/build install --record /home/cadt-02/Object-Detection/ros2_ws/build/object_detection/install.log --install-scripts $base/lib/object_detection --single-version-externally-managed
[7.741s] /home/cadt-02/.local/lib/python3.8/site-packages/setuptools/dist.py:476: SetuptoolsDeprecationWarning: Invalid dash-separated options
[7.741s] !!
[7.741s] 
[7.742s]         ********************************************************************************
[7.742s]         Usage of dash-separated 'script-dir' will not be supported in future
[7.742s]         versions. Please use the underscore name 'script_dir' instead.
[7.743s] 
[7.743s]         By 2024-Sep-26, you need to update your project and remove deprecated calls
[7.743s]         or your builds will no longer be supported.
[7.744s] 
[7.744s]         See https://setuptools.pypa.io/en/latest/userguide/declarative_config.html for details.
[7.745s]         ********************************************************************************
[7.745s] 
[7.746s] !!
[7.747s]   opt = self.warn_dash_deprecation(opt, section)
[8.016s] running egg_info
[8.057s] writing ../../build/object_detection/object_detection.egg-info/PKG-INFO
[8.059s] writing dependency_links to ../../build/object_detection/object_detection.egg-info/dependency_links.txt
[8.061s] writing requirements to ../../build/object_detection/object_detection.egg-info/requires.txt
[8.061s] writing top-level names to ../../build/object_detection/object_detection.egg-info/top_level.txt
[8.394s] reading manifest file '../../build/object_detection/object_detection.egg-info/SOURCES.txt'
[8.404s] writing manifest file '../../build/object_detection/object_detection.egg-info/SOURCES.txt'
[8.404s] running build
[8.405s] running build_py
[8.405s] copying object_detection/__init__.py -> /home/cadt-02/Object-Detection/ros2_ws/build/object_detection/build/lib/object_detection
[8.405s] running install
[8.406s] /home/cadt-02/.local/lib/python3.8/site-packages/setuptools/_distutils/cmd.py:66: SetuptoolsDeprecationWarning: setup.py install is deprecated.
[8.406s] !!
[8.406s] 
[8.406s]         ********************************************************************************
[8.406s]         Please avoid running ``setup.py`` directly.
[8.406s]         Instead, use pypa/build, pypa/installer or other
[8.406s]         standards-based tools.
[8.407s] 
[8.407s]         See https://blog.ganssle.io/articles/2021/10/setup-py-deprecated.html for details.
[8.407s]         ********************************************************************************
[8.407s] 
[8.407s] !!
[8.407s]   self.initialize_options()
[8.416s] running install_lib
[8.459s] running install_data
[8.500s] copying resource/object_detection -> /home/cadt-02/Object-Detection/ros2_ws/install/object_detection/share/ament_index/resource_index/packages
[8.502s] copying package.xml -> /home/cadt-02/Object-Detection/ros2_ws/install/object_detection/share/object_detection
[8.505s] running install_egg_info
[8.545s] removing '/home/cadt-02/Object-Detection/ros2_ws/install/object_detection/lib/python3.8/site-packages/object_detection-0.0.0-py3.8.egg-info' (and everything under it)
[8.546s] Copying ../../build/object_detection/object_detection.egg-info to /home/cadt-02/Object-Detection/ros2_ws/install/object_detection/lib/python3.8/site-packages/object_detection-0.0.0-py3.8.egg-info
[8.549s] running install_scripts
[8.656s] writing list of installed files to '/home/cadt-02/Object-Detection/ros2_ws/build/object_detection/install.log'
[8.992s] Invoked command in '/home/cadt-02/Object-Detection/ros2_ws/src/object_detection' returned '0': NX_CONNECTION=172.23.34.123 52323 172.23.34.34 4000 PYTHONPATH=/home/cadt-02/Object-Detection/ros2_ws/build/object_detection/prefix_override:/home/cadt-02/Object-Detection/ros2_ws/install/object_detection/lib/python3.8/site-packages:${PYTHONPATH} /usr/bin/python3 setup.py egg_info --egg-base ../../build/object_detection build --build-base /home/cadt-02/Object-Detection/ros2_ws/build/object_detection/build install --record /home/cadt-02/Object-Detection/ros2_ws/build/object_detection/install.log --install-scripts $base/lib/object_detection --single-version-externally-managed
