[7.745s] Invoking command in '/home/cadt-02/Object-Detection/ros2_ws/src/my_package': PYTHONPATH=/home/cadt-02/Object-Detection/ros2_ws/build/my_package/prefix_override:/home/cadt-02/Object-Detection/ros2_ws/install/my_package/lib/python3.8/site-packages:${PYTHONPATH} /usr/bin/python3 setup.py egg_info --egg-base ../../build/my_package build --build-base /home/cadt-02/Object-Detection/ros2_ws/build/my_package/build install --record /home/cadt-02/Object-Detection/ros2_ws/build/my_package/install.log --single-version-externally-managed
[8.034s] /home/cadt-02/.local/lib/python3.8/site-packages/setuptools/dist.py:472: SetuptoolsDeprecationWarning: Invalid dash-separated options
[8.034s] !!
[8.035s] 
[8.035s]         ********************************************************************************
[8.035s]         Usage of dash-separated 'build-base' will not be supported in future
[8.036s]         versions. Please use the underscore name 'build_base' instead.
[8.036s] 
[8.036s]         By 2024-Sep-26, you need to update your project and remove deprecated calls
[8.036s]         or your builds will no longer be supported.
[8.037s] 
[8.037s]         See https://setuptools.pypa.io/en/latest/userguide/declarative_config.html for details.
[8.037s]         ********************************************************************************
[8.037s] 
[8.038s] !!
[8.038s]   opt = self.warn_dash_deprecation(opt, section)
[8.302s] running egg_info
[8.344s] writing ../../build/my_package/my_package.egg-info/PKG-INFO
[8.345s] writing dependency_links to ../../build/my_package/my_package.egg-info/dependency_links.txt
[8.345s] writing entry points to ../../build/my_package/my_package.egg-info/entry_points.txt
[8.346s] writing requirements to ../../build/my_package/my_package.egg-info/requires.txt
[8.346s] writing top-level names to ../../build/my_package/my_package.egg-info/top_level.txt
[8.657s] reading manifest file '../../build/my_package/my_package.egg-info/SOURCES.txt'
[8.659s] writing manifest file '../../build/my_package/my_package.egg-info/SOURCES.txt'
[8.659s] running build
[8.660s] running build_py
[8.660s] copying my_package/reinforcement_r2.py -> /home/cadt-02/Object-Detection/ros2_ws/build/my_package/build/lib/my_package
[8.660s] copying my_package/live_detection_node.py -> /home/cadt-02/Object-Detection/ros2_ws/build/my_package/build/lib/my_package
[8.661s] copying my_package/__init__.py -> /home/cadt-02/Object-Detection/ros2_ws/build/my_package/build/lib/my_package
[8.661s] copying my_package/main.py -> /home/cadt-02/Object-Detection/ros2_ws/build/my_package/build/lib/my_package
[8.662s] running install
[8.662s] /home/cadt-02/.local/lib/python3.8/site-packages/setuptools/_distutils/cmd.py:66: SetuptoolsDeprecationWarning: setup.py install is deprecated.
[8.663s] !!
[8.663s] 
[8.663s]         ********************************************************************************
[8.663s]         Please avoid running ``setup.py`` directly.
[8.664s]         Instead, use pypa/build, pypa/installer or other
[8.664s]         standards-based tools.
[8.665s] 
[8.665s]         See https://blog.ganssle.io/articles/2021/10/setup-py-deprecated.html for details.
[8.665s]         ********************************************************************************
[8.665s] 
[8.666s] !!
[8.666s]   self.initialize_options()
[8.674s] running install_lib
[8.721s] copying /home/cadt-02/Object-Detection/ros2_ws/build/my_package/build/lib/my_package/reinforcement_r2.py -> /home/cadt-02/Object-Detection/ros2_ws/install/my_package/lib/python3.8/site-packages/my_package
[8.721s] byte-compiling /home/cadt-02/Object-Detection/ros2_ws/install/my_package/lib/python3.8/site-packages/my_package/reinforcement_r2.py to reinforcement_r2.cpython-38.pyc
[8.724s] running install_data
[8.767s] copying resource/my_package -> /home/cadt-02/Object-Detection/ros2_ws/install/my_package/share/ament_index/resource_index/packages
[8.768s] copying package.xml -> /home/cadt-02/Object-Detection/ros2_ws/install/my_package/share/my_package
[8.768s] running install_egg_info
[8.811s] removing '/home/cadt-02/Object-Detection/ros2_ws/install/my_package/lib/python3.8/site-packages/my_package-0.0.0-py3.8.egg-info' (and everything under it)
[8.811s] Copying ../../build/my_package/my_package.egg-info to /home/cadt-02/Object-Detection/ros2_ws/install/my_package/lib/python3.8/site-packages/my_package-0.0.0-py3.8.egg-info
[8.814s] running install_scripts
[8.938s] Installing live_detection_node script to /home/cadt-02/Object-Detection/ros2_ws/install/my_package/lib/my_package
[8.939s] Installing main script to /home/cadt-02/Object-Detection/ros2_ws/install/my_package/lib/my_package
[8.939s] Installing my_node script to /home/cadt-02/Object-Detection/ros2_ws/install/my_package/lib/my_package
[8.939s] Installing reinforcement_r2 script to /home/cadt-02/Object-Detection/ros2_ws/install/my_package/lib/my_package
[8.940s] writing list of installed files to '/home/cadt-02/Object-Detection/ros2_ws/build/my_package/install.log'
[9.029s] Invoked command in '/home/cadt-02/Object-Detection/ros2_ws/src/my_package' returned '0': PYTHONPATH=/home/cadt-02/Object-Detection/ros2_ws/build/my_package/prefix_override:/home/cadt-02/Object-Detection/ros2_ws/install/my_package/lib/python3.8/site-packages:${PYTHONPATH} /usr/bin/python3 setup.py egg_info --egg-base ../../build/my_package build --build-base /home/cadt-02/Object-Detection/ros2_ws/build/my_package/build install --record /home/cadt-02/Object-Detection/ros2_ws/build/my_package/install.log --single-version-externally-managed
