[1.857s] Invoking command in '/home/vandara/ros2_ws/src/my_package': PYTHONPATH=/home/vandara/ros2_ws/build/my_package/prefix_override:/home/vandara/ros2_ws/install/my_package/lib/python3.8/site-packages:${PYTHONPATH} /usr/bin/python3 setup.py egg_info --egg-base ../../build/my_package build --build-base /home/vandara/ros2_ws/build/my_package/build install --record /home/vandara/ros2_ws/build/my_package/install.log --install-scripts $base/lib/my_package --single-version-externally-managed
[2.118s] running egg_info
[2.119s] writing ../../build/my_package/my_package.egg-info/PKG-INFO
[2.119s] writing dependency_links to ../../build/my_package/my_package.egg-info/dependency_links.txt
[2.120s] writing entry points to ../../build/my_package/my_package.egg-info/entry_points.txt
[2.120s] writing requirements to ../../build/my_package/my_package.egg-info/requires.txt
[2.120s] writing top-level names to ../../build/my_package/my_package.egg-info/top_level.txt
[2.159s] reading manifest file '../../build/my_package/my_package.egg-info/SOURCES.txt'
[2.160s] writing manifest file '../../build/my_package/my_package.egg-info/SOURCES.txt'
[2.161s] running build
[2.161s] running build_py
[2.161s] running install
[2.162s] running install_lib
[2.164s] running install_data
[2.164s] running install_egg_info
[2.166s] removing '/home/vandara/ros2_ws/install/my_package/lib/python3.8/site-packages/my_package-0.0.0-py3.8.egg-info' (and everything under it)
[2.167s] Copying ../../build/my_package/my_package.egg-info to /home/vandara/ros2_ws/install/my_package/lib/python3.8/site-packages/my_package-0.0.0-py3.8.egg-info
[2.168s] running install_scripts
[2.187s] Installing live_detection_node script to /home/vandara/ros2_ws/install/my_package/lib/my_package
[2.187s] Installing main script to /home/vandara/ros2_ws/install/my_package/lib/my_package
[2.187s] Installing my_node script to /home/vandara/ros2_ws/install/my_package/lib/my_package
[2.187s] Installing utils script to /home/vandara/ros2_ws/install/my_package/lib/my_package
[2.188s] writing list of installed files to '/home/vandara/ros2_ws/build/my_package/install.log'
[2.209s] Invoked command in '/home/vandara/ros2_ws/src/my_package' returned '0': PYTHONPATH=/home/vandara/ros2_ws/build/my_package/prefix_override:/home/vandara/ros2_ws/install/my_package/lib/python3.8/site-packages:${PYTHONPATH} /usr/bin/python3 setup.py egg_info --egg-base ../../build/my_package build --build-base /home/vandara/ros2_ws/build/my_package/build install --record /home/vandara/ros2_ws/build/my_package/install.log --install-scripts $base/lib/my_package --single-version-externally-managed
