[5.959s] Invoking command in '/home/cadt-02/Object-Detection/ros2_ws/src/object_detection': PYTHONPATH=/home/cadt-02/Object-Detection/ros2_ws/build/object_detection/prefix_override:/home/cadt-02/Object-Detection/ros2_ws/install/object_detection/lib/python3.8/site-packages:${PYTHONPATH} /usr/bin/python3 setup.py egg_info --egg-base ../../build/object_detection build --build-base /home/cadt-02/Object-Detection/ros2_ws/build/object_detection/build install --record /home/cadt-02/Object-Detection/ros2_ws/build/object_detection/install.log --install-scripts $base/lib/object_detection --single-version-externally-managed
[6.265s] /home/cadt-02/.local/lib/python3.8/site-packages/setuptools/dist.py:472: SetuptoolsDeprecationWarning: Invalid dash-separated options
[6.266s] !!
[6.266s] 
[6.266s]         ********************************************************************************
[6.266s]         Usage of dash-separated 'script-dir' will not be supported in future
[6.266s]         versions. Please use the underscore name 'script_dir' instead.
[6.266s] 
[6.267s]         By 2024-Sep-26, you need to update your project and remove deprecated calls
[6.267s]         or your builds will no longer be supported.
[6.267s] 
[6.267s]         See https://setuptools.pypa.io/en/latest/userguide/declarative_config.html for details.
[6.267s]         ********************************************************************************
[6.267s] 
[6.267s] !!
[6.268s]   opt = self.warn_dash_deprecation(opt, section)
[6.547s] running egg_info
[6.592s] writing ../../build/object_detection/object_detection.egg-info/PKG-INFO
[6.593s] writing dependency_links to ../../build/object_detection/object_detection.egg-info/dependency_links.txt
[6.594s] writing requirements to ../../build/object_detection/object_detection.egg-info/requires.txt
[6.594s] writing top-level names to ../../build/object_detection/object_detection.egg-info/top_level.txt
[6.932s] reading manifest file '../../build/object_detection/object_detection.egg-info/SOURCES.txt'
[6.933s] writing manifest file '../../build/object_detection/object_detection.egg-info/SOURCES.txt'
[6.934s] running build
[6.934s] running build_py
[6.935s] copying object_detection/__init__.py -> /home/cadt-02/Object-Detection/ros2_ws/build/object_detection/build/lib/object_detection
[6.936s] running install
[6.936s] /home/cadt-02/.local/lib/python3.8/site-packages/setuptools/_distutils/cmd.py:66: SetuptoolsDeprecationWarning: setup.py install is deprecated.
[6.937s] !!
[6.937s] 
[6.937s]         ********************************************************************************
[6.937s]         Please avoid running ``setup.py`` directly.
[6.937s]         Instead, use pypa/build, pypa/installer or other
[6.937s]         standards-based tools.
[6.937s] 
[6.937s]         See https://blog.ganssle.io/articles/2021/10/setup-py-deprecated.html for details.
[6.938s]         ********************************************************************************
[6.938s] 
[6.938s] !!
[6.938s]   self.initialize_options()
[6.949s] running install_lib
[6.996s] running install_data
[7.043s] copying resource/object_detection -> /home/cadt-02/Object-Detection/ros2_ws/install/object_detection/share/ament_index/resource_index/packages
[7.044s] copying package.xml -> /home/cadt-02/Object-Detection/ros2_ws/install/object_detection/share/object_detection
[7.044s] running install_egg_info
[7.092s] removing '/home/cadt-02/Object-Detection/ros2_ws/install/object_detection/lib/python3.8/site-packages/object_detection-0.0.0-py3.8.egg-info' (and everything under it)
[7.092s] Copying ../../build/object_detection/object_detection.egg-info to /home/cadt-02/Object-Detection/ros2_ws/install/object_detection/lib/python3.8/site-packages/object_detection-0.0.0-py3.8.egg-info
[7.094s] running install_scripts
[7.230s] writing list of installed files to '/home/cadt-02/Object-Detection/ros2_ws/build/object_detection/install.log'
[7.986s] Invoked command in '/home/cadt-02/Object-Detection/ros2_ws/src/object_detection' returned '0': PYTHONPATH=/home/cadt-02/Object-Detection/ros2_ws/build/object_detection/prefix_override:/home/cadt-02/Object-Detection/ros2_ws/install/object_detection/lib/python3.8/site-packages:${PYTHONPATH} /usr/bin/python3 setup.py egg_info --egg-base ../../build/object_detection build --build-base /home/cadt-02/Object-Detection/ros2_ws/build/object_detection/build install --record /home/cadt-02/Object-Detection/ros2_ws/build/object_detection/install.log --install-scripts $base/lib/object_detection --single-version-externally-managed
