[7.435s] Invoking command in '/home/cadt-02/Object-Detection/ros2_ws/src/my_package': PYTHONPATH=/home/cadt-02/Object-Detection/ros2_ws/build/my_package/prefix_override:/home/cadt-02/Object-Detection/ros2_ws/install/my_package/lib/python3.8/site-packages:${PYTHONPATH} /usr/bin/python3 setup.py egg_info --egg-base ../../build/my_package build --build-base /home/cadt-02/Object-Detection/ros2_ws/build/my_package/build install --record /home/cadt-02/Object-Detection/ros2_ws/build/my_package/install.log --install-scripts $base/lib/my_package --single-version-externally-managed
[7.730s] /home/cadt-02/.local/lib/python3.8/site-packages/setuptools/dist.py:472: SetuptoolsDeprecationWarning: Invalid dash-separated options
[7.731s] !!
[7.731s] 
[7.731s]         ********************************************************************************
[7.731s]         Usage of dash-separated 'script-dir' will not be supported in future
[7.731s]         versions. Please use the underscore name 'script_dir' instead.
[7.731s] 
[7.731s]         By 2024-Sep-26, you need to update your project and remove deprecated calls
[7.732s]         or your builds will no longer be supported.
[7.732s] 
[7.732s]         See https://setuptools.pypa.io/en/latest/userguide/declarative_config.html for details.
[7.732s]         ********************************************************************************
[7.732s] 
[7.732s] !!
[7.732s]   opt = self.warn_dash_deprecation(opt, section)
[7.980s] running egg_info
[8.019s] writing ../../build/my_package/my_package.egg-info/PKG-INFO
[8.020s] writing dependency_links to ../../build/my_package/my_package.egg-info/dependency_links.txt
[8.021s] writing entry points to ../../build/my_package/my_package.egg-info/entry_points.txt
[8.021s] writing requirements to ../../build/my_package/my_package.egg-info/requires.txt
[8.022s] writing top-level names to ../../build/my_package/my_package.egg-info/top_level.txt
[8.326s] reading manifest file '../../build/my_package/my_package.egg-info/SOURCES.txt'
[8.327s] writing manifest file '../../build/my_package/my_package.egg-info/SOURCES.txt'
[8.328s] running build
[8.328s] running build_py
[8.328s] copying my_package/camera_frame_publisher.py -> /home/cadt-02/Object-Detection/ros2_ws/build/my_package/build/lib/my_package
[8.329s] copying my_package/utils.py -> /home/cadt-02/Object-Detection/ros2_ws/build/my_package/build/lib/my_package
[8.329s] copying my_package/live_detection_node.py -> /home/cadt-02/Object-Detection/ros2_ws/build/my_package/build/lib/my_package
[8.330s] copying my_package/__init__.py -> /home/cadt-02/Object-Detection/ros2_ws/build/my_package/build/lib/my_package
[8.330s] copying my_package/main.py -> /home/cadt-02/Object-Detection/ros2_ws/build/my_package/build/lib/my_package
[8.330s] copying my_package/my_node.py -> /home/cadt-02/Object-Detection/ros2_ws/build/my_package/build/lib/my_package
[8.331s] copying my_package/object_detection_subscriber.py -> /home/cadt-02/Object-Detection/ros2_ws/build/my_package/build/lib/my_package
[8.331s] running install
[8.332s] /home/cadt-02/.local/lib/python3.8/site-packages/setuptools/_distutils/cmd.py:66: SetuptoolsDeprecationWarning: setup.py install is deprecated.
[8.332s] !!
[8.332s] 
[8.333s]         ********************************************************************************
[8.333s]         Please avoid running ``setup.py`` directly.
[8.333s]         Instead, use pypa/build, pypa/installer or other
[8.333s]         standards-based tools.
[8.333s] 
[8.333s]         See https://blog.ganssle.io/articles/2021/10/setup-py-deprecated.html for details.
[8.333s]         ********************************************************************************
[8.334s] 
[8.334s] !!
[8.334s]   self.initialize_options()
[8.344s] running install_lib
[8.384s] copying /home/cadt-02/Object-Detection/ros2_ws/build/my_package/build/lib/my_package/live_detection_node.py -> /home/cadt-02/Object-Detection/ros2_ws/install/my_package/lib/python3.8/site-packages/my_package
[8.386s] byte-compiling /home/cadt-02/Object-Detection/ros2_ws/install/my_package/lib/python3.8/site-packages/my_package/live_detection_node.py to live_detection_node.cpython-38.pyc
[8.389s] running install_data
[8.429s] copying resource/my_package -> /home/cadt-02/Object-Detection/ros2_ws/install/my_package/share/ament_index/resource_index/packages
[8.430s] copying package.xml -> /home/cadt-02/Object-Detection/ros2_ws/install/my_package/share/my_package
[8.430s] running install_egg_info
[8.472s] removing '/home/cadt-02/Object-Detection/ros2_ws/install/my_package/lib/python3.8/site-packages/my_package-0.0.0-py3.8.egg-info' (and everything under it)
[8.473s] Copying ../../build/my_package/my_package.egg-info to /home/cadt-02/Object-Detection/ros2_ws/install/my_package/lib/python3.8/site-packages/my_package-0.0.0-py3.8.egg-info
[8.475s] running install_scripts
[8.593s] Installing camera_frame_publisher script to /home/cadt-02/Object-Detection/ros2_ws/install/my_package/lib/my_package
[8.593s] Installing live_detection_node script to /home/cadt-02/Object-Detection/ros2_ws/install/my_package/lib/my_package
[8.594s] Installing main script to /home/cadt-02/Object-Detection/ros2_ws/install/my_package/lib/my_package
[8.594s] Installing my_node script to /home/cadt-02/Object-Detection/ros2_ws/install/my_package/lib/my_package
[8.594s] Installing object_detection_subscriber script to /home/cadt-02/Object-Detection/ros2_ws/install/my_package/lib/my_package
[8.595s] Installing utils script to /home/cadt-02/Object-Detection/ros2_ws/install/my_package/lib/my_package
[8.596s] writing list of installed files to '/home/cadt-02/Object-Detection/ros2_ws/build/my_package/install.log'
[8.684s] Invoked command in '/home/cadt-02/Object-Detection/ros2_ws/src/my_package' returned '0': PYTHONPATH=/home/cadt-02/Object-Detection/ros2_ws/build/my_package/prefix_override:/home/cadt-02/Object-Detection/ros2_ws/install/my_package/lib/python3.8/site-packages:${PYTHONPATH} /usr/bin/python3 setup.py egg_info --egg-base ../../build/my_package build --build-base /home/cadt-02/Object-Detection/ros2_ws/build/my_package/build install --record /home/cadt-02/Object-Detection/ros2_ws/build/my_package/install.log --install-scripts $base/lib/my_package --single-version-externally-managed
