[5.604s] Invoking command in '/home/cadt-02/Object-Detection/ros2_ws/src/object_detection': PYTHONPATH=/home/cadt-02/Object-Detection/ros2_ws/build/object_detection/prefix_override:/home/cadt-02/Object-Detection/ros2_ws/install/object_detection/lib/python3.8/site-packages:${PYTHONPATH} /usr/bin/python3 setup.py egg_info --egg-base ../../build/object_detection build --build-base /home/cadt-02/Object-Detection/ros2_ws/build/object_detection/build install --record /home/cadt-02/Object-Detection/ros2_ws/build/object_detection/install.log --install-scripts $base/lib/object_detection --single-version-externally-managed
[5.911s] /home/cadt-02/.local/lib/python3.8/site-packages/setuptools/dist.py:472: SetuptoolsDeprecationWarning: Invalid dash-separated options
[5.912s] !!
[5.912s] 
[5.912s]         ********************************************************************************
[5.912s]         Usage of dash-separated 'script-dir' will not be supported in future
[5.912s]         versions. Please use the underscore name 'script_dir' instead.
[5.912s] 
[5.913s]         By 2024-Sep-26, you need to update your project and remove deprecated calls
[5.913s]         or your builds will no longer be supported.
[5.913s] 
[5.913s]         See https://setuptools.pypa.io/en/latest/userguide/declarative_config.html for details.
[5.913s]         ********************************************************************************
[5.913s] 
[5.913s] !!
[5.913s]   opt = self.warn_dash_deprecation(opt, section)
[6.165s] running egg_info
[6.205s] writing ../../build/object_detection/object_detection.egg-info/PKG-INFO
[6.207s] writing dependency_links to ../../build/object_detection/object_detection.egg-info/dependency_links.txt
[6.207s] writing requirements to ../../build/object_detection/object_detection.egg-info/requires.txt
[6.208s] writing top-level names to ../../build/object_detection/object_detection.egg-info/top_level.txt
[6.527s] reading manifest file '../../build/object_detection/object_detection.egg-info/SOURCES.txt'
[6.529s] writing manifest file '../../build/object_detection/object_detection.egg-info/SOURCES.txt'
[6.529s] running build
[6.529s] running build_py
[6.530s] copying object_detection/__init__.py -> /home/cadt-02/Object-Detection/ros2_ws/build/object_detection/build/lib/object_detection
[6.530s] running install
[6.531s] /home/cadt-02/.local/lib/python3.8/site-packages/setuptools/_distutils/cmd.py:66: SetuptoolsDeprecationWarning: setup.py install is deprecated.
[6.531s] !!
[6.531s] 
[6.531s]         ********************************************************************************
[6.532s]         Please avoid running ``setup.py`` directly.
[6.532s]         Instead, use pypa/build, pypa/installer or other
[6.532s]         standards-based tools.
[6.532s] 
[6.533s]         See https://blog.ganssle.io/articles/2021/10/setup-py-deprecated.html for details.
[6.533s]         ********************************************************************************
[6.533s] 
[6.533s] !!
[6.533s]   self.initialize_options()
[6.543s] running install_lib
[6.586s] running install_data
[6.627s] copying resource/object_detection -> /home/cadt-02/Object-Detection/ros2_ws/install/object_detection/share/ament_index/resource_index/packages
[6.627s] copying package.xml -> /home/cadt-02/Object-Detection/ros2_ws/install/object_detection/share/object_detection
[6.627s] running install_egg_info
[6.670s] removing '/home/cadt-02/Object-Detection/ros2_ws/install/object_detection/lib/python3.8/site-packages/object_detection-0.0.0-py3.8.egg-info' (and everything under it)
[6.671s] Copying ../../build/object_detection/object_detection.egg-info to /home/cadt-02/Object-Detection/ros2_ws/install/object_detection/lib/python3.8/site-packages/object_detection-0.0.0-py3.8.egg-info
[6.674s] running install_scripts
[6.803s] writing list of installed files to '/home/cadt-02/Object-Detection/ros2_ws/build/object_detection/install.log'
[7.585s] Invoked command in '/home/cadt-02/Object-Detection/ros2_ws/src/object_detection' returned '0': PYTHONPATH=/home/cadt-02/Object-Detection/ros2_ws/build/object_detection/prefix_override:/home/cadt-02/Object-Detection/ros2_ws/install/object_detection/lib/python3.8/site-packages:${PYTHONPATH} /usr/bin/python3 setup.py egg_info --egg-base ../../build/object_detection build --build-base /home/cadt-02/Object-Detection/ros2_ws/build/object_detection/build install --record /home/cadt-02/Object-Detection/ros2_ws/build/object_detection/install.log --install-scripts $base/lib/object_detection --single-version-externally-managed
