[1.747s] Invoking command in '/home/vandara/ros2_ws/src/my_package': PYTHONPATH=/home/vandara/ros2_ws/build/my_package/prefix_override:/home/vandara/ros2_ws/install/my_package/lib/python3.8/site-packages:${PYTHONPATH} /usr/bin/python3 setup.py egg_info --egg-base ../../build/my_package build --build-base /home/vandara/ros2_ws/build/my_package/build install --record /home/vandara/ros2_ws/build/my_package/install.log --install-scripts $base/lib/my_package --single-version-externally-managed
[1.987s] running egg_info
[1.987s] writing ../../build/my_package/my_package.egg-info/PKG-INFO
[1.987s] writing dependency_links to ../../build/my_package/my_package.egg-info/dependency_links.txt
[1.987s] writing entry points to ../../build/my_package/my_package.egg-info/entry_points.txt
[1.988s] writing requirements to ../../build/my_package/my_package.egg-info/requires.txt
[1.988s] writing top-level names to ../../build/my_package/my_package.egg-info/top_level.txt
[2.022s] reading manifest file '../../build/my_package/my_package.egg-info/SOURCES.txt'
[2.022s] writing manifest file '../../build/my_package/my_package.egg-info/SOURCES.txt'
[2.023s] running build
[2.023s] running build_py
[2.023s] copying my_package/my_node.py -> /home/vandara/ros2_ws/build/my_package/build/lib/my_package
[2.023s] copying my_package/live_detection_node.py -> /home/vandara/ros2_ws/build/my_package/build/lib/my_package
[2.023s] running install
[2.024s] running install_lib
[2.026s] copying /home/vandara/ros2_ws/build/my_package/build/lib/my_package/my_node.py -> /home/vandara/ros2_ws/install/my_package/lib/python3.8/site-packages/my_package
[2.026s] copying /home/vandara/ros2_ws/build/my_package/build/lib/my_package/live_detection_node.py -> /home/vandara/ros2_ws/install/my_package/lib/python3.8/site-packages/my_package
[2.027s] byte-compiling /home/vandara/ros2_ws/install/my_package/lib/python3.8/site-packages/my_package/my_node.py to my_node.cpython-38.pyc
[2.028s] byte-compiling /home/vandara/ros2_ws/install/my_package/lib/python3.8/site-packages/my_package/live_detection_node.py to live_detection_node.cpython-38.pyc
[2.029s] running install_data
[2.030s] running install_egg_info
[2.031s] removing '/home/vandara/ros2_ws/install/my_package/lib/python3.8/site-packages/my_package-0.0.0-py3.8.egg-info' (and everything under it)
[2.032s] Copying ../../build/my_package/my_package.egg-info to /home/vandara/ros2_ws/install/my_package/lib/python3.8/site-packages/my_package-0.0.0-py3.8.egg-info
[2.033s] running install_scripts
[2.049s] Installing my_node = my_package.my_node:mainlive_detection_node script to /home/vandara/ros2_ws/install/my_package/lib/my_package
[2.050s] writing list of installed files to '/home/vandara/ros2_ws/build/my_package/install.log'
[2.071s] Invoked command in '/home/vandara/ros2_ws/src/my_package' returned '0': PYTHONPATH=/home/vandara/ros2_ws/build/my_package/prefix_override:/home/vandara/ros2_ws/install/my_package/lib/python3.8/site-packages:${PYTHONPATH} /usr/bin/python3 setup.py egg_info --egg-base ../../build/my_package build --build-base /home/vandara/ros2_ws/build/my_package/build install --record /home/vandara/ros2_ws/build/my_package/install.log --install-scripts $base/lib/my_package --single-version-externally-managed
