[7.460s] Invoking command in '/home/cadt-02/Object-Detection/ros2_ws/src/my_package': PYTHONPATH=/home/cadt-02/Object-Detection/ros2_ws/build/my_package/prefix_override:/home/cadt-02/Object-Detection/ros2_ws/install/my_package/lib/python3.8/site-packages:${PYTHONPATH} /usr/bin/python3 setup.py egg_info --egg-base ../../build/my_package build --build-base /home/cadt-02/Object-Detection/ros2_ws/build/my_package/build install --record /home/cadt-02/Object-Detection/ros2_ws/build/my_package/install.log --install-scripts $base/lib/my_package --single-version-externally-managed
[7.747s] /home/cadt-02/.local/lib/python3.8/site-packages/setuptools/dist.py:472: SetuptoolsDeprecationWarning: Invalid dash-separated options
[7.747s] !!
[7.747s] 
[7.747s]         ********************************************************************************
[7.747s]         Usage of dash-separated 'script-dir' will not be supported in future
[7.747s]         versions. Please use the underscore name 'script_dir' instead.
[7.747s] 
[7.748s]         By 2024-Sep-26, you need to update your project and remove deprecated calls
[7.748s]         or your builds will no longer be supported.
[7.748s] 
[7.748s]         See https://setuptools.pypa.io/en/latest/userguide/declarative_config.html for details.
[7.748s]         ********************************************************************************
[7.748s] 
[7.748s] !!
[7.749s]   opt = self.warn_dash_deprecation(opt, section)
[8.004s] running egg_info
[8.046s] writing ../../build/my_package/my_package.egg-info/PKG-INFO
[8.048s] writing dependency_links to ../../build/my_package/my_package.egg-info/dependency_links.txt
[8.048s] writing entry points to ../../build/my_package/my_package.egg-info/entry_points.txt
[8.049s] writing requirements to ../../build/my_package/my_package.egg-info/requires.txt
[8.049s] writing top-level names to ../../build/my_package/my_package.egg-info/top_level.txt
[8.362s] reading manifest file '../../build/my_package/my_package.egg-info/SOURCES.txt'
[8.364s] writing manifest file '../../build/my_package/my_package.egg-info/SOURCES.txt'
[8.364s] running build
[8.364s] running build_py
[8.365s] copying my_package/camera_frame_publisher.py -> /home/cadt-02/Object-Detection/ros2_ws/build/my_package/build/lib/my_package
[8.365s] copying my_package/utils.py -> /home/cadt-02/Object-Detection/ros2_ws/build/my_package/build/lib/my_package
[8.366s] copying my_package/live_detection_node.py -> /home/cadt-02/Object-Detection/ros2_ws/build/my_package/build/lib/my_package
[8.366s] copying my_package/__init__.py -> /home/cadt-02/Object-Detection/ros2_ws/build/my_package/build/lib/my_package
[8.366s] copying my_package/main.py -> /home/cadt-02/Object-Detection/ros2_ws/build/my_package/build/lib/my_package
[8.367s] copying my_package/my_node.py -> /home/cadt-02/Object-Detection/ros2_ws/build/my_package/build/lib/my_package
[8.367s] copying my_package/object_detection_subscriber.py -> /home/cadt-02/Object-Detection/ros2_ws/build/my_package/build/lib/my_package
[8.368s] running install
[8.368s] /home/cadt-02/.local/lib/python3.8/site-packages/setuptools/_distutils/cmd.py:66: SetuptoolsDeprecationWarning: setup.py install is deprecated.
[8.369s] !!
[8.369s] 
[8.369s]         ********************************************************************************
[8.369s]         Please avoid running ``setup.py`` directly.
[8.369s]         Instead, use pypa/build, pypa/installer or other
[8.369s]         standards-based tools.
[8.369s] 
[8.370s]         See https://blog.ganssle.io/articles/2021/10/setup-py-deprecated.html for details.
[8.370s]         ********************************************************************************
[8.370s] 
[8.370s] !!
[8.370s]   self.initialize_options()
[8.380s] running install_lib
[8.423s] copying /home/cadt-02/Object-Detection/ros2_ws/build/my_package/build/lib/my_package/live_detection_node.py -> /home/cadt-02/Object-Detection/ros2_ws/install/my_package/lib/python3.8/site-packages/my_package
[8.424s] byte-compiling /home/cadt-02/Object-Detection/ros2_ws/install/my_package/lib/python3.8/site-packages/my_package/live_detection_node.py to live_detection_node.cpython-38.pyc
[8.427s] running install_data
[8.471s] copying resource/my_package -> /home/cadt-02/Object-Detection/ros2_ws/install/my_package/share/ament_index/resource_index/packages
[8.471s] copying package.xml -> /home/cadt-02/Object-Detection/ros2_ws/install/my_package/share/my_package
[8.472s] running install_egg_info
[8.514s] removing '/home/cadt-02/Object-Detection/ros2_ws/install/my_package/lib/python3.8/site-packages/my_package-0.0.0-py3.8.egg-info' (and everything under it)
[8.515s] Copying ../../build/my_package/my_package.egg-info to /home/cadt-02/Object-Detection/ros2_ws/install/my_package/lib/python3.8/site-packages/my_package-0.0.0-py3.8.egg-info
[8.517s] running install_scripts
[8.656s] Installing camera_frame_publisher script to /home/cadt-02/Object-Detection/ros2_ws/install/my_package/lib/my_package
[8.658s] Installing live_detection_node script to /home/cadt-02/Object-Detection/ros2_ws/install/my_package/lib/my_package
[8.659s] Installing main script to /home/cadt-02/Object-Detection/ros2_ws/install/my_package/lib/my_package
[8.659s] Installing my_node script to /home/cadt-02/Object-Detection/ros2_ws/install/my_package/lib/my_package
[8.660s] Installing object_detection_subscriber script to /home/cadt-02/Object-Detection/ros2_ws/install/my_package/lib/my_package
[8.661s] Installing utils script to /home/cadt-02/Object-Detection/ros2_ws/install/my_package/lib/my_package
[8.663s] writing list of installed files to '/home/cadt-02/Object-Detection/ros2_ws/build/my_package/install.log'
[9.453s] Invoked command in '/home/cadt-02/Object-Detection/ros2_ws/src/my_package' returned '0': PYTHONPATH=/home/cadt-02/Object-Detection/ros2_ws/build/my_package/prefix_override:/home/cadt-02/Object-Detection/ros2_ws/install/my_package/lib/python3.8/site-packages:${PYTHONPATH} /usr/bin/python3 setup.py egg_info --egg-base ../../build/my_package build --build-base /home/cadt-02/Object-Detection/ros2_ws/build/my_package/build install --record /home/cadt-02/Object-Detection/ros2_ws/build/my_package/install.log --install-scripts $base/lib/my_package --single-version-externally-managed
