[6.631s] Invoking command in '/home/cadt-02/Object-Detection/ros2_ws/src/object_detection': PYTHONPATH=/home/cadt-02/Object-Detection/ros2_ws/build/object_detection/prefix_override:/home/cadt-02/Object-Detection/ros2_ws/install/object_detection/lib/python3.8/site-packages:${PYTHONPATH} /usr/bin/python3 setup.py egg_info --egg-base ../../build/object_detection build --build-base /home/cadt-02/Object-Detection/ros2_ws/build/object_detection/build install --record /home/cadt-02/Object-Detection/ros2_ws/build/object_detection/install.log --install-scripts $base/lib/object_detection --single-version-externally-managed
[6.983s] /home/cadt-02/.local/lib/python3.8/site-packages/setuptools/dist.py:472: SetuptoolsDeprecationWarning: Invalid dash-separated options
[6.983s] !!
[6.983s] 
[6.984s]         ********************************************************************************
[6.984s]         Usage of dash-separated 'script-dir' will not be supported in future
[6.984s]         versions. Please use the underscore name 'script_dir' instead.
[6.984s] 
[6.984s]         By 2024-Sep-26, you need to update your project and remove deprecated calls
[6.984s]         or your builds will no longer be supported.
[6.984s] 
[6.985s]         See https://setuptools.pypa.io/en/latest/userguide/declarative_config.html for details.
[6.985s]         ********************************************************************************
[6.986s] 
[6.986s] !!
[6.986s]   opt = self.warn_dash_deprecation(opt, section)
[7.314s] running egg_info
[7.367s] writing ../../build/object_detection/object_detection.egg-info/PKG-INFO
[7.368s] writing dependency_links to ../../build/object_detection/object_detection.egg-info/dependency_links.txt
[7.370s] writing requirements to ../../build/object_detection/object_detection.egg-info/requires.txt
[7.370s] writing top-level names to ../../build/object_detection/object_detection.egg-info/top_level.txt
[7.763s] reading manifest file '../../build/object_detection/object_detection.egg-info/SOURCES.txt'
[7.765s] writing manifest file '../../build/object_detection/object_detection.egg-info/SOURCES.txt'
[7.766s] running build
[7.766s] running build_py
[7.767s] copying object_detection/__init__.py -> /home/cadt-02/Object-Detection/ros2_ws/build/object_detection/build/lib/object_detection
[7.768s] running install
[7.769s] /home/cadt-02/.local/lib/python3.8/site-packages/setuptools/_distutils/cmd.py:66: SetuptoolsDeprecationWarning: setup.py install is deprecated.
[7.769s] !!
[7.770s] 
[7.771s]         ********************************************************************************
[7.771s]         Please avoid running ``setup.py`` directly.
[7.772s]         Instead, use pypa/build, pypa/installer or other
[7.775s]         standards-based tools.
[7.776s] 
[7.777s]         See https://blog.ganssle.io/articles/2021/10/setup-py-deprecated.html for details.
[7.777s]         ********************************************************************************
[7.777s] 
[7.778s] !!
[7.779s]   self.initialize_options()
[7.781s] running install_lib
[7.833s] running install_data
[7.884s] copying resource/object_detection -> /home/cadt-02/Object-Detection/ros2_ws/install/object_detection/share/ament_index/resource_index/packages
[7.886s] copying package.xml -> /home/cadt-02/Object-Detection/ros2_ws/install/object_detection/share/object_detection
[7.886s] running install_egg_info
[7.935s] removing '/home/cadt-02/Object-Detection/ros2_ws/install/object_detection/lib/python3.8/site-packages/object_detection-0.0.0-py3.8.egg-info' (and everything under it)
[7.936s] Copying ../../build/object_detection/object_detection.egg-info to /home/cadt-02/Object-Detection/ros2_ws/install/object_detection/lib/python3.8/site-packages/object_detection-0.0.0-py3.8.egg-info
[7.938s] running install_scripts
[8.097s] writing list of installed files to '/home/cadt-02/Object-Detection/ros2_ws/build/object_detection/install.log'
[8.515s] Invoked command in '/home/cadt-02/Object-Detection/ros2_ws/src/object_detection' returned '0': PYTHONPATH=/home/cadt-02/Object-Detection/ros2_ws/build/object_detection/prefix_override:/home/cadt-02/Object-Detection/ros2_ws/install/object_detection/lib/python3.8/site-packages:${PYTHONPATH} /usr/bin/python3 setup.py egg_info --egg-base ../../build/object_detection build --build-base /home/cadt-02/Object-Detection/ros2_ws/build/object_detection/build install --record /home/cadt-02/Object-Detection/ros2_ws/build/object_detection/install.log --install-scripts $base/lib/object_detection --single-version-externally-managed
