[5.207s] Invoking command in '/home/cadt-02/Object-Detection/ros2_ws/src/object_detection': PYTHONPATH=/home/cadt-02/Object-Detection/ros2_ws/build/object_detection/prefix_override:/home/cadt-02/Object-Detection/ros2_ws/install/object_detection/lib/python3.8/site-packages:${PYTHONPATH} /usr/bin/python3 setup.py egg_info --egg-base ../../build/object_detection build --build-base /home/cadt-02/Object-Detection/ros2_ws/build/object_detection/build install --record /home/cadt-02/Object-Detection/ros2_ws/build/object_detection/install.log --install-scripts $base/lib/object_detection --single-version-externally-managed
[5.490s] /home/cadt-02/.local/lib/python3.8/site-packages/setuptools/dist.py:472: SetuptoolsDeprecationWarning: Invalid dash-separated options
[5.491s] !!
[5.491s] 
[5.491s]         ********************************************************************************
[5.492s]         Usage of dash-separated 'script-dir' will not be supported in future
[5.492s]         versions. Please use the underscore name 'script_dir' instead.
[5.492s] 
[5.492s]         By 2024-Sep-26, you need to update your project and remove deprecated calls
[5.493s]         or your builds will no longer be supported.
[5.493s] 
[5.493s]         See https://setuptools.pypa.io/en/latest/userguide/declarative_config.html for details.
[5.493s]         ********************************************************************************
[5.494s] 
[5.494s] !!
[5.494s]   opt = self.warn_dash_deprecation(opt, section)
[5.747s] running egg_info
[5.788s] writing ../../build/object_detection/object_detection.egg-info/PKG-INFO
[5.789s] writing dependency_links to ../../build/object_detection/object_detection.egg-info/dependency_links.txt
[5.791s] writing requirements to ../../build/object_detection/object_detection.egg-info/requires.txt
[5.792s] writing top-level names to ../../build/object_detection/object_detection.egg-info/top_level.txt
[6.101s] reading manifest file '../../build/object_detection/object_detection.egg-info/SOURCES.txt'
[6.102s] writing manifest file '../../build/object_detection/object_detection.egg-info/SOURCES.txt'
[6.103s] running build
[6.103s] running build_py
[6.103s] copying object_detection/__init__.py -> /home/cadt-02/Object-Detection/ros2_ws/build/object_detection/build/lib/object_detection
[6.104s] running install
[6.105s] /home/cadt-02/.local/lib/python3.8/site-packages/setuptools/_distutils/cmd.py:66: SetuptoolsDeprecationWarning: setup.py install is deprecated.
[6.106s] !!
[6.106s] 
[6.106s]         ********************************************************************************
[6.107s]         Please avoid running ``setup.py`` directly.
[6.107s]         Instead, use pypa/build, pypa/installer or other
[6.107s]         standards-based tools.
[6.108s] 
[6.108s]         See https://blog.ganssle.io/articles/2021/10/setup-py-deprecated.html for details.
[6.108s]         ********************************************************************************
[6.108s] 
[6.109s] !!
[6.109s]   self.initialize_options()
[6.116s] running install_lib
[6.158s] running install_data
[6.198s] copying resource/object_detection -> /home/cadt-02/Object-Detection/ros2_ws/install/object_detection/share/ament_index/resource_index/packages
[6.199s] copying package.xml -> /home/cadt-02/Object-Detection/ros2_ws/install/object_detection/share/object_detection
[6.199s] running install_egg_info
[6.241s] removing '/home/cadt-02/Object-Detection/ros2_ws/install/object_detection/lib/python3.8/site-packages/object_detection-0.0.0-py3.8.egg-info' (and everything under it)
[6.242s] Copying ../../build/object_detection/object_detection.egg-info to /home/cadt-02/Object-Detection/ros2_ws/install/object_detection/lib/python3.8/site-packages/object_detection-0.0.0-py3.8.egg-info
[6.244s] running install_scripts
[6.363s] writing list of installed files to '/home/cadt-02/Object-Detection/ros2_ws/build/object_detection/install.log'
[6.452s] Invoked command in '/home/cadt-02/Object-Detection/ros2_ws/src/object_detection' returned '0': PYTHONPATH=/home/cadt-02/Object-Detection/ros2_ws/build/object_detection/prefix_override:/home/cadt-02/Object-Detection/ros2_ws/install/object_detection/lib/python3.8/site-packages:${PYTHONPATH} /usr/bin/python3 setup.py egg_info --egg-base ../../build/object_detection build --build-base /home/cadt-02/Object-Detection/ros2_ws/build/object_detection/build install --record /home/cadt-02/Object-Detection/ros2_ws/build/object_detection/install.log --install-scripts $base/lib/object_detection --single-version-externally-managed
