[2.275s] Invoking command in '/home/vandara/ros2_ws/src/my_package': PYTHONPATH=/home/vandara/ros2_ws/build/my_package/prefix_override:/home/vandara/ros2_ws/install/my_package/lib/python3.8/site-packages:${PYTHONPATH} /usr/bin/python3 setup.py egg_info --egg-base ../../build/my_package build --build-base /home/vandara/ros2_ws/build/my_package/build install --record /home/vandara/ros2_ws/build/my_package/install.log --install-scripts $base/lib/my_package --single-version-externally-managed
[2.559s] running egg_info
[2.560s] writing ../../build/my_package/my_package.egg-info/PKG-INFO
[2.564s] writing dependency_links to ../../build/my_package/my_package.egg-info/dependency_links.txt
[2.564s] writing entry points to ../../build/my_package/my_package.egg-info/entry_points.txt
[2.564s] writing requirements to ../../build/my_package/my_package.egg-info/requires.txt
[2.565s] writing top-level names to ../../build/my_package/my_package.egg-info/top_level.txt
[2.607s] reading manifest file '../../build/my_package/my_package.egg-info/SOURCES.txt'
[2.609s] writing manifest file '../../build/my_package/my_package.egg-info/SOURCES.txt'
[2.609s] running build
[2.609s] running build_py
[2.609s] copying my_package/live_detection_node.py -> /home/vandara/ros2_ws/build/my_package/build/lib/my_package
[2.610s] running install
[2.611s] running install_lib
[2.612s] copying /home/vandara/ros2_ws/build/my_package/build/lib/my_package/live_detection_node.py -> /home/vandara/ros2_ws/install/my_package/lib/python3.8/site-packages/my_package
[2.613s] byte-compiling /home/vandara/ros2_ws/install/my_package/lib/python3.8/site-packages/my_package/live_detection_node.py to live_detection_node.cpython-38.pyc
[2.616s] running install_data
[2.616s] running install_egg_info
[2.619s] removing '/home/vandara/ros2_ws/install/my_package/lib/python3.8/site-packages/my_package-0.0.0-py3.8.egg-info' (and everything under it)
[2.619s] Copying ../../build/my_package/my_package.egg-info to /home/vandara/ros2_ws/install/my_package/lib/python3.8/site-packages/my_package-0.0.0-py3.8.egg-info
[2.620s] running install_scripts
[2.641s] Installing live_detection_node script to /home/vandara/ros2_ws/install/my_package/lib/my_package
[2.641s] Installing main script to /home/vandara/ros2_ws/install/my_package/lib/my_package
[2.641s] Installing my_node script to /home/vandara/ros2_ws/install/my_package/lib/my_package
[2.642s] Installing utils script to /home/vandara/ros2_ws/install/my_package/lib/my_package
[2.642s] writing list of installed files to '/home/vandara/ros2_ws/build/my_package/install.log'
[2.906s] Invoked command in '/home/vandara/ros2_ws/src/my_package' returned '0': PYTHONPATH=/home/vandara/ros2_ws/build/my_package/prefix_override:/home/vandara/ros2_ws/install/my_package/lib/python3.8/site-packages:${PYTHONPATH} /usr/bin/python3 setup.py egg_info --egg-base ../../build/my_package build --build-base /home/vandara/ros2_ws/build/my_package/build install --record /home/vandara/ros2_ws/build/my_package/install.log --install-scripts $base/lib/my_package --single-version-externally-managed
