[7.890s] Invoking command in '/home/cadt-02/Object-Detection/ros2_ws/src/my_package': NX_CONNECTION=172.23.34.123 52323 172.23.34.34 4000 PYTHONPATH=/home/cadt-02/Object-Detection/ros2_ws/build/my_package/prefix_override:/home/cadt-02/Object-Detection/ros2_ws/install/my_package/lib/python3.8/site-packages:${PYTHONPATH} /usr/bin/python3 setup.py egg_info --egg-base ../../build/my_package build --build-base /home/cadt-02/Object-Detection/ros2_ws/build/my_package/build install --record /home/cadt-02/Object-Detection/ros2_ws/build/my_package/install.log --single-version-externally-managed
[8.191s] /home/cadt-02/.local/lib/python3.8/site-packages/setuptools/dist.py:476: SetuptoolsDeprecationWarning: Invalid dash-separated options
[8.191s] !!
[8.192s] 
[8.193s]         ********************************************************************************
[8.193s]         Usage of dash-separated 'build-base' will not be supported in future
[8.196s]         versions. Please use the underscore name 'build_base' instead.
[8.197s] 
[8.200s]         By 2024-Sep-26, you need to update your project and remove deprecated calls
[8.200s]         or your builds will no longer be supported.
[8.201s] 
[8.202s]         See https://setuptools.pypa.io/en/latest/userguide/declarative_config.html for details.
[8.202s]         ********************************************************************************
[8.203s] 
[8.204s] !!
[8.205s]   opt = self.warn_dash_deprecation(opt, section)
[8.459s] running egg_info
[8.503s] writing ../../build/my_package/my_package.egg-info/PKG-INFO
[8.504s] writing dependency_links to ../../build/my_package/my_package.egg-info/dependency_links.txt
[8.505s] writing entry points to ../../build/my_package/my_package.egg-info/entry_points.txt
[8.505s] writing requirements to ../../build/my_package/my_package.egg-info/requires.txt
[8.507s] writing top-level names to ../../build/my_package/my_package.egg-info/top_level.txt
[8.813s] reading manifest file '../../build/my_package/my_package.egg-info/SOURCES.txt'
[8.815s] writing manifest file '../../build/my_package/my_package.egg-info/SOURCES.txt'
[8.816s] running build
[8.818s] running build_py
[8.819s] copying my_package/reinforcement_r2.py -> /home/cadt-02/Object-Detection/ros2_ws/build/my_package/build/lib/my_package
[8.819s] copying my_package/live_detection_node.py -> /home/cadt-02/Object-Detection/ros2_ws/build/my_package/build/lib/my_package
[8.819s] copying my_package/__init__.py -> /home/cadt-02/Object-Detection/ros2_ws/build/my_package/build/lib/my_package
[8.820s] copying my_package/main.py -> /home/cadt-02/Object-Detection/ros2_ws/build/my_package/build/lib/my_package
[8.820s] running install
[8.820s] /home/cadt-02/.local/lib/python3.8/site-packages/setuptools/_distutils/cmd.py:66: SetuptoolsDeprecationWarning: setup.py install is deprecated.
[8.821s] !!
[8.821s] 
[8.821s]         ********************************************************************************
[8.821s]         Please avoid running ``setup.py`` directly.
[8.821s]         Instead, use pypa/build, pypa/installer or other
[8.821s]         standards-based tools.
[8.821s] 
[8.822s]         See https://blog.ganssle.io/articles/2021/10/setup-py-deprecated.html for details.
[8.822s]         ********************************************************************************
[8.822s] 
[8.822s] !!
[8.822s]   self.initialize_options()
[8.831s] running install_lib
[8.878s] copying /home/cadt-02/Object-Detection/ros2_ws/build/my_package/build/lib/my_package/live_detection_node.py -> /home/cadt-02/Object-Detection/ros2_ws/install/my_package/lib/python3.8/site-packages/my_package
[8.879s] byte-compiling /home/cadt-02/Object-Detection/ros2_ws/install/my_package/lib/python3.8/site-packages/my_package/live_detection_node.py to live_detection_node.cpython-38.pyc
[8.886s] running install_data
[8.925s] copying resource/my_package -> /home/cadt-02/Object-Detection/ros2_ws/install/my_package/share/ament_index/resource_index/packages
[8.927s] copying package.xml -> /home/cadt-02/Object-Detection/ros2_ws/install/my_package/share/my_package
[8.928s] running install_egg_info
[8.974s] removing '/home/cadt-02/Object-Detection/ros2_ws/install/my_package/lib/python3.8/site-packages/my_package-0.0.0-py3.8.egg-info' (and everything under it)
[8.977s] Copying ../../build/my_package/my_package.egg-info to /home/cadt-02/Object-Detection/ros2_ws/install/my_package/lib/python3.8/site-packages/my_package-0.0.0-py3.8.egg-info
[8.978s] running install_scripts
[9.081s] Installing live_detection_node script to /home/cadt-02/Object-Detection/ros2_ws/install/my_package/lib/my_package
[9.083s] Installing main script to /home/cadt-02/Object-Detection/ros2_ws/install/my_package/lib/my_package
[9.085s] Installing my_node script to /home/cadt-02/Object-Detection/ros2_ws/install/my_package/lib/my_package
[9.086s] Installing reinforcement_r2 script to /home/cadt-02/Object-Detection/ros2_ws/install/my_package/lib/my_package
[9.087s] writing list of installed files to '/home/cadt-02/Object-Detection/ros2_ws/build/my_package/install.log'
[10.330s] Invoked command in '/home/cadt-02/Object-Detection/ros2_ws/src/my_package' returned '0': NX_CONNECTION=172.23.34.123 52323 172.23.34.34 4000 PYTHONPATH=/home/cadt-02/Object-Detection/ros2_ws/build/my_package/prefix_override:/home/cadt-02/Object-Detection/ros2_ws/install/my_package/lib/python3.8/site-packages:${PYTHONPATH} /usr/bin/python3 setup.py egg_info --egg-base ../../build/my_package build --build-base /home/cadt-02/Object-Detection/ros2_ws/build/my_package/build install --record /home/cadt-02/Object-Detection/ros2_ws/build/my_package/install.log --single-version-externally-managed
