[8.200s] Invoking command in '/home/cadt-02/Object-Detection/ros2_ws/src/my_package': NX_CONNECTION=172.23.33.204 56795 172.23.34.34 4000 PYTHONPATH=/home/cadt-02/Object-Detection/ros2_ws/build/my_package/prefix_override:/home/cadt-02/Object-Detection/ros2_ws/install/my_package/lib/python3.8/site-packages:${PYTHONPATH} /usr/bin/python3 setup.py egg_info --egg-base ../../build/my_package build --build-base /home/cadt-02/Object-Detection/ros2_ws/build/my_package/build install --record /home/cadt-02/Object-Detection/ros2_ws/build/my_package/install.log --single-version-externally-managed
[8.547s] /home/cadt-02/.local/lib/python3.8/site-packages/setuptools/dist.py:476: SetuptoolsDeprecationWarning: Invalid dash-separated options
[8.547s] !!
[8.548s] 
[8.548s]         ********************************************************************************
[8.548s]         Usage of dash-separated 'build-base' will not be supported in future
[8.548s]         versions. Please use the underscore name 'build_base' instead.
[8.548s] 
[8.548s]         By 2024-Sep-26, you need to update your project and remove deprecated calls
[8.549s]         or your builds will no longer be supported.
[8.549s] 
[8.549s]         See https://setuptools.pypa.io/en/latest/userguide/declarative_config.html for details.
[8.549s]         ********************************************************************************
[8.549s] 
[8.549s] !!
[8.549s]   opt = self.warn_dash_deprecation(opt, section)
[8.807s] running egg_info
[8.853s] writing ../../build/my_package/my_package.egg-info/PKG-INFO
[8.859s] writing dependency_links to ../../build/my_package/my_package.egg-info/dependency_links.txt
[8.859s] writing entry points to ../../build/my_package/my_package.egg-info/entry_points.txt
[8.859s] writing requirements to ../../build/my_package/my_package.egg-info/requires.txt
[8.859s] writing top-level names to ../../build/my_package/my_package.egg-info/top_level.txt
[9.173s] reading manifest file '../../build/my_package/my_package.egg-info/SOURCES.txt'
[9.174s] writing manifest file '../../build/my_package/my_package.egg-info/SOURCES.txt'
[9.176s] running build
[9.178s] running build_py
[9.178s] /home/cadt-02/.local/lib/python3.8/site-packages/setuptools/_distutils/cmd.py:66: SetuptoolsDeprecationWarning: setup.py install is deprecated.
[9.179s] !!
[9.179s] 
[9.179s]         ********************************************************************************
[9.179s]         Please avoid running ``setup.py`` directly.
[9.179s]         Instead, use pypa/build, pypa/installer or other
[9.179s]         standards-based tools.
[9.180s] 
[9.181s]         See https://blog.ganssle.io/articles/2021/10/setup-py-deprecated.html for details.
[9.182s]         ********************************************************************************
[9.182s] 
[9.182s] !!
[9.182s]   self.initialize_options()
[9.183s] copying my_package/reinforcement_r2.py -> /home/cadt-02/Object-Detection/ros2_ws/build/my_package/build/lib/my_package
[9.183s] copying my_package/live_detection_node.py -> /home/cadt-02/Object-Detection/ros2_ws/build/my_package/build/lib/my_package
[9.183s] copying my_package/__init__.py -> /home/cadt-02/Object-Detection/ros2_ws/build/my_package/build/lib/my_package
[9.183s] copying my_package/main.py -> /home/cadt-02/Object-Detection/ros2_ws/build/my_package/build/lib/my_package
[9.183s] running install
[9.203s] running install_lib
[9.233s] copying /home/cadt-02/Object-Detection/ros2_ws/build/my_package/build/lib/my_package/reinforcement_r2.py -> /home/cadt-02/Object-Detection/ros2_ws/install/my_package/lib/python3.8/site-packages/my_package
[9.233s] copying /home/cadt-02/Object-Detection/ros2_ws/build/my_package/build/lib/my_package/live_detection_node.py -> /home/cadt-02/Object-Detection/ros2_ws/install/my_package/lib/python3.8/site-packages/my_package
[9.235s] byte-compiling /home/cadt-02/Object-Detection/ros2_ws/install/my_package/lib/python3.8/site-packages/my_package/reinforcement_r2.py to reinforcement_r2.cpython-38.pyc
[9.240s] byte-compiling /home/cadt-02/Object-Detection/ros2_ws/install/my_package/lib/python3.8/site-packages/my_package/live_detection_node.py to live_detection_node.cpython-38.pyc
[9.244s] running install_data
[9.292s] copying resource/my_package -> /home/cadt-02/Object-Detection/ros2_ws/install/my_package/share/ament_index/resource_index/packages
[9.293s] copying package.xml -> /home/cadt-02/Object-Detection/ros2_ws/install/my_package/share/my_package
[9.293s] running install_egg_info
[9.331s] removing '/home/cadt-02/Object-Detection/ros2_ws/install/my_package/lib/python3.8/site-packages/my_package-0.0.0-py3.8.egg-info' (and everything under it)
[9.331s] Copying ../../build/my_package/my_package.egg-info to /home/cadt-02/Object-Detection/ros2_ws/install/my_package/lib/python3.8/site-packages/my_package-0.0.0-py3.8.egg-info
[9.333s] running install_scripts
[9.437s] Installing live_detection_node script to /home/cadt-02/Object-Detection/ros2_ws/install/my_package/lib/my_package
[9.438s] Installing main script to /home/cadt-02/Object-Detection/ros2_ws/install/my_package/lib/my_package
[9.440s] Installing my_node script to /home/cadt-02/Object-Detection/ros2_ws/install/my_package/lib/my_package
[9.441s] Installing reinforcement_r2 script to /home/cadt-02/Object-Detection/ros2_ws/install/my_package/lib/my_package
[9.442s] writing list of installed files to '/home/cadt-02/Object-Detection/ros2_ws/build/my_package/install.log'
[9.917s] Invoked command in '/home/cadt-02/Object-Detection/ros2_ws/src/my_package' returned '0': NX_CONNECTION=172.23.33.204 56795 172.23.34.34 4000 PYTHONPATH=/home/cadt-02/Object-Detection/ros2_ws/build/my_package/prefix_override:/home/cadt-02/Object-Detection/ros2_ws/install/my_package/lib/python3.8/site-packages:${PYTHONPATH} /usr/bin/python3 setup.py egg_info --egg-base ../../build/my_package build --build-base /home/cadt-02/Object-Detection/ros2_ws/build/my_package/build install --record /home/cadt-02/Object-Detection/ros2_ws/build/my_package/install.log --single-version-externally-managed
