[5.185s] Invoking command in '/home/cadt-02/Object-Detection/ros2_ws/src/object_detection': PYTHONPATH=/home/cadt-02/Object-Detection/ros2_ws/build/object_detection/prefix_override:/home/cadt-02/Object-Detection/ros2_ws/install/object_detection/lib/python3.8/site-packages:${PYTHONPATH} /usr/bin/python3 setup.py egg_info --egg-base ../../build/object_detection build --build-base /home/cadt-02/Object-Detection/ros2_ws/build/object_detection/build install --record /home/cadt-02/Object-Detection/ros2_ws/build/object_detection/install.log --install-scripts $base/lib/object_detection --single-version-externally-managed
[5.466s] /home/cadt-02/.local/lib/python3.8/site-packages/setuptools/dist.py:472: SetuptoolsDeprecationWarning: Invalid dash-separated options
[5.466s] !!
[5.466s] 
[5.467s]         ********************************************************************************
[5.467s]         Usage of dash-separated 'script-dir' will not be supported in future
[5.467s]         versions. Please use the underscore name 'script_dir' instead.
[5.467s] 
[5.468s]         By 2024-Sep-26, you need to update your project and remove deprecated calls
[5.468s]         or your builds will no longer be supported.
[5.468s] 
[5.468s]         See https://setuptools.pypa.io/en/latest/userguide/declarative_config.html for details.
[5.469s]         ********************************************************************************
[5.469s] 
[5.469s] !!
[5.469s]   opt = self.warn_dash_deprecation(opt, section)
[5.726s] running egg_info
[5.767s] writing ../../build/object_detection/object_detection.egg-info/PKG-INFO
[5.768s] writing dependency_links to ../../build/object_detection/object_detection.egg-info/dependency_links.txt
[5.769s] writing requirements to ../../build/object_detection/object_detection.egg-info/requires.txt
[5.769s] writing top-level names to ../../build/object_detection/object_detection.egg-info/top_level.txt
[6.075s] reading manifest file '../../build/object_detection/object_detection.egg-info/SOURCES.txt'
[6.077s] writing manifest file '../../build/object_detection/object_detection.egg-info/SOURCES.txt'
[6.077s] running build
[6.077s] running build_py
[6.078s] copying object_detection/__init__.py -> /home/cadt-02/Object-Detection/ros2_ws/build/object_detection/build/lib/object_detection
[6.078s] running install
[6.079s] /home/cadt-02/.local/lib/python3.8/site-packages/setuptools/_distutils/cmd.py:66: SetuptoolsDeprecationWarning: setup.py install is deprecated.
[6.079s] !!
[6.079s] 
[6.079s]         ********************************************************************************
[6.079s]         Please avoid running ``setup.py`` directly.
[6.079s]         Instead, use pypa/build, pypa/installer or other
[6.080s]         standards-based tools.
[6.080s] 
[6.080s]         See https://blog.ganssle.io/articles/2021/10/setup-py-deprecated.html for details.
[6.080s]         ********************************************************************************
[6.080s] 
[6.080s] !!
[6.080s]   self.initialize_options()
[6.090s] running install_lib
[6.133s] running install_data
[6.175s] copying resource/object_detection -> /home/cadt-02/Object-Detection/ros2_ws/install/object_detection/share/ament_index/resource_index/packages
[6.175s] copying package.xml -> /home/cadt-02/Object-Detection/ros2_ws/install/object_detection/share/object_detection
[6.175s] running install_egg_info
[6.216s] removing '/home/cadt-02/Object-Detection/ros2_ws/install/object_detection/lib/python3.8/site-packages/object_detection-0.0.0-py3.8.egg-info' (and everything under it)
[6.218s] Copying ../../build/object_detection/object_detection.egg-info to /home/cadt-02/Object-Detection/ros2_ws/install/object_detection/lib/python3.8/site-packages/object_detection-0.0.0-py3.8.egg-info
[6.220s] running install_scripts
[6.334s] writing list of installed files to '/home/cadt-02/Object-Detection/ros2_ws/build/object_detection/install.log'
[6.416s] Invoked command in '/home/cadt-02/Object-Detection/ros2_ws/src/object_detection' returned '0': PYTHONPATH=/home/cadt-02/Object-Detection/ros2_ws/build/object_detection/prefix_override:/home/cadt-02/Object-Detection/ros2_ws/install/object_detection/lib/python3.8/site-packages:${PYTHONPATH} /usr/bin/python3 setup.py egg_info --egg-base ../../build/object_detection build --build-base /home/cadt-02/Object-Detection/ros2_ws/build/object_detection/build install --record /home/cadt-02/Object-Detection/ros2_ws/build/object_detection/install.log --install-scripts $base/lib/object_detection --single-version-externally-managed
