[6.068s] Invoking command in '/home/cadt-02/Object-Detection/ros2_ws/src/object_detection': PYTHONPATH=/home/cadt-02/Object-Detection/ros2_ws/build/object_detection/prefix_override:/home/cadt-02/Object-Detection/ros2_ws/install/object_detection/lib/python3.8/site-packages:${PYTHONPATH} /usr/bin/python3 setup.py egg_info --egg-base ../../build/object_detection build --build-base /home/cadt-02/Object-Detection/ros2_ws/build/object_detection/build install --record /home/cadt-02/Object-Detection/ros2_ws/build/object_detection/install.log --install-scripts $base/lib/object_detection --single-version-externally-managed
[6.342s] /home/cadt-02/.local/lib/python3.8/site-packages/setuptools/dist.py:472: SetuptoolsDeprecationWarning: Invalid dash-separated options
[6.343s] !!
[6.343s] 
[6.343s]         ********************************************************************************
[6.343s]         Usage of dash-separated 'script-dir' will not be supported in future
[6.343s]         versions. Please use the underscore name 'script_dir' instead.
[6.343s] 
[6.344s]         By 2024-Sep-26, you need to update your project and remove deprecated calls
[6.344s]         or your builds will no longer be supported.
[6.344s] 
[6.344s]         See https://setuptools.pypa.io/en/latest/userguide/declarative_config.html for details.
[6.344s]         ********************************************************************************
[6.344s] 
[6.344s] !!
[6.345s]   opt = self.warn_dash_deprecation(opt, section)
[6.587s] running egg_info
[6.626s] writing ../../build/object_detection/object_detection.egg-info/PKG-INFO
[6.627s] writing dependency_links to ../../build/object_detection/object_detection.egg-info/dependency_links.txt
[6.628s] writing requirements to ../../build/object_detection/object_detection.egg-info/requires.txt
[6.628s] writing top-level names to ../../build/object_detection/object_detection.egg-info/top_level.txt
[6.923s] reading manifest file '../../build/object_detection/object_detection.egg-info/SOURCES.txt'
[6.925s] writing manifest file '../../build/object_detection/object_detection.egg-info/SOURCES.txt'
[6.926s] running build
[6.926s] running build_py
[6.926s] copying object_detection/__init__.py -> /home/cadt-02/Object-Detection/ros2_ws/build/object_detection/build/lib/object_detection
[6.927s] running install
[6.929s] /home/cadt-02/.local/lib/python3.8/site-packages/setuptools/_distutils/cmd.py:66: SetuptoolsDeprecationWarning: setup.py install is deprecated.
[6.929s] !!
[6.929s] 
[6.929s]         ********************************************************************************
[6.929s]         Please avoid running ``setup.py`` directly.
[6.929s]         Instead, use pypa/build, pypa/installer or other
[6.930s]         standards-based tools.
[6.930s] 
[6.930s]         See https://blog.ganssle.io/articles/2021/10/setup-py-deprecated.html for details.
[6.930s]         ********************************************************************************
[6.930s] 
[6.930s] !!
[6.930s]   self.initialize_options()
[6.939s] running install_lib
[6.981s] running install_data
[7.020s] copying resource/object_detection -> /home/cadt-02/Object-Detection/ros2_ws/install/object_detection/share/ament_index/resource_index/packages
[7.020s] copying package.xml -> /home/cadt-02/Object-Detection/ros2_ws/install/object_detection/share/object_detection
[7.021s] running install_egg_info
[7.062s] removing '/home/cadt-02/Object-Detection/ros2_ws/install/object_detection/lib/python3.8/site-packages/object_detection-0.0.0-py3.8.egg-info' (and everything under it)
[7.063s] Copying ../../build/object_detection/object_detection.egg-info to /home/cadt-02/Object-Detection/ros2_ws/install/object_detection/lib/python3.8/site-packages/object_detection-0.0.0-py3.8.egg-info
[7.064s] running install_scripts
[7.182s] writing list of installed files to '/home/cadt-02/Object-Detection/ros2_ws/build/object_detection/install.log'
[8.128s] Invoked command in '/home/cadt-02/Object-Detection/ros2_ws/src/object_detection' returned '0': PYTHONPATH=/home/cadt-02/Object-Detection/ros2_ws/build/object_detection/prefix_override:/home/cadt-02/Object-Detection/ros2_ws/install/object_detection/lib/python3.8/site-packages:${PYTHONPATH} /usr/bin/python3 setup.py egg_info --egg-base ../../build/object_detection build --build-base /home/cadt-02/Object-Detection/ros2_ws/build/object_detection/build install --record /home/cadt-02/Object-Detection/ros2_ws/build/object_detection/install.log --install-scripts $base/lib/object_detection --single-version-externally-managed
