[1.725s] Invoking command in '/home/vandara/ros2_ws/src/object_detection': PYTHONPATH=/home/vandara/ros2_ws/build/object_detection/prefix_override:/home/vandara/ros2_ws/install/object_detection/lib/python3.8/site-packages:${PYTHONPATH} /usr/bin/python3 setup.py egg_info --egg-base ../../build/object_detection build --build-base /home/vandara/ros2_ws/build/object_detection/build install --record /home/vandara/ros2_ws/build/object_detection/install.log --install-scripts $base/lib/object_detection --single-version-externally-managed
[2.042s] running egg_info
[2.042s] writing ../../build/object_detection/object_detection.egg-info/PKG-INFO
[2.043s] writing dependency_links to ../../build/object_detection/object_detection.egg-info/dependency_links.txt
[2.043s] writing entry points to ../../build/object_detection/object_detection.egg-info/entry_points.txt
[2.043s] writing requirements to ../../build/object_detection/object_detection.egg-info/requires.txt
[2.043s] writing top-level names to ../../build/object_detection/object_detection.egg-info/top_level.txt
[2.087s] reading manifest file '../../build/object_detection/object_detection.egg-info/SOURCES.txt'
[2.088s] writing manifest file '../../build/object_detection/object_detection.egg-info/SOURCES.txt'
[2.088s] running build
[2.089s] running build_py
[2.089s] running install
[2.090s] running install_lib
[2.091s] running install_data
[2.092s] running install_egg_info
[2.094s] removing '/home/vandara/ros2_ws/install/object_detection/lib/python3.8/site-packages/object_detection-0.0.0-py3.8.egg-info' (and everything under it)
[2.095s] Copying ../../build/object_detection/object_detection.egg-info to /home/vandara/ros2_ws/install/object_detection/lib/python3.8/site-packages/object_detection-0.0.0-py3.8.egg-info
[2.096s] running install_scripts
[2.117s] writing list of installed files to '/home/vandara/ros2_ws/build/object_detection/install.log'
[2.141s] Invoked command in '/home/vandara/ros2_ws/src/object_detection' returned '0': PYTHONPATH=/home/vandara/ros2_ws/build/object_detection/prefix_override:/home/vandara/ros2_ws/install/object_detection/lib/python3.8/site-packages:${PYTHONPATH} /usr/bin/python3 setup.py egg_info --egg-base ../../build/object_detection build --build-base /home/vandara/ros2_ws/build/object_detection/build install --record /home/vandara/ros2_ws/build/object_detection/install.log --install-scripts $base/lib/object_detection --single-version-externally-managed
