[1.596s] Invoking command in '/home/vandara/ros2_ws/src/my_package': PYTHONPATH=/home/vandara/ros2_ws/build/my_package/prefix_override:/home/vandara/ros2_ws/install/my_package/lib/python3.8/site-packages:${PYTHONPATH} /usr/bin/python3 setup.py egg_info --egg-base ../../build/my_package build --build-base /home/vandara/ros2_ws/build/my_package/build install --record /home/vandara/ros2_ws/build/my_package/install.log --install-scripts $base/lib/my_package --single-version-externally-managed
[1.794s] running egg_info
[1.794s] writing ../../build/my_package/my_package.egg-info/PKG-INFO
[1.794s] writing dependency_links to ../../build/my_package/my_package.egg-info/dependency_links.txt
[1.795s] writing entry points to ../../build/my_package/my_package.egg-info/entry_points.txt
[1.795s] writing requirements to ../../build/my_package/my_package.egg-info/requires.txt
[1.795s] writing top-level names to ../../build/my_package/my_package.egg-info/top_level.txt
[1.823s] reading manifest file '../../build/my_package/my_package.egg-info/SOURCES.txt'
[1.824s] writing manifest file '../../build/my_package/my_package.egg-info/SOURCES.txt'
[1.824s] running build
[1.824s] running build_py
[1.825s] copying my_package/object_detection_subscriber.py -> /home/vandara/ros2_ws/build/my_package/build/lib/my_package
[1.825s] copying my_package/camera_frame_publisher.py -> /home/vandara/ros2_ws/build/my_package/build/lib/my_package
[1.825s] running install
[1.826s] running install_lib
[1.827s] copying /home/vandara/ros2_ws/build/my_package/build/lib/my_package/object_detection_subscriber.py -> /home/vandara/ros2_ws/install/my_package/lib/python3.8/site-packages/my_package
[1.827s] copying /home/vandara/ros2_ws/build/my_package/build/lib/my_package/camera_frame_publisher.py -> /home/vandara/ros2_ws/install/my_package/lib/python3.8/site-packages/my_package
[1.827s] byte-compiling /home/vandara/ros2_ws/install/my_package/lib/python3.8/site-packages/my_package/object_detection_subscriber.py to object_detection_subscriber.cpython-38.pyc
[1.829s] byte-compiling /home/vandara/ros2_ws/install/my_package/lib/python3.8/site-packages/my_package/camera_frame_publisher.py to camera_frame_publisher.cpython-38.pyc
[1.829s] running install_data
[1.829s] running install_egg_info
[1.831s] removing '/home/vandara/ros2_ws/install/my_package/lib/python3.8/site-packages/my_package-0.0.0-py3.8.egg-info' (and everything under it)
[1.831s] Copying ../../build/my_package/my_package.egg-info to /home/vandara/ros2_ws/install/my_package/lib/python3.8/site-packages/my_package-0.0.0-py3.8.egg-info
[1.832s] running install_scripts
[1.847s] Installing camera_frame_publisher script to /home/vandara/ros2_ws/install/my_package/lib/my_package
[1.847s] Installing live_detection_node script to /home/vandara/ros2_ws/install/my_package/lib/my_package
[1.847s] Installing main script to /home/vandara/ros2_ws/install/my_package/lib/my_package
[1.847s] Installing my_node script to /home/vandara/ros2_ws/install/my_package/lib/my_package
[1.847s] Installing object_detection_subscriber script to /home/vandara/ros2_ws/install/my_package/lib/my_package
[1.847s] Installing utils script to /home/vandara/ros2_ws/install/my_package/lib/my_package
[1.848s] writing list of installed files to '/home/vandara/ros2_ws/build/my_package/install.log'
[1.997s] Invoked command in '/home/vandara/ros2_ws/src/my_package' returned '0': PYTHONPATH=/home/vandara/ros2_ws/build/my_package/prefix_override:/home/vandara/ros2_ws/install/my_package/lib/python3.8/site-packages:${PYTHONPATH} /usr/bin/python3 setup.py egg_info --egg-base ../../build/my_package build --build-base /home/vandara/ros2_ws/build/my_package/build install --record /home/vandara/ros2_ws/build/my_package/install.log --install-scripts $base/lib/my_package --single-version-externally-managed
