[1.783s] Invoking command in '/home/vandara/ros2_ws/src/my_package': PYTHONPATH=/home/vandara/ros2_ws/build/my_package/prefix_override:/home/vandara/ros2_ws/install/my_package/lib/python3.8/site-packages:${PYTHONPATH} /usr/bin/python3 setup.py egg_info --egg-base ../../build/my_package build --build-base /home/vandara/ros2_ws/build/my_package/build install --record /home/vandara/ros2_ws/build/my_package/install.log --install-scripts $base/lib/my_package --single-version-externally-managed
[2.034s] running egg_info
[2.035s] writing ../../build/my_package/my_package.egg-info/PKG-INFO
[2.036s] writing dependency_links to ../../build/my_package/my_package.egg-info/dependency_links.txt
[2.036s] writing entry points to ../../build/my_package/my_package.egg-info/entry_points.txt
[2.036s] writing requirements to ../../build/my_package/my_package.egg-info/requires.txt
[2.036s] writing top-level names to ../../build/my_package/my_package.egg-info/top_level.txt
[2.075s] reading manifest file '../../build/my_package/my_package.egg-info/SOURCES.txt'
[2.076s] writing manifest file '../../build/my_package/my_package.egg-info/SOURCES.txt'
[2.077s] running build
[2.077s] running build_py
[2.077s] copying my_package/live_detection_node.py -> /home/vandara/ros2_ws/build/my_package/build/lib/my_package
[2.077s] running install
[2.079s] running install_lib
[2.080s] copying /home/vandara/ros2_ws/build/my_package/build/lib/my_package/live_detection_node.py -> /home/vandara/ros2_ws/install/my_package/lib/python3.8/site-packages/my_package
[2.081s] byte-compiling /home/vandara/ros2_ws/install/my_package/lib/python3.8/site-packages/my_package/live_detection_node.py to live_detection_node.cpython-38.pyc
[2.084s] running install_data
[2.084s] running install_egg_info
[2.087s] removing '/home/vandara/ros2_ws/install/my_package/lib/python3.8/site-packages/my_package-0.0.0-py3.8.egg-info' (and everything under it)
[2.087s] Copying ../../build/my_package/my_package.egg-info to /home/vandara/ros2_ws/install/my_package/lib/python3.8/site-packages/my_package-0.0.0-py3.8.egg-info
[2.088s] running install_scripts
[2.107s] Installing live_detection_node script to /home/vandara/ros2_ws/install/my_package/lib/my_package
[2.107s] Installing main script to /home/vandara/ros2_ws/install/my_package/lib/my_package
[2.107s] Installing my_node script to /home/vandara/ros2_ws/install/my_package/lib/my_package
[2.107s] Installing utils script to /home/vandara/ros2_ws/install/my_package/lib/my_package
[2.108s] writing list of installed files to '/home/vandara/ros2_ws/build/my_package/install.log'
[2.282s] Invoked command in '/home/vandara/ros2_ws/src/my_package' returned '0': PYTHONPATH=/home/vandara/ros2_ws/build/my_package/prefix_override:/home/vandara/ros2_ws/install/my_package/lib/python3.8/site-packages:${PYTHONPATH} /usr/bin/python3 setup.py egg_info --egg-base ../../build/my_package build --build-base /home/vandara/ros2_ws/build/my_package/build install --record /home/vandara/ros2_ws/build/my_package/install.log --install-scripts $base/lib/my_package --single-version-externally-managed
