[15.400s] [34mcolcon[0m [1;30mDEBUG[0m [32mCommand line arguments: ['/usr/local/bin/colcon', 'build'][0m
[15.400s] [34mcolcon[0m [1;30mDEBUG[0m [32mParsed command line arguments: Namespace(ament_cmake_args=None, base_paths=['.'], build_base='build', catkin_cmake_args=None, catkin_skip_building_tests=False, cmake_args=None, cmake_clean_cache=False, cmake_clean_first=False, cmake_force_configure=False, cmake_target=None, cmake_target_skip_unavailable=False, continue_on_error=False, event_handlers=None, executor='parallel', ignore_user_meta=False, install_base='install', log_base=None, log_level=None, main=<bound method BuildVerb.main of <colcon_core.verb.build.BuildVerb object at 0xffffb231d970>>, merge_install=False, metas=['./colcon.meta'], packages_above=None, packages_above_and_dependencies=None, packages_above_depth=None, packages_end=None, packages_ignore=None, packages_ignore_regex=None, packages_select=None, packages_select_build_failed=False, packages_select_by_dep=None, packages_select_regex=None, packages_select_test_failures=False, packages_skip=None, packages_skip_build_finished=False, packages_skip_by_dep=None, packages_skip_regex=None, packages_skip_test_passed=False, packages_skip_up_to=None, packages_start=None, packages_up_to=None, packages_up_to_regex=None, parallel_workers=6, paths=None, symlink_install=False, test_result_base=None, verb_extension=<colcon_core.verb.build.BuildVerb object at 0xffffb231d970>, verb_name='build', verb_parser=<colcon_defaults.argument_parser.defaults.DefaultArgumentsDecorator object at 0xffffb2036bb0>)[0m
[16.086s] [34mcolcon.colcon_core.package_discovery[0m [1;30mLevel 1[0m discover_packages(colcon_meta) check parameters
[16.086s] [34mcolcon.colcon_core.package_discovery[0m [1;30mLevel 1[0m discover_packages(recursive) check parameters
[16.086s] [34mcolcon.colcon_core.package_discovery[0m [1;30mLevel 1[0m discover_packages(ignore) check parameters
[16.086s] [34mcolcon.colcon_core.package_discovery[0m [1;30mLevel 1[0m discover_packages(path) check parameters
[16.086s] [34mcolcon.colcon_core.package_discovery[0m [1;30mLevel 1[0m discover_packages(colcon_meta) discover
[16.087s] [34mcolcon.colcon_core.package_discovery[0m [1;30mLevel 1[0m discover_packages(recursive) discover
[16.087s] [34mcolcon.colcon_core.package_discovery[0m [1;30mINFO[0m Crawling recursively for packages in '/home/cadt-02/Object-Detection/ros2_ws'
[16.087s] [34mcolcon.colcon_core.package_identification[0m [1;30mLevel 1[0m _identify(.) by extensions ['ignore', 'ignore_ament_install']
[16.087s] [34mcolcon.colcon_core.package_identification[0m [1;30mLevel 1[0m _identify(.) by extension 'ignore'
[16.087s] [34mcolcon.colcon_core.package_identification[0m [1;30mLevel 1[0m _identify(.) by extension 'ignore_ament_install'
[16.088s] [34mcolcon.colcon_core.package_identification[0m [1;30mLevel 1[0m _identify(.) by extensions ['colcon_pkg']
[16.088s] [34mcolcon.colcon_core.package_identification[0m [1;30mLevel 1[0m _identify(.) by extension 'colcon_pkg'
[16.088s] [34mcolcon.colcon_core.package_identification[0m [1;30mLevel 1[0m _identify(.) by extensions ['colcon_meta']
[16.088s] [34mcolcon.colcon_core.package_identification[0m [1;30mLevel 1[0m _identify(.) by extension 'colcon_meta'
[16.088s] [34mcolcon.colcon_core.package_identification[0m [1;30mLevel 1[0m _identify(.) by extensions ['ros']
[16.088s] [34mcolcon.colcon_core.package_identification[0m [1;30mLevel 1[0m _identify(.) by extension 'ros'
[16.156s] [34mcolcon.colcon_core.package_identification[0m [1;30mLevel 1[0m _identify(.) by extensions ['cmake', 'python']
[16.157s] [34mcolcon.colcon_core.package_identification[0m [1;30mLevel 1[0m _identify(.) by extension 'cmake'
[16.157s] [34mcolcon.colcon_core.package_identification[0m [1;30mLevel 1[0m _identify(.) by extension 'python'
[16.157s] [34mcolcon.colcon_core.package_identification[0m [1;30mLevel 1[0m _identify(.) by extensions ['python_setup_py']
[16.157s] [34mcolcon.colcon_core.package_identification[0m [1;30mLevel 1[0m _identify(.) by extension 'python_setup_py'
[16.157s] [34mcolcon.colcon_core.package_identification[0m [1;30mLevel 1[0m _identify(build) by extensions ['ignore', 'ignore_ament_install']
[16.158s] [34mcolcon.colcon_core.package_identification[0m [1;30mLevel 1[0m _identify(build) by extension 'ignore'
[16.158s] [34mcolcon.colcon_core.package_identification[0m [1;30mLevel 1[0m _identify(build) ignored
[16.158s] [34mcolcon.colcon_core.package_identification[0m [1;30mLevel 1[0m _identify(datasets) by extensions ['ignore', 'ignore_ament_install']
[16.158s] [34mcolcon.colcon_core.package_identification[0m [1;30mLevel 1[0m _identify(datasets) by extension 'ignore'
[16.158s] [34mcolcon.colcon_core.package_identification[0m [1;30mLevel 1[0m _identify(datasets) by extension 'ignore_ament_install'
[16.159s] [34mcolcon.colcon_core.package_identification[0m [1;30mLevel 1[0m _identify(datasets) by extensions ['colcon_pkg']
[16.159s] [34mcolcon.colcon_core.package_identification[0m [1;30mLevel 1[0m _identify(datasets) by extension 'colcon_pkg'
[16.159s] [34mcolcon.colcon_core.package_identification[0m [1;30mLevel 1[0m _identify(datasets) by extensions ['colcon_meta']
[16.159s] [34mcolcon.colcon_core.package_identification[0m [1;30mLevel 1[0m _identify(datasets) by extension 'colcon_meta'
[16.159s] [34mcolcon.colcon_core.package_identification[0m [1;30mLevel 1[0m _identify(datasets) by extensions ['ros']
[16.159s] [34mcolcon.colcon_core.package_identification[0m [1;30mLevel 1[0m _identify(datasets) by extension 'ros'
[16.159s] [34mcolcon.colcon_core.package_identification[0m [1;30mLevel 1[0m _identify(datasets) by extensions ['cmake', 'python']
[16.159s] [34mcolcon.colcon_core.package_identification[0m [1;30mLevel 1[0m _identify(datasets) by extension 'cmake'
[16.160s] [34mcolcon.colcon_core.package_identification[0m [1;30mLevel 1[0m _identify(datasets) by extension 'python'
[16.160s] [34mcolcon.colcon_core.package_identification[0m [1;30mLevel 1[0m _identify(datasets) by extensions ['python_setup_py']
[16.160s] [34mcolcon.colcon_core.package_identification[0m [1;30mLevel 1[0m _identify(datasets) by extension 'python_setup_py'
[16.160s] [34mcolcon.colcon_core.package_identification[0m [1;30mLevel 1[0m _identify(datasets/SJZNB.v9i.yolov8) by extensions ['ignore', 'ignore_ament_install']
[16.160s] [34mcolcon.colcon_core.package_identification[0m [1;30mLevel 1[0m _identify(datasets/SJZNB.v9i.yolov8) by extension 'ignore'
[16.160s] [34mcolcon.colcon_core.package_identification[0m [1;30mLevel 1[0m _identify(datasets/SJZNB.v9i.yolov8) by extension 'ignore_ament_install'
[16.161s] [34mcolcon.colcon_core.package_identification[0m [1;30mLevel 1[0m _identify(datasets/SJZNB.v9i.yolov8) by extensions ['colcon_pkg']
[16.161s] [34mcolcon.colcon_core.package_identification[0m [1;30mLevel 1[0m _identify(datasets/SJZNB.v9i.yolov8) by extension 'colcon_pkg'
[16.161s] [34mcolcon.colcon_core.package_identification[0m [1;30mLevel 1[0m _identify(datasets/SJZNB.v9i.yolov8) by extensions ['colcon_meta']
[16.161s] [34mcolcon.colcon_core.package_identification[0m [1;30mLevel 1[0m _identify(datasets/SJZNB.v9i.yolov8) by extension 'colcon_meta'
[16.161s] [34mcolcon.colcon_core.package_identification[0m [1;30mLevel 1[0m _identify(datasets/SJZNB.v9i.yolov8) by extensions ['ros']
[16.161s] [34mcolcon.colcon_core.package_identification[0m [1;30mLevel 1[0m _identify(datasets/SJZNB.v9i.yolov8) by extension 'ros'
[16.161s] [34mcolcon.colcon_core.package_identification[0m [1;30mLevel 1[0m _identify(datasets/SJZNB.v9i.yolov8) by extensions ['cmake', 'python']
[16.161s] [34mcolcon.colcon_core.package_identification[0m [1;30mLevel 1[0m _identify(datasets/SJZNB.v9i.yolov8) by extension 'cmake'
[16.161s] [34mcolcon.colcon_core.package_identification[0m [1;30mLevel 1[0m _identify(datasets/SJZNB.v9i.yolov8) by extension 'python'
[16.162s] [34mcolcon.colcon_core.package_identification[0m [1;30mLevel 1[0m _identify(datasets/SJZNB.v9i.yolov8) by extensions ['python_setup_py']
[16.162s] [34mcolcon.colcon_core.package_identification[0m [1;30mLevel 1[0m _identify(datasets/SJZNB.v9i.yolov8) by extension 'python_setup_py'
[16.162s] [34mcolcon.colcon_core.package_identification[0m [1;30mLevel 1[0m _identify(datasets/SJZNB.v9i.yolov8/test) by extensions ['ignore', 'ignore_ament_install']
[16.162s] [34mcolcon.colcon_core.package_identification[0m [1;30mLevel 1[0m _identify(datasets/SJZNB.v9i.yolov8/test) by extension 'ignore'
[16.162s] [34mcolcon.colcon_core.package_identification[0m [1;30mLevel 1[0m _identify(datasets/SJZNB.v9i.yolov8/test) by extension 'ignore_ament_install'
[16.162s] [34mcolcon.colcon_core.package_identification[0m [1;30mLevel 1[0m _identify(datasets/SJZNB.v9i.yolov8/test) by extensions ['colcon_pkg']
[16.163s] [34mcolcon.colcon_core.package_identification[0m [1;30mLevel 1[0m _identify(datasets/SJZNB.v9i.yolov8/test) by extension 'colcon_pkg'
[16.163s] [34mcolcon.colcon_core.package_identification[0m [1;30mLevel 1[0m _identify(datasets/SJZNB.v9i.yolov8/test) by extensions ['colcon_meta']
[16.163s] [34mcolcon.colcon_core.package_identification[0m [1;30mLevel 1[0m _identify(datasets/SJZNB.v9i.yolov8/test) by extension 'colcon_meta'
[16.163s] [34mcolcon.colcon_core.package_identification[0m [1;30mLevel 1[0m _identify(datasets/SJZNB.v9i.yolov8/test) by extensions ['ros']
[16.163s] [34mcolcon.colcon_core.package_identification[0m [1;30mLevel 1[0m _identify(datasets/SJZNB.v9i.yolov8/test) by extension 'ros'
[16.163s] [34mcolcon.colcon_core.package_identification[0m [1;30mLevel 1[0m _identify(datasets/SJZNB.v9i.yolov8/test) by extensions ['cmake', 'python']
[16.163s] [34mcolcon.colcon_core.package_identification[0m [1;30mLevel 1[0m _identify(datasets/SJZNB.v9i.yolov8/test) by extension 'cmake'
[16.163s] [34mcolcon.colcon_core.package_identification[0m [1;30mLevel 1[0m _identify(datasets/SJZNB.v9i.yolov8/test) by extension 'python'
[16.163s] [34mcolcon.colcon_core.package_identification[0m [1;30mLevel 1[0m _identify(datasets/SJZNB.v9i.yolov8/test) by extensions ['python_setup_py']
[16.164s] [34mcolcon.colcon_core.package_identification[0m [1;30mLevel 1[0m _identify(datasets/SJZNB.v9i.yolov8/test) by extension 'python_setup_py'
[16.164s] [34mcolcon.colcon_core.package_identification[0m [1;30mLevel 1[0m _identify(datasets/SJZNB.v9i.yolov8/test/images) by extensions ['ignore', 'ignore_ament_install']
[16.164s] [34mcolcon.colcon_core.package_identification[0m [1;30mLevel 1[0m _identify(datasets/SJZNB.v9i.yolov8/test/images) by extension 'ignore'
[16.164s] [34mcolcon.colcon_core.package_identification[0m [1;30mLevel 1[0m _identify(datasets/SJZNB.v9i.yolov8/test/images) by extension 'ignore_ament_install'
[16.164s] [34mcolcon.colcon_core.package_identification[0m [1;30mLevel 1[0m _identify(datasets/SJZNB.v9i.yolov8/test/images) by extensions ['colcon_pkg']
[16.164s] [34mcolcon.colcon_core.package_identification[0m [1;30mLevel 1[0m _identify(datasets/SJZNB.v9i.yolov8/test/images) by extension 'colcon_pkg'
[16.165s] [34mcolcon.colcon_core.package_identification[0m [1;30mLevel 1[0m _identify(datasets/SJZNB.v9i.yolov8/test/images) by extensions ['colcon_meta']
[16.165s] [34mcolcon.colcon_core.package_identification[0m [1;30mLevel 1[0m _identify(datasets/SJZNB.v9i.yolov8/test/images) by extension 'colcon_meta'
[16.165s] [34mcolcon.colcon_core.package_identification[0m [1;30mLevel 1[0m _identify(datasets/SJZNB.v9i.yolov8/test/images) by extensions ['ros']
[16.165s] [34mcolcon.colcon_core.package_identification[0m [1;30mLevel 1[0m _identify(datasets/SJZNB.v9i.yolov8/test/images) by extension 'ros'
[16.165s] [34mcolcon.colcon_core.package_identification[0m [1;30mLevel 1[0m _identify(datasets/SJZNB.v9i.yolov8/test/images) by extensions ['cmake', 'python']
[16.165s] [34mcolcon.colcon_core.package_identification[0m [1;30mLevel 1[0m _identify(datasets/SJZNB.v9i.yolov8/test/images) by extension 'cmake'
[16.165s] [34mcolcon.colcon_core.package_identification[0m [1;30mLevel 1[0m _identify(datasets/SJZNB.v9i.yolov8/test/images) by extension 'python'
[16.165s] [34mcolcon.colcon_core.package_identification[0m [1;30mLevel 1[0m _identify(datasets/SJZNB.v9i.yolov8/test/images) by extensions ['python_setup_py']
[16.165s] [34mcolcon.colcon_core.package_identification[0m [1;30mLevel 1[0m _identify(datasets/SJZNB.v9i.yolov8/test/images) by extension 'python_setup_py'
[16.166s] [34mcolcon.colcon_core.package_identification[0m [1;30mLevel 1[0m _identify(datasets/SJZNB.v9i.yolov8/test/labels) by extensions ['ignore', 'ignore_ament_install']
[16.166s] [34mcolcon.colcon_core.package_identification[0m [1;30mLevel 1[0m _identify(datasets/SJZNB.v9i.yolov8/test/labels) by extension 'ignore'
[16.166s] [34mcolcon.colcon_core.package_identification[0m [1;30mLevel 1[0m _identify(datasets/SJZNB.v9i.yolov8/test/labels) by extension 'ignore_ament_install'
[16.166s] [34mcolcon.colcon_core.package_identification[0m [1;30mLevel 1[0m _identify(datasets/SJZNB.v9i.yolov8/test/labels) by extensions ['colcon_pkg']
[16.166s] [34mcolcon.colcon_core.package_identification[0m [1;30mLevel 1[0m _identify(datasets/SJZNB.v9i.yolov8/test/labels) by extension 'colcon_pkg'
[16.166s] [34mcolcon.colcon_core.package_identification[0m [1;30mLevel 1[0m _identify(datasets/SJZNB.v9i.yolov8/test/labels) by extensions ['colcon_meta']
[16.167s] [34mcolcon.colcon_core.package_identification[0m [1;30mLevel 1[0m _identify(datasets/SJZNB.v9i.yolov8/test/labels) by extension 'colcon_meta'
[16.167s] [34mcolcon.colcon_core.package_identification[0m [1;30mLevel 1[0m _identify(datasets/SJZNB.v9i.yolov8/test/labels) by extensions ['ros']
[16.167s] [34mcolcon.colcon_core.package_identification[0m [1;30mLevel 1[0m _identify(datasets/SJZNB.v9i.yolov8/test/labels) by extension 'ros'
[16.167s] [34mcolcon.colcon_core.package_identification[0m [1;30mLevel 1[0m _identify(datasets/SJZNB.v9i.yolov8/test/labels) by extensions ['cmake', 'python']
[16.167s] [34mcolcon.colcon_core.package_identification[0m [1;30mLevel 1[0m _identify(datasets/SJZNB.v9i.yolov8/test/labels) by extension 'cmake'
[16.167s] [34mcolcon.colcon_core.package_identification[0m [1;30mLevel 1[0m _identify(datasets/SJZNB.v9i.yolov8/test/labels) by extension 'python'
[16.167s] [34mcolcon.colcon_core.package_identification[0m [1;30mLevel 1[0m _identify(datasets/SJZNB.v9i.yolov8/test/labels) by extensions ['python_setup_py']
[16.167s] [34mcolcon.colcon_core.package_identification[0m [1;30mLevel 1[0m _identify(datasets/SJZNB.v9i.yolov8/test/labels) by extension 'python_setup_py'
[16.168s] [34mcolcon.colcon_core.package_identification[0m [1;30mLevel 1[0m _identify(datasets/SJZNB.v9i.yolov8/train) by extensions ['ignore', 'ignore_ament_install']
[16.168s] [34mcolcon.colcon_core.package_identification[0m [1;30mLevel 1[0m _identify(datasets/SJZNB.v9i.yolov8/train) by extension 'ignore'
[16.168s] [34mcolcon.colcon_core.package_identification[0m [1;30mLevel 1[0m _identify(datasets/SJZNB.v9i.yolov8/train) by extension 'ignore_ament_install'
[16.168s] [34mcolcon.colcon_core.package_identification[0m [1;30mLevel 1[0m _identify(datasets/SJZNB.v9i.yolov8/train) by extensions ['colcon_pkg']
[16.168s] [34mcolcon.colcon_core.package_identification[0m [1;30mLevel 1[0m _identify(datasets/SJZNB.v9i.yolov8/train) by extension 'colcon_pkg'
[16.168s] [34mcolcon.colcon_core.package_identification[0m [1;30mLevel 1[0m _identify(datasets/SJZNB.v9i.yolov8/train) by extensions ['colcon_meta']
[16.168s] [34mcolcon.colcon_core.package_identification[0m [1;30mLevel 1[0m _identify(datasets/SJZNB.v9i.yolov8/train) by extension 'colcon_meta'
[16.168s] [34mcolcon.colcon_core.package_identification[0m [1;30mLevel 1[0m _identify(datasets/SJZNB.v9i.yolov8/train) by extensions ['ros']
[16.168s] [34mcolcon.colcon_core.package_identification[0m [1;30mLevel 1[0m _identify(datasets/SJZNB.v9i.yolov8/train) by extension 'ros'
[16.169s] [34mcolcon.colcon_core.package_identification[0m [1;30mLevel 1[0m _identify(datasets/SJZNB.v9i.yolov8/train) by extensions ['cmake', 'python']
[16.169s] [34mcolcon.colcon_core.package_identification[0m [1;30mLevel 1[0m _identify(datasets/SJZNB.v9i.yolov8/train) by extension 'cmake'
[16.169s] [34mcolcon.colcon_core.package_identification[0m [1;30mLevel 1[0m _identify(datasets/SJZNB.v9i.yolov8/train) by extension 'python'
[16.169s] [34mcolcon.colcon_core.package_identification[0m [1;30mLevel 1[0m _identify(datasets/SJZNB.v9i.yolov8/train) by extensions ['python_setup_py']
[16.169s] [34mcolcon.colcon_core.package_identification[0m [1;30mLevel 1[0m _identify(datasets/SJZNB.v9i.yolov8/train) by extension 'python_setup_py'
[16.171s] [34mcolcon.colcon_core.package_identification[0m [1;30mLevel 1[0m _identify(datasets/SJZNB.v9i.yolov8/train/images) by extensions ['ignore', 'ignore_ament_install']
[16.171s] [34mcolcon.colcon_core.package_identification[0m [1;30mLevel 1[0m _identify(datasets/SJZNB.v9i.yolov8/train/images) by extension 'ignore'
[16.171s] [34mcolcon.colcon_core.package_identification[0m [1;30mLevel 1[0m _identify(datasets/SJZNB.v9i.yolov8/train/images) by extension 'ignore_ament_install'
[16.171s] [34mcolcon.colcon_core.package_identification[0m [1;30mLevel 1[0m _identify(datasets/SJZNB.v9i.yolov8/train/images) by extensions ['colcon_pkg']
[16.171s] [34mcolcon.colcon_core.package_identification[0m [1;30mLevel 1[0m _identify(datasets/SJZNB.v9i.yolov8/train/images) by extension 'colcon_pkg'
[16.171s] [34mcolcon.colcon_core.package_identification[0m [1;30mLevel 1[0m _identify(datasets/SJZNB.v9i.yolov8/train/images) by extensions ['colcon_meta']
[16.172s] [34mcolcon.colcon_core.package_identification[0m [1;30mLevel 1[0m _identify(datasets/SJZNB.v9i.yolov8/train/images) by extension 'colcon_meta'
[16.172s] [34mcolcon.colcon_core.package_identification[0m [1;30mLevel 1[0m _identify(datasets/SJZNB.v9i.yolov8/train/images) by extensions ['ros']
[16.172s] [34mcolcon.colcon_core.package_identification[0m [1;30mLevel 1[0m _identify(datasets/SJZNB.v9i.yolov8/train/images) by extension 'ros'
[16.172s] [34mcolcon.colcon_core.package_identification[0m [1;30mLevel 1[0m _identify(datasets/SJZNB.v9i.yolov8/train/images) by extensions ['cmake', 'python']
[16.172s] [34mcolcon.colcon_core.package_identification[0m [1;30mLevel 1[0m _identify(datasets/SJZNB.v9i.yolov8/train/images) by extension 'cmake'
[16.172s] [34mcolcon.colcon_core.package_identification[0m [1;30mLevel 1[0m _identify(datasets/SJZNB.v9i.yolov8/train/images) by extension 'python'
[16.172s] [34mcolcon.colcon_core.package_identification[0m [1;30mLevel 1[0m _identify(datasets/SJZNB.v9i.yolov8/train/images) by extensions ['python_setup_py']
[16.172s] [34mcolcon.colcon_core.package_identification[0m [1;30mLevel 1[0m _identify(datasets/SJZNB.v9i.yolov8/train/images) by extension 'python_setup_py'
[16.174s] [34mcolcon.colcon_core.package_identification[0m [1;30mLevel 1[0m _identify(datasets/SJZNB.v9i.yolov8/train/labels) by extensions ['ignore', 'ignore_ament_install']
[16.174s] [34mcolcon.colcon_core.package_identification[0m [1;30mLevel 1[0m _identify(datasets/SJZNB.v9i.yolov8/train/labels) by extension 'ignore'
[16.174s] [34mcolcon.colcon_core.package_identification[0m [1;30mLevel 1[0m _identify(datasets/SJZNB.v9i.yolov8/train/labels) by extension 'ignore_ament_install'
[16.174s] [34mcolcon.colcon_core.package_identification[0m [1;30mLevel 1[0m _identify(datasets/SJZNB.v9i.yolov8/train/labels) by extensions ['colcon_pkg']
[16.175s] [34mcolcon.colcon_core.package_identification[0m [1;30mLevel 1[0m _identify(datasets/SJZNB.v9i.yolov8/train/labels) by extension 'colcon_pkg'
[16.175s] [34mcolcon.colcon_core.package_identification[0m [1;30mLevel 1[0m _identify(datasets/SJZNB.v9i.yolov8/train/labels) by extensions ['colcon_meta']
[16.175s] [34mcolcon.colcon_core.package_identification[0m [1;30mLevel 1[0m _identify(datasets/SJZNB.v9i.yolov8/train/labels) by extension 'colcon_meta'
[16.175s] [34mcolcon.colcon_core.package_identification[0m [1;30mLevel 1[0m _identify(datasets/SJZNB.v9i.yolov8/train/labels) by extensions ['ros']
[16.175s] [34mcolcon.colcon_core.package_identification[0m [1;30mLevel 1[0m _identify(datasets/SJZNB.v9i.yolov8/train/labels) by extension 'ros'
[16.175s] [34mcolcon.colcon_core.package_identification[0m [1;30mLevel 1[0m _identify(datasets/SJZNB.v9i.yolov8/train/labels) by extensions ['cmake', 'python']
[16.175s] [34mcolcon.colcon_core.package_identification[0m [1;30mLevel 1[0m _identify(datasets/SJZNB.v9i.yolov8/train/labels) by extension 'cmake'
[16.175s] [34mcolcon.colcon_core.package_identification[0m [1;30mLevel 1[0m _identify(datasets/SJZNB.v9i.yolov8/train/labels) by extension 'python'
[16.176s] [34mcolcon.colcon_core.package_identification[0m [1;30mLevel 1[0m _identify(datasets/SJZNB.v9i.yolov8/train/labels) by extensions ['python_setup_py']
[16.176s] [34mcolcon.colcon_core.package_identification[0m [1;30mLevel 1[0m _identify(datasets/SJZNB.v9i.yolov8/train/labels) by extension 'python_setup_py'
[16.176s] [34mcolcon.colcon_core.package_identification[0m [1;30mLevel 1[0m _identify(datasets/SJZNB.v9i.yolov8/valid) by extensions ['ignore', 'ignore_ament_install']
[16.176s] [34mcolcon.colcon_core.package_identification[0m [1;30mLevel 1[0m _identify(datasets/SJZNB.v9i.yolov8/valid) by extension 'ignore'
[16.176s] [34mcolcon.colcon_core.package_identification[0m [1;30mLevel 1[0m _identify(datasets/SJZNB.v9i.yolov8/valid) by extension 'ignore_ament_install'
[16.176s] [34mcolcon.colcon_core.package_identification[0m [1;30mLevel 1[0m _identify(datasets/SJZNB.v9i.yolov8/valid) by extensions ['colcon_pkg']
[16.176s] [34mcolcon.colcon_core.package_identification[0m [1;30mLevel 1[0m _identify(datasets/SJZNB.v9i.yolov8/valid) by extension 'colcon_pkg'
[16.176s] [34mcolcon.colcon_core.package_identification[0m [1;30mLevel 1[0m _identify(datasets/SJZNB.v9i.yolov8/valid) by extensions ['colcon_meta']
[16.177s] [34mcolcon.colcon_core.package_identification[0m [1;30mLevel 1[0m _identify(datasets/SJZNB.v9i.yolov8/valid) by extension 'colcon_meta'
[16.177s] [34mcolcon.colcon_core.package_identification[0m [1;30mLevel 1[0m _identify(datasets/SJZNB.v9i.yolov8/valid) by extensions ['ros']
[16.177s] [34mcolcon.colcon_core.package_identification[0m [1;30mLevel 1[0m _identify(datasets/SJZNB.v9i.yolov8/valid) by extension 'ros'
[16.177s] [34mcolcon.colcon_core.package_identification[0m [1;30mLevel 1[0m _identify(datasets/SJZNB.v9i.yolov8/valid) by extensions ['cmake', 'python']
[16.177s] [34mcolcon.colcon_core.package_identification[0m [1;30mLevel 1[0m _identify(datasets/SJZNB.v9i.yolov8/valid) by extension 'cmake'
[16.177s] [34mcolcon.colcon_core.package_identification[0m [1;30mLevel 1[0m _identify(datasets/SJZNB.v9i.yolov8/valid) by extension 'python'
[16.177s] [34mcolcon.colcon_core.package_identification[0m [1;30mLevel 1[0m _identify(datasets/SJZNB.v9i.yolov8/valid) by extensions ['python_setup_py']
[16.177s] [34mcolcon.colcon_core.package_identification[0m [1;30mLevel 1[0m _identify(datasets/SJZNB.v9i.yolov8/valid) by extension 'python_setup_py'
[16.178s] [34mcolcon.colcon_core.package_identification[0m [1;30mLevel 1[0m _identify(datasets/SJZNB.v9i.yolov8/valid/images) by extensions ['ignore', 'ignore_ament_install']
[16.178s] [34mcolcon.colcon_core.package_identification[0m [1;30mLevel 1[0m _identify(datasets/SJZNB.v9i.yolov8/valid/images) by extension 'ignore'
[16.178s] [34mcolcon.colcon_core.package_identification[0m [1;30mLevel 1[0m _identify(datasets/SJZNB.v9i.yolov8/valid/images) by extension 'ignore_ament_install'
[16.178s] [34mcolcon.colcon_core.package_identification[0m [1;30mLevel 1[0m _identify(datasets/SJZNB.v9i.yolov8/valid/images) by extensions ['colcon_pkg']
[16.178s] [34mcolcon.colcon_core.package_identification[0m [1;30mLevel 1[0m _identify(datasets/SJZNB.v9i.yolov8/valid/images) by extension 'colcon_pkg'
[16.178s] [34mcolcon.colcon_core.package_identification[0m [1;30mLevel 1[0m _identify(datasets/SJZNB.v9i.yolov8/valid/images) by extensions ['colcon_meta']
[16.178s] [34mcolcon.colcon_core.package_identification[0m [1;30mLevel 1[0m _identify(datasets/SJZNB.v9i.yolov8/valid/images) by extension 'colcon_meta'
[16.179s] [34mcolcon.colcon_core.package_identification[0m [1;30mLevel 1[0m _identify(datasets/SJZNB.v9i.yolov8/valid/images) by extensions ['ros']
[16.179s] [34mcolcon.colcon_core.package_identification[0m [1;30mLevel 1[0m _identify(datasets/SJZNB.v9i.yolov8/valid/images) by extension 'ros'
[16.179s] [34mcolcon.colcon_core.package_identification[0m [1;30mLevel 1[0m _identify(datasets/SJZNB.v9i.yolov8/valid/images) by extensions ['cmake', 'python']
[16.179s] [34mcolcon.colcon_core.package_identification[0m [1;30mLevel 1[0m _identify(datasets/SJZNB.v9i.yolov8/valid/images) by extension 'cmake'
[16.179s] [34mcolcon.colcon_core.package_identification[0m [1;30mLevel 1[0m _identify(datasets/SJZNB.v9i.yolov8/valid/images) by extension 'python'
[16.179s] [34mcolcon.colcon_core.package_identification[0m [1;30mLevel 1[0m _identify(datasets/SJZNB.v9i.yolov8/valid/images) by extensions ['python_setup_py']
[16.179s] [34mcolcon.colcon_core.package_identification[0m [1;30mLevel 1[0m _identify(datasets/SJZNB.v9i.yolov8/valid/images) by extension 'python_setup_py'
[16.180s] [34mcolcon.colcon_core.package_identification[0m [1;30mLevel 1[0m _identify(datasets/SJZNB.v9i.yolov8/valid/labels) by extensions ['ignore', 'ignore_ament_install']
[16.180s] [34mcolcon.colcon_core.package_identification[0m [1;30mLevel 1[0m _identify(datasets/SJZNB.v9i.yolov8/valid/labels) by extension 'ignore'
[16.180s] [34mcolcon.colcon_core.package_identification[0m [1;30mLevel 1[0m _identify(datasets/SJZNB.v9i.yolov8/valid/labels) by extension 'ignore_ament_install'
[16.180s] [34mcolcon.colcon_core.package_identification[0m [1;30mLevel 1[0m _identify(datasets/SJZNB.v9i.yolov8/valid/labels) by extensions ['colcon_pkg']
[16.180s] [34mcolcon.colcon_core.package_identification[0m [1;30mLevel 1[0m _identify(datasets/SJZNB.v9i.yolov8/valid/labels) by extension 'colcon_pkg'
[16.180s] [34mcolcon.colcon_core.package_identification[0m [1;30mLevel 1[0m _identify(datasets/SJZNB.v9i.yolov8/valid/labels) by extensions ['colcon_meta']
[16.180s] [34mcolcon.colcon_core.package_identification[0m [1;30mLevel 1[0m _identify(datasets/SJZNB.v9i.yolov8/valid/labels) by extension 'colcon_meta'
[16.181s] [34mcolcon.colcon_core.package_identification[0m [1;30mLevel 1[0m _identify(datasets/SJZNB.v9i.yolov8/valid/labels) by extensions ['ros']
[16.181s] [34mcolcon.colcon_core.package_identification[0m [1;30mLevel 1[0m _identify(datasets/SJZNB.v9i.yolov8/valid/labels) by extension 'ros'
[16.181s] [34mcolcon.colcon_core.package_identification[0m [1;30mLevel 1[0m _identify(datasets/SJZNB.v9i.yolov8/valid/labels) by extensions ['cmake', 'python']
[16.181s] [34mcolcon.colcon_core.package_identification[0m [1;30mLevel 1[0m _identify(datasets/SJZNB.v9i.yolov8/valid/labels) by extension 'cmake'
[16.181s] [34mcolcon.colcon_core.package_identification[0m [1;30mLevel 1[0m _identify(datasets/SJZNB.v9i.yolov8/valid/labels) by extension 'python'
[16.181s] [34mcolcon.colcon_core.package_identification[0m [1;30mLevel 1[0m _identify(datasets/SJZNB.v9i.yolov8/valid/labels) by extensions ['python_setup_py']
[16.181s] [34mcolcon.colcon_core.package_identification[0m [1;30mLevel 1[0m _identify(datasets/SJZNB.v9i.yolov8/valid/labels) by extension 'python_setup_py'
[16.181s] [34mcolcon.colcon_core.package_identification[0m [1;30mLevel 1[0m _identify(install) by extensions ['ignore', 'ignore_ament_install']
[16.182s] [34mcolcon.colcon_core.package_identification[0m [1;30mLevel 1[0m _identify(install) by extension 'ignore'
[16.182s] [34mcolcon.colcon_core.package_identification[0m [1;30mLevel 1[0m _identify(install) ignored
[16.182s] [34mcolcon.colcon_core.package_identification[0m [1;30mLevel 1[0m _identify(log) by extensions ['ignore', 'ignore_ament_install']
[16.183s] [34mcolcon.colcon_core.package_identification[0m [1;30mLevel 1[0m _identify(log) by extension 'ignore'
[16.183s] [34mcolcon.colcon_core.package_identification[0m [1;30mLevel 1[0m _identify(log) ignored
[16.183s] [34mcolcon.colcon_core.package_identification[0m [1;30mLevel 1[0m _identify(src) by extensions ['ignore', 'ignore_ament_install']
[16.183s] [34mcolcon.colcon_core.package_identification[0m [1;30mLevel 1[0m _identify(src) by extension 'ignore'
[16.183s] [34mcolcon.colcon_core.package_identification[0m [1;30mLevel 1[0m _identify(src) by extension 'ignore_ament_install'
[16.183s] [34mcolcon.colcon_core.package_identification[0m [1;30mLevel 1[0m _identify(src) by extensions ['colcon_pkg']
[16.183s] [34mcolcon.colcon_core.package_identification[0m [1;30mLevel 1[0m _identify(src) by extension 'colcon_pkg'
[16.184s] [34mcolcon.colcon_core.package_identification[0m [1;30mLevel 1[0m _identify(src) by extensions ['colcon_meta']
[16.184s] [34mcolcon.colcon_core.package_identification[0m [1;30mLevel 1[0m _identify(src) by extension 'colcon_meta'
[16.184s] [34mcolcon.colcon_core.package_identification[0m [1;30mLevel 1[0m _identify(src) by extensions ['ros']
[16.184s] [34mcolcon.colcon_core.package_identification[0m [1;30mLevel 1[0m _identify(src) by extension 'ros'
[16.184s] [34mcolcon.colcon_core.package_identification[0m [1;30mLevel 1[0m _identify(src) by extensions ['cmake', 'python']
[16.184s] [34mcolcon.colcon_core.package_identification[0m [1;30mLevel 1[0m _identify(src) by extension 'cmake'
[16.184s] [34mcolcon.colcon_core.package_identification[0m [1;30mLevel 1[0m _identify(src) by extension 'python'
[16.184s] [34mcolcon.colcon_core.package_identification[0m [1;30mLevel 1[0m _identify(src) by extensions ['python_setup_py']
[16.184s] [34mcolcon.colcon_core.package_identification[0m [1;30mLevel 1[0m _identify(src) by extension 'python_setup_py'
[16.185s] [34mcolcon.colcon_core.package_identification[0m [1;30mLevel 1[0m _identify(src/my_package) by extensions ['ignore', 'ignore_ament_install']
[16.185s] [34mcolcon.colcon_core.package_identification[0m [1;30mLevel 1[0m _identify(src/my_package) by extension 'ignore'
[16.185s] [34mcolcon.colcon_core.package_identification[0m [1;30mLevel 1[0m _identify(src/my_package) by extension 'ignore_ament_install'
[16.185s] [34mcolcon.colcon_core.package_identification[0m [1;30mLevel 1[0m _identify(src/my_package) by extensions ['colcon_pkg']
[16.185s] [34mcolcon.colcon_core.package_identification[0m [1;30mLevel 1[0m _identify(src/my_package) by extension 'colcon_pkg'
[16.185s] [34mcolcon.colcon_core.package_identification[0m [1;30mLevel 1[0m _identify(src/my_package) by extensions ['colcon_meta']
[16.185s] [34mcolcon.colcon_core.package_identification[0m [1;30mLevel 1[0m _identify(src/my_package) by extension 'colcon_meta'
[16.185s] [34mcolcon.colcon_core.package_identification[0m [1;30mLevel 1[0m _identify(src/my_package) by extensions ['ros']
[16.185s] [34mcolcon.colcon_core.package_identification[0m [1;30mLevel 1[0m _identify(src/my_package) by extension 'ros'
[16.194s] [34mcolcon.colcon_core.package_identification[0m [1;30mDEBUG[0m [32mPackage 'src/my_package' with type 'ros.ament_python' and name 'my_package'[0m
[16.194s] [34mcolcon.colcon_core.package_identification[0m [1;30mLevel 1[0m _identify(src/object_detection) by extensions ['ignore', 'ignore_ament_install']
[16.195s] [34mcolcon.colcon_core.package_identification[0m [1;30mLevel 1[0m _identify(src/object_detection) by extension 'ignore'
[16.195s] [34mcolcon.colcon_core.package_identification[0m [1;30mLevel 1[0m _identify(src/object_detection) by extension 'ignore_ament_install'
[16.195s] [34mcolcon.colcon_core.package_identification[0m [1;30mLevel 1[0m _identify(src/object_detection) by extensions ['colcon_pkg']
[16.195s] [34mcolcon.colcon_core.package_identification[0m [1;30mLevel 1[0m _identify(src/object_detection) by extension 'colcon_pkg'
[16.195s] [34mcolcon.colcon_core.package_identification[0m [1;30mLevel 1[0m _identify(src/object_detection) by extensions ['colcon_meta']
[16.195s] [34mcolcon.colcon_core.package_identification[0m [1;30mLevel 1[0m _identify(src/object_detection) by extension 'colcon_meta'
[16.195s] [34mcolcon.colcon_core.package_identification[0m [1;30mLevel 1[0m _identify(src/object_detection) by extensions ['ros']
[16.196s] [34mcolcon.colcon_core.package_identification[0m [1;30mLevel 1[0m _identify(src/object_detection) by extension 'ros'
[16.197s] [34mcolcon.colcon_core.package_identification[0m [1;30mDEBUG[0m [32mPackage 'src/object_detection' with type 'ros.ament_python' and name 'object_detection'[0m
[16.197s] [34mcolcon.colcon_core.package_discovery[0m [1;30mLevel 1[0m discover_packages(recursive) using defaults
[16.197s] [34mcolcon.colcon_core.package_discovery[0m [1;30mLevel 1[0m discover_packages(ignore) discover
[16.197s] [34mcolcon.colcon_core.package_discovery[0m [1;30mLevel 1[0m discover_packages(ignore) using defaults
[16.197s] [34mcolcon.colcon_core.package_discovery[0m [1;30mLevel 1[0m discover_packages(path) discover
[16.197s] [34mcolcon.colcon_core.package_discovery[0m [1;30mLevel 1[0m discover_packages(path) using defaults
[17.327s] [34mcolcon.colcon_core.verb[0m [1;30mLevel 5[0m set package 'my_package' build argument 'cmake_args' from command line to 'None'
[17.327s] [34mcolcon.colcon_core.verb[0m [1;30mLevel 5[0m set package 'my_package' build argument 'cmake_target' from command line to 'None'
[17.328s] [34mcolcon.colcon_core.verb[0m [1;30mLevel 5[0m set package 'my_package' build argument 'cmake_target_skip_unavailable' from command line to 'False'
[17.328s] [34mcolcon.colcon_core.verb[0m [1;30mLevel 5[0m set package 'my_package' build argument 'cmake_clean_cache' from command line to 'False'
[17.328s] [34mcolcon.colcon_core.verb[0m [1;30mLevel 5[0m set package 'my_package' build argument 'cmake_clean_first' from command line to 'False'
[17.328s] [34mcolcon.colcon_core.verb[0m [1;30mLevel 5[0m set package 'my_package' build argument 'cmake_force_configure' from command line to 'False'
[17.328s] [34mcolcon.colcon_core.verb[0m [1;30mLevel 5[0m set package 'my_package' build argument 'ament_cmake_args' from command line to 'None'
[17.328s] [34mcolcon.colcon_core.verb[0m [1;30mLevel 5[0m set package 'my_package' build argument 'catkin_cmake_args' from command line to 'None'
[17.328s] [34mcolcon.colcon_core.verb[0m [1;30mLevel 5[0m set package 'my_package' build argument 'catkin_skip_building_tests' from command line to 'False'
[17.328s] [34mcolcon.colcon_core.verb[0m [1;30mDEBUG[0m [32mBuilding package 'my_package' with the following arguments: {'ament_cmake_args': None, 'build_base': '/home/cadt-02/Object-Detection/ros2_ws/build/my_package', 'catkin_cmake_args': None, 'catkin_skip_building_tests': False, 'cmake_args': None, 'cmake_clean_cache': False, 'cmake_clean_first': False, 'cmake_force_configure': False, 'cmake_target': None, 'cmake_target_skip_unavailable': False, 'install_base': '/home/cadt-02/Object-Detection/ros2_ws/install/my_package', 'merge_install': False, 'path': '/home/cadt-02/Object-Detection/ros2_ws/src/my_package', 'symlink_install': False, 'test_result_base': None}[0m
[17.600s] [34mcolcon.colcon_core.verb[0m [1;30mLevel 5[0m set package 'object_detection' build argument 'cmake_args' from command line to 'None'
[17.600s] [34mcolcon.colcon_core.verb[0m [1;30mLevel 5[0m set package 'object_detection' build argument 'cmake_target' from command line to 'None'
[17.600s] [34mcolcon.colcon_core.verb[0m [1;30mLevel 5[0m set package 'object_detection' build argument 'cmake_target_skip_unavailable' from command line to 'False'
[17.601s] [34mcolcon.colcon_core.verb[0m [1;30mLevel 5[0m set package 'object_detection' build argument 'cmake_clean_cache' from command line to 'False'
[17.601s] [34mcolcon.colcon_core.verb[0m [1;30mLevel 5[0m set package 'object_detection' build argument 'cmake_clean_first' from command line to 'False'
[17.601s] [34mcolcon.colcon_core.verb[0m [1;30mLevel 5[0m set package 'object_detection' build argument 'cmake_force_configure' from command line to 'False'
[17.601s] [34mcolcon.colcon_core.verb[0m [1;30mLevel 5[0m set package 'object_detection' build argument 'ament_cmake_args' from command line to 'None'
[17.601s] [34mcolcon.colcon_core.verb[0m [1;30mLevel 5[0m set package 'object_detection' build argument 'catkin_cmake_args' from command line to 'None'
[17.601s] [34mcolcon.colcon_core.verb[0m [1;30mLevel 5[0m set package 'object_detection' build argument 'catkin_skip_building_tests' from command line to 'False'
[17.601s] [34mcolcon.colcon_core.verb[0m [1;30mDEBUG[0m [32mBuilding package 'object_detection' with the following arguments: {'ament_cmake_args': None, 'build_base': '/home/cadt-02/Object-Detection/ros2_ws/build/object_detection', 'catkin_cmake_args': None, 'catkin_skip_building_tests': False, 'cmake_args': None, 'cmake_clean_cache': False, 'cmake_clean_first': False, 'cmake_force_configure': False, 'cmake_target': None, 'cmake_target_skip_unavailable': False, 'install_base': '/home/cadt-02/Object-Detection/ros2_ws/install/object_detection', 'merge_install': False, 'path': '/home/cadt-02/Object-Detection/ros2_ws/src/object_detection', 'symlink_install': False, 'test_result_base': None}[0m
[17.873s] [34mcolcon.colcon_core.executor[0m [1;30mINFO[0m Executing jobs using 'parallel' executor
[18.146s] [34mcolcon.colcon_parallel_executor.executor.parallel[0m [1;30mDEBUG[0m [32mrun_until_complete[0m
[18.146s] [34mcolcon.colcon_ros.task.ament_python.build[0m [1;30mINFO[0m Building ROS package in '/home/cadt-02/Object-Detection/ros2_ws/src/my_package' with build type 'ament_python'
[18.147s] [34mcolcon.colcon_core.shell[0m [1;30mLevel 1[0m create_environment_hook('my_package', 'ament_prefix_path')
[18.431s] [34mcolcon.colcon_core.plugin_system[0m [1;30mINFO[0m Skipping extension 'colcon_core.shell.bat': Not used on non-Windows systems
[18.432s] [34mcolcon.colcon_core.shell[0m [1;30mINFO[0m Creating environment hook '/home/cadt-02/Object-Detection/ros2_ws/install/my_package/share/my_package/hook/ament_prefix_path.ps1'
[18.434s] [34mcolcon.colcon_core.shell[0m [1;30mINFO[0m Creating environment descriptor '/home/cadt-02/Object-Detection/ros2_ws/install/my_package/share/my_package/hook/ament_prefix_path.dsv'
[18.435s] [34mcolcon.colcon_core.shell[0m [1;30mINFO[0m Creating environment hook '/home/cadt-02/Object-Detection/ros2_ws/install/my_package/share/my_package/hook/ament_prefix_path.sh'
[18.714s] [34mcolcon.colcon_core.shell[0m [1;30mINFO[0m Skip shell extension 'powershell' for command environment: Not usable outside of PowerShell
[18.715s] [34mcolcon.colcon_core.shell[0m [1;30mDEBUG[0m [32mSkip shell extension 'dsv' for command environment[0m
[19.564s] [34mcolcon.colcon_ros.task.ament_python.build[0m [1;30mINFO[0m Building ROS package in '/home/cadt-02/Object-Detection/ros2_ws/src/object_detection' with build type 'ament_python'
[19.565s] [34mcolcon.colcon_core.shell[0m [1;30mLevel 1[0m create_environment_hook('object_detection', 'ament_prefix_path')
[19.845s] [34mcolcon.colcon_core.shell[0m [1;30mINFO[0m Creating environment hook '/home/cadt-02/Object-Detection/ros2_ws/install/object_detection/share/object_detection/hook/ament_prefix_path.ps1'
[19.846s] [34mcolcon.colcon_core.shell[0m [1;30mINFO[0m Creating environment descriptor '/home/cadt-02/Object-Detection/ros2_ws/install/object_detection/share/object_detection/hook/ament_prefix_path.dsv'
[19.847s] [34mcolcon.colcon_core.shell[0m [1;30mINFO[0m Creating environment hook '/home/cadt-02/Object-Detection/ros2_ws/install/object_detection/share/object_detection/hook/ament_prefix_path.sh'
[20.126s] [34mcolcon.colcon_core.shell[0m [1;30mINFO[0m Skip shell extension 'powershell' for command environment: Not usable outside of PowerShell
[20.126s] [34mcolcon.colcon_core.shell[0m [1;30mDEBUG[0m [32mSkip shell extension 'dsv' for command environment[0m
[21.425s] [34mcolcon.colcon_core.task.python.build[0m [1;30mINFO[0m Building Python package in '/home/cadt-02/Object-Detection/ros2_ws/src/my_package'
[21.705s] [34mcolcon.colcon_core.shell[0m [1;30mINFO[0m Skip shell extension 'powershell' for command environment: Not usable outside of PowerShell
[21.705s] [34mcolcon.colcon_core.shell[0m [1;30mDEBUG[0m [32mSkip shell extension 'dsv' for command environment[0m
[23.003s] [34mcolcon.colcon_core.task.python.build[0m [1;30mINFO[0m Building Python package in '/home/cadt-02/Object-Detection/ros2_ws/src/object_detection'
[23.288s] [34mcolcon.colcon_core.shell[0m [1;30mINFO[0m Skip shell extension 'powershell' for command environment: Not usable outside of PowerShell
[23.288s] [34mcolcon.colcon_core.shell[0m [1;30mDEBUG[0m [32mSkip shell extension 'dsv' for command environment[0m
[25.585s] [34mcolcon.colcon_core.event_handler.log_command[0m [1;30mDEBUG[0m [32mInvoking command in '/home/cadt-02/Object-Detection/ros2_ws/src/my_package': PYTHONPATH=/home/cadt-02/Object-Detection/ros2_ws/build/my_package/prefix_override:/home/cadt-02/Object-Detection/ros2_ws/install/my_package/lib/python3.8/site-packages:${PYTHONPATH} /usr/bin/python3 setup.py egg_info --egg-base ../../build/my_package build --build-base /home/cadt-02/Object-Detection/ros2_ws/build/my_package/build install --record /home/cadt-02/Object-Detection/ros2_ws/build/my_package/install.log --install-scripts $base/lib/my_package --single-version-externally-managed[0m
[25.608s] [34mcolcon.colcon_core.event_handler.log_command[0m [1;30mDEBUG[0m [32mInvoking command in '/home/cadt-02/Object-Detection/ros2_ws/src/object_detection': PYTHONPATH=/home/cadt-02/Object-Detection/ros2_ws/build/object_detection/prefix_override:/home/cadt-02/Object-Detection/ros2_ws/install/object_detection/lib/python3.8/site-packages:${PYTHONPATH} /usr/bin/python3 setup.py egg_info --egg-base ../../build/object_detection build --build-base /home/cadt-02/Object-Detection/ros2_ws/build/object_detection/build install --record /home/cadt-02/Object-Detection/ros2_ws/build/object_detection/install.log --install-scripts $base/lib/object_detection --single-version-externally-managed[0m
[26.854s] [34mcolcon.colcon_core.event_handler.log_command[0m [1;30mDEBUG[0m [32mInvoked command in '/home/cadt-02/Object-Detection/ros2_ws/src/object_detection' returned '0': PYTHONPATH=/home/cadt-02/Object-Detection/ros2_ws/build/object_detection/prefix_override:/home/cadt-02/Object-Detection/ros2_ws/install/object_detection/lib/python3.8/site-packages:${PYTHONPATH} /usr/bin/python3 setup.py egg_info --egg-base ../../build/object_detection build --build-base /home/cadt-02/Object-Detection/ros2_ws/build/object_detection/build install --record /home/cadt-02/Object-Detection/ros2_ws/build/object_detection/install.log --install-scripts $base/lib/object_detection --single-version-externally-managed[0m
[27.160s] [34mcolcon.colcon_core.environment[0m [1;30mLevel 1[0m checking '/home/cadt-02/Object-Detection/ros2_ws/install/object_detection' for CMake module files
[27.161s] [34mcolcon.colcon_core.environment[0m [1;30mLevel 1[0m checking '/home/cadt-02/Object-Detection/ros2_ws/install/object_detection' for CMake config files
[27.163s] [34mcolcon.colcon_core.environment[0m [1;30mLevel 1[0m checking '/home/cadt-02/Object-Detection/ros2_ws/install/object_detection/lib'
[27.163s] [34mcolcon.colcon_core.environment[0m [1;30mLevel 1[0m checking '/home/cadt-02/Object-Detection/ros2_ws/install/object_detection/bin'
[27.163s] [34mcolcon.colcon_core.environment[0m [1;30mLevel 1[0m checking '/home/cadt-02/Object-Detection/ros2_ws/install/object_detection/lib/pkgconfig/object_detection.pc'
[27.164s] [34mcolcon.colcon_core.environment[0m [1;30mLevel 1[0m checking '/home/cadt-02/Object-Detection/ros2_ws/install/object_detection/lib/python3.8/site-packages'
[27.164s] [34mcolcon.colcon_core.shell[0m [1;30mLevel 1[0m create_environment_hook('object_detection', 'pythonpath')
[27.444s] [34mcolcon.colcon_core.shell[0m [1;30mINFO[0m Creating environment hook '/home/cadt-02/Object-Detection/ros2_ws/install/object_detection/share/object_detection/hook/pythonpath.ps1'
[27.446s] [34mcolcon.colcon_core.shell[0m [1;30mINFO[0m Creating environment descriptor '/home/cadt-02/Object-Detection/ros2_ws/install/object_detection/share/object_detection/hook/pythonpath.dsv'
[27.447s] [34mcolcon.colcon_core.shell[0m [1;30mINFO[0m Creating environment hook '/home/cadt-02/Object-Detection/ros2_ws/install/object_detection/share/object_detection/hook/pythonpath.sh'
[27.448s] [34mcolcon.colcon_core.environment[0m [1;30mLevel 1[0m checking '/home/cadt-02/Object-Detection/ros2_ws/install/object_detection/bin'
[27.448s] [34mcolcon.colcon_core.environment[0m [1;30mLevel 1[0m create_environment_scripts_only(object_detection)
[27.727s] [34mcolcon.colcon_core.shell[0m [1;30mINFO[0m Creating package script '/home/cadt-02/Object-Detection/ros2_ws/install/object_detection/share/object_detection/package.ps1'
[27.729s] [34mcolcon.colcon_core.shell[0m [1;30mINFO[0m Creating package descriptor '/home/cadt-02/Object-Detection/ros2_ws/install/object_detection/share/object_detection/package.dsv'
[27.731s] [34mcolcon.colcon_core.shell[0m [1;30mINFO[0m Creating package script '/home/cadt-02/Object-Detection/ros2_ws/install/object_detection/share/object_detection/package.sh'
[27.732s] [34mcolcon.colcon_core.shell[0m [1;30mINFO[0m Creating package script '/home/cadt-02/Object-Detection/ros2_ws/install/object_detection/share/object_detection/package.bash'
[27.734s] [34mcolcon.colcon_core.shell[0m [1;30mINFO[0m Creating package script '/home/cadt-02/Object-Detection/ros2_ws/install/object_detection/share/object_detection/package.zsh'
[27.735s] [34mcolcon.colcon_core.environment[0m [1;30mLevel 1[0m create_file_with_runtime_dependencies(/home/cadt-02/Object-Detection/ros2_ws/install/object_detection/share/colcon-core/packages/object_detection)
[27.740s] [34mcolcon.colcon_core.event_handler.log_command[0m [1;30mDEBUG[0m [32mInvoked command in '/home/cadt-02/Object-Detection/ros2_ws/src/my_package' returned '0': PYTHONPATH=/home/cadt-02/Object-Detection/ros2_ws/build/my_package/prefix_override:/home/cadt-02/Object-Detection/ros2_ws/install/my_package/lib/python3.8/site-packages:${PYTHONPATH} /usr/bin/python3 setup.py egg_info --egg-base ../../build/my_package build --build-base /home/cadt-02/Object-Detection/ros2_ws/build/my_package/build install --record /home/cadt-02/Object-Detection/ros2_ws/build/my_package/install.log --install-scripts $base/lib/my_package --single-version-externally-managed[0m
[28.021s] [34mcolcon.colcon_core.environment[0m [1;30mLevel 1[0m checking '/home/cadt-02/Object-Detection/ros2_ws/install/my_package' for CMake module files
[28.022s] [34mcolcon.colcon_core.environment[0m [1;30mLevel 1[0m checking '/home/cadt-02/Object-Detection/ros2_ws/install/my_package' for CMake config files
[28.023s] [34mcolcon.colcon_core.environment[0m [1;30mLevel 1[0m checking '/home/cadt-02/Object-Detection/ros2_ws/install/my_package/lib'
[28.023s] [34mcolcon.colcon_core.environment[0m [1;30mLevel 1[0m checking '/home/cadt-02/Object-Detection/ros2_ws/install/my_package/bin'
[28.023s] [34mcolcon.colcon_core.environment[0m [1;30mLevel 1[0m checking '/home/cadt-02/Object-Detection/ros2_ws/install/my_package/lib/pkgconfig/my_package.pc'
[28.024s] [34mcolcon.colcon_core.environment[0m [1;30mLevel 1[0m checking '/home/cadt-02/Object-Detection/ros2_ws/install/my_package/lib/python3.8/site-packages'
[28.024s] [34mcolcon.colcon_core.shell[0m [1;30mLevel 1[0m create_environment_hook('my_package', 'pythonpath')
[28.303s] [34mcolcon.colcon_core.shell[0m [1;30mINFO[0m Creating environment hook '/home/cadt-02/Object-Detection/ros2_ws/install/my_package/share/my_package/hook/pythonpath.ps1'
[28.304s] [34mcolcon.colcon_core.shell[0m [1;30mINFO[0m Creating environment descriptor '/home/cadt-02/Object-Detection/ros2_ws/install/my_package/share/my_package/hook/pythonpath.dsv'
[28.305s] [34mcolcon.colcon_core.shell[0m [1;30mINFO[0m Creating environment hook '/home/cadt-02/Object-Detection/ros2_ws/install/my_package/share/my_package/hook/pythonpath.sh'
[28.306s] [34mcolcon.colcon_core.environment[0m [1;30mLevel 1[0m checking '/home/cadt-02/Object-Detection/ros2_ws/install/my_package/bin'
[28.306s] [34mcolcon.colcon_core.environment[0m [1;30mLevel 1[0m create_environment_scripts_only(my_package)
[28.586s] [34mcolcon.colcon_core.shell[0m [1;30mINFO[0m Creating package script '/home/cadt-02/Object-Detection/ros2_ws/install/my_package/share/my_package/package.ps1'
[28.588s] [34mcolcon.colcon_core.shell[0m [1;30mINFO[0m Creating package descriptor '/home/cadt-02/Object-Detection/ros2_ws/install/my_package/share/my_package/package.dsv'
[28.589s] [34mcolcon.colcon_core.shell[0m [1;30mINFO[0m Creating package script '/home/cadt-02/Object-Detection/ros2_ws/install/my_package/share/my_package/package.sh'
[28.589s] [34mcolcon.colcon_core.shell[0m [1;30mINFO[0m Creating package script '/home/cadt-02/Object-Detection/ros2_ws/install/my_package/share/my_package/package.bash'
[28.590s] [34mcolcon.colcon_core.shell[0m [1;30mINFO[0m Creating package script '/home/cadt-02/Object-Detection/ros2_ws/install/my_package/share/my_package/package.zsh'
[28.591s] [34mcolcon.colcon_core.environment[0m [1;30mLevel 1[0m create_file_with_runtime_dependencies(/home/cadt-02/Object-Detection/ros2_ws/install/my_package/share/colcon-core/packages/my_package)
[28.592s] [34mcolcon.colcon_parallel_executor.executor.parallel[0m [1;30mDEBUG[0m [32mclosing loop[0m
[28.592s] [34mcolcon.colcon_parallel_executor.executor.parallel[0m [1;30mDEBUG[0m [32mloop closed[0m
[28.593s] [34mcolcon.colcon_parallel_executor.executor.parallel[0m [1;30mDEBUG[0m [32mrun_until_complete finished with '0'[0m
[28.593s] [34mcolcon.colcon_core.event_reactor[0m [1;30mDEBUG[0m [32mjoining thread[0m
[28.894s] [34mcolcon.colcon_core.plugin_system[0m [1;30mINFO[0m Skipping extension 'colcon_notification.desktop_notification.terminal_notifier': Not used on non-Darwin systems
[28.894s] [34mcolcon.colcon_core.plugin_system[0m [1;30mINFO[0m Skipping extension 'colcon_notification.desktop_notification.win32': Not used on non-Windows systems
[28.894s] [34mcolcon.colcon_notification.desktop_notification[0m [1;30mINFO[0m Sending desktop notification using 'notify2'
[28.941s] [34mcolcon.colcon_core.event_reactor[0m [1;30mDEBUG[0m [32mjoined thread[0m
[29.219s] [34mcolcon.colcon_core.shell[0m [1;30mINFO[0m Creating prefix script '/home/cadt-02/Object-Detection/ros2_ws/install/local_setup.ps1'
[29.222s] [34mcolcon.colcon_core.shell[0m [1;30mINFO[0m Creating prefix util module '/home/cadt-02/Object-Detection/ros2_ws/install/_local_setup_util_ps1.py'
[29.225s] [34mcolcon.colcon_core.shell[0m [1;30mINFO[0m Creating prefix chain script '/home/cadt-02/Object-Detection/ros2_ws/install/setup.ps1'
[29.503s] [34mcolcon.colcon_core.shell[0m [1;30mINFO[0m Creating prefix script '/home/cadt-02/Object-Detection/ros2_ws/install/local_setup.sh'
[29.504s] [34mcolcon.colcon_core.shell[0m [1;30mINFO[0m Creating prefix util module '/home/cadt-02/Object-Detection/ros2_ws/install/_local_setup_util_sh.py'
[29.505s] [34mcolcon.colcon_core.shell[0m [1;30mINFO[0m Creating prefix chain script '/home/cadt-02/Object-Detection/ros2_ws/install/setup.sh'
[29.782s] [34mcolcon.colcon_core.shell[0m [1;30mINFO[0m Creating prefix script '/home/cadt-02/Object-Detection/ros2_ws/install/local_setup.bash'
[29.783s] [34mcolcon.colcon_core.shell[0m [1;30mINFO[0m Creating prefix chain script '/home/cadt-02/Object-Detection/ros2_ws/install/setup.bash'
[30.060s] [34mcolcon.colcon_core.shell[0m [1;30mINFO[0m Creating prefix script '/home/cadt-02/Object-Detection/ros2_ws/install/local_setup.zsh'
[30.061s] [34mcolcon.colcon_core.shell[0m [1;30mINFO[0m Creating prefix chain script '/home/cadt-02/Object-Detection/ros2_ws/install/setup.zsh'
