[6.226s] Invoking command in '/home/cadt-02/Object-Detection/ros2_ws/src/object_detection': NX_CONNECTION=172.23.33.204 56795 172.23.34.34 4000 PYTHONPATH=/home/cadt-02/Object-Detection/ros2_ws/build/object_detection/prefix_override:/home/cadt-02/Object-Detection/ros2_ws/install/object_detection/lib/python3.8/site-packages:${PYTHONPATH} /usr/bin/python3 setup.py egg_info --egg-base ../../build/object_detection build --build-base /home/cadt-02/Object-Detection/ros2_ws/build/object_detection/build install --record /home/cadt-02/Object-Detection/ros2_ws/build/object_detection/install.log --install-scripts $base/lib/object_detection --single-version-externally-managed
[6.533s] /home/cadt-02/.local/lib/python3.8/site-packages/setuptools/dist.py:476: SetuptoolsDeprecationWarning: Invalid dash-separated options
[6.534s] !!
[6.534s] 
[6.535s]         ********************************************************************************
[6.536s]         Usage of dash-separated 'script-dir' will not be supported in future
[6.537s]         versions. Please use the underscore name 'script_dir' instead.
[6.537s] 
[6.538s]         By 2024-Sep-26, you need to update your project and remove deprecated calls
[6.538s]         or your builds will no longer be supported.
[6.538s] 
[6.539s]         See https://setuptools.pypa.io/en/latest/userguide/declarative_config.html for details.
[6.539s]         ********************************************************************************
[6.540s] 
[6.540s] !!
[6.540s]   opt = self.warn_dash_deprecation(opt, section)
[6.797s] running egg_info
[6.839s] writing ../../build/object_detection/object_detection.egg-info/PKG-INFO
[6.840s] writing dependency_links to ../../build/object_detection/object_detection.egg-info/dependency_links.txt
[6.841s] writing requirements to ../../build/object_detection/object_detection.egg-info/requires.txt
[6.841s] writing top-level names to ../../build/object_detection/object_detection.egg-info/top_level.txt
[7.156s] reading manifest file '../../build/object_detection/object_detection.egg-info/SOURCES.txt'
[7.156s] writing manifest file '../../build/object_detection/object_detection.egg-info/SOURCES.txt'
[7.157s] running build
[7.157s] running build_py
[7.158s] copying object_detection/__init__.py -> /home/cadt-02/Object-Detection/ros2_ws/build/object_detection/build/lib/object_detection
[7.158s] running install
[7.159s] /home/cadt-02/.local/lib/python3.8/site-packages/setuptools/_distutils/cmd.py:66: SetuptoolsDeprecationWarning: setup.py install is deprecated.
[7.160s] !!
[7.162s] 
[7.162s]         ********************************************************************************
[7.163s]         Please avoid running ``setup.py`` directly.
[7.163s]         Instead, use pypa/build, pypa/installer or other
[7.166s]         standards-based tools.
[7.166s] 
[7.166s]         See https://blog.ganssle.io/articles/2021/10/setup-py-deprecated.html for details.
[7.167s]         ********************************************************************************
[7.168s] 
[7.169s] !!
[7.169s]   self.initialize_options()
[7.172s] running install_lib
[7.213s] running install_data
[7.255s] copying resource/object_detection -> /home/cadt-02/Object-Detection/ros2_ws/install/object_detection/share/ament_index/resource_index/packages
[7.255s] copying package.xml -> /home/cadt-02/Object-Detection/ros2_ws/install/object_detection/share/object_detection
[7.256s] running install_egg_info
[7.300s] removing '/home/cadt-02/Object-Detection/ros2_ws/install/object_detection/lib/python3.8/site-packages/object_detection-0.0.0-py3.8.egg-info' (and everything under it)
[7.300s] Copying ../../build/object_detection/object_detection.egg-info to /home/cadt-02/Object-Detection/ros2_ws/install/object_detection/lib/python3.8/site-packages/object_detection-0.0.0-py3.8.egg-info
[7.303s] running install_scripts
[7.405s] writing list of installed files to '/home/cadt-02/Object-Detection/ros2_ws/build/object_detection/install.log'
[8.644s] Invoked command in '/home/cadt-02/Object-Detection/ros2_ws/src/object_detection' returned '0': NX_CONNECTION=172.23.33.204 56795 172.23.34.34 4000 PYTHONPATH=/home/cadt-02/Object-Detection/ros2_ws/build/object_detection/prefix_override:/home/cadt-02/Object-Detection/ros2_ws/install/object_detection/lib/python3.8/site-packages:${PYTHONPATH} /usr/bin/python3 setup.py egg_info --egg-base ../../build/object_detection build --build-base /home/cadt-02/Object-Detection/ros2_ws/build/object_detection/build install --record /home/cadt-02/Object-Detection/ros2_ws/build/object_detection/install.log --install-scripts $base/lib/object_detection --single-version-externally-managed
