[15.604s] [34mcolcon[0m [1;30mDEBUG[0m [32mCommand line arguments: ['/usr/local/bin/colcon', 'build'][0m
[15.604s] [34mcolcon[0m [1;30mDEBUG[0m [32mParsed command line arguments: Namespace(ament_cmake_args=None, base_paths=['.'], build_base='build', catkin_cmake_args=None, catkin_skip_building_tests=False, cmake_args=None, cmake_clean_cache=False, cmake_clean_first=False, cmake_force_configure=False, cmake_target=None, cmake_target_skip_unavailable=False, continue_on_error=False, event_handlers=None, executor='parallel', ignore_user_meta=False, install_base='install', log_base=None, log_level=None, main=<bound method BuildVerb.main of <colcon_core.verb.build.BuildVerb object at 0xffff8e86eee0>>, merge_install=False, metas=['./colcon.meta'], packages_above=None, packages_above_and_dependencies=None, packages_above_depth=None, packages_end=None, packages_ignore=None, packages_ignore_regex=None, packages_select=None, packages_select_build_failed=False, packages_select_by_dep=None, packages_select_regex=None, packages_select_test_failures=False, packages_skip=None, packages_skip_build_finished=False, packages_skip_by_dep=None, packages_skip_regex=None, packages_skip_test_passed=False, packages_skip_up_to=None, packages_start=None, packages_up_to=None, packages_up_to_regex=None, parallel_workers=6, paths=None, symlink_install=False, test_result_base=None, verb_extension=<colcon_core.verb.build.BuildVerb object at 0xffff8e86eee0>, verb_name='build', verb_parser=<colcon_defaults.argument_parser.defaults.DefaultArgumentsDecorator object at 0xffff8e4598b0>)[0m
[16.260s] [34mcolcon.colcon_core.package_discovery[0m [1;30mLevel 1[0m discover_packages(colcon_meta) check parameters
[16.260s] [34mcolcon.colcon_core.package_discovery[0m [1;30mLevel 1[0m discover_packages(recursive) check parameters
[16.260s] [34mcolcon.colcon_core.package_discovery[0m [1;30mLevel 1[0m discover_packages(ignore) check parameters
[16.260s] [34mcolcon.colcon_core.package_discovery[0m [1;30mLevel 1[0m discover_packages(path) check parameters
[16.261s] [34mcolcon.colcon_core.package_discovery[0m [1;30mLevel 1[0m discover_packages(colcon_meta) discover
[16.261s] [34mcolcon.colcon_core.package_discovery[0m [1;30mLevel 1[0m discover_packages(recursive) discover
[16.261s] [34mcolcon.colcon_core.package_discovery[0m [1;30mINFO[0m Crawling recursively for packages in '/home/cadt-02/Object-Detection/ros2_ws'
[16.261s] [34mcolcon.colcon_core.package_identification[0m [1;30mLevel 1[0m _identify(.) by extensions ['ignore', 'ignore_ament_install']
[16.261s] [34mcolcon.colcon_core.package_identification[0m [1;30mLevel 1[0m _identify(.) by extension 'ignore'
[16.261s] [34mcolcon.colcon_core.package_identification[0m [1;30mLevel 1[0m _identify(.) by extension 'ignore_ament_install'
[16.262s] [34mcolcon.colcon_core.package_identification[0m [1;30mLevel 1[0m _identify(.) by extensions ['colcon_pkg']
[16.262s] [34mcolcon.colcon_core.package_identification[0m [1;30mLevel 1[0m _identify(.) by extension 'colcon_pkg'
[16.262s] [34mcolcon.colcon_core.package_identification[0m [1;30mLevel 1[0m _identify(.) by extensions ['colcon_meta']
[16.262s] [34mcolcon.colcon_core.package_identification[0m [1;30mLevel 1[0m _identify(.) by extension 'colcon_meta'
[16.262s] [34mcolcon.colcon_core.package_identification[0m [1;30mLevel 1[0m _identify(.) by extensions ['ros']
[16.262s] [34mcolcon.colcon_core.package_identification[0m [1;30mLevel 1[0m _identify(.) by extension 'ros'
[16.310s] [34mcolcon.colcon_core.package_identification[0m [1;30mLevel 1[0m _identify(.) by extensions ['cmake', 'python']
[16.310s] [34mcolcon.colcon_core.package_identification[0m [1;30mLevel 1[0m _identify(.) by extension 'cmake'
[16.310s] [34mcolcon.colcon_core.package_identification[0m [1;30mLevel 1[0m _identify(.) by extension 'python'
[16.310s] [34mcolcon.colcon_core.package_identification[0m [1;30mLevel 1[0m _identify(.) by extensions ['python_setup_py']
[16.310s] [34mcolcon.colcon_core.package_identification[0m [1;30mLevel 1[0m _identify(.) by extension 'python_setup_py'
[16.311s] [34mcolcon.colcon_core.package_identification[0m [1;30mLevel 1[0m _identify(build) by extensions ['ignore', 'ignore_ament_install']
[16.311s] [34mcolcon.colcon_core.package_identification[0m [1;30mLevel 1[0m _identify(build) by extension 'ignore'
[16.311s] [34mcolcon.colcon_core.package_identification[0m [1;30mLevel 1[0m _identify(build) ignored
[16.312s] [34mcolcon.colcon_core.package_identification[0m [1;30mLevel 1[0m _identify(dqn_logs) by extensions ['ignore', 'ignore_ament_install']
[16.312s] [34mcolcon.colcon_core.package_identification[0m [1;30mLevel 1[0m _identify(dqn_logs) by extension 'ignore'
[16.312s] [34mcolcon.colcon_core.package_identification[0m [1;30mLevel 1[0m _identify(dqn_logs) by extension 'ignore_ament_install'
[16.312s] [34mcolcon.colcon_core.package_identification[0m [1;30mLevel 1[0m _identify(dqn_logs) by extensions ['colcon_pkg']
[16.312s] [34mcolcon.colcon_core.package_identification[0m [1;30mLevel 1[0m _identify(dqn_logs) by extension 'colcon_pkg'
[16.313s] [34mcolcon.colcon_core.package_identification[0m [1;30mLevel 1[0m _identify(dqn_logs) by extensions ['colcon_meta']
[16.313s] [34mcolcon.colcon_core.package_identification[0m [1;30mLevel 1[0m _identify(dqn_logs) by extension 'colcon_meta'
[16.313s] [34mcolcon.colcon_core.package_identification[0m [1;30mLevel 1[0m _identify(dqn_logs) by extensions ['ros']
[16.313s] [34mcolcon.colcon_core.package_identification[0m [1;30mLevel 1[0m _identify(dqn_logs) by extension 'ros'
[16.313s] [34mcolcon.colcon_core.package_identification[0m [1;30mLevel 1[0m _identify(dqn_logs) by extensions ['cmake', 'python']
[16.313s] [34mcolcon.colcon_core.package_identification[0m [1;30mLevel 1[0m _identify(dqn_logs) by extension 'cmake'
[16.313s] [34mcolcon.colcon_core.package_identification[0m [1;30mLevel 1[0m _identify(dqn_logs) by extension 'python'
[16.313s] [34mcolcon.colcon_core.package_identification[0m [1;30mLevel 1[0m _identify(dqn_logs) by extensions ['python_setup_py']
[16.313s] [34mcolcon.colcon_core.package_identification[0m [1;30mLevel 1[0m _identify(dqn_logs) by extension 'python_setup_py'
[16.314s] [34mcolcon.colcon_core.package_identification[0m [1;30mLevel 1[0m _identify(install) by extensions ['ignore', 'ignore_ament_install']
[16.314s] [34mcolcon.colcon_core.package_identification[0m [1;30mLevel 1[0m _identify(install) by extension 'ignore'
[16.314s] [34mcolcon.colcon_core.package_identification[0m [1;30mLevel 1[0m _identify(install) ignored
[16.315s] [34mcolcon.colcon_core.package_identification[0m [1;30mLevel 1[0m _identify(log) by extensions ['ignore', 'ignore_ament_install']
[16.315s] [34mcolcon.colcon_core.package_identification[0m [1;30mLevel 1[0m _identify(log) by extension 'ignore'
[16.315s] [34mcolcon.colcon_core.package_identification[0m [1;30mLevel 1[0m _identify(log) ignored
[16.316s] [34mcolcon.colcon_core.package_identification[0m [1;30mLevel 1[0m _identify(src) by extensions ['ignore', 'ignore_ament_install']
[16.316s] [34mcolcon.colcon_core.package_identification[0m [1;30mLevel 1[0m _identify(src) by extension 'ignore'
[16.316s] [34mcolcon.colcon_core.package_identification[0m [1;30mLevel 1[0m _identify(src) by extension 'ignore_ament_install'
[16.316s] [34mcolcon.colcon_core.package_identification[0m [1;30mLevel 1[0m _identify(src) by extensions ['colcon_pkg']
[16.316s] [34mcolcon.colcon_core.package_identification[0m [1;30mLevel 1[0m _identify(src) by extension 'colcon_pkg'
[16.316s] [34mcolcon.colcon_core.package_identification[0m [1;30mLevel 1[0m _identify(src) by extensions ['colcon_meta']
[16.316s] [34mcolcon.colcon_core.package_identification[0m [1;30mLevel 1[0m _identify(src) by extension 'colcon_meta'
[16.316s] [34mcolcon.colcon_core.package_identification[0m [1;30mLevel 1[0m _identify(src) by extensions ['ros']
[16.317s] [34mcolcon.colcon_core.package_identification[0m [1;30mLevel 1[0m _identify(src) by extension 'ros'
[16.317s] [34mcolcon.colcon_core.package_identification[0m [1;30mLevel 1[0m _identify(src) by extensions ['cmake', 'python']
[16.317s] [34mcolcon.colcon_core.package_identification[0m [1;30mLevel 1[0m _identify(src) by extension 'cmake'
[16.317s] [34mcolcon.colcon_core.package_identification[0m [1;30mLevel 1[0m _identify(src) by extension 'python'
[16.317s] [34mcolcon.colcon_core.package_identification[0m [1;30mLevel 1[0m _identify(src) by extensions ['python_setup_py']
[16.317s] [34mcolcon.colcon_core.package_identification[0m [1;30mLevel 1[0m _identify(src) by extension 'python_setup_py'
[16.317s] [34mcolcon.colcon_core.package_identification[0m [1;30mLevel 1[0m _identify(src/micro-ROS-Agent) by extensions ['ignore', 'ignore_ament_install']
[16.318s] [34mcolcon.colcon_core.package_identification[0m [1;30mLevel 1[0m _identify(src/micro-ROS-Agent) by extension 'ignore'
[16.318s] [34mcolcon.colcon_core.package_identification[0m [1;30mLevel 1[0m _identify(src/micro-ROS-Agent) by extension 'ignore_ament_install'
[16.318s] [34mcolcon.colcon_core.package_identification[0m [1;30mLevel 1[0m _identify(src/micro-ROS-Agent) by extensions ['colcon_pkg']
[16.318s] [34mcolcon.colcon_core.package_identification[0m [1;30mLevel 1[0m _identify(src/micro-ROS-Agent) by extension 'colcon_pkg'
[16.318s] [34mcolcon.colcon_core.package_identification[0m [1;30mLevel 1[0m _identify(src/micro-ROS-Agent) by extensions ['colcon_meta']
[16.318s] [34mcolcon.colcon_core.package_identification[0m [1;30mLevel 1[0m _identify(src/micro-ROS-Agent) by extension 'colcon_meta'
[16.318s] [34mcolcon.colcon_core.package_identification[0m [1;30mLevel 1[0m _identify(src/micro-ROS-Agent) by extensions ['ros']
[16.318s] [34mcolcon.colcon_core.package_identification[0m [1;30mLevel 1[0m _identify(src/micro-ROS-Agent) by extension 'ros'
[16.318s] [34mcolcon.colcon_core.package_identification[0m [1;30mLevel 1[0m _identify(src/micro-ROS-Agent) by extensions ['cmake', 'python']
[16.319s] [34mcolcon.colcon_core.package_identification[0m [1;30mLevel 1[0m _identify(src/micro-ROS-Agent) by extension 'cmake'
[16.319s] [34mcolcon.colcon_core.package_identification[0m [1;30mLevel 1[0m _identify(src/micro-ROS-Agent) by extension 'python'
[16.319s] [34mcolcon.colcon_core.package_identification[0m [1;30mLevel 1[0m _identify(src/micro-ROS-Agent) by extensions ['python_setup_py']
[16.319s] [34mcolcon.colcon_core.package_identification[0m [1;30mLevel 1[0m _identify(src/micro-ROS-Agent) by extension 'python_setup_py'
[16.319s] [34mcolcon.colcon_core.package_identification[0m [1;30mLevel 1[0m _identify(src/micro-ROS-Agent/micro_ros_agent) by extensions ['ignore', 'ignore_ament_install']
[16.319s] [34mcolcon.colcon_core.package_identification[0m [1;30mLevel 1[0m _identify(src/micro-ROS-Agent/micro_ros_agent) by extension 'ignore'
[16.319s] [34mcolcon.colcon_core.package_identification[0m [1;30mLevel 1[0m _identify(src/micro-ROS-Agent/micro_ros_agent) by extension 'ignore_ament_install'
[16.319s] [34mcolcon.colcon_core.package_identification[0m [1;30mLevel 1[0m _identify(src/micro-ROS-Agent/micro_ros_agent) by extensions ['colcon_pkg']
[16.320s] [34mcolcon.colcon_core.package_identification[0m [1;30mLevel 1[0m _identify(src/micro-ROS-Agent/micro_ros_agent) by extension 'colcon_pkg'
[16.320s] [34mcolcon.colcon_core.package_identification[0m [1;30mLevel 1[0m _identify(src/micro-ROS-Agent/micro_ros_agent) by extensions ['colcon_meta']
[16.320s] [34mcolcon.colcon_core.package_identification[0m [1;30mLevel 1[0m _identify(src/micro-ROS-Agent/micro_ros_agent) by extension 'colcon_meta'
[16.320s] [34mcolcon.colcon_core.package_identification[0m [1;30mLevel 1[0m _identify(src/micro-ROS-Agent/micro_ros_agent) by extensions ['ros']
[16.320s] [34mcolcon.colcon_core.package_identification[0m [1;30mLevel 1[0m _identify(src/micro-ROS-Agent/micro_ros_agent) by extension 'ros'
[16.325s] [34mcolcon.colcon_core.package_identification[0m [1;30mDEBUG[0m [32mPackage 'src/micro-ROS-Agent/micro_ros_agent' with type 'ros.ament_cmake' and name 'micro_ros_agent'[0m
[16.326s] [34mcolcon.colcon_core.package_identification[0m [1;30mLevel 1[0m _identify(src/micro-ROS-Agent/snap) by extensions ['ignore', 'ignore_ament_install']
[16.326s] [34mcolcon.colcon_core.package_identification[0m [1;30mLevel 1[0m _identify(src/micro-ROS-Agent/snap) by extension 'ignore'
[16.326s] [34mcolcon.colcon_core.package_identification[0m [1;30mLevel 1[0m _identify(src/micro-ROS-Agent/snap) by extension 'ignore_ament_install'
[16.326s] [34mcolcon.colcon_core.package_identification[0m [1;30mLevel 1[0m _identify(src/micro-ROS-Agent/snap) by extensions ['colcon_pkg']
[16.327s] [34mcolcon.colcon_core.package_identification[0m [1;30mLevel 1[0m _identify(src/micro-ROS-Agent/snap) by extension 'colcon_pkg'
[16.327s] [34mcolcon.colcon_core.package_identification[0m [1;30mLevel 1[0m _identify(src/micro-ROS-Agent/snap) by extensions ['colcon_meta']
[16.327s] [34mcolcon.colcon_core.package_identification[0m [1;30mLevel 1[0m _identify(src/micro-ROS-Agent/snap) by extension 'colcon_meta'
[16.327s] [34mcolcon.colcon_core.package_identification[0m [1;30mLevel 1[0m _identify(src/micro-ROS-Agent/snap) by extensions ['ros']
[16.327s] [34mcolcon.colcon_core.package_identification[0m [1;30mLevel 1[0m _identify(src/micro-ROS-Agent/snap) by extension 'ros'
[16.327s] [34mcolcon.colcon_core.package_identification[0m [1;30mLevel 1[0m _identify(src/micro-ROS-Agent/snap) by extensions ['cmake', 'python']
[16.327s] [34mcolcon.colcon_core.package_identification[0m [1;30mLevel 1[0m _identify(src/micro-ROS-Agent/snap) by extension 'cmake'
[16.327s] [34mcolcon.colcon_core.package_identification[0m [1;30mLevel 1[0m _identify(src/micro-ROS-Agent/snap) by extension 'python'
[16.327s] [34mcolcon.colcon_core.package_identification[0m [1;30mLevel 1[0m _identify(src/micro-ROS-Agent/snap) by extensions ['python_setup_py']
[16.328s] [34mcolcon.colcon_core.package_identification[0m [1;30mLevel 1[0m _identify(src/micro-ROS-Agent/snap) by extension 'python_setup_py'
[16.328s] [34mcolcon.colcon_core.package_identification[0m [1;30mLevel 1[0m _identify(src/micro-ROS-Agent/snap/hooks) by extensions ['ignore', 'ignore_ament_install']
[16.328s] [34mcolcon.colcon_core.package_identification[0m [1;30mLevel 1[0m _identify(src/micro-ROS-Agent/snap/hooks) by extension 'ignore'
[16.328s] [34mcolcon.colcon_core.package_identification[0m [1;30mLevel 1[0m _identify(src/micro-ROS-Agent/snap/hooks) by extension 'ignore_ament_install'
[16.328s] [34mcolcon.colcon_core.package_identification[0m [1;30mLevel 1[0m _identify(src/micro-ROS-Agent/snap/hooks) by extensions ['colcon_pkg']
[16.328s] [34mcolcon.colcon_core.package_identification[0m [1;30mLevel 1[0m _identify(src/micro-ROS-Agent/snap/hooks) by extension 'colcon_pkg'
[16.328s] [34mcolcon.colcon_core.package_identification[0m [1;30mLevel 1[0m _identify(src/micro-ROS-Agent/snap/hooks) by extensions ['colcon_meta']
[16.329s] [34mcolcon.colcon_core.package_identification[0m [1;30mLevel 1[0m _identify(src/micro-ROS-Agent/snap/hooks) by extension 'colcon_meta'
[16.329s] [34mcolcon.colcon_core.package_identification[0m [1;30mLevel 1[0m _identify(src/micro-ROS-Agent/snap/hooks) by extensions ['ros']
[16.329s] [34mcolcon.colcon_core.package_identification[0m [1;30mLevel 1[0m _identify(src/micro-ROS-Agent/snap/hooks) by extension 'ros'
[16.329s] [34mcolcon.colcon_core.package_identification[0m [1;30mLevel 1[0m _identify(src/micro-ROS-Agent/snap/hooks) by extensions ['cmake', 'python']
[16.329s] [34mcolcon.colcon_core.package_identification[0m [1;30mLevel 1[0m _identify(src/micro-ROS-Agent/snap/hooks) by extension 'cmake'
[16.329s] [34mcolcon.colcon_core.package_identification[0m [1;30mLevel 1[0m _identify(src/micro-ROS-Agent/snap/hooks) by extension 'python'
[16.329s] [34mcolcon.colcon_core.package_identification[0m [1;30mLevel 1[0m _identify(src/micro-ROS-Agent/snap/hooks) by extensions ['python_setup_py']
[16.329s] [34mcolcon.colcon_core.package_identification[0m [1;30mLevel 1[0m _identify(src/micro-ROS-Agent/snap/hooks) by extension 'python_setup_py'
[16.330s] [34mcolcon.colcon_core.package_identification[0m [1;30mLevel 1[0m _identify(src/micro-ROS-Agent/snap/local) by extensions ['ignore', 'ignore_ament_install']
[16.330s] [34mcolcon.colcon_core.package_identification[0m [1;30mLevel 1[0m _identify(src/micro-ROS-Agent/snap/local) by extension 'ignore'
[16.330s] [34mcolcon.colcon_core.package_identification[0m [1;30mLevel 1[0m _identify(src/micro-ROS-Agent/snap/local) by extension 'ignore_ament_install'
[16.330s] [34mcolcon.colcon_core.package_identification[0m [1;30mLevel 1[0m _identify(src/micro-ROS-Agent/snap/local) by extensions ['colcon_pkg']
[16.330s] [34mcolcon.colcon_core.package_identification[0m [1;30mLevel 1[0m _identify(src/micro-ROS-Agent/snap/local) by extension 'colcon_pkg'
[16.330s] [34mcolcon.colcon_core.package_identification[0m [1;30mLevel 1[0m _identify(src/micro-ROS-Agent/snap/local) by extensions ['colcon_meta']
[16.330s] [34mcolcon.colcon_core.package_identification[0m [1;30mLevel 1[0m _identify(src/micro-ROS-Agent/snap/local) by extension 'colcon_meta'
[16.330s] [34mcolcon.colcon_core.package_identification[0m [1;30mLevel 1[0m _identify(src/micro-ROS-Agent/snap/local) by extensions ['ros']
[16.330s] [34mcolcon.colcon_core.package_identification[0m [1;30mLevel 1[0m _identify(src/micro-ROS-Agent/snap/local) by extension 'ros'
[16.331s] [34mcolcon.colcon_core.package_identification[0m [1;30mLevel 1[0m _identify(src/micro-ROS-Agent/snap/local) by extensions ['cmake', 'python']
[16.331s] [34mcolcon.colcon_core.package_identification[0m [1;30mLevel 1[0m _identify(src/micro-ROS-Agent/snap/local) by extension 'cmake'
[16.331s] [34mcolcon.colcon_core.package_identification[0m [1;30mLevel 1[0m _identify(src/micro-ROS-Agent/snap/local) by extension 'python'
[16.331s] [34mcolcon.colcon_core.package_identification[0m [1;30mLevel 1[0m _identify(src/micro-ROS-Agent/snap/local) by extensions ['python_setup_py']
[16.331s] [34mcolcon.colcon_core.package_identification[0m [1;30mLevel 1[0m _identify(src/micro-ROS-Agent/snap/local) by extension 'python_setup_py'
[16.331s] [34mcolcon.colcon_core.package_identification[0m [1;30mLevel 1[0m _identify(src/my_package) by extensions ['ignore', 'ignore_ament_install']
[16.331s] [34mcolcon.colcon_core.package_identification[0m [1;30mLevel 1[0m _identify(src/my_package) by extension 'ignore'
[16.332s] [34mcolcon.colcon_core.package_identification[0m [1;30mLevel 1[0m _identify(src/my_package) by extension 'ignore_ament_install'
[16.332s] [34mcolcon.colcon_core.package_identification[0m [1;30mLevel 1[0m _identify(src/my_package) by extensions ['colcon_pkg']
[16.332s] [34mcolcon.colcon_core.package_identification[0m [1;30mLevel 1[0m _identify(src/my_package) by extension 'colcon_pkg'
[16.332s] [34mcolcon.colcon_core.package_identification[0m [1;30mLevel 1[0m _identify(src/my_package) by extensions ['colcon_meta']
[16.332s] [34mcolcon.colcon_core.package_identification[0m [1;30mLevel 1[0m _identify(src/my_package) by extension 'colcon_meta'
[16.332s] [34mcolcon.colcon_core.package_identification[0m [1;30mLevel 1[0m _identify(src/my_package) by extensions ['ros']
[16.332s] [34mcolcon.colcon_core.package_identification[0m [1;30mLevel 1[0m _identify(src/my_package) by extension 'ros'
[16.333s] [34mcolcon.colcon_core.package_identification[0m [1;30mDEBUG[0m [32mPackage 'src/my_package' with type 'ros.ament_python' and name 'my_package'[0m
[16.334s] [34mcolcon.colcon_core.package_identification[0m [1;30mLevel 1[0m _identify(src/object_detection) by extensions ['ignore', 'ignore_ament_install']
[16.334s] [34mcolcon.colcon_core.package_identification[0m [1;30mLevel 1[0m _identify(src/object_detection) by extension 'ignore'
[16.334s] [34mcolcon.colcon_core.package_identification[0m [1;30mLevel 1[0m _identify(src/object_detection) by extension 'ignore_ament_install'
[16.334s] [34mcolcon.colcon_core.package_identification[0m [1;30mLevel 1[0m _identify(src/object_detection) by extensions ['colcon_pkg']
[16.334s] [34mcolcon.colcon_core.package_identification[0m [1;30mLevel 1[0m _identify(src/object_detection) by extension 'colcon_pkg'
[16.334s] [34mcolcon.colcon_core.package_identification[0m [1;30mLevel 1[0m _identify(src/object_detection) by extensions ['colcon_meta']
[16.334s] [34mcolcon.colcon_core.package_identification[0m [1;30mLevel 1[0m _identify(src/object_detection) by extension 'colcon_meta'
[16.335s] [34mcolcon.colcon_core.package_identification[0m [1;30mLevel 1[0m _identify(src/object_detection) by extensions ['ros']
[16.335s] [34mcolcon.colcon_core.package_identification[0m [1;30mLevel 1[0m _identify(src/object_detection) by extension 'ros'
[16.335s] [34mcolcon.colcon_core.package_identification[0m [1;30mDEBUG[0m [32mPackage 'src/object_detection' with type 'ros.ament_python' and name 'object_detection'[0m
[16.336s] [34mcolcon.colcon_core.package_discovery[0m [1;30mLevel 1[0m discover_packages(recursive) using defaults
[16.336s] [34mcolcon.colcon_core.package_discovery[0m [1;30mLevel 1[0m discover_packages(ignore) discover
[16.336s] [34mcolcon.colcon_core.package_discovery[0m [1;30mLevel 1[0m discover_packages(ignore) using defaults
[16.336s] [34mcolcon.colcon_core.package_discovery[0m [1;30mLevel 1[0m discover_packages(path) discover
[16.336s] [34mcolcon.colcon_core.package_discovery[0m [1;30mLevel 1[0m discover_packages(path) using defaults
[17.473s] [34mcolcon.colcon_core.verb[0m [1;30mLevel 5[0m set package 'micro_ros_agent' build argument 'cmake_args' from command line to 'None'
[17.474s] [34mcolcon.colcon_core.verb[0m [1;30mLevel 5[0m set package 'micro_ros_agent' build argument 'cmake_target' from command line to 'None'
[17.474s] [34mcolcon.colcon_core.verb[0m [1;30mLevel 5[0m set package 'micro_ros_agent' build argument 'cmake_target_skip_unavailable' from command line to 'False'
[17.474s] [34mcolcon.colcon_core.verb[0m [1;30mLevel 5[0m set package 'micro_ros_agent' build argument 'cmake_clean_cache' from command line to 'False'
[17.474s] [34mcolcon.colcon_core.verb[0m [1;30mLevel 5[0m set package 'micro_ros_agent' build argument 'cmake_clean_first' from command line to 'False'
[17.474s] [34mcolcon.colcon_core.verb[0m [1;30mLevel 5[0m set package 'micro_ros_agent' build argument 'cmake_force_configure' from command line to 'False'
[17.474s] [34mcolcon.colcon_core.verb[0m [1;30mLevel 5[0m set package 'micro_ros_agent' build argument 'ament_cmake_args' from command line to 'None'
[17.474s] [34mcolcon.colcon_core.verb[0m [1;30mLevel 5[0m set package 'micro_ros_agent' build argument 'catkin_cmake_args' from command line to 'None'
[17.474s] [34mcolcon.colcon_core.verb[0m [1;30mLevel 5[0m set package 'micro_ros_agent' build argument 'catkin_skip_building_tests' from command line to 'False'
[17.474s] [34mcolcon.colcon_core.verb[0m [1;30mDEBUG[0m [32mBuilding package 'micro_ros_agent' with the following arguments: {'ament_cmake_args': None, 'build_base': '/home/cadt-02/Object-Detection/ros2_ws/build/micro_ros_agent', 'catkin_cmake_args': None, 'catkin_skip_building_tests': False, 'cmake_args': None, 'cmake_clean_cache': False, 'cmake_clean_first': False, 'cmake_force_configure': False, 'cmake_target': None, 'cmake_target_skip_unavailable': False, 'install_base': '/home/cadt-02/Object-Detection/ros2_ws/install/micro_ros_agent', 'merge_install': False, 'path': '/home/cadt-02/Object-Detection/ros2_ws/src/micro-ROS-Agent/micro_ros_agent', 'symlink_install': False, 'test_result_base': None}[0m
[17.749s] [34mcolcon.colcon_core.verb[0m [1;30mLevel 5[0m set package 'my_package' build argument 'cmake_args' from command line to 'None'
[17.749s] [34mcolcon.colcon_core.verb[0m [1;30mLevel 5[0m set package 'my_package' build argument 'cmake_target' from command line to 'None'
[17.749s] [34mcolcon.colcon_core.verb[0m [1;30mLevel 5[0m set package 'my_package' build argument 'cmake_target_skip_unavailable' from command line to 'False'
[17.749s] [34mcolcon.colcon_core.verb[0m [1;30mLevel 5[0m set package 'my_package' build argument 'cmake_clean_cache' from command line to 'False'
[17.749s] [34mcolcon.colcon_core.verb[0m [1;30mLevel 5[0m set package 'my_package' build argument 'cmake_clean_first' from command line to 'False'
[17.749s] [34mcolcon.colcon_core.verb[0m [1;30mLevel 5[0m set package 'my_package' build argument 'cmake_force_configure' from command line to 'False'
[17.750s] [34mcolcon.colcon_core.verb[0m [1;30mLevel 5[0m set package 'my_package' build argument 'ament_cmake_args' from command line to 'None'
[17.750s] [34mcolcon.colcon_core.verb[0m [1;30mLevel 5[0m set package 'my_package' build argument 'catkin_cmake_args' from command line to 'None'
[17.750s] [34mcolcon.colcon_core.verb[0m [1;30mLevel 5[0m set package 'my_package' build argument 'catkin_skip_building_tests' from command line to 'False'
[17.750s] [34mcolcon.colcon_core.verb[0m [1;30mDEBUG[0m [32mBuilding package 'my_package' with the following arguments: {'ament_cmake_args': None, 'build_base': '/home/cadt-02/Object-Detection/ros2_ws/build/my_package', 'catkin_cmake_args': None, 'catkin_skip_building_tests': False, 'cmake_args': None, 'cmake_clean_cache': False, 'cmake_clean_first': False, 'cmake_force_configure': False, 'cmake_target': None, 'cmake_target_skip_unavailable': False, 'install_base': '/home/cadt-02/Object-Detection/ros2_ws/install/my_package', 'merge_install': False, 'path': '/home/cadt-02/Object-Detection/ros2_ws/src/my_package', 'symlink_install': False, 'test_result_base': None}[0m
[18.024s] [34mcolcon.colcon_core.verb[0m [1;30mLevel 5[0m set package 'object_detection' build argument 'cmake_args' from command line to 'None'
[18.024s] [34mcolcon.colcon_core.verb[0m [1;30mLevel 5[0m set package 'object_detection' build argument 'cmake_target' from command line to 'None'
[18.024s] [34mcolcon.colcon_core.verb[0m [1;30mLevel 5[0m set package 'object_detection' build argument 'cmake_target_skip_unavailable' from command line to 'False'
[18.024s] [34mcolcon.colcon_core.verb[0m [1;30mLevel 5[0m set package 'object_detection' build argument 'cmake_clean_cache' from command line to 'False'
[18.024s] [34mcolcon.colcon_core.verb[0m [1;30mLevel 5[0m set package 'object_detection' build argument 'cmake_clean_first' from command line to 'False'
[18.024s] [34mcolcon.colcon_core.verb[0m [1;30mLevel 5[0m set package 'object_detection' build argument 'cmake_force_configure' from command line to 'False'
[18.024s] [34mcolcon.colcon_core.verb[0m [1;30mLevel 5[0m set package 'object_detection' build argument 'ament_cmake_args' from command line to 'None'
[18.024s] [34mcolcon.colcon_core.verb[0m [1;30mLevel 5[0m set package 'object_detection' build argument 'catkin_cmake_args' from command line to 'None'
[18.024s] [34mcolcon.colcon_core.verb[0m [1;30mLevel 5[0m set package 'object_detection' build argument 'catkin_skip_building_tests' from command line to 'False'
[18.025s] [34mcolcon.colcon_core.verb[0m [1;30mDEBUG[0m [32mBuilding package 'object_detection' with the following arguments: {'ament_cmake_args': None, 'build_base': '/home/cadt-02/Object-Detection/ros2_ws/build/object_detection', 'catkin_cmake_args': None, 'catkin_skip_building_tests': False, 'cmake_args': None, 'cmake_clean_cache': False, 'cmake_clean_first': False, 'cmake_force_configure': False, 'cmake_target': None, 'cmake_target_skip_unavailable': False, 'install_base': '/home/cadt-02/Object-Detection/ros2_ws/install/object_detection', 'merge_install': False, 'path': '/home/cadt-02/Object-Detection/ros2_ws/src/object_detection', 'symlink_install': False, 'test_result_base': None}[0m
[18.298s] [34mcolcon.colcon_core.executor[0m [1;30mINFO[0m Executing jobs using 'parallel' executor
[18.572s] [34mcolcon.colcon_parallel_executor.executor.parallel[0m [1;30mDEBUG[0m [32mrun_until_complete[0m
[18.573s] [34mcolcon.colcon_ros.task.ament_cmake.build[0m [1;30mINFO[0m Building ROS package in '/home/cadt-02/Object-Detection/ros2_ws/src/micro-ROS-Agent/micro_ros_agent' with build type 'ament_cmake'
[18.573s] [34mcolcon.colcon_cmake.task.cmake.build[0m [1;30mINFO[0m Building CMake package in '/home/cadt-02/Object-Detection/ros2_ws/src/micro-ROS-Agent/micro_ros_agent'
[18.859s] [34mcolcon.colcon_core.plugin_system[0m [1;30mINFO[0m Skipping extension 'colcon_core.shell.bat': Not used on non-Windows systems
[18.860s] [34mcolcon.colcon_core.shell[0m [1;30mINFO[0m Skip shell extension 'powershell' for command environment: Not usable outside of PowerShell
[18.860s] [34mcolcon.colcon_core.shell[0m [1;30mDEBUG[0m [32mSkip shell extension 'dsv' for command environment[0m
[19.435s] [34mcolcon.colcon_ros.task.ament_python.build[0m [1;30mINFO[0m Building ROS package in '/home/cadt-02/Object-Detection/ros2_ws/src/my_package' with build type 'ament_python'
[19.436s] [34mcolcon.colcon_core.shell[0m [1;30mLevel 1[0m create_environment_hook('my_package', 'ament_prefix_path')
[19.717s] [34mcolcon.colcon_core.shell[0m [1;30mINFO[0m Creating environment hook '/home/cadt-02/Object-Detection/ros2_ws/install/my_package/share/my_package/hook/ament_prefix_path.ps1'
[19.719s] [34mcolcon.colcon_core.shell[0m [1;30mINFO[0m Creating environment descriptor '/home/cadt-02/Object-Detection/ros2_ws/install/my_package/share/my_package/hook/ament_prefix_path.dsv'
[19.720s] [34mcolcon.colcon_core.shell[0m [1;30mINFO[0m Creating environment hook '/home/cadt-02/Object-Detection/ros2_ws/install/my_package/share/my_package/hook/ament_prefix_path.sh'
[20.000s] [34mcolcon.colcon_core.shell[0m [1;30mINFO[0m Skip shell extension 'powershell' for command environment: Not usable outside of PowerShell
[20.000s] [34mcolcon.colcon_core.shell[0m [1;30mDEBUG[0m [32mSkip shell extension 'dsv' for command environment[0m
[20.566s] [34mcolcon.colcon_ros.task.ament_python.build[0m [1;30mINFO[0m Building ROS package in '/home/cadt-02/Object-Detection/ros2_ws/src/object_detection' with build type 'ament_python'
[20.567s] [34mcolcon.colcon_core.shell[0m [1;30mLevel 1[0m create_environment_hook('object_detection', 'ament_prefix_path')
[20.848s] [34mcolcon.colcon_core.shell[0m [1;30mINFO[0m Creating environment hook '/home/cadt-02/Object-Detection/ros2_ws/install/object_detection/share/object_detection/hook/ament_prefix_path.ps1'
[20.851s] [34mcolcon.colcon_core.shell[0m [1;30mINFO[0m Creating environment descriptor '/home/cadt-02/Object-Detection/ros2_ws/install/object_detection/share/object_detection/hook/ament_prefix_path.dsv'
[20.851s] [34mcolcon.colcon_core.shell[0m [1;30mINFO[0m Creating environment hook '/home/cadt-02/Object-Detection/ros2_ws/install/object_detection/share/object_detection/hook/ament_prefix_path.sh'
[21.132s] [34mcolcon.colcon_core.shell[0m [1;30mINFO[0m Skip shell extension 'powershell' for command environment: Not usable outside of PowerShell
[21.132s] [34mcolcon.colcon_core.shell[0m [1;30mDEBUG[0m [32mSkip shell extension 'dsv' for command environment[0m
[21.710s] [34mcolcon.colcon_core.event_handler.log_command[0m [1;30mDEBUG[0m [32mInvoking command in '/home/cadt-02/Object-Detection/ros2_ws/build/micro_ros_agent': CMAKE_PREFIX_PATH=/opt/ros/foxy /home/cadt-02/.local/bin/cmake --build /home/cadt-02/Object-Detection/ros2_ws/build/micro_ros_agent -- -j6 -l6[0m
[22.213s] [34mcolcon.colcon_core.task.python.build[0m [1;30mINFO[0m Building Python package in '/home/cadt-02/Object-Detection/ros2_ws/src/my_package'
[22.497s] [34mcolcon.colcon_core.shell[0m [1;30mINFO[0m Skip shell extension 'powershell' for command environment: Not usable outside of PowerShell
[22.497s] [34mcolcon.colcon_core.shell[0m [1;30mDEBUG[0m [32mSkip shell extension 'dsv' for command environment[0m
[23.564s] [34mcolcon.colcon_core.task.python.build[0m [1;30mINFO[0m Building Python package in '/home/cadt-02/Object-Detection/ros2_ws/src/object_detection'
[23.845s] [34mcolcon.colcon_core.shell[0m [1;30mINFO[0m Skip shell extension 'powershell' for command environment: Not usable outside of PowerShell
[23.845s] [34mcolcon.colcon_core.shell[0m [1;30mDEBUG[0m [32mSkip shell extension 'dsv' for command environment[0m
[24.414s] [34mcolcon.colcon_core.event_handler.log_command[0m [1;30mDEBUG[0m [32mInvoked command in '/home/cadt-02/Object-Detection/ros2_ws/build/micro_ros_agent' returned '2': CMAKE_PREFIX_PATH=/opt/ros/foxy /home/cadt-02/.local/bin/cmake --build /home/cadt-02/Object-Detection/ros2_ws/build/micro_ros_agent -- -j6 -l6[0m
[24.497s] [34mcolcon.colcon_core.environment[0m [1;30mLevel 1[0m create_environment_scripts_only(micro_ros_agent)
[24.796s] [34mcolcon.colcon_core.environment[0m [1;30mLevel 1[0m checking '/home/cadt-02/Object-Detection/ros2_ws/install/micro_ros_agent' for CMake module files
[24.797s] [34mcolcon.colcon_core.environment[0m [1;30mLevel 1[0m checking '/home/cadt-02/Object-Detection/ros2_ws/install/micro_ros_agent' for CMake config files
[24.798s] [34mcolcon.colcon_core.shell[0m [1;30mLevel 1[0m create_environment_hook('micro_ros_agent', 'cmake_prefix_path')
[25.083s] [34mcolcon.colcon_core.shell[0m [1;30mINFO[0m Creating environment hook '/home/cadt-02/Object-Detection/ros2_ws/install/micro_ros_agent/share/micro_ros_agent/hook/cmake_prefix_path.ps1'
[25.084s] [34mcolcon.colcon_core.shell[0m [1;30mINFO[0m Creating environment descriptor '/home/cadt-02/Object-Detection/ros2_ws/install/micro_ros_agent/share/micro_ros_agent/hook/cmake_prefix_path.dsv'
[25.085s] [34mcolcon.colcon_core.shell[0m [1;30mINFO[0m Creating environment hook '/home/cadt-02/Object-Detection/ros2_ws/install/micro_ros_agent/share/micro_ros_agent/hook/cmake_prefix_path.sh'
[25.087s] [34mcolcon.colcon_core.environment[0m [1;30mLevel 1[0m checking '/home/cadt-02/Object-Detection/ros2_ws/install/micro_ros_agent/lib'
[25.087s] [34mcolcon.colcon_core.shell[0m [1;30mLevel 1[0m create_environment_hook('micro_ros_agent', 'ld_library_path_lib')
[25.371s] [34mcolcon.colcon_core.shell[0m [1;30mINFO[0m Creating environment hook '/home/cadt-02/Object-Detection/ros2_ws/install/micro_ros_agent/share/micro_ros_agent/hook/ld_library_path_lib.ps1'
[25.372s] [34mcolcon.colcon_core.shell[0m [1;30mINFO[0m Creating environment descriptor '/home/cadt-02/Object-Detection/ros2_ws/install/micro_ros_agent/share/micro_ros_agent/hook/ld_library_path_lib.dsv'
[25.373s] [34mcolcon.colcon_core.shell[0m [1;30mINFO[0m Creating environment hook '/home/cadt-02/Object-Detection/ros2_ws/install/micro_ros_agent/share/micro_ros_agent/hook/ld_library_path_lib.sh'
[25.374s] [34mcolcon.colcon_core.environment[0m [1;30mLevel 1[0m checking '/home/cadt-02/Object-Detection/ros2_ws/install/micro_ros_agent/bin'
[25.374s] [34mcolcon.colcon_core.environment[0m [1;30mLevel 1[0m checking '/home/cadt-02/Object-Detection/ros2_ws/install/micro_ros_agent/lib/pkgconfig/micro_ros_agent.pc'
[25.374s] [34mcolcon.colcon_core.environment[0m [1;30mLevel 1[0m checking '/home/cadt-02/Object-Detection/ros2_ws/install/micro_ros_agent/lib/python3.8/site-packages'
[25.375s] [34mcolcon.colcon_core.environment[0m [1;30mLevel 1[0m checking '/home/cadt-02/Object-Detection/ros2_ws/install/micro_ros_agent/bin'
[25.658s] [34mcolcon.colcon_core.shell[0m [1;30mINFO[0m Creating package script '/home/cadt-02/Object-Detection/ros2_ws/install/micro_ros_agent/share/micro_ros_agent/package.ps1'
[25.660s] [34mcolcon.colcon_core.shell[0m [1;30mINFO[0m Creating package descriptor '/home/cadt-02/Object-Detection/ros2_ws/install/micro_ros_agent/share/micro_ros_agent/package.dsv'
[25.661s] [34mcolcon.colcon_core.shell[0m [1;30mINFO[0m Creating package script '/home/cadt-02/Object-Detection/ros2_ws/install/micro_ros_agent/share/micro_ros_agent/package.sh'
[25.663s] [34mcolcon.colcon_core.shell[0m [1;30mINFO[0m Creating package script '/home/cadt-02/Object-Detection/ros2_ws/install/micro_ros_agent/share/micro_ros_agent/package.bash'
[25.665s] [34mcolcon.colcon_core.shell[0m [1;30mINFO[0m Creating package script '/home/cadt-02/Object-Detection/ros2_ws/install/micro_ros_agent/share/micro_ros_agent/package.zsh'
[25.666s] [34mcolcon.colcon_core.environment[0m [1;30mLevel 1[0m create_file_with_runtime_dependencies(/home/cadt-02/Object-Detection/ros2_ws/install/micro_ros_agent/share/colcon-core/packages/micro_ros_agent)
[25.974s] [34mcolcon.colcon_parallel_executor.executor.parallel[0m [1;30mDEBUG[0m [32mclosing loop[0m
[25.975s] [34mcolcon.colcon_parallel_executor.executor.parallel[0m [1;30mDEBUG[0m [32mloop closed[0m
[25.976s] [34mcolcon.colcon_parallel_executor.executor.parallel[0m [1;30mDEBUG[0m [32mrun_until_complete finished with '2'[0m
[25.976s] [34mcolcon.colcon_core.event_reactor[0m [1;30mDEBUG[0m [32mjoining thread[0m
[26.284s] [34mcolcon.colcon_core.plugin_system[0m [1;30mINFO[0m Skipping extension 'colcon_notification.desktop_notification.terminal_notifier': Not used on non-Darwin systems
[26.284s] [34mcolcon.colcon_core.plugin_system[0m [1;30mINFO[0m Skipping extension 'colcon_notification.desktop_notification.win32': Not used on non-Windows systems
[26.284s] [34mcolcon.colcon_notification.desktop_notification[0m [1;30mINFO[0m Sending desktop notification using 'notify2'
[26.318s] [34mcolcon.colcon_core.event_reactor[0m [1;30mDEBUG[0m [32mjoined thread[0m
[26.617s] [34mcolcon.colcon_core.shell[0m [1;30mINFO[0m Creating prefix script '/home/cadt-02/Object-Detection/ros2_ws/install/local_setup.ps1'
[26.619s] [34mcolcon.colcon_core.shell[0m [1;30mINFO[0m Creating prefix util module '/home/cadt-02/Object-Detection/ros2_ws/install/_local_setup_util_ps1.py'
[26.621s] [34mcolcon.colcon_core.shell[0m [1;30mINFO[0m Creating prefix chain script '/home/cadt-02/Object-Detection/ros2_ws/install/setup.ps1'
[26.898s] [34mcolcon.colcon_core.shell[0m [1;30mINFO[0m Creating prefix script '/home/cadt-02/Object-Detection/ros2_ws/install/local_setup.sh'
[26.900s] [34mcolcon.colcon_core.shell[0m [1;30mINFO[0m Creating prefix util module '/home/cadt-02/Object-Detection/ros2_ws/install/_local_setup_util_sh.py'
[26.901s] [34mcolcon.colcon_core.shell[0m [1;30mINFO[0m Creating prefix chain script '/home/cadt-02/Object-Detection/ros2_ws/install/setup.sh'
[27.180s] [34mcolcon.colcon_core.shell[0m [1;30mINFO[0m Creating prefix script '/home/cadt-02/Object-Detection/ros2_ws/install/local_setup.bash'
[27.181s] [34mcolcon.colcon_core.shell[0m [1;30mINFO[0m Creating prefix chain script '/home/cadt-02/Object-Detection/ros2_ws/install/setup.bash'
[27.458s] [34mcolcon.colcon_core.shell[0m [1;30mINFO[0m Creating prefix script '/home/cadt-02/Object-Detection/ros2_ws/install/local_setup.zsh'
[27.459s] [34mcolcon.colcon_core.shell[0m [1;30mINFO[0m Creating prefix chain script '/home/cadt-02/Object-Detection/ros2_ws/install/setup.zsh'
