[7.438s] Invoking command in '/home/cadt-02/Object-Detection/ros2_ws/src/my_package': PYTHONPATH=/home/cadt-02/Object-Detection/ros2_ws/build/my_package/prefix_override:/home/cadt-02/Object-Detection/ros2_ws/install/my_package/lib/python3.8/site-packages:${PYTHONPATH} /usr/bin/python3 setup.py egg_info --egg-base ../../build/my_package build --build-base /home/cadt-02/Object-Detection/ros2_ws/build/my_package/build install --record /home/cadt-02/Object-Detection/ros2_ws/build/my_package/install.log --install-scripts $base/lib/my_package --single-version-externally-managed
[7.731s] /home/cadt-02/.local/lib/python3.8/site-packages/setuptools/dist.py:472: SetuptoolsDeprecationWarning: Invalid dash-separated options
[7.732s] !!
[7.732s] 
[7.732s]         ********************************************************************************
[7.733s]         Usage of dash-separated 'script-dir' will not be supported in future
[7.733s]         versions. Please use the underscore name 'script_dir' instead.
[7.733s] 
[7.733s]         By 2024-Sep-26, you need to update your project and remove deprecated calls
[7.734s]         or your builds will no longer be supported.
[7.734s] 
[7.734s]         See https://setuptools.pypa.io/en/latest/userguide/declarative_config.html for details.
[7.734s]         ********************************************************************************
[7.735s] 
[7.735s] !!
[7.735s]   opt = self.warn_dash_deprecation(opt, section)
[7.986s] running egg_info
[8.027s] writing ../../build/my_package/my_package.egg-info/PKG-INFO
[8.028s] writing dependency_links to ../../build/my_package/my_package.egg-info/dependency_links.txt
[8.028s] writing entry points to ../../build/my_package/my_package.egg-info/entry_points.txt
[8.029s] writing requirements to ../../build/my_package/my_package.egg-info/requires.txt
[8.030s] writing top-level names to ../../build/my_package/my_package.egg-info/top_level.txt
[8.339s] reading manifest file '../../build/my_package/my_package.egg-info/SOURCES.txt'
[8.341s] writing manifest file '../../build/my_package/my_package.egg-info/SOURCES.txt'
[8.342s] running build
[8.342s] running build_py
[8.344s] copying my_package/reinforcement_r2.py -> /home/cadt-02/Object-Detection/ros2_ws/build/my_package/build/lib/my_package
[8.344s] copying my_package/live_detection_node.py -> /home/cadt-02/Object-Detection/ros2_ws/build/my_package/build/lib/my_package
[8.344s] copying my_package/__init__.py -> /home/cadt-02/Object-Detection/ros2_ws/build/my_package/build/lib/my_package
[8.345s] copying my_package/main.py -> /home/cadt-02/Object-Detection/ros2_ws/build/my_package/build/lib/my_package
[8.348s] running install
[8.349s] /home/cadt-02/.local/lib/python3.8/site-packages/setuptools/_distutils/cmd.py:66: SetuptoolsDeprecationWarning: setup.py install is deprecated.
[8.349s] !!
[8.349s] 
[8.349s]         ********************************************************************************
[8.349s]         Please avoid running ``setup.py`` directly.
[8.350s]         Instead, use pypa/build, pypa/installer or other
[8.350s]         standards-based tools.
[8.350s] 
[8.350s]         See https://blog.ganssle.io/articles/2021/10/setup-py-deprecated.html for details.
[8.351s]         ********************************************************************************
[8.351s] 
[8.351s] !!
[8.351s]   self.initialize_options()
[8.355s] running install_lib
[8.396s] copying /home/cadt-02/Object-Detection/ros2_ws/build/my_package/build/lib/my_package/reinforcement_r2.py -> /home/cadt-02/Object-Detection/ros2_ws/install/my_package/lib/python3.8/site-packages/my_package
[8.398s] byte-compiling /home/cadt-02/Object-Detection/ros2_ws/install/my_package/lib/python3.8/site-packages/my_package/reinforcement_r2.py to reinforcement_r2.cpython-38.pyc
[8.401s] running install_data
[8.442s] copying resource/my_package -> /home/cadt-02/Object-Detection/ros2_ws/install/my_package/share/ament_index/resource_index/packages
[8.442s] copying package.xml -> /home/cadt-02/Object-Detection/ros2_ws/install/my_package/share/my_package
[8.443s] running install_egg_info
[8.485s] removing '/home/cadt-02/Object-Detection/ros2_ws/install/my_package/lib/python3.8/site-packages/my_package-0.0.0-py3.8.egg-info' (and everything under it)
[8.486s] Copying ../../build/my_package/my_package.egg-info to /home/cadt-02/Object-Detection/ros2_ws/install/my_package/lib/python3.8/site-packages/my_package-0.0.0-py3.8.egg-info
[8.488s] running install_scripts
[8.607s] Installing live_detection_node script to /home/cadt-02/Object-Detection/ros2_ws/install/my_package/lib/my_package
[8.607s] Installing main script to /home/cadt-02/Object-Detection/ros2_ws/install/my_package/lib/my_package
[8.607s] Installing my_node script to /home/cadt-02/Object-Detection/ros2_ws/install/my_package/lib/my_package
[8.608s] Installing reinforcement_r2 script to /home/cadt-02/Object-Detection/ros2_ws/install/my_package/lib/my_package
[8.609s] writing list of installed files to '/home/cadt-02/Object-Detection/ros2_ws/build/my_package/install.log'
[9.593s] Invoked command in '/home/cadt-02/Object-Detection/ros2_ws/src/my_package' returned '0': PYTHONPATH=/home/cadt-02/Object-Detection/ros2_ws/build/my_package/prefix_override:/home/cadt-02/Object-Detection/ros2_ws/install/my_package/lib/python3.8/site-packages:${PYTHONPATH} /usr/bin/python3 setup.py egg_info --egg-base ../../build/my_package build --build-base /home/cadt-02/Object-Detection/ros2_ws/build/my_package/build install --record /home/cadt-02/Object-Detection/ros2_ws/build/my_package/install.log --install-scripts $base/lib/my_package --single-version-externally-managed
