[7.496s] Invoking command in '/home/cadt-02/Object-Detection/ros2_ws/src/my_package': PYTHONPATH=/home/cadt-02/Object-Detection/ros2_ws/build/my_package/prefix_override:/home/cadt-02/Object-Detection/ros2_ws/install/my_package/lib/python3.8/site-packages:${PYTHONPATH} /usr/bin/python3 setup.py egg_info --egg-base ../../build/my_package build --build-base /home/cadt-02/Object-Detection/ros2_ws/build/my_package/build install --record /home/cadt-02/Object-Detection/ros2_ws/build/my_package/install.log --install-scripts $base/lib/my_package --single-version-externally-managed
[7.764s] /home/cadt-02/.local/lib/python3.8/site-packages/setuptools/dist.py:472: SetuptoolsDeprecationWarning: Invalid dash-separated options
[7.764s] !!
[7.764s] 
[7.764s]         ********************************************************************************
[7.764s]         Usage of dash-separated 'script-dir' will not be supported in future
[7.765s]         versions. Please use the underscore name 'script_dir' instead.
[7.765s] 
[7.765s]         By 2024-Sep-26, you need to update your project and remove deprecated calls
[7.765s]         or your builds will no longer be supported.
[7.765s] 
[7.765s]         See https://setuptools.pypa.io/en/latest/userguide/declarative_config.html for details.
[7.765s]         ********************************************************************************
[7.765s] 
[7.766s] !!
[7.766s]   opt = self.warn_dash_deprecation(opt, section)
[8.007s] running egg_info
[8.047s] writing ../../build/my_package/my_package.egg-info/PKG-INFO
[8.048s] writing dependency_links to ../../build/my_package/my_package.egg-info/dependency_links.txt
[8.049s] writing entry points to ../../build/my_package/my_package.egg-info/entry_points.txt
[8.049s] writing requirements to ../../build/my_package/my_package.egg-info/requires.txt
[8.049s] writing top-level names to ../../build/my_package/my_package.egg-info/top_level.txt
[8.350s] reading manifest file '../../build/my_package/my_package.egg-info/SOURCES.txt'
[8.351s] writing manifest file '../../build/my_package/my_package.egg-info/SOURCES.txt'
[8.352s] running build
[8.352s] running build_py
[8.353s] copying my_package/camera_frame_publisher.py -> /home/cadt-02/Object-Detection/ros2_ws/build/my_package/build/lib/my_package
[8.353s] copying my_package/utils.py -> /home/cadt-02/Object-Detection/ros2_ws/build/my_package/build/lib/my_package
[8.353s] copying my_package/live_detection_node.py -> /home/cadt-02/Object-Detection/ros2_ws/build/my_package/build/lib/my_package
[8.354s] copying my_package/__init__.py -> /home/cadt-02/Object-Detection/ros2_ws/build/my_package/build/lib/my_package
[8.354s] copying my_package/main.py -> /home/cadt-02/Object-Detection/ros2_ws/build/my_package/build/lib/my_package
[8.356s] copying my_package/my_node.py -> /home/cadt-02/Object-Detection/ros2_ws/build/my_package/build/lib/my_package
[8.356s] copying my_package/object_detection_subscriber.py -> /home/cadt-02/Object-Detection/ros2_ws/build/my_package/build/lib/my_package
[8.356s] running install
[8.356s] /home/cadt-02/.local/lib/python3.8/site-packages/setuptools/_distutils/cmd.py:66: SetuptoolsDeprecationWarning: setup.py install is deprecated.
[8.357s] !!
[8.357s] 
[8.357s]         ********************************************************************************
[8.357s]         Please avoid running ``setup.py`` directly.
[8.357s]         Instead, use pypa/build, pypa/installer or other
[8.357s]         standards-based tools.
[8.357s] 
[8.357s]         See https://blog.ganssle.io/articles/2021/10/setup-py-deprecated.html for details.
[8.358s]         ********************************************************************************
[8.358s] 
[8.358s] !!
[8.358s]   self.initialize_options()
[8.367s] running install_lib
[8.407s] copying /home/cadt-02/Object-Detection/ros2_ws/build/my_package/build/lib/my_package/live_detection_node.py -> /home/cadt-02/Object-Detection/ros2_ws/install/my_package/lib/python3.8/site-packages/my_package
[8.408s] byte-compiling /home/cadt-02/Object-Detection/ros2_ws/install/my_package/lib/python3.8/site-packages/my_package/live_detection_node.py to live_detection_node.cpython-38.pyc
[8.411s] running install_data
[8.452s] copying resource/my_package -> /home/cadt-02/Object-Detection/ros2_ws/install/my_package/share/ament_index/resource_index/packages
[8.452s] copying package.xml -> /home/cadt-02/Object-Detection/ros2_ws/install/my_package/share/my_package
[8.452s] running install_egg_info
[8.493s] removing '/home/cadt-02/Object-Detection/ros2_ws/install/my_package/lib/python3.8/site-packages/my_package-0.0.0-py3.8.egg-info' (and everything under it)
[8.494s] Copying ../../build/my_package/my_package.egg-info to /home/cadt-02/Object-Detection/ros2_ws/install/my_package/lib/python3.8/site-packages/my_package-0.0.0-py3.8.egg-info
[8.496s] running install_scripts
[8.611s] Installing camera_frame_publisher script to /home/cadt-02/Object-Detection/ros2_ws/install/my_package/lib/my_package
[8.611s] Installing live_detection_node script to /home/cadt-02/Object-Detection/ros2_ws/install/my_package/lib/my_package
[8.612s] Installing main script to /home/cadt-02/Object-Detection/ros2_ws/install/my_package/lib/my_package
[8.612s] Installing my_node script to /home/cadt-02/Object-Detection/ros2_ws/install/my_package/lib/my_package
[8.612s] Installing object_detection_subscriber script to /home/cadt-02/Object-Detection/ros2_ws/install/my_package/lib/my_package
[8.613s] Installing utils script to /home/cadt-02/Object-Detection/ros2_ws/install/my_package/lib/my_package
[8.614s] writing list of installed files to '/home/cadt-02/Object-Detection/ros2_ws/build/my_package/install.log'
[9.575s] Invoked command in '/home/cadt-02/Object-Detection/ros2_ws/src/my_package' returned '0': PYTHONPATH=/home/cadt-02/Object-Detection/ros2_ws/build/my_package/prefix_override:/home/cadt-02/Object-Detection/ros2_ws/install/my_package/lib/python3.8/site-packages:${PYTHONPATH} /usr/bin/python3 setup.py egg_info --egg-base ../../build/my_package build --build-base /home/cadt-02/Object-Detection/ros2_ws/build/my_package/build install --record /home/cadt-02/Object-Detection/ros2_ws/build/my_package/install.log --install-scripts $base/lib/my_package --single-version-externally-managed
