[1.627s] Invoking command in '/home/vandara/ros2_ws/src/my_package': PYTHONPATH=/home/vandara/ros2_ws/build/my_package/prefix_override:/home/vandara/ros2_ws/install/my_package/lib/python3.8/site-packages:${PYTHONPATH} /usr/bin/python3 setup.py egg_info --egg-base ../../build/my_package build --build-base /home/vandara/ros2_ws/build/my_package/build install --record /home/vandara/ros2_ws/build/my_package/install.log --install-scripts $base/lib/my_package --single-version-externally-managed
[1.872s] running egg_info
[1.873s] writing ../../build/my_package/my_package.egg-info/PKG-INFO
[1.873s] writing dependency_links to ../../build/my_package/my_package.egg-info/dependency_links.txt
[1.873s] writing entry points to ../../build/my_package/my_package.egg-info/entry_points.txt
[1.873s] writing requirements to ../../build/my_package/my_package.egg-info/requires.txt
[1.873s] writing top-level names to ../../build/my_package/my_package.egg-info/top_level.txt
[1.919s] reading manifest file '../../build/my_package/my_package.egg-info/SOURCES.txt'
[1.920s] writing manifest file '../../build/my_package/my_package.egg-info/SOURCES.txt'
[1.921s] running build
[1.923s] running build_py
[1.924s] copying my_package/object_detection_subscriber.py -> /home/vandara/ros2_ws/build/my_package/build/lib/my_package
[1.924s] running install
[1.924s] running install_lib
[1.925s] copying /home/vandara/ros2_ws/build/my_package/build/lib/my_package/object_detection_subscriber.py -> /home/vandara/ros2_ws/install/my_package/lib/python3.8/site-packages/my_package
[1.925s] byte-compiling /home/vandara/ros2_ws/install/my_package/lib/python3.8/site-packages/my_package/object_detection_subscriber.py to object_detection_subscriber.cpython-38.pyc
[1.926s] running install_data
[1.927s] running install_egg_info
[1.931s] removing '/home/vandara/ros2_ws/install/my_package/lib/python3.8/site-packages/my_package-0.0.0-py3.8.egg-info' (and everything under it)
[1.932s] Copying ../../build/my_package/my_package.egg-info to /home/vandara/ros2_ws/install/my_package/lib/python3.8/site-packages/my_package-0.0.0-py3.8.egg-info
[1.933s] running install_scripts
[1.950s] Installing camera_frame_publisher script to /home/vandara/ros2_ws/install/my_package/lib/my_package
[1.950s] Installing live_detection_node script to /home/vandara/ros2_ws/install/my_package/lib/my_package
[1.951s] Installing main script to /home/vandara/ros2_ws/install/my_package/lib/my_package
[1.952s] Installing my_node script to /home/vandara/ros2_ws/install/my_package/lib/my_package
[1.952s] Installing object_detection_subscriber script to /home/vandara/ros2_ws/install/my_package/lib/my_package
[1.953s] Installing utils script to /home/vandara/ros2_ws/install/my_package/lib/my_package
[1.954s] writing list of installed files to '/home/vandara/ros2_ws/build/my_package/install.log'
[2.063s] Invoked command in '/home/vandara/ros2_ws/src/my_package' returned '0': PYTHONPATH=/home/vandara/ros2_ws/build/my_package/prefix_override:/home/vandara/ros2_ws/install/my_package/lib/python3.8/site-packages:${PYTHONPATH} /usr/bin/python3 setup.py egg_info --egg-base ../../build/my_package build --build-base /home/vandara/ros2_ws/build/my_package/build install --record /home/vandara/ros2_ws/build/my_package/install.log --install-scripts $base/lib/my_package --single-version-externally-managed
