[1.401s] Invoking command in '/home/vandara/ros2_ws/src/my_package': PYTHONPATH=/home/vandara/ros2_ws/build/my_package/prefix_override:/home/vandara/ros2_ws/install/my_package/lib/python3.8/site-packages:${PYTHONPATH} /usr/bin/python3 setup.py egg_info --egg-base ../../build/my_package build --build-base /home/vandara/ros2_ws/build/my_package/build install --record /home/vandara/ros2_ws/build/my_package/install.log --install-scripts $base/lib/my_package --single-version-externally-managed
[1.598s] running egg_info
[1.598s] creating ../../build/my_package/my_package.egg-info
[1.598s] writing ../../build/my_package/my_package.egg-info/PKG-INFO
[1.598s] writing dependency_links to ../../build/my_package/my_package.egg-info/dependency_links.txt
[1.598s] writing entry points to ../../build/my_package/my_package.egg-info/entry_points.txt
[1.599s] writing requirements to ../../build/my_package/my_package.egg-info/requires.txt
[1.599s] writing top-level names to ../../build/my_package/my_package.egg-info/top_level.txt
[1.600s] writing manifest file '../../build/my_package/my_package.egg-info/SOURCES.txt'
[1.627s] reading manifest file '../../build/my_package/my_package.egg-info/SOURCES.txt'
[1.628s] writing manifest file '../../build/my_package/my_package.egg-info/SOURCES.txt'
[1.628s] running build
[1.628s] running build_py
[1.628s] creating /home/vandara/ros2_ws/build/my_package/build
[1.628s] creating /home/vandara/ros2_ws/build/my_package/build/lib
[1.628s] creating /home/vandara/ros2_ws/build/my_package/build/lib/my_package
[1.628s] copying my_package/my_node.py -> /home/vandara/ros2_ws/build/my_package/build/lib/my_package
[1.628s] copying my_package/__init__.py -> /home/vandara/ros2_ws/build/my_package/build/lib/my_package
[1.628s] running install
[1.629s] running install_lib
[1.630s] creating /home/vandara/ros2_ws/install/my_package/lib/python3.8/site-packages/my_package
[1.630s] copying /home/vandara/ros2_ws/build/my_package/build/lib/my_package/my_node.py -> /home/vandara/ros2_ws/install/my_package/lib/python3.8/site-packages/my_package
[1.630s] copying /home/vandara/ros2_ws/build/my_package/build/lib/my_package/__init__.py -> /home/vandara/ros2_ws/install/my_package/lib/python3.8/site-packages/my_package
[1.631s] byte-compiling /home/vandara/ros2_ws/install/my_package/lib/python3.8/site-packages/my_package/my_node.py to my_node.cpython-38.pyc
[1.632s] byte-compiling /home/vandara/ros2_ws/install/my_package/lib/python3.8/site-packages/my_package/__init__.py to __init__.cpython-38.pyc
[1.632s] running install_data
[1.633s] creating /home/vandara/ros2_ws/install/my_package/share/ament_index
[1.633s] creating /home/vandara/ros2_ws/install/my_package/share/ament_index/resource_index
[1.633s] creating /home/vandara/ros2_ws/install/my_package/share/ament_index/resource_index/packages
[1.633s] copying resource/my_package -> /home/vandara/ros2_ws/install/my_package/share/ament_index/resource_index/packages
[1.633s] copying package.xml -> /home/vandara/ros2_ws/install/my_package/share/my_package
[1.633s] running install_egg_info
[1.635s] Copying ../../build/my_package/my_package.egg-info to /home/vandara/ros2_ws/install/my_package/lib/python3.8/site-packages/my_package-0.0.0-py3.8.egg-info
[1.636s] running install_scripts
[1.650s] Installing my_node script to /home/vandara/ros2_ws/install/my_package/lib/my_package
[1.650s] writing list of installed files to '/home/vandara/ros2_ws/build/my_package/install.log'
[1.672s] Invoked command in '/home/vandara/ros2_ws/src/my_package' returned '0': PYTHONPATH=/home/vandara/ros2_ws/build/my_package/prefix_override:/home/vandara/ros2_ws/install/my_package/lib/python3.8/site-packages:${PYTHONPATH} /usr/bin/python3 setup.py egg_info --egg-base ../../build/my_package build --build-base /home/vandara/ros2_ws/build/my_package/build install --record /home/vandara/ros2_ws/build/my_package/install.log --install-scripts $base/lib/my_package --single-version-externally-managed
