[6.124s] Invoking command in '/home/cadt-02/Object-Detection/ros2_ws/src/object_detection': PYTHONPATH=/home/cadt-02/Object-Detection/ros2_ws/build/object_detection/prefix_override:/home/cadt-02/Object-Detection/ros2_ws/install/object_detection/lib/python3.8/site-packages:${PYTHONPATH} /usr/bin/python3 setup.py egg_info --egg-base ../../build/object_detection build --build-base /home/cadt-02/Object-Detection/ros2_ws/build/object_detection/build install --record /home/cadt-02/Object-Detection/ros2_ws/build/object_detection/install.log --install-scripts $base/lib/object_detection --single-version-externally-managed
[6.400s] /home/cadt-02/.local/lib/python3.8/site-packages/setuptools/dist.py:472: SetuptoolsDeprecationWarning: Invalid dash-separated options
[6.400s] !!
[6.400s] 
[6.400s]         ********************************************************************************
[6.400s]         Usage of dash-separated 'script-dir' will not be supported in future
[6.401s]         versions. Please use the underscore name 'script_dir' instead.
[6.401s] 
[6.401s]         By 2024-Sep-26, you need to update your project and remove deprecated calls
[6.401s]         or your builds will no longer be supported.
[6.401s] 
[6.401s]         See https://setuptools.pypa.io/en/latest/userguide/declarative_config.html for details.
[6.401s]         ********************************************************************************
[6.401s] 
[6.402s] !!
[6.402s]   opt = self.warn_dash_deprecation(opt, section)
[6.647s] running egg_info
[6.687s] writing ../../build/object_detection/object_detection.egg-info/PKG-INFO
[6.688s] writing dependency_links to ../../build/object_detection/object_detection.egg-info/dependency_links.txt
[6.689s] writing requirements to ../../build/object_detection/object_detection.egg-info/requires.txt
[6.689s] writing top-level names to ../../build/object_detection/object_detection.egg-info/top_level.txt
[6.995s] reading manifest file '../../build/object_detection/object_detection.egg-info/SOURCES.txt'
[6.997s] writing manifest file '../../build/object_detection/object_detection.egg-info/SOURCES.txt'
[6.997s] running build
[6.998s] running build_py
[7.000s] copying object_detection/__init__.py -> /home/cadt-02/Object-Detection/ros2_ws/build/object_detection/build/lib/object_detection
[7.000s] running install
[7.001s] /home/cadt-02/.local/lib/python3.8/site-packages/setuptools/_distutils/cmd.py:66: SetuptoolsDeprecationWarning: setup.py install is deprecated.
[7.001s] !!
[7.001s] 
[7.001s]         ********************************************************************************
[7.001s]         Please avoid running ``setup.py`` directly.
[7.002s]         Instead, use pypa/build, pypa/installer or other
[7.002s]         standards-based tools.
[7.002s] 
[7.002s]         See https://blog.ganssle.io/articles/2021/10/setup-py-deprecated.html for details.
[7.002s]         ********************************************************************************
[7.002s] 
[7.003s] !!
[7.003s]   self.initialize_options()
[7.012s] running install_lib
[7.053s] running install_data
[7.093s] copying resource/object_detection -> /home/cadt-02/Object-Detection/ros2_ws/install/object_detection/share/ament_index/resource_index/packages
[7.094s] copying package.xml -> /home/cadt-02/Object-Detection/ros2_ws/install/object_detection/share/object_detection
[7.094s] running install_egg_info
[7.136s] removing '/home/cadt-02/Object-Detection/ros2_ws/install/object_detection/lib/python3.8/site-packages/object_detection-0.0.0-py3.8.egg-info' (and everything under it)
[7.137s] Copying ../../build/object_detection/object_detection.egg-info to /home/cadt-02/Object-Detection/ros2_ws/install/object_detection/lib/python3.8/site-packages/object_detection-0.0.0-py3.8.egg-info
[7.138s] running install_scripts
[7.256s] writing list of installed files to '/home/cadt-02/Object-Detection/ros2_ws/build/object_detection/install.log'
[7.342s] Invoked command in '/home/cadt-02/Object-Detection/ros2_ws/src/object_detection' returned '0': PYTHONPATH=/home/cadt-02/Object-Detection/ros2_ws/build/object_detection/prefix_override:/home/cadt-02/Object-Detection/ros2_ws/install/object_detection/lib/python3.8/site-packages:${PYTHONPATH} /usr/bin/python3 setup.py egg_info --egg-base ../../build/object_detection build --build-base /home/cadt-02/Object-Detection/ros2_ws/build/object_detection/build install --record /home/cadt-02/Object-Detection/ros2_ws/build/object_detection/install.log --install-scripts $base/lib/object_detection --single-version-externally-managed
