[7.021s] Invoking command in '/home/cadt-02/Object-Detection/ros2_ws/src/my_package': PYTHONPATH=/home/cadt-02/Object-Detection/ros2_ws/build/my_package/prefix_override:/home/cadt-02/Object-Detection/ros2_ws/install/my_package/lib/python3.8/site-packages:${PYTHONPATH} /usr/bin/python3 setup.py egg_info --egg-base ../../build/my_package build --build-base /home/cadt-02/Object-Detection/ros2_ws/build/my_package/build install --record /home/cadt-02/Object-Detection/ros2_ws/build/my_package/install.log --install-scripts $base/lib/my_package --single-version-externally-managed
[7.299s] /home/cadt-02/.local/lib/python3.8/site-packages/setuptools/dist.py:472: SetuptoolsDeprecationWarning: Invalid dash-separated options
[7.299s] !!
[7.299s] 
[7.299s]         ********************************************************************************
[7.299s]         Usage of dash-separated 'script-dir' will not be supported in future
[7.300s]         versions. Please use the underscore name 'script_dir' instead.
[7.300s] 
[7.300s]         By 2024-Sep-26, you need to update your project and remove deprecated calls
[7.300s]         or your builds will no longer be supported.
[7.300s] 
[7.300s]         See https://setuptools.pypa.io/en/latest/userguide/declarative_config.html for details.
[7.300s]         ********************************************************************************
[7.300s] 
[7.301s] !!
[7.301s]   opt = self.warn_dash_deprecation(opt, section)
[7.526s] running egg_info
[7.562s] writing ../../build/my_package/my_package.egg-info/PKG-INFO
[7.563s] writing dependency_links to ../../build/my_package/my_package.egg-info/dependency_links.txt
[7.563s] writing entry points to ../../build/my_package/my_package.egg-info/entry_points.txt
[7.564s] writing requirements to ../../build/my_package/my_package.egg-info/requires.txt
[7.564s] writing top-level names to ../../build/my_package/my_package.egg-info/top_level.txt
[7.848s] reading manifest file '../../build/my_package/my_package.egg-info/SOURCES.txt'
[7.850s] writing manifest file '../../build/my_package/my_package.egg-info/SOURCES.txt'
[7.851s] running build
[7.851s] running build_py
[7.852s] copying my_package/camera_frame_publisher.py -> /home/cadt-02/Object-Detection/ros2_ws/build/my_package/build/lib/my_package
[7.852s] copying my_package/utils.py -> /home/cadt-02/Object-Detection/ros2_ws/build/my_package/build/lib/my_package
[7.852s] copying my_package/live_detection_node.py -> /home/cadt-02/Object-Detection/ros2_ws/build/my_package/build/lib/my_package
[7.853s] copying my_package/__init__.py -> /home/cadt-02/Object-Detection/ros2_ws/build/my_package/build/lib/my_package
[7.853s] copying my_package/main.py -> /home/cadt-02/Object-Detection/ros2_ws/build/my_package/build/lib/my_package
[7.854s] copying my_package/my_node.py -> /home/cadt-02/Object-Detection/ros2_ws/build/my_package/build/lib/my_package
[7.854s] copying my_package/object_detection_subscriber.py -> /home/cadt-02/Object-Detection/ros2_ws/build/my_package/build/lib/my_package
[7.855s] running install
[7.856s] /home/cadt-02/.local/lib/python3.8/site-packages/setuptools/_distutils/cmd.py:66: SetuptoolsDeprecationWarning: setup.py install is deprecated.
[7.856s] !!
[7.856s] 
[7.856s]         ********************************************************************************
[7.857s]         Please avoid running ``setup.py`` directly.
[7.857s]         Instead, use pypa/build, pypa/installer or other
[7.857s]         standards-based tools.
[7.857s] 
[7.857s]         See https://blog.ganssle.io/articles/2021/10/setup-py-deprecated.html for details.
[7.857s]         ********************************************************************************
[7.857s] 
[7.857s] !!
[7.858s]   self.initialize_options()
[7.869s] running install_lib
[7.911s] copying /home/cadt-02/Object-Detection/ros2_ws/build/my_package/build/lib/my_package/live_detection_node.py -> /home/cadt-02/Object-Detection/ros2_ws/install/my_package/lib/python3.8/site-packages/my_package
[7.913s] byte-compiling /home/cadt-02/Object-Detection/ros2_ws/install/my_package/lib/python3.8/site-packages/my_package/camera_frame_publisher.py to camera_frame_publisher.cpython-38.pyc
[7.915s] byte-compiling /home/cadt-02/Object-Detection/ros2_ws/install/my_package/lib/python3.8/site-packages/my_package/live_detection_node.py to live_detection_node.cpython-38.pyc
[7.917s] byte-compiling /home/cadt-02/Object-Detection/ros2_ws/install/my_package/lib/python3.8/site-packages/my_package/my_node.py to my_node.cpython-38.pyc
[7.918s] byte-compiling /home/cadt-02/Object-Detection/ros2_ws/install/my_package/lib/python3.8/site-packages/my_package/object_detection_subscriber.py to object_detection_subscriber.cpython-38.pyc
[7.919s] running install_data
[7.962s] copying resource/my_package -> /home/cadt-02/Object-Detection/ros2_ws/install/my_package/share/ament_index/resource_index/packages
[7.963s] copying package.xml -> /home/cadt-02/Object-Detection/ros2_ws/install/my_package/share/my_package
[7.963s] running install_egg_info
[8.006s] removing '/home/cadt-02/Object-Detection/ros2_ws/install/my_package/lib/python3.8/site-packages/my_package-0.0.0-py3.8.egg-info' (and everything under it)
[8.007s] Copying ../../build/my_package/my_package.egg-info to /home/cadt-02/Object-Detection/ros2_ws/install/my_package/lib/python3.8/site-packages/my_package-0.0.0-py3.8.egg-info
[8.010s] running install_scripts
[8.137s] Installing camera_frame_publisher script to /home/cadt-02/Object-Detection/ros2_ws/install/my_package/lib/my_package
[8.137s] Installing live_detection_node script to /home/cadt-02/Object-Detection/ros2_ws/install/my_package/lib/my_package
[8.137s] Installing main script to /home/cadt-02/Object-Detection/ros2_ws/install/my_package/lib/my_package
[8.138s] Installing my_node script to /home/cadt-02/Object-Detection/ros2_ws/install/my_package/lib/my_package
[8.138s] Installing object_detection_subscriber script to /home/cadt-02/Object-Detection/ros2_ws/install/my_package/lib/my_package
[8.138s] Installing utils script to /home/cadt-02/Object-Detection/ros2_ws/install/my_package/lib/my_package
[8.139s] writing list of installed files to '/home/cadt-02/Object-Detection/ros2_ws/build/my_package/install.log'
[8.239s] Invoked command in '/home/cadt-02/Object-Detection/ros2_ws/src/my_package' returned '0': PYTHONPATH=/home/cadt-02/Object-Detection/ros2_ws/build/my_package/prefix_override:/home/cadt-02/Object-Detection/ros2_ws/install/my_package/lib/python3.8/site-packages:${PYTHONPATH} /usr/bin/python3 setup.py egg_info --egg-base ../../build/my_package build --build-base /home/cadt-02/Object-Detection/ros2_ws/build/my_package/build install --record /home/cadt-02/Object-Detection/ros2_ws/build/my_package/install.log --install-scripts $base/lib/my_package --single-version-externally-managed
