[8.896s] Invoking command in '/home/cadt-02/Object-Detection/ros2_ws/src/object_detection': NX_CONNECTION=172.23.34.123 52323 172.23.34.34 4000 PYTHONPATH=/home/cadt-02/Object-Detection/ros2_ws/build/object_detection/prefix_override:/home/cadt-02/Object-Detection/ros2_ws/install/object_detection/lib/python3.8/site-packages:${PYTHONPATH} /usr/bin/python3 setup.py egg_info --egg-base ../../build/object_detection build --build-base /home/cadt-02/Object-Detection/ros2_ws/build/object_detection/build install --record /home/cadt-02/Object-Detection/ros2_ws/build/object_detection/install.log --install-scripts $base/lib/object_detection --single-version-externally-managed
[9.211s] /home/cadt-02/.local/lib/python3.8/site-packages/setuptools/dist.py:476: SetuptoolsDeprecationWarning: Invalid dash-separated options
[9.211s] !!
[9.212s] 
[9.212s]         ********************************************************************************
[9.212s]         Usage of dash-separated 'script-dir' will not be supported in future
[9.213s]         versions. Please use the underscore name 'script_dir' instead.
[9.213s] 
[9.213s]         By 2024-Sep-26, you need to update your project and remove deprecated calls
[9.213s]         or your builds will no longer be supported.
[9.214s] 
[9.214s]         See https://setuptools.pypa.io/en/latest/userguide/declarative_config.html for details.
[9.214s]         ********************************************************************************
[9.214s] 
[9.215s] !!
[9.215s]   opt = self.warn_dash_deprecation(opt, section)
[9.481s] running egg_info
[9.525s] writing ../../build/object_detection/object_detection.egg-info/PKG-INFO
[9.526s] writing dependency_links to ../../build/object_detection/object_detection.egg-info/dependency_links.txt
[9.527s] writing requirements to ../../build/object_detection/object_detection.egg-info/requires.txt
[9.527s] writing top-level names to ../../build/object_detection/object_detection.egg-info/top_level.txt
[9.855s] reading manifest file '../../build/object_detection/object_detection.egg-info/SOURCES.txt'
[9.857s] writing manifest file '../../build/object_detection/object_detection.egg-info/SOURCES.txt'
[9.857s] running build
[9.858s] running build_py
[9.858s] copying object_detection/__init__.py -> /home/cadt-02/Object-Detection/ros2_ws/build/object_detection/build/lib/object_detection
[9.860s] running install
[9.861s] /home/cadt-02/.local/lib/python3.8/site-packages/setuptools/_distutils/cmd.py:66: SetuptoolsDeprecationWarning: setup.py install is deprecated.
[9.861s] !!
[9.861s] 
[9.862s]         ********************************************************************************
[9.862s]         Please avoid running ``setup.py`` directly.
[9.862s]         Instead, use pypa/build, pypa/installer or other
[9.863s]         standards-based tools.
[9.863s] 
[9.863s]         See https://blog.ganssle.io/articles/2021/10/setup-py-deprecated.html for details.
[9.863s]         ********************************************************************************
[9.863s] 
[9.863s] !!
[9.863s]   self.initialize_options()
[9.871s] running install_lib
[9.917s] running install_data
[9.959s] copying resource/object_detection -> /home/cadt-02/Object-Detection/ros2_ws/install/object_detection/share/ament_index/resource_index/packages
[9.959s] copying package.xml -> /home/cadt-02/Object-Detection/ros2_ws/install/object_detection/share/object_detection
[9.960s] running install_egg_info
[10.005s] removing '/home/cadt-02/Object-Detection/ros2_ws/install/object_detection/lib/python3.8/site-packages/object_detection-0.0.0-py3.8.egg-info' (and everything under it)
[10.006s] Copying ../../build/object_detection/object_detection.egg-info to /home/cadt-02/Object-Detection/ros2_ws/install/object_detection/lib/python3.8/site-packages/object_detection-0.0.0-py3.8.egg-info
[10.007s] running install_scripts
[10.115s] writing list of installed files to '/home/cadt-02/Object-Detection/ros2_ws/build/object_detection/install.log'
[10.213s] Invoked command in '/home/cadt-02/Object-Detection/ros2_ws/src/object_detection' returned '0': NX_CONNECTION=172.23.34.123 52323 172.23.34.34 4000 PYTHONPATH=/home/cadt-02/Object-Detection/ros2_ws/build/object_detection/prefix_override:/home/cadt-02/Object-Detection/ros2_ws/install/object_detection/lib/python3.8/site-packages:${PYTHONPATH} /usr/bin/python3 setup.py egg_info --egg-base ../../build/object_detection build --build-base /home/cadt-02/Object-Detection/ros2_ws/build/object_detection/build install --record /home/cadt-02/Object-Detection/ros2_ws/build/object_detection/install.log --install-scripts $base/lib/object_detection --single-version-externally-managed
