[1.734s] Invoking command in '/home/vandara/ros2_ws/src/my_package': PYTHONPATH=/home/vandara/ros2_ws/build/my_package/prefix_override:/home/vandara/ros2_ws/install/my_package/lib/python3.8/site-packages:${PYTHONPATH} /usr/bin/python3 setup.py egg_info --egg-base ../../build/my_package build --build-base /home/vandara/ros2_ws/build/my_package/build install --record /home/vandara/ros2_ws/build/my_package/install.log --install-scripts $base/lib/my_package --single-version-externally-managed
[1.979s] running egg_info
[1.980s] writing ../../build/my_package/my_package.egg-info/PKG-INFO
[1.981s] writing dependency_links to ../../build/my_package/my_package.egg-info/dependency_links.txt
[1.981s] writing entry points to ../../build/my_package/my_package.egg-info/entry_points.txt
[1.981s] writing requirements to ../../build/my_package/my_package.egg-info/requires.txt
[1.981s] writing top-level names to ../../build/my_package/my_package.egg-info/top_level.txt
[2.016s] reading manifest file '../../build/my_package/my_package.egg-info/SOURCES.txt'
[2.016s] writing manifest file '../../build/my_package/my_package.egg-info/SOURCES.txt'
[2.017s] running build
[2.017s] running build_py
[2.017s] running install
[2.018s] running install_lib
[2.020s] running install_data
[2.020s] running install_egg_info
[2.023s] removing '/home/vandara/ros2_ws/install/my_package/lib/python3.8/site-packages/my_package-0.0.0-py3.8.egg-info' (and everything under it)
[2.023s] Copying ../../build/my_package/my_package.egg-info to /home/vandara/ros2_ws/install/my_package/lib/python3.8/site-packages/my_package-0.0.0-py3.8.egg-info
[2.024s] running install_scripts
[2.042s] Installing my_node script to /home/vandara/ros2_ws/install/my_package/lib/my_package
[2.042s] writing list of installed files to '/home/vandara/ros2_ws/build/my_package/install.log'
[2.065s] Invoked command in '/home/vandara/ros2_ws/src/my_package' returned '0': PYTHONPATH=/home/vandara/ros2_ws/build/my_package/prefix_override:/home/vandara/ros2_ws/install/my_package/lib/python3.8/site-packages:${PYTHONPATH} /usr/bin/python3 setup.py egg_info --egg-base ../../build/my_package build --build-base /home/vandara/ros2_ws/build/my_package/build install --record /home/vandara/ros2_ws/build/my_package/install.log --install-scripts $base/lib/my_package --single-version-externally-managed
