[5.894s] Invoking command in '/home/cadt-02/Object-Detection/ros2_ws/src/object_detection': PYTHONPATH=/home/cadt-02/Object-Detection/ros2_ws/build/object_detection/prefix_override:/home/cadt-02/Object-Detection/ros2_ws/install/object_detection/lib/python3.8/site-packages:${PYTHONPATH} /usr/bin/python3 setup.py egg_info --egg-base ../../build/object_detection build --build-base /home/cadt-02/Object-Detection/ros2_ws/build/object_detection/build install --record /home/cadt-02/Object-Detection/ros2_ws/build/object_detection/install.log --install-scripts $base/lib/object_detection --single-version-externally-managed
[6.168s] /home/cadt-02/.local/lib/python3.8/site-packages/setuptools/dist.py:472: SetuptoolsDeprecationWarning: Invalid dash-separated options
[6.168s] !!
[6.169s] 
[6.169s]         ********************************************************************************
[6.169s]         Usage of dash-separated 'script-dir' will not be supported in future
[6.169s]         versions. Please use the underscore name 'script_dir' instead.
[6.169s] 
[6.169s]         By 2024-Sep-26, you need to update your project and remove deprecated calls
[6.169s]         or your builds will no longer be supported.
[6.169s] 
[6.170s]         See https://setuptools.pypa.io/en/latest/userguide/declarative_config.html for details.
[6.170s]         ********************************************************************************
[6.170s] 
[6.170s] !!
[6.170s]   opt = self.warn_dash_deprecation(opt, section)
[6.408s] running egg_info
[6.446s] writing ../../build/object_detection/object_detection.egg-info/PKG-INFO
[6.447s] writing dependency_links to ../../build/object_detection/object_detection.egg-info/dependency_links.txt
[6.448s] writing requirements to ../../build/object_detection/object_detection.egg-info/requires.txt
[6.448s] writing top-level names to ../../build/object_detection/object_detection.egg-info/top_level.txt
[6.738s] reading manifest file '../../build/object_detection/object_detection.egg-info/SOURCES.txt'
[6.740s] writing manifest file '../../build/object_detection/object_detection.egg-info/SOURCES.txt'
[6.741s] running build
[6.741s] running build_py
[6.741s] copying object_detection/__init__.py -> /home/cadt-02/Object-Detection/ros2_ws/build/object_detection/build/lib/object_detection
[6.742s] running install
[6.742s] /home/cadt-02/.local/lib/python3.8/site-packages/setuptools/_distutils/cmd.py:66: SetuptoolsDeprecationWarning: setup.py install is deprecated.
[6.742s] !!
[6.742s] 
[6.743s]         ********************************************************************************
[6.743s]         Please avoid running ``setup.py`` directly.
[6.743s]         Instead, use pypa/build, pypa/installer or other
[6.743s]         standards-based tools.
[6.743s] 
[6.743s]         See https://blog.ganssle.io/articles/2021/10/setup-py-deprecated.html for details.
[6.743s]         ********************************************************************************
[6.744s] 
[6.744s] !!
[6.744s]   self.initialize_options()
[6.754s] running install_lib
[6.793s] running install_data
[6.831s] copying resource/object_detection -> /home/cadt-02/Object-Detection/ros2_ws/install/object_detection/share/ament_index/resource_index/packages
[6.831s] copying package.xml -> /home/cadt-02/Object-Detection/ros2_ws/install/object_detection/share/object_detection
[6.831s] running install_egg_info
[6.871s] removing '/home/cadt-02/Object-Detection/ros2_ws/install/object_detection/lib/python3.8/site-packages/object_detection-0.0.0-py3.8.egg-info' (and everything under it)
[6.872s] Copying ../../build/object_detection/object_detection.egg-info to /home/cadt-02/Object-Detection/ros2_ws/install/object_detection/lib/python3.8/site-packages/object_detection-0.0.0-py3.8.egg-info
[6.874s] running install_scripts
[6.989s] writing list of installed files to '/home/cadt-02/Object-Detection/ros2_ws/build/object_detection/install.log'
[7.909s] Invoked command in '/home/cadt-02/Object-Detection/ros2_ws/src/object_detection' returned '0': PYTHONPATH=/home/cadt-02/Object-Detection/ros2_ws/build/object_detection/prefix_override:/home/cadt-02/Object-Detection/ros2_ws/install/object_detection/lib/python3.8/site-packages:${PYTHONPATH} /usr/bin/python3 setup.py egg_info --egg-base ../../build/object_detection build --build-base /home/cadt-02/Object-Detection/ros2_ws/build/object_detection/build install --record /home/cadt-02/Object-Detection/ros2_ws/build/object_detection/install.log --install-scripts $base/lib/object_detection --single-version-externally-managed
