[6.380s] Invoking command in '/home/cadt-02/Object-Detection/ros2_ws/src/my_package': PYTHONPATH=/home/cadt-02/Object-Detection/ros2_ws/build/my_package/prefix_override:/home/cadt-02/Object-Detection/ros2_ws/install/my_package/lib/python3.8/site-packages:${PYTHONPATH} /usr/bin/python3 setup.py egg_info --egg-base ../../build/my_package build --build-base /home/cadt-02/Object-Detection/ros2_ws/build/my_package/build install --record /home/cadt-02/Object-Detection/ros2_ws/build/my_package/install.log --install-scripts $base/lib/my_package --single-version-externally-managed
[6.659s] /home/cadt-02/.local/lib/python3.8/site-packages/setuptools/dist.py:472: SetuptoolsDeprecationWarning: Invalid dash-separated options
[6.659s] !!
[6.660s] 
[6.660s]         ********************************************************************************
[6.660s]         Usage of dash-separated 'script-dir' will not be supported in future
[6.660s]         versions. Please use the underscore name 'script_dir' instead.
[6.660s] 
[6.660s]         By 2024-Sep-26, you need to update your project and remove deprecated calls
[6.661s]         or your builds will no longer be supported.
[6.661s] 
[6.661s]         See https://setuptools.pypa.io/en/latest/userguide/declarative_config.html for details.
[6.661s]         ********************************************************************************
[6.661s] 
[6.661s] !!
[6.661s]   opt = self.warn_dash_deprecation(opt, section)
[6.912s] running egg_info
[6.952s] writing ../../build/my_package/my_package.egg-info/PKG-INFO
[6.953s] writing dependency_links to ../../build/my_package/my_package.egg-info/dependency_links.txt
[6.954s] writing entry points to ../../build/my_package/my_package.egg-info/entry_points.txt
[6.954s] writing requirements to ../../build/my_package/my_package.egg-info/requires.txt
[6.954s] writing top-level names to ../../build/my_package/my_package.egg-info/top_level.txt
[7.258s] reading manifest file '../../build/my_package/my_package.egg-info/SOURCES.txt'
[7.260s] writing manifest file '../../build/my_package/my_package.egg-info/SOURCES.txt'
[7.261s] running build
[7.261s] running build_py
[7.262s] copying my_package/camera_frame_publisher.py -> /home/cadt-02/Object-Detection/ros2_ws/build/my_package/build/lib/my_package
[7.262s] copying my_package/utils.py -> /home/cadt-02/Object-Detection/ros2_ws/build/my_package/build/lib/my_package
[7.262s] copying my_package/live_detection_node.py -> /home/cadt-02/Object-Detection/ros2_ws/build/my_package/build/lib/my_package
[7.262s] copying my_package/__init__.py -> /home/cadt-02/Object-Detection/ros2_ws/build/my_package/build/lib/my_package
[7.263s] copying my_package/main.py -> /home/cadt-02/Object-Detection/ros2_ws/build/my_package/build/lib/my_package
[7.265s] copying my_package/my_node.py -> /home/cadt-02/Object-Detection/ros2_ws/build/my_package/build/lib/my_package
[7.265s] copying my_package/object_detection_subscriber.py -> /home/cadt-02/Object-Detection/ros2_ws/build/my_package/build/lib/my_package
[7.265s] running install
[7.266s] /home/cadt-02/.local/lib/python3.8/site-packages/setuptools/_distutils/cmd.py:66: SetuptoolsDeprecationWarning: setup.py install is deprecated.
[7.266s] !!
[7.266s] 
[7.266s]         ********************************************************************************
[7.266s]         Please avoid running ``setup.py`` directly.
[7.266s]         Instead, use pypa/build, pypa/installer or other
[7.266s]         standards-based tools.
[7.266s] 
[7.267s]         See https://blog.ganssle.io/articles/2021/10/setup-py-deprecated.html for details.
[7.267s]         ********************************************************************************
[7.267s] 
[7.267s] !!
[7.267s]   self.initialize_options()
[7.275s] running install_lib
[7.317s] copying /home/cadt-02/Object-Detection/ros2_ws/build/my_package/build/lib/my_package/live_detection_node.py -> /home/cadt-02/Object-Detection/ros2_ws/install/my_package/lib/python3.8/site-packages/my_package
[7.318s] byte-compiling /home/cadt-02/Object-Detection/ros2_ws/install/my_package/lib/python3.8/site-packages/my_package/live_detection_node.py to live_detection_node.cpython-38.pyc
[7.321s] running install_data
[7.360s] copying resource/my_package -> /home/cadt-02/Object-Detection/ros2_ws/install/my_package/share/ament_index/resource_index/packages
[7.361s] copying package.xml -> /home/cadt-02/Object-Detection/ros2_ws/install/my_package/share/my_package
[7.361s] running install_egg_info
[7.402s] removing '/home/cadt-02/Object-Detection/ros2_ws/install/my_package/lib/python3.8/site-packages/my_package-0.0.0-py3.8.egg-info' (and everything under it)
[7.403s] Copying ../../build/my_package/my_package.egg-info to /home/cadt-02/Object-Detection/ros2_ws/install/my_package/lib/python3.8/site-packages/my_package-0.0.0-py3.8.egg-info
[7.405s] running install_scripts
[7.520s] Installing camera_frame_publisher script to /home/cadt-02/Object-Detection/ros2_ws/install/my_package/lib/my_package
[7.520s] Installing live_detection_node script to /home/cadt-02/Object-Detection/ros2_ws/install/my_package/lib/my_package
[7.521s] Installing main script to /home/cadt-02/Object-Detection/ros2_ws/install/my_package/lib/my_package
[7.521s] Installing my_node script to /home/cadt-02/Object-Detection/ros2_ws/install/my_package/lib/my_package
[7.521s] Installing object_detection_subscriber script to /home/cadt-02/Object-Detection/ros2_ws/install/my_package/lib/my_package
[7.522s] Installing utils script to /home/cadt-02/Object-Detection/ros2_ws/install/my_package/lib/my_package
[7.523s] writing list of installed files to '/home/cadt-02/Object-Detection/ros2_ws/build/my_package/install.log'
[8.472s] Invoked command in '/home/cadt-02/Object-Detection/ros2_ws/src/my_package' returned '0': PYTHONPATH=/home/cadt-02/Object-Detection/ros2_ws/build/my_package/prefix_override:/home/cadt-02/Object-Detection/ros2_ws/install/my_package/lib/python3.8/site-packages:${PYTHONPATH} /usr/bin/python3 setup.py egg_info --egg-base ../../build/my_package build --build-base /home/cadt-02/Object-Detection/ros2_ws/build/my_package/build install --record /home/cadt-02/Object-Detection/ros2_ws/build/my_package/install.log --install-scripts $base/lib/my_package --single-version-externally-managed
