[7.511s] Invoking command in '/home/cadt-02/Object-Detection/ros2_ws/src/my_package': PYTHONPATH=/home/cadt-02/Object-Detection/ros2_ws/build/my_package/prefix_override:/home/cadt-02/Object-Detection/ros2_ws/install/my_package/lib/python3.8/site-packages:${PYTHONPATH} /usr/bin/python3 setup.py egg_info --egg-base ../../build/my_package build --build-base /home/cadt-02/Object-Detection/ros2_ws/build/my_package/build install --record /home/cadt-02/Object-Detection/ros2_ws/build/my_package/install.log --single-version-externally-managed
[7.790s] /home/cadt-02/.local/lib/python3.8/site-packages/setuptools/dist.py:472: SetuptoolsDeprecationWarning: Invalid dash-separated options
[7.790s] !!
[7.791s] 
[7.791s]         ********************************************************************************
[7.791s]         Usage of dash-separated 'build-base' will not be supported in future
[7.791s]         versions. Please use the underscore name 'build_base' instead.
[7.791s] 
[7.791s]         By 2024-Sep-26, you need to update your project and remove deprecated calls
[7.791s]         or your builds will no longer be supported.
[7.792s] 
[7.792s]         See https://setuptools.pypa.io/en/latest/userguide/declarative_config.html for details.
[7.792s]         ********************************************************************************
[7.792s] 
[7.792s] !!
[7.792s]   opt = self.warn_dash_deprecation(opt, section)
[8.050s] running egg_info
[8.091s] writing ../../build/my_package/my_package.egg-info/PKG-INFO
[8.092s] writing dependency_links to ../../build/my_package/my_package.egg-info/dependency_links.txt
[8.092s] writing entry points to ../../build/my_package/my_package.egg-info/entry_points.txt
[8.093s] writing requirements to ../../build/my_package/my_package.egg-info/requires.txt
[8.093s] writing top-level names to ../../build/my_package/my_package.egg-info/top_level.txt
[8.406s] reading manifest file '../../build/my_package/my_package.egg-info/SOURCES.txt'
[8.408s] writing manifest file '../../build/my_package/my_package.egg-info/SOURCES.txt'
[8.408s] running build
[8.409s] running build_py
[8.409s] copying my_package/reinforcement_r2.py -> /home/cadt-02/Object-Detection/ros2_ws/build/my_package/build/lib/my_package
[8.409s] copying my_package/live_detection_node.py -> /home/cadt-02/Object-Detection/ros2_ws/build/my_package/build/lib/my_package
[8.410s] copying my_package/__init__.py -> /home/cadt-02/Object-Detection/ros2_ws/build/my_package/build/lib/my_package
[8.410s] copying my_package/main.py -> /home/cadt-02/Object-Detection/ros2_ws/build/my_package/build/lib/my_package
[8.411s] running install
[8.412s] /home/cadt-02/.local/lib/python3.8/site-packages/setuptools/_distutils/cmd.py:66: SetuptoolsDeprecationWarning: setup.py install is deprecated.
[8.412s] !!
[8.412s] 
[8.412s]         ********************************************************************************
[8.412s]         Please avoid running ``setup.py`` directly.
[8.412s]         Instead, use pypa/build, pypa/installer or other
[8.412s]         standards-based tools.
[8.413s] 
[8.413s]         See https://blog.ganssle.io/articles/2021/10/setup-py-deprecated.html for details.
[8.413s]         ********************************************************************************
[8.413s] 
[8.413s] !!
[8.413s]   self.initialize_options()
[8.424s] running install_lib
[8.468s] copying /home/cadt-02/Object-Detection/ros2_ws/build/my_package/build/lib/my_package/reinforcement_r2.py -> /home/cadt-02/Object-Detection/ros2_ws/install/my_package/lib/python3.8/site-packages/my_package
[8.469s] byte-compiling /home/cadt-02/Object-Detection/ros2_ws/install/my_package/lib/python3.8/site-packages/my_package/reinforcement_r2.py to reinforcement_r2.cpython-38.pyc
[8.473s] running install_data
[8.515s] copying resource/my_package -> /home/cadt-02/Object-Detection/ros2_ws/install/my_package/share/ament_index/resource_index/packages
[8.515s] copying package.xml -> /home/cadt-02/Object-Detection/ros2_ws/install/my_package/share/my_package
[8.515s] running install_egg_info
[8.559s] removing '/home/cadt-02/Object-Detection/ros2_ws/install/my_package/lib/python3.8/site-packages/my_package-0.0.0-py3.8.egg-info' (and everything under it)
[8.560s] Copying ../../build/my_package/my_package.egg-info to /home/cadt-02/Object-Detection/ros2_ws/install/my_package/lib/python3.8/site-packages/my_package-0.0.0-py3.8.egg-info
[8.562s] running install_scripts
[8.688s] Installing live_detection_node script to /home/cadt-02/Object-Detection/ros2_ws/install/my_package/lib/my_package
[8.688s] Installing main script to /home/cadt-02/Object-Detection/ros2_ws/install/my_package/lib/my_package
[8.689s] Installing my_node script to /home/cadt-02/Object-Detection/ros2_ws/install/my_package/lib/my_package
[8.690s] Installing reinforcement_r2 script to /home/cadt-02/Object-Detection/ros2_ws/install/my_package/lib/my_package
[8.691s] writing list of installed files to '/home/cadt-02/Object-Detection/ros2_ws/build/my_package/install.log'
[9.564s] Invoked command in '/home/cadt-02/Object-Detection/ros2_ws/src/my_package' returned '0': PYTHONPATH=/home/cadt-02/Object-Detection/ros2_ws/build/my_package/prefix_override:/home/cadt-02/Object-Detection/ros2_ws/install/my_package/lib/python3.8/site-packages:${PYTHONPATH} /usr/bin/python3 setup.py egg_info --egg-base ../../build/my_package build --build-base /home/cadt-02/Object-Detection/ros2_ws/build/my_package/build install --record /home/cadt-02/Object-Detection/ros2_ws/build/my_package/install.log --single-version-externally-managed
