[6.042s] Invoking command in '/home/cadt-02/Object-Detection/ros2_ws/src/object_detection': PYTHONPATH=/home/cadt-02/Object-Detection/ros2_ws/build/object_detection/prefix_override:/home/cadt-02/Object-Detection/ros2_ws/install/object_detection/lib/python3.8/site-packages:${PYTHONPATH} /usr/bin/python3 setup.py egg_info --egg-base ../../build/object_detection build --build-base /home/cadt-02/Object-Detection/ros2_ws/build/object_detection/build install --record /home/cadt-02/Object-Detection/ros2_ws/build/object_detection/install.log --install-scripts $base/lib/object_detection --single-version-externally-managed
[6.323s] /home/cadt-02/.local/lib/python3.8/site-packages/setuptools/dist.py:472: SetuptoolsDeprecationWarning: Invalid dash-separated options
[6.323s] !!
[6.323s] 
[6.324s]         ********************************************************************************
[6.324s]         Usage of dash-separated 'script-dir' will not be supported in future
[6.324s]         versions. Please use the underscore name 'script_dir' instead.
[6.324s] 
[6.325s]         By 2024-Sep-26, you need to update your project and remove deprecated calls
[6.325s]         or your builds will no longer be supported.
[6.325s] 
[6.325s]         See https://setuptools.pypa.io/en/latest/userguide/declarative_config.html for details.
[6.326s]         ********************************************************************************
[6.326s] 
[6.326s] !!
[6.326s]   opt = self.warn_dash_deprecation(opt, section)
[6.576s] running egg_info
[6.617s] writing ../../build/object_detection/object_detection.egg-info/PKG-INFO
[6.618s] writing dependency_links to ../../build/object_detection/object_detection.egg-info/dependency_links.txt
[6.618s] writing requirements to ../../build/object_detection/object_detection.egg-info/requires.txt
[6.619s] writing top-level names to ../../build/object_detection/object_detection.egg-info/top_level.txt
[6.921s] reading manifest file '../../build/object_detection/object_detection.egg-info/SOURCES.txt'
[6.923s] writing manifest file '../../build/object_detection/object_detection.egg-info/SOURCES.txt'
[6.924s] running build
[6.924s] running build_py
[6.925s] copying object_detection/__init__.py -> /home/cadt-02/Object-Detection/ros2_ws/build/object_detection/build/lib/object_detection
[6.926s] running install
[6.927s] /home/cadt-02/.local/lib/python3.8/site-packages/setuptools/_distutils/cmd.py:66: SetuptoolsDeprecationWarning: setup.py install is deprecated.
[6.927s] !!
[6.927s] 
[6.927s]         ********************************************************************************
[6.928s]         Please avoid running ``setup.py`` directly.
[6.928s]         Instead, use pypa/build, pypa/installer or other
[6.928s]         standards-based tools.
[6.928s] 
[6.929s]         See https://blog.ganssle.io/articles/2021/10/setup-py-deprecated.html for details.
[6.929s]         ********************************************************************************
[6.929s] 
[6.929s] !!
[6.930s]   self.initialize_options()
[6.936s] running install_lib
[6.979s] running install_data
[7.020s] copying resource/object_detection -> /home/cadt-02/Object-Detection/ros2_ws/install/object_detection/share/ament_index/resource_index/packages
[7.021s] copying package.xml -> /home/cadt-02/Object-Detection/ros2_ws/install/object_detection/share/object_detection
[7.021s] running install_egg_info
[7.064s] removing '/home/cadt-02/Object-Detection/ros2_ws/install/object_detection/lib/python3.8/site-packages/object_detection-0.0.0-py3.8.egg-info' (and everything under it)
[7.065s] Copying ../../build/object_detection/object_detection.egg-info to /home/cadt-02/Object-Detection/ros2_ws/install/object_detection/lib/python3.8/site-packages/object_detection-0.0.0-py3.8.egg-info
[7.067s] running install_scripts
[7.188s] writing list of installed files to '/home/cadt-02/Object-Detection/ros2_ws/build/object_detection/install.log'
[7.288s] Invoked command in '/home/cadt-02/Object-Detection/ros2_ws/src/object_detection' returned '0': PYTHONPATH=/home/cadt-02/Object-Detection/ros2_ws/build/object_detection/prefix_override:/home/cadt-02/Object-Detection/ros2_ws/install/object_detection/lib/python3.8/site-packages:${PYTHONPATH} /usr/bin/python3 setup.py egg_info --egg-base ../../build/object_detection build --build-base /home/cadt-02/Object-Detection/ros2_ws/build/object_detection/build install --record /home/cadt-02/Object-Detection/ros2_ws/build/object_detection/install.log --install-scripts $base/lib/object_detection --single-version-externally-managed
