[15.373s] [34mcolcon[0m [1;30mDEBUG[0m [32mCommand line arguments: ['/usr/local/bin/colcon', 'build'][0m
[15.374s] [34mcolcon[0m [1;30mDEBUG[0m [32mParsed command line arguments: Namespace(ament_cmake_args=None, base_paths=['.'], build_base='build', catkin_cmake_args=None, catkin_skip_building_tests=False, cmake_args=None, cmake_clean_cache=False, cmake_clean_first=False, cmake_force_configure=False, cmake_target=None, cmake_target_skip_unavailable=False, continue_on_error=False, event_handlers=None, executor='parallel', ignore_user_meta=False, install_base='install', log_base=None, log_level=None, main=<bound method BuildVerb.main of <colcon_core.verb.build.BuildVerb object at 0xffffae33e850>>, merge_install=False, metas=['./colcon.meta'], packages_above=None, packages_above_and_dependencies=None, packages_above_depth=None, packages_end=None, packages_ignore=None, packages_ignore_regex=None, packages_select=None, packages_select_build_failed=False, packages_select_by_dep=None, packages_select_regex=None, packages_select_test_failures=False, packages_skip=None, packages_skip_build_finished=False, packages_skip_by_dep=None, packages_skip_regex=None, packages_skip_test_passed=False, packages_skip_up_to=None, packages_start=None, packages_up_to=None, packages_up_to_regex=None, parallel_workers=6, paths=None, symlink_install=False, test_result_base=None, verb_extension=<colcon_core.verb.build.BuildVerb object at 0xffffae33e850>, verb_name='build', verb_parser=<colcon_defaults.argument_parser.defaults.DefaultArgumentsDecorator object at 0xffffae02bbe0>)[0m
[16.016s] [34mcolcon.colcon_core.package_discovery[0m [1;30mLevel 1[0m discover_packages(colcon_meta) check parameters
[16.017s] [34mcolcon.colcon_core.package_discovery[0m [1;30mLevel 1[0m discover_packages(recursive) check parameters
[16.017s] [34mcolcon.colcon_core.package_discovery[0m [1;30mLevel 1[0m discover_packages(ignore) check parameters
[16.017s] [34mcolcon.colcon_core.package_discovery[0m [1;30mLevel 1[0m discover_packages(path) check parameters
[16.017s] [34mcolcon.colcon_core.package_discovery[0m [1;30mLevel 1[0m discover_packages(colcon_meta) discover
[16.017s] [34mcolcon.colcon_core.package_discovery[0m [1;30mLevel 1[0m discover_packages(recursive) discover
[16.017s] [34mcolcon.colcon_core.package_discovery[0m [1;30mINFO[0m Crawling recursively for packages in '/home/cadt-02/Object-Detection/ros2_ws'
[16.018s] [34mcolcon.colcon_core.package_identification[0m [1;30mLevel 1[0m _identify(.) by extensions ['ignore', 'ignore_ament_install']
[16.018s] [34mcolcon.colcon_core.package_identification[0m [1;30mLevel 1[0m _identify(.) by extension 'ignore'
[16.018s] [34mcolcon.colcon_core.package_identification[0m [1;30mLevel 1[0m _identify(.) by extension 'ignore_ament_install'
[16.018s] [34mcolcon.colcon_core.package_identification[0m [1;30mLevel 1[0m _identify(.) by extensions ['colcon_pkg']
[16.018s] [34mcolcon.colcon_core.package_identification[0m [1;30mLevel 1[0m _identify(.) by extension 'colcon_pkg'
[16.018s] [34mcolcon.colcon_core.package_identification[0m [1;30mLevel 1[0m _identify(.) by extensions ['colcon_meta']
[16.018s] [34mcolcon.colcon_core.package_identification[0m [1;30mLevel 1[0m _identify(.) by extension 'colcon_meta'
[16.019s] [34mcolcon.colcon_core.package_identification[0m [1;30mLevel 1[0m _identify(.) by extensions ['ros']
[16.019s] [34mcolcon.colcon_core.package_identification[0m [1;30mLevel 1[0m _identify(.) by extension 'ros'
[16.068s] [34mcolcon.colcon_core.package_identification[0m [1;30mLevel 1[0m _identify(.) by extensions ['cmake', 'python']
[16.069s] [34mcolcon.colcon_core.package_identification[0m [1;30mLevel 1[0m _identify(.) by extension 'cmake'
[16.069s] [34mcolcon.colcon_core.package_identification[0m [1;30mLevel 1[0m _identify(.) by extension 'python'
[16.069s] [34mcolcon.colcon_core.package_identification[0m [1;30mLevel 1[0m _identify(.) by extensions ['python_setup_py']
[16.069s] [34mcolcon.colcon_core.package_identification[0m [1;30mLevel 1[0m _identify(.) by extension 'python_setup_py'
[16.070s] [34mcolcon.colcon_core.package_identification[0m [1;30mLevel 1[0m _identify(build) by extensions ['ignore', 'ignore_ament_install']
[16.070s] [34mcolcon.colcon_core.package_identification[0m [1;30mLevel 1[0m _identify(build) by extension 'ignore'
[16.070s] [34mcolcon.colcon_core.package_identification[0m [1;30mLevel 1[0m _identify(build) ignored
[16.070s] [34mcolcon.colcon_core.package_identification[0m [1;30mLevel 1[0m _identify(datasets) by extensions ['ignore', 'ignore_ament_install']
[16.070s] [34mcolcon.colcon_core.package_identification[0m [1;30mLevel 1[0m _identify(datasets) by extension 'ignore'
[16.071s] [34mcolcon.colcon_core.package_identification[0m [1;30mLevel 1[0m _identify(datasets) by extension 'ignore_ament_install'
[16.071s] [34mcolcon.colcon_core.package_identification[0m [1;30mLevel 1[0m _identify(datasets) by extensions ['colcon_pkg']
[16.071s] [34mcolcon.colcon_core.package_identification[0m [1;30mLevel 1[0m _identify(datasets) by extension 'colcon_pkg'
[16.071s] [34mcolcon.colcon_core.package_identification[0m [1;30mLevel 1[0m _identify(datasets) by extensions ['colcon_meta']
[16.071s] [34mcolcon.colcon_core.package_identification[0m [1;30mLevel 1[0m _identify(datasets) by extension 'colcon_meta'
[16.071s] [34mcolcon.colcon_core.package_identification[0m [1;30mLevel 1[0m _identify(datasets) by extensions ['ros']
[16.071s] [34mcolcon.colcon_core.package_identification[0m [1;30mLevel 1[0m _identify(datasets) by extension 'ros'
[16.071s] [34mcolcon.colcon_core.package_identification[0m [1;30mLevel 1[0m _identify(datasets) by extensions ['cmake', 'python']
[16.071s] [34mcolcon.colcon_core.package_identification[0m [1;30mLevel 1[0m _identify(datasets) by extension 'cmake'
[16.072s] [34mcolcon.colcon_core.package_identification[0m [1;30mLevel 1[0m _identify(datasets) by extension 'python'
[16.072s] [34mcolcon.colcon_core.package_identification[0m [1;30mLevel 1[0m _identify(datasets) by extensions ['python_setup_py']
[16.072s] [34mcolcon.colcon_core.package_identification[0m [1;30mLevel 1[0m _identify(datasets) by extension 'python_setup_py'
[16.072s] [34mcolcon.colcon_core.package_identification[0m [1;30mLevel 1[0m _identify(datasets/SJZNB.v9i.yolov8) by extensions ['ignore', 'ignore_ament_install']
[16.072s] [34mcolcon.colcon_core.package_identification[0m [1;30mLevel 1[0m _identify(datasets/SJZNB.v9i.yolov8) by extension 'ignore'
[16.072s] [34mcolcon.colcon_core.package_identification[0m [1;30mLevel 1[0m _identify(datasets/SJZNB.v9i.yolov8) by extension 'ignore_ament_install'
[16.072s] [34mcolcon.colcon_core.package_identification[0m [1;30mLevel 1[0m _identify(datasets/SJZNB.v9i.yolov8) by extensions ['colcon_pkg']
[16.073s] [34mcolcon.colcon_core.package_identification[0m [1;30mLevel 1[0m _identify(datasets/SJZNB.v9i.yolov8) by extension 'colcon_pkg'
[16.073s] [34mcolcon.colcon_core.package_identification[0m [1;30mLevel 1[0m _identify(datasets/SJZNB.v9i.yolov8) by extensions ['colcon_meta']
[16.073s] [34mcolcon.colcon_core.package_identification[0m [1;30mLevel 1[0m _identify(datasets/SJZNB.v9i.yolov8) by extension 'colcon_meta'
[16.073s] [34mcolcon.colcon_core.package_identification[0m [1;30mLevel 1[0m _identify(datasets/SJZNB.v9i.yolov8) by extensions ['ros']
[16.073s] [34mcolcon.colcon_core.package_identification[0m [1;30mLevel 1[0m _identify(datasets/SJZNB.v9i.yolov8) by extension 'ros'
[16.073s] [34mcolcon.colcon_core.package_identification[0m [1;30mLevel 1[0m _identify(datasets/SJZNB.v9i.yolov8) by extensions ['cmake', 'python']
[16.073s] [34mcolcon.colcon_core.package_identification[0m [1;30mLevel 1[0m _identify(datasets/SJZNB.v9i.yolov8) by extension 'cmake'
[16.073s] [34mcolcon.colcon_core.package_identification[0m [1;30mLevel 1[0m _identify(datasets/SJZNB.v9i.yolov8) by extension 'python'
[16.073s] [34mcolcon.colcon_core.package_identification[0m [1;30mLevel 1[0m _identify(datasets/SJZNB.v9i.yolov8) by extensions ['python_setup_py']
[16.073s] [34mcolcon.colcon_core.package_identification[0m [1;30mLevel 1[0m _identify(datasets/SJZNB.v9i.yolov8) by extension 'python_setup_py'
[16.074s] [34mcolcon.colcon_core.package_identification[0m [1;30mLevel 1[0m _identify(datasets/SJZNB.v9i.yolov8/test) by extensions ['ignore', 'ignore_ament_install']
[16.074s] [34mcolcon.colcon_core.package_identification[0m [1;30mLevel 1[0m _identify(datasets/SJZNB.v9i.yolov8/test) by extension 'ignore'
[16.074s] [34mcolcon.colcon_core.package_identification[0m [1;30mLevel 1[0m _identify(datasets/SJZNB.v9i.yolov8/test) by extension 'ignore_ament_install'
[16.074s] [34mcolcon.colcon_core.package_identification[0m [1;30mLevel 1[0m _identify(datasets/SJZNB.v9i.yolov8/test) by extensions ['colcon_pkg']
[16.074s] [34mcolcon.colcon_core.package_identification[0m [1;30mLevel 1[0m _identify(datasets/SJZNB.v9i.yolov8/test) by extension 'colcon_pkg'
[16.074s] [34mcolcon.colcon_core.package_identification[0m [1;30mLevel 1[0m _identify(datasets/SJZNB.v9i.yolov8/test) by extensions ['colcon_meta']
[16.074s] [34mcolcon.colcon_core.package_identification[0m [1;30mLevel 1[0m _identify(datasets/SJZNB.v9i.yolov8/test) by extension 'colcon_meta'
[16.075s] [34mcolcon.colcon_core.package_identification[0m [1;30mLevel 1[0m _identify(datasets/SJZNB.v9i.yolov8/test) by extensions ['ros']
[16.075s] [34mcolcon.colcon_core.package_identification[0m [1;30mLevel 1[0m _identify(datasets/SJZNB.v9i.yolov8/test) by extension 'ros'
[16.075s] [34mcolcon.colcon_core.package_identification[0m [1;30mLevel 1[0m _identify(datasets/SJZNB.v9i.yolov8/test) by extensions ['cmake', 'python']
[16.075s] [34mcolcon.colcon_core.package_identification[0m [1;30mLevel 1[0m _identify(datasets/SJZNB.v9i.yolov8/test) by extension 'cmake'
[16.075s] [34mcolcon.colcon_core.package_identification[0m [1;30mLevel 1[0m _identify(datasets/SJZNB.v9i.yolov8/test) by extension 'python'
[16.075s] [34mcolcon.colcon_core.package_identification[0m [1;30mLevel 1[0m _identify(datasets/SJZNB.v9i.yolov8/test) by extensions ['python_setup_py']
[16.075s] [34mcolcon.colcon_core.package_identification[0m [1;30mLevel 1[0m _identify(datasets/SJZNB.v9i.yolov8/test) by extension 'python_setup_py'
[16.076s] [34mcolcon.colcon_core.package_identification[0m [1;30mLevel 1[0m _identify(datasets/SJZNB.v9i.yolov8/test/images) by extensions ['ignore', 'ignore_ament_install']
[16.076s] [34mcolcon.colcon_core.package_identification[0m [1;30mLevel 1[0m _identify(datasets/SJZNB.v9i.yolov8/test/images) by extension 'ignore'
[16.076s] [34mcolcon.colcon_core.package_identification[0m [1;30mLevel 1[0m _identify(datasets/SJZNB.v9i.yolov8/test/images) by extension 'ignore_ament_install'
[16.076s] [34mcolcon.colcon_core.package_identification[0m [1;30mLevel 1[0m _identify(datasets/SJZNB.v9i.yolov8/test/images) by extensions ['colcon_pkg']
[16.076s] [34mcolcon.colcon_core.package_identification[0m [1;30mLevel 1[0m _identify(datasets/SJZNB.v9i.yolov8/test/images) by extension 'colcon_pkg'
[16.076s] [34mcolcon.colcon_core.package_identification[0m [1;30mLevel 1[0m _identify(datasets/SJZNB.v9i.yolov8/test/images) by extensions ['colcon_meta']
[16.076s] [34mcolcon.colcon_core.package_identification[0m [1;30mLevel 1[0m _identify(datasets/SJZNB.v9i.yolov8/test/images) by extension 'colcon_meta'
[16.076s] [34mcolcon.colcon_core.package_identification[0m [1;30mLevel 1[0m _identify(datasets/SJZNB.v9i.yolov8/test/images) by extensions ['ros']
[16.076s] [34mcolcon.colcon_core.package_identification[0m [1;30mLevel 1[0m _identify(datasets/SJZNB.v9i.yolov8/test/images) by extension 'ros'
[16.077s] [34mcolcon.colcon_core.package_identification[0m [1;30mLevel 1[0m _identify(datasets/SJZNB.v9i.yolov8/test/images) by extensions ['cmake', 'python']
[16.077s] [34mcolcon.colcon_core.package_identification[0m [1;30mLevel 1[0m _identify(datasets/SJZNB.v9i.yolov8/test/images) by extension 'cmake'
[16.077s] [34mcolcon.colcon_core.package_identification[0m [1;30mLevel 1[0m _identify(datasets/SJZNB.v9i.yolov8/test/images) by extension 'python'
[16.077s] [34mcolcon.colcon_core.package_identification[0m [1;30mLevel 1[0m _identify(datasets/SJZNB.v9i.yolov8/test/images) by extensions ['python_setup_py']
[16.077s] [34mcolcon.colcon_core.package_identification[0m [1;30mLevel 1[0m _identify(datasets/SJZNB.v9i.yolov8/test/images) by extension 'python_setup_py'
[16.077s] [34mcolcon.colcon_core.package_identification[0m [1;30mLevel 1[0m _identify(datasets/SJZNB.v9i.yolov8/test/labels) by extensions ['ignore', 'ignore_ament_install']
[16.077s] [34mcolcon.colcon_core.package_identification[0m [1;30mLevel 1[0m _identify(datasets/SJZNB.v9i.yolov8/test/labels) by extension 'ignore'
[16.078s] [34mcolcon.colcon_core.package_identification[0m [1;30mLevel 1[0m _identify(datasets/SJZNB.v9i.yolov8/test/labels) by extension 'ignore_ament_install'
[16.078s] [34mcolcon.colcon_core.package_identification[0m [1;30mLevel 1[0m _identify(datasets/SJZNB.v9i.yolov8/test/labels) by extensions ['colcon_pkg']
[16.078s] [34mcolcon.colcon_core.package_identification[0m [1;30mLevel 1[0m _identify(datasets/SJZNB.v9i.yolov8/test/labels) by extension 'colcon_pkg'
[16.078s] [34mcolcon.colcon_core.package_identification[0m [1;30mLevel 1[0m _identify(datasets/SJZNB.v9i.yolov8/test/labels) by extensions ['colcon_meta']
[16.078s] [34mcolcon.colcon_core.package_identification[0m [1;30mLevel 1[0m _identify(datasets/SJZNB.v9i.yolov8/test/labels) by extension 'colcon_meta'
[16.078s] [34mcolcon.colcon_core.package_identification[0m [1;30mLevel 1[0m _identify(datasets/SJZNB.v9i.yolov8/test/labels) by extensions ['ros']
[16.078s] [34mcolcon.colcon_core.package_identification[0m [1;30mLevel 1[0m _identify(datasets/SJZNB.v9i.yolov8/test/labels) by extension 'ros'
[16.078s] [34mcolcon.colcon_core.package_identification[0m [1;30mLevel 1[0m _identify(datasets/SJZNB.v9i.yolov8/test/labels) by extensions ['cmake', 'python']
[16.078s] [34mcolcon.colcon_core.package_identification[0m [1;30mLevel 1[0m _identify(datasets/SJZNB.v9i.yolov8/test/labels) by extension 'cmake'
[16.078s] [34mcolcon.colcon_core.package_identification[0m [1;30mLevel 1[0m _identify(datasets/SJZNB.v9i.yolov8/test/labels) by extension 'python'
[16.079s] [34mcolcon.colcon_core.package_identification[0m [1;30mLevel 1[0m _identify(datasets/SJZNB.v9i.yolov8/test/labels) by extensions ['python_setup_py']
[16.079s] [34mcolcon.colcon_core.package_identification[0m [1;30mLevel 1[0m _identify(datasets/SJZNB.v9i.yolov8/test/labels) by extension 'python_setup_py'
[16.079s] [34mcolcon.colcon_core.package_identification[0m [1;30mLevel 1[0m _identify(datasets/SJZNB.v9i.yolov8/train) by extensions ['ignore', 'ignore_ament_install']
[16.079s] [34mcolcon.colcon_core.package_identification[0m [1;30mLevel 1[0m _identify(datasets/SJZNB.v9i.yolov8/train) by extension 'ignore'
[16.079s] [34mcolcon.colcon_core.package_identification[0m [1;30mLevel 1[0m _identify(datasets/SJZNB.v9i.yolov8/train) by extension 'ignore_ament_install'
[16.079s] [34mcolcon.colcon_core.package_identification[0m [1;30mLevel 1[0m _identify(datasets/SJZNB.v9i.yolov8/train) by extensions ['colcon_pkg']
[16.079s] [34mcolcon.colcon_core.package_identification[0m [1;30mLevel 1[0m _identify(datasets/SJZNB.v9i.yolov8/train) by extension 'colcon_pkg'
[16.079s] [34mcolcon.colcon_core.package_identification[0m [1;30mLevel 1[0m _identify(datasets/SJZNB.v9i.yolov8/train) by extensions ['colcon_meta']
[16.080s] [34mcolcon.colcon_core.package_identification[0m [1;30mLevel 1[0m _identify(datasets/SJZNB.v9i.yolov8/train) by extension 'colcon_meta'
[16.080s] [34mcolcon.colcon_core.package_identification[0m [1;30mLevel 1[0m _identify(datasets/SJZNB.v9i.yolov8/train) by extensions ['ros']
[16.080s] [34mcolcon.colcon_core.package_identification[0m [1;30mLevel 1[0m _identify(datasets/SJZNB.v9i.yolov8/train) by extension 'ros'
[16.080s] [34mcolcon.colcon_core.package_identification[0m [1;30mLevel 1[0m _identify(datasets/SJZNB.v9i.yolov8/train) by extensions ['cmake', 'python']
[16.080s] [34mcolcon.colcon_core.package_identification[0m [1;30mLevel 1[0m _identify(datasets/SJZNB.v9i.yolov8/train) by extension 'cmake'
[16.080s] [34mcolcon.colcon_core.package_identification[0m [1;30mLevel 1[0m _identify(datasets/SJZNB.v9i.yolov8/train) by extension 'python'
[16.080s] [34mcolcon.colcon_core.package_identification[0m [1;30mLevel 1[0m _identify(datasets/SJZNB.v9i.yolov8/train) by extensions ['python_setup_py']
[16.080s] [34mcolcon.colcon_core.package_identification[0m [1;30mLevel 1[0m _identify(datasets/SJZNB.v9i.yolov8/train) by extension 'python_setup_py'
[16.082s] [34mcolcon.colcon_core.package_identification[0m [1;30mLevel 1[0m _identify(datasets/SJZNB.v9i.yolov8/train/images) by extensions ['ignore', 'ignore_ament_install']
[16.082s] [34mcolcon.colcon_core.package_identification[0m [1;30mLevel 1[0m _identify(datasets/SJZNB.v9i.yolov8/train/images) by extension 'ignore'
[16.082s] [34mcolcon.colcon_core.package_identification[0m [1;30mLevel 1[0m _identify(datasets/SJZNB.v9i.yolov8/train/images) by extension 'ignore_ament_install'
[16.082s] [34mcolcon.colcon_core.package_identification[0m [1;30mLevel 1[0m _identify(datasets/SJZNB.v9i.yolov8/train/images) by extensions ['colcon_pkg']
[16.082s] [34mcolcon.colcon_core.package_identification[0m [1;30mLevel 1[0m _identify(datasets/SJZNB.v9i.yolov8/train/images) by extension 'colcon_pkg'
[16.082s] [34mcolcon.colcon_core.package_identification[0m [1;30mLevel 1[0m _identify(datasets/SJZNB.v9i.yolov8/train/images) by extensions ['colcon_meta']
[16.083s] [34mcolcon.colcon_core.package_identification[0m [1;30mLevel 1[0m _identify(datasets/SJZNB.v9i.yolov8/train/images) by extension 'colcon_meta'
[16.083s] [34mcolcon.colcon_core.package_identification[0m [1;30mLevel 1[0m _identify(datasets/SJZNB.v9i.yolov8/train/images) by extensions ['ros']
[16.083s] [34mcolcon.colcon_core.package_identification[0m [1;30mLevel 1[0m _identify(datasets/SJZNB.v9i.yolov8/train/images) by extension 'ros'
[16.083s] [34mcolcon.colcon_core.package_identification[0m [1;30mLevel 1[0m _identify(datasets/SJZNB.v9i.yolov8/train/images) by extensions ['cmake', 'python']
[16.083s] [34mcolcon.colcon_core.package_identification[0m [1;30mLevel 1[0m _identify(datasets/SJZNB.v9i.yolov8/train/images) by extension 'cmake'
[16.083s] [34mcolcon.colcon_core.package_identification[0m [1;30mLevel 1[0m _identify(datasets/SJZNB.v9i.yolov8/train/images) by extension 'python'
[16.083s] [34mcolcon.colcon_core.package_identification[0m [1;30mLevel 1[0m _identify(datasets/SJZNB.v9i.yolov8/train/images) by extensions ['python_setup_py']
[16.083s] [34mcolcon.colcon_core.package_identification[0m [1;30mLevel 1[0m _identify(datasets/SJZNB.v9i.yolov8/train/images) by extension 'python_setup_py'
[16.085s] [34mcolcon.colcon_core.package_identification[0m [1;30mLevel 1[0m _identify(datasets/SJZNB.v9i.yolov8/train/labels) by extensions ['ignore', 'ignore_ament_install']
[16.085s] [34mcolcon.colcon_core.package_identification[0m [1;30mLevel 1[0m _identify(datasets/SJZNB.v9i.yolov8/train/labels) by extension 'ignore'
[16.085s] [34mcolcon.colcon_core.package_identification[0m [1;30mLevel 1[0m _identify(datasets/SJZNB.v9i.yolov8/train/labels) by extension 'ignore_ament_install'
[16.085s] [34mcolcon.colcon_core.package_identification[0m [1;30mLevel 1[0m _identify(datasets/SJZNB.v9i.yolov8/train/labels) by extensions ['colcon_pkg']
[16.085s] [34mcolcon.colcon_core.package_identification[0m [1;30mLevel 1[0m _identify(datasets/SJZNB.v9i.yolov8/train/labels) by extension 'colcon_pkg'
[16.086s] [34mcolcon.colcon_core.package_identification[0m [1;30mLevel 1[0m _identify(datasets/SJZNB.v9i.yolov8/train/labels) by extensions ['colcon_meta']
[16.086s] [34mcolcon.colcon_core.package_identification[0m [1;30mLevel 1[0m _identify(datasets/SJZNB.v9i.yolov8/train/labels) by extension 'colcon_meta'
[16.086s] [34mcolcon.colcon_core.package_identification[0m [1;30mLevel 1[0m _identify(datasets/SJZNB.v9i.yolov8/train/labels) by extensions ['ros']
[16.086s] [34mcolcon.colcon_core.package_identification[0m [1;30mLevel 1[0m _identify(datasets/SJZNB.v9i.yolov8/train/labels) by extension 'ros'
[16.086s] [34mcolcon.colcon_core.package_identification[0m [1;30mLevel 1[0m _identify(datasets/SJZNB.v9i.yolov8/train/labels) by extensions ['cmake', 'python']
[16.086s] [34mcolcon.colcon_core.package_identification[0m [1;30mLevel 1[0m _identify(datasets/SJZNB.v9i.yolov8/train/labels) by extension 'cmake'
[16.086s] [34mcolcon.colcon_core.package_identification[0m [1;30mLevel 1[0m _identify(datasets/SJZNB.v9i.yolov8/train/labels) by extension 'python'
[16.086s] [34mcolcon.colcon_core.package_identification[0m [1;30mLevel 1[0m _identify(datasets/SJZNB.v9i.yolov8/train/labels) by extensions ['python_setup_py']
[16.086s] [34mcolcon.colcon_core.package_identification[0m [1;30mLevel 1[0m _identify(datasets/SJZNB.v9i.yolov8/train/labels) by extension 'python_setup_py'
[16.087s] [34mcolcon.colcon_core.package_identification[0m [1;30mLevel 1[0m _identify(datasets/SJZNB.v9i.yolov8/valid) by extensions ['ignore', 'ignore_ament_install']
[16.087s] [34mcolcon.colcon_core.package_identification[0m [1;30mLevel 1[0m _identify(datasets/SJZNB.v9i.yolov8/valid) by extension 'ignore'
[16.087s] [34mcolcon.colcon_core.package_identification[0m [1;30mLevel 1[0m _identify(datasets/SJZNB.v9i.yolov8/valid) by extension 'ignore_ament_install'
[16.087s] [34mcolcon.colcon_core.package_identification[0m [1;30mLevel 1[0m _identify(datasets/SJZNB.v9i.yolov8/valid) by extensions ['colcon_pkg']
[16.087s] [34mcolcon.colcon_core.package_identification[0m [1;30mLevel 1[0m _identify(datasets/SJZNB.v9i.yolov8/valid) by extension 'colcon_pkg'
[16.087s] [34mcolcon.colcon_core.package_identification[0m [1;30mLevel 1[0m _identify(datasets/SJZNB.v9i.yolov8/valid) by extensions ['colcon_meta']
[16.087s] [34mcolcon.colcon_core.package_identification[0m [1;30mLevel 1[0m _identify(datasets/SJZNB.v9i.yolov8/valid) by extension 'colcon_meta'
[16.088s] [34mcolcon.colcon_core.package_identification[0m [1;30mLevel 1[0m _identify(datasets/SJZNB.v9i.yolov8/valid) by extensions ['ros']
[16.088s] [34mcolcon.colcon_core.package_identification[0m [1;30mLevel 1[0m _identify(datasets/SJZNB.v9i.yolov8/valid) by extension 'ros'
[16.088s] [34mcolcon.colcon_core.package_identification[0m [1;30mLevel 1[0m _identify(datasets/SJZNB.v9i.yolov8/valid) by extensions ['cmake', 'python']
[16.088s] [34mcolcon.colcon_core.package_identification[0m [1;30mLevel 1[0m _identify(datasets/SJZNB.v9i.yolov8/valid) by extension 'cmake'
[16.088s] [34mcolcon.colcon_core.package_identification[0m [1;30mLevel 1[0m _identify(datasets/SJZNB.v9i.yolov8/valid) by extension 'python'
[16.088s] [34mcolcon.colcon_core.package_identification[0m [1;30mLevel 1[0m _identify(datasets/SJZNB.v9i.yolov8/valid) by extensions ['python_setup_py']
[16.088s] [34mcolcon.colcon_core.package_identification[0m [1;30mLevel 1[0m _identify(datasets/SJZNB.v9i.yolov8/valid) by extension 'python_setup_py'
[16.088s] [34mcolcon.colcon_core.package_identification[0m [1;30mLevel 1[0m _identify(datasets/SJZNB.v9i.yolov8/valid/images) by extensions ['ignore', 'ignore_ament_install']
[16.089s] [34mcolcon.colcon_core.package_identification[0m [1;30mLevel 1[0m _identify(datasets/SJZNB.v9i.yolov8/valid/images) by extension 'ignore'
[16.089s] [34mcolcon.colcon_core.package_identification[0m [1;30mLevel 1[0m _identify(datasets/SJZNB.v9i.yolov8/valid/images) by extension 'ignore_ament_install'
[16.089s] [34mcolcon.colcon_core.package_identification[0m [1;30mLevel 1[0m _identify(datasets/SJZNB.v9i.yolov8/valid/images) by extensions ['colcon_pkg']
[16.089s] [34mcolcon.colcon_core.package_identification[0m [1;30mLevel 1[0m _identify(datasets/SJZNB.v9i.yolov8/valid/images) by extension 'colcon_pkg'
[16.089s] [34mcolcon.colcon_core.package_identification[0m [1;30mLevel 1[0m _identify(datasets/SJZNB.v9i.yolov8/valid/images) by extensions ['colcon_meta']
[16.089s] [34mcolcon.colcon_core.package_identification[0m [1;30mLevel 1[0m _identify(datasets/SJZNB.v9i.yolov8/valid/images) by extension 'colcon_meta'
[16.089s] [34mcolcon.colcon_core.package_identification[0m [1;30mLevel 1[0m _identify(datasets/SJZNB.v9i.yolov8/valid/images) by extensions ['ros']
[16.089s] [34mcolcon.colcon_core.package_identification[0m [1;30mLevel 1[0m _identify(datasets/SJZNB.v9i.yolov8/valid/images) by extension 'ros'
[16.090s] [34mcolcon.colcon_core.package_identification[0m [1;30mLevel 1[0m _identify(datasets/SJZNB.v9i.yolov8/valid/images) by extensions ['cmake', 'python']
[16.090s] [34mcolcon.colcon_core.package_identification[0m [1;30mLevel 1[0m _identify(datasets/SJZNB.v9i.yolov8/valid/images) by extension 'cmake'
[16.090s] [34mcolcon.colcon_core.package_identification[0m [1;30mLevel 1[0m _identify(datasets/SJZNB.v9i.yolov8/valid/images) by extension 'python'
[16.090s] [34mcolcon.colcon_core.package_identification[0m [1;30mLevel 1[0m _identify(datasets/SJZNB.v9i.yolov8/valid/images) by extensions ['python_setup_py']
[16.090s] [34mcolcon.colcon_core.package_identification[0m [1;30mLevel 1[0m _identify(datasets/SJZNB.v9i.yolov8/valid/images) by extension 'python_setup_py'
[16.090s] [34mcolcon.colcon_core.package_identification[0m [1;30mLevel 1[0m _identify(datasets/SJZNB.v9i.yolov8/valid/labels) by extensions ['ignore', 'ignore_ament_install']
[16.091s] [34mcolcon.colcon_core.package_identification[0m [1;30mLevel 1[0m _identify(datasets/SJZNB.v9i.yolov8/valid/labels) by extension 'ignore'
[16.091s] [34mcolcon.colcon_core.package_identification[0m [1;30mLevel 1[0m _identify(datasets/SJZNB.v9i.yolov8/valid/labels) by extension 'ignore_ament_install'
[16.091s] [34mcolcon.colcon_core.package_identification[0m [1;30mLevel 1[0m _identify(datasets/SJZNB.v9i.yolov8/valid/labels) by extensions ['colcon_pkg']
[16.091s] [34mcolcon.colcon_core.package_identification[0m [1;30mLevel 1[0m _identify(datasets/SJZNB.v9i.yolov8/valid/labels) by extension 'colcon_pkg'
[16.091s] [34mcolcon.colcon_core.package_identification[0m [1;30mLevel 1[0m _identify(datasets/SJZNB.v9i.yolov8/valid/labels) by extensions ['colcon_meta']
[16.091s] [34mcolcon.colcon_core.package_identification[0m [1;30mLevel 1[0m _identify(datasets/SJZNB.v9i.yolov8/valid/labels) by extension 'colcon_meta'
[16.091s] [34mcolcon.colcon_core.package_identification[0m [1;30mLevel 1[0m _identify(datasets/SJZNB.v9i.yolov8/valid/labels) by extensions ['ros']
[16.091s] [34mcolcon.colcon_core.package_identification[0m [1;30mLevel 1[0m _identify(datasets/SJZNB.v9i.yolov8/valid/labels) by extension 'ros'
[16.091s] [34mcolcon.colcon_core.package_identification[0m [1;30mLevel 1[0m _identify(datasets/SJZNB.v9i.yolov8/valid/labels) by extensions ['cmake', 'python']
[16.092s] [34mcolcon.colcon_core.package_identification[0m [1;30mLevel 1[0m _identify(datasets/SJZNB.v9i.yolov8/valid/labels) by extension 'cmake'
[16.092s] [34mcolcon.colcon_core.package_identification[0m [1;30mLevel 1[0m _identify(datasets/SJZNB.v9i.yolov8/valid/labels) by extension 'python'
[16.092s] [34mcolcon.colcon_core.package_identification[0m [1;30mLevel 1[0m _identify(datasets/SJZNB.v9i.yolov8/valid/labels) by extensions ['python_setup_py']
[16.092s] [34mcolcon.colcon_core.package_identification[0m [1;30mLevel 1[0m _identify(datasets/SJZNB.v9i.yolov8/valid/labels) by extension 'python_setup_py'
[16.092s] [34mcolcon.colcon_core.package_identification[0m [1;30mLevel 1[0m _identify(install) by extensions ['ignore', 'ignore_ament_install']
[16.092s] [34mcolcon.colcon_core.package_identification[0m [1;30mLevel 1[0m _identify(install) by extension 'ignore'
[16.092s] [34mcolcon.colcon_core.package_identification[0m [1;30mLevel 1[0m _identify(install) ignored
[16.093s] [34mcolcon.colcon_core.package_identification[0m [1;30mLevel 1[0m _identify(log) by extensions ['ignore', 'ignore_ament_install']
[16.093s] [34mcolcon.colcon_core.package_identification[0m [1;30mLevel 1[0m _identify(log) by extension 'ignore'
[16.093s] [34mcolcon.colcon_core.package_identification[0m [1;30mLevel 1[0m _identify(log) ignored
[16.094s] [34mcolcon.colcon_core.package_identification[0m [1;30mLevel 1[0m _identify(src) by extensions ['ignore', 'ignore_ament_install']
[16.094s] [34mcolcon.colcon_core.package_identification[0m [1;30mLevel 1[0m _identify(src) by extension 'ignore'
[16.094s] [34mcolcon.colcon_core.package_identification[0m [1;30mLevel 1[0m _identify(src) by extension 'ignore_ament_install'
[16.094s] [34mcolcon.colcon_core.package_identification[0m [1;30mLevel 1[0m _identify(src) by extensions ['colcon_pkg']
[16.094s] [34mcolcon.colcon_core.package_identification[0m [1;30mLevel 1[0m _identify(src) by extension 'colcon_pkg'
[16.094s] [34mcolcon.colcon_core.package_identification[0m [1;30mLevel 1[0m _identify(src) by extensions ['colcon_meta']
[16.094s] [34mcolcon.colcon_core.package_identification[0m [1;30mLevel 1[0m _identify(src) by extension 'colcon_meta'
[16.095s] [34mcolcon.colcon_core.package_identification[0m [1;30mLevel 1[0m _identify(src) by extensions ['ros']
[16.095s] [34mcolcon.colcon_core.package_identification[0m [1;30mLevel 1[0m _identify(src) by extension 'ros'
[16.095s] [34mcolcon.colcon_core.package_identification[0m [1;30mLevel 1[0m _identify(src) by extensions ['cmake', 'python']
[16.095s] [34mcolcon.colcon_core.package_identification[0m [1;30mLevel 1[0m _identify(src) by extension 'cmake'
[16.095s] [34mcolcon.colcon_core.package_identification[0m [1;30mLevel 1[0m _identify(src) by extension 'python'
[16.095s] [34mcolcon.colcon_core.package_identification[0m [1;30mLevel 1[0m _identify(src) by extensions ['python_setup_py']
[16.095s] [34mcolcon.colcon_core.package_identification[0m [1;30mLevel 1[0m _identify(src) by extension 'python_setup_py'
[16.095s] [34mcolcon.colcon_core.package_identification[0m [1;30mLevel 1[0m _identify(src/my_package) by extensions ['ignore', 'ignore_ament_install']
[16.096s] [34mcolcon.colcon_core.package_identification[0m [1;30mLevel 1[0m _identify(src/my_package) by extension 'ignore'
[16.096s] [34mcolcon.colcon_core.package_identification[0m [1;30mLevel 1[0m _identify(src/my_package) by extension 'ignore_ament_install'
[16.096s] [34mcolcon.colcon_core.package_identification[0m [1;30mLevel 1[0m _identify(src/my_package) by extensions ['colcon_pkg']
[16.096s] [34mcolcon.colcon_core.package_identification[0m [1;30mLevel 1[0m _identify(src/my_package) by extension 'colcon_pkg'
[16.096s] [34mcolcon.colcon_core.package_identification[0m [1;30mLevel 1[0m _identify(src/my_package) by extensions ['colcon_meta']
[16.096s] [34mcolcon.colcon_core.package_identification[0m [1;30mLevel 1[0m _identify(src/my_package) by extension 'colcon_meta'
[16.096s] [34mcolcon.colcon_core.package_identification[0m [1;30mLevel 1[0m _identify(src/my_package) by extensions ['ros']
[16.096s] [34mcolcon.colcon_core.package_identification[0m [1;30mLevel 1[0m _identify(src/my_package) by extension 'ros'
[16.102s] [34mcolcon.colcon_core.package_identification[0m [1;30mDEBUG[0m [32mPackage 'src/my_package' with type 'ros.ament_python' and name 'my_package'[0m
[16.103s] [34mcolcon.colcon_core.package_identification[0m [1;30mLevel 1[0m _identify(src/object_detection) by extensions ['ignore', 'ignore_ament_install']
[16.103s] [34mcolcon.colcon_core.package_identification[0m [1;30mLevel 1[0m _identify(src/object_detection) by extension 'ignore'
[16.103s] [34mcolcon.colcon_core.package_identification[0m [1;30mLevel 1[0m _identify(src/object_detection) by extension 'ignore_ament_install'
[16.103s] [34mcolcon.colcon_core.package_identification[0m [1;30mLevel 1[0m _identify(src/object_detection) by extensions ['colcon_pkg']
[16.103s] [34mcolcon.colcon_core.package_identification[0m [1;30mLevel 1[0m _identify(src/object_detection) by extension 'colcon_pkg'
[16.103s] [34mcolcon.colcon_core.package_identification[0m [1;30mLevel 1[0m _identify(src/object_detection) by extensions ['colcon_meta']
[16.103s] [34mcolcon.colcon_core.package_identification[0m [1;30mLevel 1[0m _identify(src/object_detection) by extension 'colcon_meta'
[16.104s] [34mcolcon.colcon_core.package_identification[0m [1;30mLevel 1[0m _identify(src/object_detection) by extensions ['ros']
[16.104s] [34mcolcon.colcon_core.package_identification[0m [1;30mLevel 1[0m _identify(src/object_detection) by extension 'ros'
[16.105s] [34mcolcon.colcon_core.package_identification[0m [1;30mDEBUG[0m [32mPackage 'src/object_detection' with type 'ros.ament_python' and name 'object_detection'[0m
[16.105s] [34mcolcon.colcon_core.package_discovery[0m [1;30mLevel 1[0m discover_packages(recursive) using defaults
[16.105s] [34mcolcon.colcon_core.package_discovery[0m [1;30mLevel 1[0m discover_packages(ignore) discover
[16.105s] [34mcolcon.colcon_core.package_discovery[0m [1;30mLevel 1[0m discover_packages(ignore) using defaults
[16.105s] [34mcolcon.colcon_core.package_discovery[0m [1;30mLevel 1[0m discover_packages(path) discover
[16.105s] [34mcolcon.colcon_core.package_discovery[0m [1;30mLevel 1[0m discover_packages(path) using defaults
[17.225s] [34mcolcon.colcon_core.verb[0m [1;30mLevel 5[0m set package 'my_package' build argument 'cmake_args' from command line to 'None'
[17.226s] [34mcolcon.colcon_core.verb[0m [1;30mLevel 5[0m set package 'my_package' build argument 'cmake_target' from command line to 'None'
[17.226s] [34mcolcon.colcon_core.verb[0m [1;30mLevel 5[0m set package 'my_package' build argument 'cmake_target_skip_unavailable' from command line to 'False'
[17.226s] [34mcolcon.colcon_core.verb[0m [1;30mLevel 5[0m set package 'my_package' build argument 'cmake_clean_cache' from command line to 'False'
[17.226s] [34mcolcon.colcon_core.verb[0m [1;30mLevel 5[0m set package 'my_package' build argument 'cmake_clean_first' from command line to 'False'
[17.226s] [34mcolcon.colcon_core.verb[0m [1;30mLevel 5[0m set package 'my_package' build argument 'cmake_force_configure' from command line to 'False'
[17.226s] [34mcolcon.colcon_core.verb[0m [1;30mLevel 5[0m set package 'my_package' build argument 'ament_cmake_args' from command line to 'None'
[17.226s] [34mcolcon.colcon_core.verb[0m [1;30mLevel 5[0m set package 'my_package' build argument 'catkin_cmake_args' from command line to 'None'
[17.226s] [34mcolcon.colcon_core.verb[0m [1;30mLevel 5[0m set package 'my_package' build argument 'catkin_skip_building_tests' from command line to 'False'
[17.226s] [34mcolcon.colcon_core.verb[0m [1;30mDEBUG[0m [32mBuilding package 'my_package' with the following arguments: {'ament_cmake_args': None, 'build_base': '/home/cadt-02/Object-Detection/ros2_ws/build/my_package', 'catkin_cmake_args': None, 'catkin_skip_building_tests': False, 'cmake_args': None, 'cmake_clean_cache': False, 'cmake_clean_first': False, 'cmake_force_configure': False, 'cmake_target': None, 'cmake_target_skip_unavailable': False, 'install_base': '/home/cadt-02/Object-Detection/ros2_ws/install/my_package', 'merge_install': False, 'path': '/home/cadt-02/Object-Detection/ros2_ws/src/my_package', 'symlink_install': False, 'test_result_base': None}[0m
[17.498s] [34mcolcon.colcon_core.verb[0m [1;30mLevel 5[0m set package 'object_detection' build argument 'cmake_args' from command line to 'None'
[17.499s] [34mcolcon.colcon_core.verb[0m [1;30mLevel 5[0m set package 'object_detection' build argument 'cmake_target' from command line to 'None'
[17.499s] [34mcolcon.colcon_core.verb[0m [1;30mLevel 5[0m set package 'object_detection' build argument 'cmake_target_skip_unavailable' from command line to 'False'
[17.499s] [34mcolcon.colcon_core.verb[0m [1;30mLevel 5[0m set package 'object_detection' build argument 'cmake_clean_cache' from command line to 'False'
[17.499s] [34mcolcon.colcon_core.verb[0m [1;30mLevel 5[0m set package 'object_detection' build argument 'cmake_clean_first' from command line to 'False'
[17.499s] [34mcolcon.colcon_core.verb[0m [1;30mLevel 5[0m set package 'object_detection' build argument 'cmake_force_configure' from command line to 'False'
[17.499s] [34mcolcon.colcon_core.verb[0m [1;30mLevel 5[0m set package 'object_detection' build argument 'ament_cmake_args' from command line to 'None'
[17.499s] [34mcolcon.colcon_core.verb[0m [1;30mLevel 5[0m set package 'object_detection' build argument 'catkin_cmake_args' from command line to 'None'
[17.499s] [34mcolcon.colcon_core.verb[0m [1;30mLevel 5[0m set package 'object_detection' build argument 'catkin_skip_building_tests' from command line to 'False'
[17.499s] [34mcolcon.colcon_core.verb[0m [1;30mDEBUG[0m [32mBuilding package 'object_detection' with the following arguments: {'ament_cmake_args': None, 'build_base': '/home/cadt-02/Object-Detection/ros2_ws/build/object_detection', 'catkin_cmake_args': None, 'catkin_skip_building_tests': False, 'cmake_args': None, 'cmake_clean_cache': False, 'cmake_clean_first': False, 'cmake_force_configure': False, 'cmake_target': None, 'cmake_target_skip_unavailable': False, 'install_base': '/home/cadt-02/Object-Detection/ros2_ws/install/object_detection', 'merge_install': False, 'path': '/home/cadt-02/Object-Detection/ros2_ws/src/object_detection', 'symlink_install': False, 'test_result_base': None}[0m
[17.770s] [34mcolcon.colcon_core.executor[0m [1;30mINFO[0m Executing jobs using 'parallel' executor
[18.043s] [34mcolcon.colcon_parallel_executor.executor.parallel[0m [1;30mDEBUG[0m [32mrun_until_complete[0m
[18.044s] [34mcolcon.colcon_ros.task.ament_python.build[0m [1;30mINFO[0m Building ROS package in '/home/cadt-02/Object-Detection/ros2_ws/src/my_package' with build type 'ament_python'
[18.044s] [34mcolcon.colcon_core.shell[0m [1;30mLevel 1[0m create_environment_hook('my_package', 'ament_prefix_path')
[18.325s] [34mcolcon.colcon_core.plugin_system[0m [1;30mINFO[0m Skipping extension 'colcon_core.shell.bat': Not used on non-Windows systems
[18.326s] [34mcolcon.colcon_core.shell[0m [1;30mINFO[0m Creating environment hook '/home/cadt-02/Object-Detection/ros2_ws/install/my_package/share/my_package/hook/ament_prefix_path.ps1'
[18.327s] [34mcolcon.colcon_core.shell[0m [1;30mINFO[0m Creating environment descriptor '/home/cadt-02/Object-Detection/ros2_ws/install/my_package/share/my_package/hook/ament_prefix_path.dsv'
[18.328s] [34mcolcon.colcon_core.shell[0m [1;30mINFO[0m Creating environment hook '/home/cadt-02/Object-Detection/ros2_ws/install/my_package/share/my_package/hook/ament_prefix_path.sh'
[18.605s] [34mcolcon.colcon_core.shell[0m [1;30mINFO[0m Skip shell extension 'powershell' for command environment: Not usable outside of PowerShell
[18.605s] [34mcolcon.colcon_core.shell[0m [1;30mDEBUG[0m [32mSkip shell extension 'dsv' for command environment[0m
[19.444s] [34mcolcon.colcon_ros.task.ament_python.build[0m [1;30mINFO[0m Building ROS package in '/home/cadt-02/Object-Detection/ros2_ws/src/object_detection' with build type 'ament_python'
[19.445s] [34mcolcon.colcon_core.shell[0m [1;30mLevel 1[0m create_environment_hook('object_detection', 'ament_prefix_path')
[19.725s] [34mcolcon.colcon_core.shell[0m [1;30mINFO[0m Creating environment hook '/home/cadt-02/Object-Detection/ros2_ws/install/object_detection/share/object_detection/hook/ament_prefix_path.ps1'
[19.726s] [34mcolcon.colcon_core.shell[0m [1;30mINFO[0m Creating environment descriptor '/home/cadt-02/Object-Detection/ros2_ws/install/object_detection/share/object_detection/hook/ament_prefix_path.dsv'
[19.727s] [34mcolcon.colcon_core.shell[0m [1;30mINFO[0m Creating environment hook '/home/cadt-02/Object-Detection/ros2_ws/install/object_detection/share/object_detection/hook/ament_prefix_path.sh'
[20.004s] [34mcolcon.colcon_core.shell[0m [1;30mINFO[0m Skip shell extension 'powershell' for command environment: Not usable outside of PowerShell
[20.004s] [34mcolcon.colcon_core.shell[0m [1;30mDEBUG[0m [32mSkip shell extension 'dsv' for command environment[0m
[21.316s] [34mcolcon.colcon_core.task.python.build[0m [1;30mINFO[0m Building Python package in '/home/cadt-02/Object-Detection/ros2_ws/src/my_package'
[21.597s] [34mcolcon.colcon_core.shell[0m [1;30mINFO[0m Skip shell extension 'powershell' for command environment: Not usable outside of PowerShell
[21.597s] [34mcolcon.colcon_core.shell[0m [1;30mDEBUG[0m [32mSkip shell extension 'dsv' for command environment[0m
[22.891s] [34mcolcon.colcon_core.task.python.build[0m [1;30mINFO[0m Building Python package in '/home/cadt-02/Object-Detection/ros2_ws/src/object_detection'
[23.173s] [34mcolcon.colcon_core.shell[0m [1;30mINFO[0m Skip shell extension 'powershell' for command environment: Not usable outside of PowerShell
[23.174s] [34mcolcon.colcon_core.shell[0m [1;30mDEBUG[0m [32mSkip shell extension 'dsv' for command environment[0m
[25.481s] [34mcolcon.colcon_core.event_handler.log_command[0m [1;30mDEBUG[0m [32mInvoking command in '/home/cadt-02/Object-Detection/ros2_ws/src/object_detection': PYTHONPATH=/home/cadt-02/Object-Detection/ros2_ws/build/object_detection/prefix_override:/home/cadt-02/Object-Detection/ros2_ws/install/object_detection/lib/python3.8/site-packages:${PYTHONPATH} /usr/bin/python3 setup.py egg_info --egg-base ../../build/object_detection build --build-base /home/cadt-02/Object-Detection/ros2_ws/build/object_detection/build install --record /home/cadt-02/Object-Detection/ros2_ws/build/object_detection/install.log --install-scripts $base/lib/object_detection --single-version-externally-managed[0m
[25.492s] [34mcolcon.colcon_core.event_handler.log_command[0m [1;30mDEBUG[0m [32mInvoking command in '/home/cadt-02/Object-Detection/ros2_ws/src/my_package': PYTHONPATH=/home/cadt-02/Object-Detection/ros2_ws/build/my_package/prefix_override:/home/cadt-02/Object-Detection/ros2_ws/install/my_package/lib/python3.8/site-packages:${PYTHONPATH} /usr/bin/python3 setup.py egg_info --egg-base ../../build/my_package build --build-base /home/cadt-02/Object-Detection/ros2_ws/build/my_package/build install --record /home/cadt-02/Object-Detection/ros2_ws/build/my_package/install.log --single-version-externally-managed[0m
[26.715s] [34mcolcon.colcon_core.event_handler.log_command[0m [1;30mDEBUG[0m [32mInvoked command in '/home/cadt-02/Object-Detection/ros2_ws/src/object_detection' returned '0': PYTHONPATH=/home/cadt-02/Object-Detection/ros2_ws/build/object_detection/prefix_override:/home/cadt-02/Object-Detection/ros2_ws/install/object_detection/lib/python3.8/site-packages:${PYTHONPATH} /usr/bin/python3 setup.py egg_info --egg-base ../../build/object_detection build --build-base /home/cadt-02/Object-Detection/ros2_ws/build/object_detection/build install --record /home/cadt-02/Object-Detection/ros2_ws/build/object_detection/install.log --install-scripts $base/lib/object_detection --single-version-externally-managed[0m
[27.014s] [34mcolcon.colcon_core.environment[0m [1;30mLevel 1[0m checking '/home/cadt-02/Object-Detection/ros2_ws/install/object_detection' for CMake module files
[27.015s] [34mcolcon.colcon_core.environment[0m [1;30mLevel 1[0m checking '/home/cadt-02/Object-Detection/ros2_ws/install/object_detection' for CMake config files
[27.017s] [34mcolcon.colcon_core.environment[0m [1;30mLevel 1[0m checking '/home/cadt-02/Object-Detection/ros2_ws/install/object_detection/lib'
[27.017s] [34mcolcon.colcon_core.environment[0m [1;30mLevel 1[0m checking '/home/cadt-02/Object-Detection/ros2_ws/install/object_detection/bin'
[27.017s] [34mcolcon.colcon_core.environment[0m [1;30mLevel 1[0m checking '/home/cadt-02/Object-Detection/ros2_ws/install/object_detection/lib/pkgconfig/object_detection.pc'
[27.018s] [34mcolcon.colcon_core.environment[0m [1;30mLevel 1[0m checking '/home/cadt-02/Object-Detection/ros2_ws/install/object_detection/lib/python3.8/site-packages'
[27.018s] [34mcolcon.colcon_core.shell[0m [1;30mLevel 1[0m create_environment_hook('object_detection', 'pythonpath')
[27.298s] [34mcolcon.colcon_core.shell[0m [1;30mINFO[0m Creating environment hook '/home/cadt-02/Object-Detection/ros2_ws/install/object_detection/share/object_detection/hook/pythonpath.ps1'
[27.299s] [34mcolcon.colcon_core.shell[0m [1;30mINFO[0m Creating environment descriptor '/home/cadt-02/Object-Detection/ros2_ws/install/object_detection/share/object_detection/hook/pythonpath.dsv'
[27.300s] [34mcolcon.colcon_core.shell[0m [1;30mINFO[0m Creating environment hook '/home/cadt-02/Object-Detection/ros2_ws/install/object_detection/share/object_detection/hook/pythonpath.sh'
[27.301s] [34mcolcon.colcon_core.environment[0m [1;30mLevel 1[0m checking '/home/cadt-02/Object-Detection/ros2_ws/install/object_detection/bin'
[27.301s] [34mcolcon.colcon_core.environment[0m [1;30mLevel 1[0m create_environment_scripts_only(object_detection)
[27.580s] [34mcolcon.colcon_core.shell[0m [1;30mINFO[0m Creating package script '/home/cadt-02/Object-Detection/ros2_ws/install/object_detection/share/object_detection/package.ps1'
[27.582s] [34mcolcon.colcon_core.shell[0m [1;30mINFO[0m Creating package descriptor '/home/cadt-02/Object-Detection/ros2_ws/install/object_detection/share/object_detection/package.dsv'
[27.584s] [34mcolcon.colcon_core.shell[0m [1;30mINFO[0m Creating package script '/home/cadt-02/Object-Detection/ros2_ws/install/object_detection/share/object_detection/package.sh'
[27.585s] [34mcolcon.colcon_core.shell[0m [1;30mINFO[0m Creating package script '/home/cadt-02/Object-Detection/ros2_ws/install/object_detection/share/object_detection/package.bash'
[27.587s] [34mcolcon.colcon_core.shell[0m [1;30mINFO[0m Creating package script '/home/cadt-02/Object-Detection/ros2_ws/install/object_detection/share/object_detection/package.zsh'
[27.588s] [34mcolcon.colcon_core.environment[0m [1;30mLevel 1[0m create_file_with_runtime_dependencies(/home/cadt-02/Object-Detection/ros2_ws/install/object_detection/share/colcon-core/packages/object_detection)
[27.593s] [34mcolcon.colcon_core.event_handler.log_command[0m [1;30mDEBUG[0m [32mInvoked command in '/home/cadt-02/Object-Detection/ros2_ws/src/my_package' returned '0': PYTHONPATH=/home/cadt-02/Object-Detection/ros2_ws/build/my_package/prefix_override:/home/cadt-02/Object-Detection/ros2_ws/install/my_package/lib/python3.8/site-packages:${PYTHONPATH} /usr/bin/python3 setup.py egg_info --egg-base ../../build/my_package build --build-base /home/cadt-02/Object-Detection/ros2_ws/build/my_package/build install --record /home/cadt-02/Object-Detection/ros2_ws/build/my_package/install.log --single-version-externally-managed[0m
[27.870s] [34mcolcon.colcon_core.environment[0m [1;30mLevel 1[0m checking '/home/cadt-02/Object-Detection/ros2_ws/install/my_package' for CMake module files
[27.871s] [34mcolcon.colcon_core.environment[0m [1;30mLevel 1[0m checking '/home/cadt-02/Object-Detection/ros2_ws/install/my_package' for CMake config files
[27.873s] [34mcolcon.colcon_core.environment[0m [1;30mLevel 1[0m checking '/home/cadt-02/Object-Detection/ros2_ws/install/my_package/lib'
[27.873s] [34mcolcon.colcon_core.environment[0m [1;30mLevel 1[0m checking '/home/cadt-02/Object-Detection/ros2_ws/install/my_package/bin'
[27.873s] [34mcolcon.colcon_core.environment[0m [1;30mLevel 1[0m checking '/home/cadt-02/Object-Detection/ros2_ws/install/my_package/lib/pkgconfig/my_package.pc'
[27.873s] [34mcolcon.colcon_core.environment[0m [1;30mLevel 1[0m checking '/home/cadt-02/Object-Detection/ros2_ws/install/my_package/lib/python3.8/site-packages'
[27.873s] [34mcolcon.colcon_core.shell[0m [1;30mLevel 1[0m create_environment_hook('my_package', 'pythonpath')
[28.149s] [34mcolcon.colcon_core.shell[0m [1;30mINFO[0m Creating environment hook '/home/cadt-02/Object-Detection/ros2_ws/install/my_package/share/my_package/hook/pythonpath.ps1'
[28.150s] [34mcolcon.colcon_core.shell[0m [1;30mINFO[0m Creating environment descriptor '/home/cadt-02/Object-Detection/ros2_ws/install/my_package/share/my_package/hook/pythonpath.dsv'
[28.151s] [34mcolcon.colcon_core.shell[0m [1;30mINFO[0m Creating environment hook '/home/cadt-02/Object-Detection/ros2_ws/install/my_package/share/my_package/hook/pythonpath.sh'
[28.152s] [34mcolcon.colcon_core.environment[0m [1;30mLevel 1[0m checking '/home/cadt-02/Object-Detection/ros2_ws/install/my_package/bin'
[28.152s] [34mcolcon.colcon_core.environment[0m [1;30mLevel 1[0m create_environment_scripts_only(my_package)
[28.432s] [34mcolcon.colcon_core.shell[0m [1;30mINFO[0m Creating package script '/home/cadt-02/Object-Detection/ros2_ws/install/my_package/share/my_package/package.ps1'
[28.434s] [34mcolcon.colcon_core.shell[0m [1;30mINFO[0m Creating package descriptor '/home/cadt-02/Object-Detection/ros2_ws/install/my_package/share/my_package/package.dsv'
[28.435s] [34mcolcon.colcon_core.shell[0m [1;30mINFO[0m Creating package script '/home/cadt-02/Object-Detection/ros2_ws/install/my_package/share/my_package/package.sh'
[28.435s] [34mcolcon.colcon_core.shell[0m [1;30mINFO[0m Creating package script '/home/cadt-02/Object-Detection/ros2_ws/install/my_package/share/my_package/package.bash'
[28.436s] [34mcolcon.colcon_core.shell[0m [1;30mINFO[0m Creating package script '/home/cadt-02/Object-Detection/ros2_ws/install/my_package/share/my_package/package.zsh'
[28.437s] [34mcolcon.colcon_core.environment[0m [1;30mLevel 1[0m create_file_with_runtime_dependencies(/home/cadt-02/Object-Detection/ros2_ws/install/my_package/share/colcon-core/packages/my_package)
[28.437s] [34mcolcon.colcon_parallel_executor.executor.parallel[0m [1;30mDEBUG[0m [32mclosing loop[0m
[28.438s] [34mcolcon.colcon_parallel_executor.executor.parallel[0m [1;30mDEBUG[0m [32mloop closed[0m
[28.439s] [34mcolcon.colcon_parallel_executor.executor.parallel[0m [1;30mDEBUG[0m [32mrun_until_complete finished with '0'[0m
[28.439s] [34mcolcon.colcon_core.event_reactor[0m [1;30mDEBUG[0m [32mjoining thread[0m
[28.728s] [34mcolcon.colcon_core.plugin_system[0m [1;30mINFO[0m Skipping extension 'colcon_notification.desktop_notification.terminal_notifier': Not used on non-Darwin systems
[28.728s] [34mcolcon.colcon_core.plugin_system[0m [1;30mINFO[0m Skipping extension 'colcon_notification.desktop_notification.win32': Not used on non-Windows systems
[28.729s] [34mcolcon.colcon_notification.desktop_notification[0m [1;30mINFO[0m Sending desktop notification using 'notify2'
[28.778s] [34mcolcon.colcon_core.event_reactor[0m [1;30mDEBUG[0m [32mjoined thread[0m
[29.054s] [34mcolcon.colcon_core.shell[0m [1;30mINFO[0m Creating prefix script '/home/cadt-02/Object-Detection/ros2_ws/install/local_setup.ps1'
[29.056s] [34mcolcon.colcon_core.shell[0m [1;30mINFO[0m Creating prefix util module '/home/cadt-02/Object-Detection/ros2_ws/install/_local_setup_util_ps1.py'
[29.058s] [34mcolcon.colcon_core.shell[0m [1;30mINFO[0m Creating prefix chain script '/home/cadt-02/Object-Detection/ros2_ws/install/setup.ps1'
[29.334s] [34mcolcon.colcon_core.shell[0m [1;30mINFO[0m Creating prefix script '/home/cadt-02/Object-Detection/ros2_ws/install/local_setup.sh'
[29.335s] [34mcolcon.colcon_core.shell[0m [1;30mINFO[0m Creating prefix util module '/home/cadt-02/Object-Detection/ros2_ws/install/_local_setup_util_sh.py'
[29.336s] [34mcolcon.colcon_core.shell[0m [1;30mINFO[0m Creating prefix chain script '/home/cadt-02/Object-Detection/ros2_ws/install/setup.sh'
[29.612s] [34mcolcon.colcon_core.shell[0m [1;30mINFO[0m Creating prefix script '/home/cadt-02/Object-Detection/ros2_ws/install/local_setup.bash'
[29.613s] [34mcolcon.colcon_core.shell[0m [1;30mINFO[0m Creating prefix chain script '/home/cadt-02/Object-Detection/ros2_ws/install/setup.bash'
[29.886s] [34mcolcon.colcon_core.shell[0m [1;30mINFO[0m Creating prefix script '/home/cadt-02/Object-Detection/ros2_ws/install/local_setup.zsh'
[29.887s] [34mcolcon.colcon_core.shell[0m [1;30mINFO[0m Creating prefix chain script '/home/cadt-02/Object-Detection/ros2_ws/install/setup.zsh'
