[7.406s] Invoking command in '/home/cadt-02/Object-Detection/ros2_ws/src/my_package': PYTHONPATH=/home/cadt-02/Object-Detection/ros2_ws/build/my_package/prefix_override:/home/cadt-02/Object-Detection/ros2_ws/install/my_package/lib/python3.8/site-packages:${PYTHONPATH} /usr/bin/python3 setup.py egg_info --egg-base ../../build/my_package build --build-base /home/cadt-02/Object-Detection/ros2_ws/build/my_package/build install --record /home/cadt-02/Object-Detection/ros2_ws/build/my_package/install.log --single-version-externally-managed
[7.690s] /home/cadt-02/.local/lib/python3.8/site-packages/setuptools/dist.py:472: SetuptoolsDeprecationWarning: Invalid dash-separated options
[7.690s] !!
[7.691s] 
[7.691s]         ********************************************************************************
[7.691s]         Usage of dash-separated 'build-base' will not be supported in future
[7.691s]         versions. Please use the underscore name 'build_base' instead.
[7.692s] 
[7.692s]         By 2024-Sep-26, you need to update your project and remove deprecated calls
[7.692s]         or your builds will no longer be supported.
[7.692s] 
[7.693s]         See https://setuptools.pypa.io/en/latest/userguide/declarative_config.html for details.
[7.693s]         ********************************************************************************
[7.693s] 
[7.693s] !!
[7.694s]   opt = self.warn_dash_deprecation(opt, section)
[7.955s] running egg_info
[7.995s] writing ../../build/my_package/my_package.egg-info/PKG-INFO
[7.997s] writing dependency_links to ../../build/my_package/my_package.egg-info/dependency_links.txt
[7.997s] writing entry points to ../../build/my_package/my_package.egg-info/entry_points.txt
[7.998s] writing requirements to ../../build/my_package/my_package.egg-info/requires.txt
[7.999s] writing top-level names to ../../build/my_package/my_package.egg-info/top_level.txt
[8.304s] reading manifest file '../../build/my_package/my_package.egg-info/SOURCES.txt'
[8.305s] writing manifest file '../../build/my_package/my_package.egg-info/SOURCES.txt'
[8.306s] running build
[8.307s] running build_py
[8.307s] copying my_package/reinforcement_r2.py -> /home/cadt-02/Object-Detection/ros2_ws/build/my_package/build/lib/my_package
[8.307s] copying my_package/live_detection_node.py -> /home/cadt-02/Object-Detection/ros2_ws/build/my_package/build/lib/my_package
[8.308s] copying my_package/__init__.py -> /home/cadt-02/Object-Detection/ros2_ws/build/my_package/build/lib/my_package
[8.310s] copying my_package/main.py -> /home/cadt-02/Object-Detection/ros2_ws/build/my_package/build/lib/my_package
[8.310s] running install
[8.310s] /home/cadt-02/.local/lib/python3.8/site-packages/setuptools/_distutils/cmd.py:66: SetuptoolsDeprecationWarning: setup.py install is deprecated.
[8.310s] !!
[8.310s] 
[8.311s]         ********************************************************************************
[8.311s]         Please avoid running ``setup.py`` directly.
[8.311s]         Instead, use pypa/build, pypa/installer or other
[8.311s]         standards-based tools.
[8.311s] 
[8.311s]         See https://blog.ganssle.io/articles/2021/10/setup-py-deprecated.html for details.
[8.311s]         ********************************************************************************
[8.311s] 
[8.312s] !!
[8.312s]   self.initialize_options()
[8.320s] running install_lib
[8.363s] copying /home/cadt-02/Object-Detection/ros2_ws/build/my_package/build/lib/my_package/reinforcement_r2.py -> /home/cadt-02/Object-Detection/ros2_ws/install/my_package/lib/python3.8/site-packages/my_package
[8.364s] byte-compiling /home/cadt-02/Object-Detection/ros2_ws/install/my_package/lib/python3.8/site-packages/my_package/reinforcement_r2.py to reinforcement_r2.cpython-38.pyc
[8.368s] running install_data
[8.409s] copying resource/my_package -> /home/cadt-02/Object-Detection/ros2_ws/install/my_package/share/ament_index/resource_index/packages
[8.409s] copying package.xml -> /home/cadt-02/Object-Detection/ros2_ws/install/my_package/share/my_package
[8.410s] running install_egg_info
[8.452s] removing '/home/cadt-02/Object-Detection/ros2_ws/install/my_package/lib/python3.8/site-packages/my_package-0.0.0-py3.8.egg-info' (and everything under it)
[8.452s] Copying ../../build/my_package/my_package.egg-info to /home/cadt-02/Object-Detection/ros2_ws/install/my_package/lib/python3.8/site-packages/my_package-0.0.0-py3.8.egg-info
[8.454s] running install_scripts
[8.578s] Installing live_detection_node script to /home/cadt-02/Object-Detection/ros2_ws/install/my_package/lib/my_package
[8.578s] Installing main script to /home/cadt-02/Object-Detection/ros2_ws/install/my_package/lib/my_package
[8.579s] Installing my_node script to /home/cadt-02/Object-Detection/ros2_ws/install/my_package/lib/my_package
[8.579s] Installing reinforcement_r2 script to /home/cadt-02/Object-Detection/ros2_ws/install/my_package/lib/my_package
[8.580s] writing list of installed files to '/home/cadt-02/Object-Detection/ros2_ws/build/my_package/install.log'
[9.513s] Invoked command in '/home/cadt-02/Object-Detection/ros2_ws/src/my_package' returned '0': PYTHONPATH=/home/cadt-02/Object-Detection/ros2_ws/build/my_package/prefix_override:/home/cadt-02/Object-Detection/ros2_ws/install/my_package/lib/python3.8/site-packages:${PYTHONPATH} /usr/bin/python3 setup.py egg_info --egg-base ../../build/my_package build --build-base /home/cadt-02/Object-Detection/ros2_ws/build/my_package/build install --record /home/cadt-02/Object-Detection/ros2_ws/build/my_package/install.log --single-version-externally-managed
