[1.541s] Invoking command in '/home/vandara/ros2_ws/src/object_detection': PYTHONPATH=/home/vandara/ros2_ws/build/object_detection/prefix_override:/home/vandara/ros2_ws/install/object_detection/lib/python3.8/site-packages:${PYTHONPATH} /usr/bin/python3 setup.py egg_info --egg-base ../../build/object_detection build --build-base /home/vandara/ros2_ws/build/object_detection/build install --record /home/vandara/ros2_ws/build/object_detection/install.log --install-scripts $base/lib/object_detection --single-version-externally-managed
[1.791s] running egg_info
[1.792s] writing ../../build/object_detection/object_detection.egg-info/PKG-INFO
[1.792s] writing dependency_links to ../../build/object_detection/object_detection.egg-info/dependency_links.txt
[1.792s] writing entry points to ../../build/object_detection/object_detection.egg-info/entry_points.txt
[1.792s] writing requirements to ../../build/object_detection/object_detection.egg-info/requires.txt
[1.792s] writing top-level names to ../../build/object_detection/object_detection.egg-info/top_level.txt
[1.831s] reading manifest file '../../build/object_detection/object_detection.egg-info/SOURCES.txt'
[1.832s] writing manifest file '../../build/object_detection/object_detection.egg-info/SOURCES.txt'
[1.833s] running build
[1.833s] running build_py
[1.833s] running install
[1.834s] running install_lib
[1.835s] running install_data
[1.836s] running install_egg_info
[1.838s] removing '/home/vandara/ros2_ws/install/object_detection/lib/python3.8/site-packages/object_detection-0.0.0-py3.8.egg-info' (and everything under it)
[1.838s] Copying ../../build/object_detection/object_detection.egg-info to /home/vandara/ros2_ws/install/object_detection/lib/python3.8/site-packages/object_detection-0.0.0-py3.8.egg-info
[1.839s] running install_scripts
[1.858s] writing list of installed files to '/home/vandara/ros2_ws/build/object_detection/install.log'
[1.882s] Invoked command in '/home/vandara/ros2_ws/src/object_detection' returned '0': PYTHONPATH=/home/vandara/ros2_ws/build/object_detection/prefix_override:/home/vandara/ros2_ws/install/object_detection/lib/python3.8/site-packages:${PYTHONPATH} /usr/bin/python3 setup.py egg_info --egg-base ../../build/object_detection build --build-base /home/vandara/ros2_ws/build/object_detection/build install --record /home/vandara/ros2_ws/build/object_detection/install.log --install-scripts $base/lib/object_detection --single-version-externally-managed
