[2.458s] DEBUG:colcon:Command line arguments: ['/usr/bin/colcon', 'build']
[2.458s] DEBUG:colcon:Parsed command line arguments: Namespace(allow_overriding=[], ament_cmake_args=None, base_paths=['.'], build_base='build', catkin_cmake_args=None, catkin_skip_building_tests=False, cmake_args=None, cmake_clean_cache=False, cmake_clean_first=False, cmake_force_configure=False, cmake_target=None, cmake_target_skip_unavailable=False, continue_on_error=False, event_handlers=None, executor='parallel', ignore_user_meta=False, install_base='install', log_base=None, log_level=None, main=<bound method BuildVerb.main of <colcon_core.verb.build.BuildVerb object at 0x7f1c92d731c0>>, merge_install=False, metas=['./colcon.meta'], packages_above=None, packages_above_and_dependencies=None, packages_above_depth=None, packages_end=None, packages_ignore=None, packages_ignore_regex=None, packages_select=None, packages_select_build_failed=False, packages_select_by_dep=None, packages_select_regex=None, packages_select_test_failures=False, packages_skip=None, packages_skip_build_finished=False, packages_skip_by_dep=None, packages_skip_regex=None, packages_skip_test_passed=False, packages_skip_up_to=None, packages_start=None, packages_up_to=None, packages_up_to_regex=None, parallel_workers=8, paths=None, symlink_install=False, test_result_base=None, verb_extension=<colcon_core.verb.build.BuildVerb object at 0x7f1c92d731c0>, verb_name='build', verb_parser=<colcon_defaults.argument_parser.defaults.DefaultArgumentsDecorator object at 0x7f1c92962dc0>)
[2.560s] Level 1:colcon.colcon_core.package_discovery:discover_packages(colcon_meta) check parameters
[2.560s] Level 1:colcon.colcon_core.package_discovery:discover_packages(recursive) check parameters
[2.560s] Level 1:colcon.colcon_core.package_discovery:discover_packages(ignore) check parameters
[2.560s] Level 1:colcon.colcon_core.package_discovery:discover_packages(path) check parameters
[2.560s] Level 1:colcon.colcon_core.package_discovery:discover_packages(colcon_meta) discover
[2.561s] Level 1:colcon.colcon_core.package_discovery:discover_packages(recursive) discover
[2.561s] INFO:colcon.colcon_core.package_discovery:Crawling recursively for packages in '/home/vandara/ros2_ws'
[2.561s] Level 1:colcon.colcon_core.package_identification:_identify(.) by extensions ['ignore', 'ignore_ament_install']
[2.561s] Level 1:colcon.colcon_core.package_identification:_identify(.) by extension 'ignore'
[2.561s] Level 1:colcon.colcon_core.package_identification:_identify(.) by extension 'ignore_ament_install'
[2.561s] Level 1:colcon.colcon_core.package_identification:_identify(.) by extensions ['colcon_pkg']
[2.561s] Level 1:colcon.colcon_core.package_identification:_identify(.) by extension 'colcon_pkg'
[2.561s] Level 1:colcon.colcon_core.package_identification:_identify(.) by extensions ['colcon_meta']
[2.561s] Level 1:colcon.colcon_core.package_identification:_identify(.) by extension 'colcon_meta'
[2.561s] Level 1:colcon.colcon_core.package_identification:_identify(.) by extensions ['ros']
[2.561s] Level 1:colcon.colcon_core.package_identification:_identify(.) by extension 'ros'
[2.581s] Level 1:colcon.colcon_core.package_identification:_identify(.) by extensions ['cmake', 'python']
[2.581s] Level 1:colcon.colcon_core.package_identification:_identify(.) by extension 'cmake'
[2.581s] Level 1:colcon.colcon_core.package_identification:_identify(.) by extension 'python'
[2.581s] Level 1:colcon.colcon_core.package_identification:_identify(.) by extensions ['python_setup_py']
[2.581s] Level 1:colcon.colcon_core.package_identification:_identify(.) by extension 'python_setup_py'
[2.581s] Level 1:colcon.colcon_core.package_identification:_identify(build) by extensions ['ignore', 'ignore_ament_install']
[2.581s] Level 1:colcon.colcon_core.package_identification:_identify(build) by extension 'ignore'
[2.581s] Level 1:colcon.colcon_core.package_identification:_identify(build) ignored
[2.581s] Level 1:colcon.colcon_core.package_identification:_identify(install) by extensions ['ignore', 'ignore_ament_install']
[2.582s] Level 1:colcon.colcon_core.package_identification:_identify(install) by extension 'ignore'
[2.582s] Level 1:colcon.colcon_core.package_identification:_identify(install) ignored
[2.582s] Level 1:colcon.colcon_core.package_identification:_identify(log) by extensions ['ignore', 'ignore_ament_install']
[2.582s] Level 1:colcon.colcon_core.package_identification:_identify(log) by extension 'ignore'
[2.582s] Level 1:colcon.colcon_core.package_identification:_identify(log) ignored
[2.582s] Level 1:colcon.colcon_core.package_identification:_identify(src) by extensions ['ignore', 'ignore_ament_install']
[2.582s] Level 1:colcon.colcon_core.package_identification:_identify(src) by extension 'ignore'
[2.582s] Level 1:colcon.colcon_core.package_identification:_identify(src) by extension 'ignore_ament_install'
[2.582s] Level 1:colcon.colcon_core.package_identification:_identify(src) by extensions ['colcon_pkg']
[2.582s] Level 1:colcon.colcon_core.package_identification:_identify(src) by extension 'colcon_pkg'
[2.582s] Level 1:colcon.colcon_core.package_identification:_identify(src) by extensions ['colcon_meta']
[2.582s] Level 1:colcon.colcon_core.package_identification:_identify(src) by extension 'colcon_meta'
[2.582s] Level 1:colcon.colcon_core.package_identification:_identify(src) by extensions ['ros']
[2.582s] Level 1:colcon.colcon_core.package_identification:_identify(src) by extension 'ros'
[2.582s] Level 1:colcon.colcon_core.package_identification:_identify(src) by extensions ['cmake', 'python']
[2.582s] Level 1:colcon.colcon_core.package_identification:_identify(src) by extension 'cmake'
[2.582s] Level 1:colcon.colcon_core.package_identification:_identify(src) by extension 'python'
[2.583s] Level 1:colcon.colcon_core.package_identification:_identify(src) by extensions ['python_setup_py']
[2.583s] Level 1:colcon.colcon_core.package_identification:_identify(src) by extension 'python_setup_py'
[2.583s] Level 1:colcon.colcon_core.package_identification:_identify(src/my_package) by extensions ['ignore', 'ignore_ament_install']
[2.583s] Level 1:colcon.colcon_core.package_identification:_identify(src/my_package) by extension 'ignore'
[2.583s] Level 1:colcon.colcon_core.package_identification:_identify(src/my_package) by extension 'ignore_ament_install'
[2.583s] Level 1:colcon.colcon_core.package_identification:_identify(src/my_package) by extensions ['colcon_pkg']
[2.583s] Level 1:colcon.colcon_core.package_identification:_identify(src/my_package) by extension 'colcon_pkg'
[2.583s] Level 1:colcon.colcon_core.package_identification:_identify(src/my_package) by extensions ['colcon_meta']
[2.583s] Level 1:colcon.colcon_core.package_identification:_identify(src/my_package) by extension 'colcon_meta'
[2.583s] Level 1:colcon.colcon_core.package_identification:_identify(src/my_package) by extensions ['ros']
[2.583s] Level 1:colcon.colcon_core.package_identification:_identify(src/my_package) by extension 'ros'
[2.585s] DEBUG:colcon.colcon_core.package_identification:Package 'src/my_package' with type 'ros.ament_python' and name 'my_package'
[2.586s] Level 1:colcon.colcon_core.package_identification:_identify(src/object_detection) by extensions ['ignore', 'ignore_ament_install']
[2.586s] Level 1:colcon.colcon_core.package_identification:_identify(src/object_detection) by extension 'ignore'
[2.586s] Level 1:colcon.colcon_core.package_identification:_identify(src/object_detection) by extension 'ignore_ament_install'
[2.586s] Level 1:colcon.colcon_core.package_identification:_identify(src/object_detection) by extensions ['colcon_pkg']
[2.586s] Level 1:colcon.colcon_core.package_identification:_identify(src/object_detection) by extension 'colcon_pkg'
[2.586s] Level 1:colcon.colcon_core.package_identification:_identify(src/object_detection) by extensions ['colcon_meta']
[2.586s] Level 1:colcon.colcon_core.package_identification:_identify(src/object_detection) by extension 'colcon_meta'
[2.586s] Level 1:colcon.colcon_core.package_identification:_identify(src/object_detection) by extensions ['ros']
[2.586s] Level 1:colcon.colcon_core.package_identification:_identify(src/object_detection) by extension 'ros'
[2.586s] DEBUG:colcon.colcon_core.package_identification:Package 'src/object_detection' with type 'ros.ament_python' and name 'object_detection'
[2.586s] Level 1:colcon.colcon_core.package_discovery:discover_packages(recursive) using defaults
[2.587s] Level 1:colcon.colcon_core.package_discovery:discover_packages(ignore) discover
[2.587s] Level 1:colcon.colcon_core.package_discovery:discover_packages(ignore) using defaults
[2.587s] Level 1:colcon.colcon_core.package_discovery:discover_packages(path) discover
[2.587s] Level 1:colcon.colcon_core.package_discovery:discover_packages(path) using defaults
[2.807s] Level 1:colcon.colcon_core.package_discovery:discover_packages(prefix_path) check parameters
[2.807s] Level 1:colcon.colcon_core.package_discovery:discover_packages(prefix_path) discover
[2.898s] DEBUG:colcon.colcon_installed_package_information.package_discovery:Found 2 installed packages in /home/vandara/ros2_ws/install
[2.943s] DEBUG:colcon.colcon_installed_package_information.package_discovery:Found 262 installed packages in /opt/ros/foxy
[2.944s] Level 1:colcon.colcon_core.package_discovery:discover_packages(prefix_path) using defaults
[3.118s] Level 5:colcon.colcon_core.verb:set package 'my_package' build argument 'cmake_args' from command line to 'None'
[3.118s] Level 5:colcon.colcon_core.verb:set package 'my_package' build argument 'cmake_target' from command line to 'None'
[3.118s] Level 5:colcon.colcon_core.verb:set package 'my_package' build argument 'cmake_target_skip_unavailable' from command line to 'False'
[3.118s] Level 5:colcon.colcon_core.verb:set package 'my_package' build argument 'cmake_clean_cache' from command line to 'False'
[3.118s] Level 5:colcon.colcon_core.verb:set package 'my_package' build argument 'cmake_clean_first' from command line to 'False'
[3.118s] Level 5:colcon.colcon_core.verb:set package 'my_package' build argument 'cmake_force_configure' from command line to 'False'
[3.118s] Level 5:colcon.colcon_core.verb:set package 'my_package' build argument 'ament_cmake_args' from command line to 'None'
[3.118s] Level 5:colcon.colcon_core.verb:set package 'my_package' build argument 'catkin_cmake_args' from command line to 'None'
[3.118s] Level 5:colcon.colcon_core.verb:set package 'my_package' build argument 'catkin_skip_building_tests' from command line to 'False'
[3.118s] DEBUG:colcon.colcon_core.verb:Building package 'my_package' with the following arguments: {'ament_cmake_args': None, 'build_base': '/home/vandara/ros2_ws/build/my_package', 'catkin_cmake_args': None, 'catkin_skip_building_tests': False, 'cmake_args': None, 'cmake_clean_cache': False, 'cmake_clean_first': False, 'cmake_force_configure': False, 'cmake_target': None, 'cmake_target_skip_unavailable': False, 'install_base': '/home/vandara/ros2_ws/install/my_package', 'merge_install': False, 'path': '/home/vandara/ros2_ws/src/my_package', 'symlink_install': False, 'test_result_base': None}
[3.160s] Level 5:colcon.colcon_core.verb:set package 'object_detection' build argument 'cmake_args' from command line to 'None'
[3.160s] Level 5:colcon.colcon_core.verb:set package 'object_detection' build argument 'cmake_target' from command line to 'None'
[3.160s] Level 5:colcon.colcon_core.verb:set package 'object_detection' build argument 'cmake_target_skip_unavailable' from command line to 'False'
[3.160s] Level 5:colcon.colcon_core.verb:set package 'object_detection' build argument 'cmake_clean_cache' from command line to 'False'
[3.160s] Level 5:colcon.colcon_core.verb:set package 'object_detection' build argument 'cmake_clean_first' from command line to 'False'
[3.160s] Level 5:colcon.colcon_core.verb:set package 'object_detection' build argument 'cmake_force_configure' from command line to 'False'
[3.160s] Level 5:colcon.colcon_core.verb:set package 'object_detection' build argument 'ament_cmake_args' from command line to 'None'
[3.160s] Level 5:colcon.colcon_core.verb:set package 'object_detection' build argument 'catkin_cmake_args' from command line to 'None'
[3.160s] Level 5:colcon.colcon_core.verb:set package 'object_detection' build argument 'catkin_skip_building_tests' from command line to 'False'
[3.160s] DEBUG:colcon.colcon_core.verb:Building package 'object_detection' with the following arguments: {'ament_cmake_args': None, 'build_base': '/home/vandara/ros2_ws/build/object_detection', 'catkin_cmake_args': None, 'catkin_skip_building_tests': False, 'cmake_args': None, 'cmake_clean_cache': False, 'cmake_clean_first': False, 'cmake_force_configure': False, 'cmake_target': None, 'cmake_target_skip_unavailable': False, 'install_base': '/home/vandara/ros2_ws/install/object_detection', 'merge_install': False, 'path': '/home/vandara/ros2_ws/src/object_detection', 'symlink_install': False, 'test_result_base': None}
[3.202s] INFO:colcon.colcon_core.executor:Executing jobs using 'parallel' executor
[3.245s] DEBUG:colcon.colcon_parallel_executor.executor.parallel:run_until_complete
[3.245s] INFO:colcon.colcon_ros.task.ament_python.build:Building ROS package in '/home/vandara/ros2_ws/src/my_package' with build type 'ament_python'
[3.245s] Level 1:colcon.colcon_core.shell:create_environment_hook('my_package', 'ament_prefix_path')
[3.297s] INFO:colcon.colcon_core.plugin_system:Skipping extension 'colcon_core.shell.bat': Not used on non-Windows systems
[3.297s] INFO:colcon.colcon_core.shell:Creating environment hook '/home/vandara/ros2_ws/install/my_package/share/my_package/hook/ament_prefix_path.ps1'
[3.297s] INFO:colcon.colcon_core.shell:Creating environment descriptor '/home/vandara/ros2_ws/install/my_package/share/my_package/hook/ament_prefix_path.dsv'
[3.298s] INFO:colcon.colcon_core.shell:Creating environment hook '/home/vandara/ros2_ws/install/my_package/share/my_package/hook/ament_prefix_path.sh'
[3.342s] INFO:colcon.colcon_core.shell:Skip shell extension 'powershell' for command environment: Not usable outside of PowerShell
[3.342s] DEBUG:colcon.colcon_core.shell:Skip shell extension 'dsv' for command environment
[3.490s] INFO:colcon.colcon_ros.task.ament_python.build:Building ROS package in '/home/vandara/ros2_ws/src/object_detection' with build type 'ament_python'
[3.491s] Level 1:colcon.colcon_core.shell:create_environment_hook('object_detection', 'ament_prefix_path')
[3.538s] INFO:colcon.colcon_core.shell:Creating environment hook '/home/vandara/ros2_ws/install/object_detection/share/object_detection/hook/ament_prefix_path.ps1'
[3.539s] INFO:colcon.colcon_core.shell:Creating environment descriptor '/home/vandara/ros2_ws/install/object_detection/share/object_detection/hook/ament_prefix_path.dsv'
[3.540s] INFO:colcon.colcon_core.shell:Creating environment hook '/home/vandara/ros2_ws/install/object_detection/share/object_detection/hook/ament_prefix_path.sh'
[3.602s] INFO:colcon.colcon_core.shell:Skip shell extension 'powershell' for command environment: Not usable outside of PowerShell
[3.602s] DEBUG:colcon.colcon_core.shell:Skip shell extension 'dsv' for command environment
[3.963s] INFO:colcon.colcon_core.task.python.build:Building Python package in '/home/vandara/ros2_ws/src/my_package'
[4.013s] INFO:colcon.colcon_core.shell:Skip shell extension 'powershell' for command environment: Not usable outside of PowerShell
[4.013s] DEBUG:colcon.colcon_core.shell:Skip shell extension 'dsv' for command environment
[4.388s] INFO:colcon.colcon_core.task.python.build:Building Python package in '/home/vandara/ros2_ws/src/object_detection'
[4.437s] INFO:colcon.colcon_core.shell:Skip shell extension 'powershell' for command environment: Not usable outside of PowerShell
[4.437s] DEBUG:colcon.colcon_core.shell:Skip shell extension 'dsv' for command environment
[5.029s] DEBUG:colcon.colcon_core.event_handler.log_command:Invoking command in '/home/vandara/ros2_ws/src/my_package': PYTHONPATH=/home/vandara/ros2_ws/build/my_package/prefix_override:/home/vandara/ros2_ws/install/my_package/lib/python3.8/site-packages:${PYTHONPATH} /usr/bin/python3 setup.py egg_info --egg-base ../../build/my_package build --build-base /home/vandara/ros2_ws/build/my_package/build install --record /home/vandara/ros2_ws/build/my_package/install.log --install-scripts $base/lib/my_package --single-version-externally-managed
[5.032s] DEBUG:colcon.colcon_core.event_handler.log_command:Invoking command in '/home/vandara/ros2_ws/src/object_detection': PYTHONPATH=/home/vandara/ros2_ws/build/object_detection/prefix_override:/home/vandara/ros2_ws/install/object_detection/lib/python3.8/site-packages:${PYTHONPATH} /usr/bin/python3 setup.py egg_info --egg-base ../../build/object_detection build --build-base /home/vandara/ros2_ws/build/object_detection/build install --record /home/vandara/ros2_ws/build/object_detection/install.log --install-scripts $base/lib/object_detection --single-version-externally-managed
[5.373s] DEBUG:colcon.colcon_core.event_handler.log_command:Invoked command in '/home/vandara/ros2_ws/src/object_detection' returned '0': PYTHONPATH=/home/vandara/ros2_ws/build/object_detection/prefix_override:/home/vandara/ros2_ws/install/object_detection/lib/python3.8/site-packages:${PYTHONPATH} /usr/bin/python3 setup.py egg_info --egg-base ../../build/object_detection build --build-base /home/vandara/ros2_ws/build/object_detection/build install --record /home/vandara/ros2_ws/build/object_detection/install.log --install-scripts $base/lib/object_detection --single-version-externally-managed
[5.425s] Level 1:colcon.colcon_core.environment:checking '/home/vandara/ros2_ws/install/object_detection' for CMake module files
[5.425s] Level 1:colcon.colcon_core.environment:checking '/home/vandara/ros2_ws/install/object_detection' for CMake config files
[5.426s] Level 1:colcon.colcon_core.environment:checking '/home/vandara/ros2_ws/install/object_detection/lib'
[5.426s] Level 1:colcon.colcon_core.environment:checking '/home/vandara/ros2_ws/install/object_detection/bin'
[5.426s] Level 1:colcon.colcon_core.environment:checking '/home/vandara/ros2_ws/install/object_detection/lib/pkgconfig/object_detection.pc'
[5.426s] Level 1:colcon.colcon_core.environment:checking '/home/vandara/ros2_ws/install/object_detection/lib/python3.8/site-packages'
[5.427s] Level 1:colcon.colcon_core.shell:create_environment_hook('object_detection', 'pythonpath')
[5.471s] INFO:colcon.colcon_core.shell:Creating environment hook '/home/vandara/ros2_ws/install/object_detection/share/object_detection/hook/pythonpath.ps1'
[5.472s] INFO:colcon.colcon_core.shell:Creating environment descriptor '/home/vandara/ros2_ws/install/object_detection/share/object_detection/hook/pythonpath.dsv'
[5.472s] INFO:colcon.colcon_core.shell:Creating environment hook '/home/vandara/ros2_ws/install/object_detection/share/object_detection/hook/pythonpath.sh'
[5.473s] Level 1:colcon.colcon_core.environment:checking '/home/vandara/ros2_ws/install/object_detection/bin'
[5.473s] Level 1:colcon.colcon_core.environment:create_environment_scripts_only(object_detection)
[5.521s] INFO:colcon.colcon_core.shell:Creating package script '/home/vandara/ros2_ws/install/object_detection/share/object_detection/package.ps1'
[5.522s] INFO:colcon.colcon_core.shell:Creating package descriptor '/home/vandara/ros2_ws/install/object_detection/share/object_detection/package.dsv'
[5.523s] INFO:colcon.colcon_core.shell:Creating package script '/home/vandara/ros2_ws/install/object_detection/share/object_detection/package.sh'
[5.524s] INFO:colcon.colcon_core.shell:Creating package script '/home/vandara/ros2_ws/install/object_detection/share/object_detection/package.bash'
[5.525s] INFO:colcon.colcon_core.shell:Creating package script '/home/vandara/ros2_ws/install/object_detection/share/object_detection/package.zsh'
[5.525s] Level 1:colcon.colcon_core.environment:create_file_with_runtime_dependencies(/home/vandara/ros2_ws/install/object_detection/share/colcon-core/packages/object_detection)
[5.528s] DEBUG:colcon.colcon_core.event_handler.log_command:Invoked command in '/home/vandara/ros2_ws/src/my_package' returned '0': PYTHONPATH=/home/vandara/ros2_ws/build/my_package/prefix_override:/home/vandara/ros2_ws/install/my_package/lib/python3.8/site-packages:${PYTHONPATH} /usr/bin/python3 setup.py egg_info --egg-base ../../build/my_package build --build-base /home/vandara/ros2_ws/build/my_package/build install --record /home/vandara/ros2_ws/build/my_package/install.log --install-scripts $base/lib/my_package --single-version-externally-managed
[5.577s] Level 1:colcon.colcon_core.environment:checking '/home/vandara/ros2_ws/install/my_package' for CMake module files
[5.578s] Level 1:colcon.colcon_core.environment:checking '/home/vandara/ros2_ws/install/my_package' for CMake config files
[5.578s] Level 1:colcon.colcon_core.environment:checking '/home/vandara/ros2_ws/install/my_package/lib'
[5.578s] Level 1:colcon.colcon_core.environment:checking '/home/vandara/ros2_ws/install/my_package/bin'
[5.578s] Level 1:colcon.colcon_core.environment:checking '/home/vandara/ros2_ws/install/my_package/lib/pkgconfig/my_package.pc'
[5.579s] Level 1:colcon.colcon_core.environment:checking '/home/vandara/ros2_ws/install/my_package/lib/python3.8/site-packages'
[5.579s] Level 1:colcon.colcon_core.shell:create_environment_hook('my_package', 'pythonpath')
[5.628s] INFO:colcon.colcon_core.shell:Creating environment hook '/home/vandara/ros2_ws/install/my_package/share/my_package/hook/pythonpath.ps1'
[5.629s] INFO:colcon.colcon_core.shell:Creating environment descriptor '/home/vandara/ros2_ws/install/my_package/share/my_package/hook/pythonpath.dsv'
[5.629s] INFO:colcon.colcon_core.shell:Creating environment hook '/home/vandara/ros2_ws/install/my_package/share/my_package/hook/pythonpath.sh'
[5.630s] Level 1:colcon.colcon_core.environment:checking '/home/vandara/ros2_ws/install/my_package/bin'
[5.630s] Level 1:colcon.colcon_core.environment:create_environment_scripts_only(my_package)
[5.675s] INFO:colcon.colcon_core.shell:Creating package script '/home/vandara/ros2_ws/install/my_package/share/my_package/package.ps1'
[5.675s] INFO:colcon.colcon_core.shell:Creating package descriptor '/home/vandara/ros2_ws/install/my_package/share/my_package/package.dsv'
[5.676s] INFO:colcon.colcon_core.shell:Creating package script '/home/vandara/ros2_ws/install/my_package/share/my_package/package.sh'
[5.676s] INFO:colcon.colcon_core.shell:Creating package script '/home/vandara/ros2_ws/install/my_package/share/my_package/package.bash'
[5.677s] INFO:colcon.colcon_core.shell:Creating package script '/home/vandara/ros2_ws/install/my_package/share/my_package/package.zsh'
[5.677s] Level 1:colcon.colcon_core.environment:create_file_with_runtime_dependencies(/home/vandara/ros2_ws/install/my_package/share/colcon-core/packages/my_package)
[5.678s] DEBUG:colcon.colcon_parallel_executor.executor.parallel:closing loop
[5.678s] DEBUG:colcon.colcon_parallel_executor.executor.parallel:loop closed
[5.678s] DEBUG:colcon.colcon_parallel_executor.executor.parallel:run_until_complete finished with '0'
[5.678s] DEBUG:colcon.colcon_core.event_reactor:joining thread
[5.734s] INFO:colcon.colcon_core.plugin_system:Skipping extension 'colcon_notification.desktop_notification.terminal_notifier': Not used on non-Darwin systems
[5.735s] INFO:colcon.colcon_core.plugin_system:Skipping extension 'colcon_notification.desktop_notification.win32': Not used on non-Windows systems
[5.735s] INFO:colcon.colcon_notification.desktop_notification:Sending desktop notification using 'notify2'
[5.748s] DEBUG:colcon.colcon_core.event_reactor:joined thread
[5.810s] INFO:colcon.colcon_core.shell:Creating prefix script '/home/vandara/ros2_ws/install/local_setup.ps1'
[5.810s] INFO:colcon.colcon_core.shell:Creating prefix util module '/home/vandara/ros2_ws/install/_local_setup_util_ps1.py'
[5.812s] INFO:colcon.colcon_core.shell:Creating prefix chain script '/home/vandara/ros2_ws/install/setup.ps1'
[5.860s] INFO:colcon.colcon_core.shell:Creating prefix script '/home/vandara/ros2_ws/install/local_setup.sh'
[5.860s] INFO:colcon.colcon_core.shell:Creating prefix util module '/home/vandara/ros2_ws/install/_local_setup_util_sh.py'
[5.861s] INFO:colcon.colcon_core.shell:Creating prefix chain script '/home/vandara/ros2_ws/install/setup.sh'
[5.909s] INFO:colcon.colcon_core.shell:Creating prefix script '/home/vandara/ros2_ws/install/local_setup.bash'
[5.909s] INFO:colcon.colcon_core.shell:Creating prefix chain script '/home/vandara/ros2_ws/install/setup.bash'
[5.957s] INFO:colcon.colcon_core.shell:Creating prefix script '/home/vandara/ros2_ws/install/local_setup.zsh'
[5.958s] INFO:colcon.colcon_core.shell:Creating prefix chain script '/home/vandara/ros2_ws/install/setup.zsh'
