[7.580s] Invoking command in '/home/cadt-02/Object-Detection/ros2_ws/src/my_package': PYTHONPATH=/home/cadt-02/Object-Detection/ros2_ws/build/my_package/prefix_override:/home/cadt-02/Object-Detection/ros2_ws/install/my_package/lib/python3.8/site-packages:${PYTHONPATH} /usr/bin/python3 setup.py egg_info --egg-base ../../build/my_package build --build-base /home/cadt-02/Object-Detection/ros2_ws/build/my_package/build install --record /home/cadt-02/Object-Detection/ros2_ws/build/my_package/install.log --install-scripts $base/lib/my_package --single-version-externally-managed
[7.862s] /home/cadt-02/.local/lib/python3.8/site-packages/setuptools/dist.py:472: SetuptoolsDeprecationWarning: Invalid dash-separated options
[7.862s] !!
[7.863s] 
[7.863s]         ********************************************************************************
[7.863s]         Usage of dash-separated 'script-dir' will not be supported in future
[7.863s]         versions. Please use the underscore name 'script_dir' instead.
[7.863s] 
[7.863s]         By 2024-Sep-26, you need to update your project and remove deprecated calls
[7.863s]         or your builds will no longer be supported.
[7.864s] 
[7.864s]         See https://setuptools.pypa.io/en/latest/userguide/declarative_config.html for details.
[7.864s]         ********************************************************************************
[7.864s] 
[7.864s] !!
[7.864s]   opt = self.warn_dash_deprecation(opt, section)
[8.114s] running egg_info
[8.156s] writing ../../build/my_package/my_package.egg-info/PKG-INFO
[8.157s] writing dependency_links to ../../build/my_package/my_package.egg-info/dependency_links.txt
[8.158s] writing entry points to ../../build/my_package/my_package.egg-info/entry_points.txt
[8.158s] writing requirements to ../../build/my_package/my_package.egg-info/requires.txt
[8.158s] writing top-level names to ../../build/my_package/my_package.egg-info/top_level.txt
[8.459s] reading manifest file '../../build/my_package/my_package.egg-info/SOURCES.txt'
[8.461s] writing manifest file '../../build/my_package/my_package.egg-info/SOURCES.txt'
[8.461s] running build
[8.461s] running build_py
[8.462s] copying my_package/camera_frame_publisher.py -> /home/cadt-02/Object-Detection/ros2_ws/build/my_package/build/lib/my_package
[8.462s] copying my_package/utils.py -> /home/cadt-02/Object-Detection/ros2_ws/build/my_package/build/lib/my_package
[8.463s] copying my_package/live_detection_node.py -> /home/cadt-02/Object-Detection/ros2_ws/build/my_package/build/lib/my_package
[8.463s] copying my_package/__init__.py -> /home/cadt-02/Object-Detection/ros2_ws/build/my_package/build/lib/my_package
[8.463s] copying my_package/main.py -> /home/cadt-02/Object-Detection/ros2_ws/build/my_package/build/lib/my_package
[8.464s] copying my_package/my_node.py -> /home/cadt-02/Object-Detection/ros2_ws/build/my_package/build/lib/my_package
[8.464s] copying my_package/object_detection_subscriber.py -> /home/cadt-02/Object-Detection/ros2_ws/build/my_package/build/lib/my_package
[8.465s] running install
[8.466s] /home/cadt-02/.local/lib/python3.8/site-packages/setuptools/_distutils/cmd.py:66: SetuptoolsDeprecationWarning: setup.py install is deprecated.
[8.466s] !!
[8.466s] 
[8.466s]         ********************************************************************************
[8.466s]         Please avoid running ``setup.py`` directly.
[8.466s]         Instead, use pypa/build, pypa/installer or other
[8.466s]         standards-based tools.
[8.466s] 
[8.467s]         See https://blog.ganssle.io/articles/2021/10/setup-py-deprecated.html for details.
[8.467s]         ********************************************************************************
[8.467s] 
[8.467s] !!
[8.467s]   self.initialize_options()
[8.477s] running install_lib
[8.518s] copying /home/cadt-02/Object-Detection/ros2_ws/build/my_package/build/lib/my_package/live_detection_node.py -> /home/cadt-02/Object-Detection/ros2_ws/install/my_package/lib/python3.8/site-packages/my_package
[8.520s] byte-compiling /home/cadt-02/Object-Detection/ros2_ws/install/my_package/lib/python3.8/site-packages/my_package/live_detection_node.py to live_detection_node.cpython-38.pyc
[8.523s] running install_data
[8.565s] copying resource/my_package -> /home/cadt-02/Object-Detection/ros2_ws/install/my_package/share/ament_index/resource_index/packages
[8.565s] copying package.xml -> /home/cadt-02/Object-Detection/ros2_ws/install/my_package/share/my_package
[8.565s] running install_egg_info
[8.608s] removing '/home/cadt-02/Object-Detection/ros2_ws/install/my_package/lib/python3.8/site-packages/my_package-0.0.0-py3.8.egg-info' (and everything under it)
[8.609s] Copying ../../build/my_package/my_package.egg-info to /home/cadt-02/Object-Detection/ros2_ws/install/my_package/lib/python3.8/site-packages/my_package-0.0.0-py3.8.egg-info
[8.611s] running install_scripts
[8.731s] Installing camera_frame_publisher script to /home/cadt-02/Object-Detection/ros2_ws/install/my_package/lib/my_package
[8.731s] Installing live_detection_node script to /home/cadt-02/Object-Detection/ros2_ws/install/my_package/lib/my_package
[8.731s] Installing main script to /home/cadt-02/Object-Detection/ros2_ws/install/my_package/lib/my_package
[8.732s] Installing my_node script to /home/cadt-02/Object-Detection/ros2_ws/install/my_package/lib/my_package
[8.732s] Installing object_detection_subscriber script to /home/cadt-02/Object-Detection/ros2_ws/install/my_package/lib/my_package
[8.733s] Installing utils script to /home/cadt-02/Object-Detection/ros2_ws/install/my_package/lib/my_package
[8.734s] writing list of installed files to '/home/cadt-02/Object-Detection/ros2_ws/build/my_package/install.log'
[9.691s] Invoked command in '/home/cadt-02/Object-Detection/ros2_ws/src/my_package' returned '0': PYTHONPATH=/home/cadt-02/Object-Detection/ros2_ws/build/my_package/prefix_override:/home/cadt-02/Object-Detection/ros2_ws/install/my_package/lib/python3.8/site-packages:${PYTHONPATH} /usr/bin/python3 setup.py egg_info --egg-base ../../build/my_package build --build-base /home/cadt-02/Object-Detection/ros2_ws/build/my_package/build install --record /home/cadt-02/Object-Detection/ros2_ws/build/my_package/install.log --install-scripts $base/lib/my_package --single-version-externally-managed
