[7.949s] Invoking command in '/home/cadt-02/Object-Detection/ros2_ws/src/my_package': PYTHONPATH=/home/cadt-02/Object-Detection/ros2_ws/build/my_package/prefix_override:/home/cadt-02/Object-Detection/ros2_ws/install/my_package/lib/python3.8/site-packages:${PYTHONPATH} /usr/bin/python3 setup.py egg_info --egg-base ../../build/my_package build --build-base /home/cadt-02/Object-Detection/ros2_ws/build/my_package/build install --record /home/cadt-02/Object-Detection/ros2_ws/build/my_package/install.log --install-scripts $base/lib/my_package --single-version-externally-managed
[8.248s] /home/cadt-02/.local/lib/python3.8/site-packages/setuptools/dist.py:472: SetuptoolsDeprecationWarning: Invalid dash-separated options
[8.248s] !!
[8.248s] 
[8.248s]         ********************************************************************************
[8.248s]         Usage of dash-separated 'script-dir' will not be supported in future
[8.249s]         versions. Please use the underscore name 'script_dir' instead.
[8.249s] 
[8.249s]         By 2024-Sep-26, you need to update your project and remove deprecated calls
[8.249s]         or your builds will no longer be supported.
[8.249s] 
[8.249s]         See https://setuptools.pypa.io/en/latest/userguide/declarative_config.html for details.
[8.249s]         ********************************************************************************
[8.250s] 
[8.250s] !!
[8.250s]   opt = self.warn_dash_deprecation(opt, section)
[8.502s] running egg_info
[8.544s] writing ../../build/my_package/my_package.egg-info/PKG-INFO
[8.545s] writing dependency_links to ../../build/my_package/my_package.egg-info/dependency_links.txt
[8.545s] writing entry points to ../../build/my_package/my_package.egg-info/entry_points.txt
[8.546s] writing requirements to ../../build/my_package/my_package.egg-info/requires.txt
[8.546s] writing top-level names to ../../build/my_package/my_package.egg-info/top_level.txt
[8.856s] reading manifest file '../../build/my_package/my_package.egg-info/SOURCES.txt'
[8.858s] writing manifest file '../../build/my_package/my_package.egg-info/SOURCES.txt'
[8.859s] running build
[8.859s] running build_py
[8.859s] copying my_package/camera_frame_publisher.py -> /home/cadt-02/Object-Detection/ros2_ws/build/my_package/build/lib/my_package
[8.860s] copying my_package/utils.py -> /home/cadt-02/Object-Detection/ros2_ws/build/my_package/build/lib/my_package
[8.860s] copying my_package/live_detection_node.py -> /home/cadt-02/Object-Detection/ros2_ws/build/my_package/build/lib/my_package
[8.861s] copying my_package/__init__.py -> /home/cadt-02/Object-Detection/ros2_ws/build/my_package/build/lib/my_package
[8.861s] copying my_package/main.py -> /home/cadt-02/Object-Detection/ros2_ws/build/my_package/build/lib/my_package
[8.861s] copying my_package/my_node.py -> /home/cadt-02/Object-Detection/ros2_ws/build/my_package/build/lib/my_package
[8.862s] copying my_package/object_detection_subscriber.py -> /home/cadt-02/Object-Detection/ros2_ws/build/my_package/build/lib/my_package
[8.862s] running install
[8.863s] /home/cadt-02/.local/lib/python3.8/site-packages/setuptools/_distutils/cmd.py:66: SetuptoolsDeprecationWarning: setup.py install is deprecated.
[8.863s] !!
[8.863s] 
[8.863s]         ********************************************************************************
[8.864s]         Please avoid running ``setup.py`` directly.
[8.864s]         Instead, use pypa/build, pypa/installer or other
[8.864s]         standards-based tools.
[8.864s] 
[8.864s]         See https://blog.ganssle.io/articles/2021/10/setup-py-deprecated.html for details.
[8.864s]         ********************************************************************************
[8.864s] 
[8.865s] !!
[8.865s]   self.initialize_options()
[8.875s] running install_lib
[8.917s] copying /home/cadt-02/Object-Detection/ros2_ws/build/my_package/build/lib/my_package/live_detection_node.py -> /home/cadt-02/Object-Detection/ros2_ws/install/my_package/lib/python3.8/site-packages/my_package
[8.919s] byte-compiling /home/cadt-02/Object-Detection/ros2_ws/install/my_package/lib/python3.8/site-packages/my_package/live_detection_node.py to live_detection_node.cpython-38.pyc
[8.923s] running install_data
[8.965s] copying resource/my_package -> /home/cadt-02/Object-Detection/ros2_ws/install/my_package/share/ament_index/resource_index/packages
[8.966s] copying package.xml -> /home/cadt-02/Object-Detection/ros2_ws/install/my_package/share/my_package
[8.968s] running install_egg_info
[9.009s] removing '/home/cadt-02/Object-Detection/ros2_ws/install/my_package/lib/python3.8/site-packages/my_package-0.0.0-py3.8.egg-info' (and everything under it)
[9.010s] Copying ../../build/my_package/my_package.egg-info to /home/cadt-02/Object-Detection/ros2_ws/install/my_package/lib/python3.8/site-packages/my_package-0.0.0-py3.8.egg-info
[9.012s] running install_scripts
[9.134s] Installing camera_frame_publisher script to /home/cadt-02/Object-Detection/ros2_ws/install/my_package/lib/my_package
[9.134s] Installing live_detection_node script to /home/cadt-02/Object-Detection/ros2_ws/install/my_package/lib/my_package
[9.135s] Installing main script to /home/cadt-02/Object-Detection/ros2_ws/install/my_package/lib/my_package
[9.135s] Installing my_node script to /home/cadt-02/Object-Detection/ros2_ws/install/my_package/lib/my_package
[9.135s] Installing object_detection_subscriber script to /home/cadt-02/Object-Detection/ros2_ws/install/my_package/lib/my_package
[9.136s] Installing utils script to /home/cadt-02/Object-Detection/ros2_ws/install/my_package/lib/my_package
[9.137s] writing list of installed files to '/home/cadt-02/Object-Detection/ros2_ws/build/my_package/install.log'
[9.231s] Invoked command in '/home/cadt-02/Object-Detection/ros2_ws/src/my_package' returned '0': PYTHONPATH=/home/cadt-02/Object-Detection/ros2_ws/build/my_package/prefix_override:/home/cadt-02/Object-Detection/ros2_ws/install/my_package/lib/python3.8/site-packages:${PYTHONPATH} /usr/bin/python3 setup.py egg_info --egg-base ../../build/my_package build --build-base /home/cadt-02/Object-Detection/ros2_ws/build/my_package/build install --record /home/cadt-02/Object-Detection/ros2_ws/build/my_package/install.log --install-scripts $base/lib/my_package --single-version-externally-managed
