[7.693s] Invoking command in '/home/cadt-02/Object-Detection/ros2_ws/src/my_package': NX_CONNECTION=172.23.33.204 56795 172.23.34.34 4000 PYTHONPATH=/home/cadt-02/Object-Detection/ros2_ws/build/my_package/prefix_override:/home/cadt-02/Object-Detection/ros2_ws/install/my_package/lib/python3.8/site-packages:${PYTHONPATH} /usr/bin/python3 setup.py egg_info --egg-base ../../build/my_package build --build-base /home/cadt-02/Object-Detection/ros2_ws/build/my_package/build install --record /home/cadt-02/Object-Detection/ros2_ws/build/my_package/install.log --single-version-externally-managed
[8.016s] /home/cadt-02/.local/lib/python3.8/site-packages/setuptools/dist.py:476: SetuptoolsDeprecationWarning: Invalid dash-separated options
[8.018s] !!
[8.019s] 
[8.022s]         ********************************************************************************
[8.023s]         Usage of dash-separated 'build-base' will not be supported in future
[8.025s]         versions. Please use the underscore name 'build_base' instead.
[8.026s] 
[8.027s]         By 2024-Sep-26, you need to update your project and remove deprecated calls
[8.028s]         or your builds will no longer be supported.
[8.033s] 
[8.034s]         See https://setuptools.pypa.io/en/latest/userguide/declarative_config.html for details.
[8.034s]         ********************************************************************************
[8.044s] 
[8.046s] !!
[8.050s]   opt = self.warn_dash_deprecation(opt, section)
[8.295s] running egg_info
[8.341s] writing ../../build/my_package/my_package.egg-info/PKG-INFO
[8.341s] writing dependency_links to ../../build/my_package/my_package.egg-info/dependency_links.txt
[8.341s] writing entry points to ../../build/my_package/my_package.egg-info/entry_points.txt
[8.342s] writing requirements to ../../build/my_package/my_package.egg-info/requires.txt
[8.342s] writing top-level names to ../../build/my_package/my_package.egg-info/top_level.txt
[8.664s] reading manifest file '../../build/my_package/my_package.egg-info/SOURCES.txt'
[8.665s] writing manifest file '../../build/my_package/my_package.egg-info/SOURCES.txt'
[8.666s] running build
[8.666s] running build_py
[8.667s] copying my_package/reinforcement_r2.py -> /home/cadt-02/Object-Detection/ros2_ws/build/my_package/build/lib/my_package
[8.668s] copying my_package/live_detection_node.py -> /home/cadt-02/Object-Detection/ros2_ws/build/my_package/build/lib/my_package
[8.671s] copying my_package/__init__.py -> /home/cadt-02/Object-Detection/ros2_ws/build/my_package/build/lib/my_package
[8.672s] copying my_package/main.py -> /home/cadt-02/Object-Detection/ros2_ws/build/my_package/build/lib/my_package
[8.675s] running install
[8.675s] /home/cadt-02/.local/lib/python3.8/site-packages/setuptools/_distutils/cmd.py:66: SetuptoolsDeprecationWarning: setup.py install is deprecated.
[8.676s] !!
[8.676s] 
[8.677s]         ********************************************************************************
[8.678s]         Please avoid running ``setup.py`` directly.
[8.679s]         Instead, use pypa/build, pypa/installer or other
[8.679s]         standards-based tools.
[8.681s] 
[8.681s]         See https://blog.ganssle.io/articles/2021/10/setup-py-deprecated.html for details.
[8.681s]         ********************************************************************************
[8.682s] 
[8.682s] !!
[8.682s]   self.initialize_options()
[8.682s] running install_lib
[8.724s] copying /home/cadt-02/Object-Detection/ros2_ws/build/my_package/build/lib/my_package/live_detection_node.py -> /home/cadt-02/Object-Detection/ros2_ws/install/my_package/lib/python3.8/site-packages/my_package
[8.725s] byte-compiling /home/cadt-02/Object-Detection/ros2_ws/install/my_package/lib/python3.8/site-packages/my_package/live_detection_node.py to live_detection_node.cpython-38.pyc
[8.732s] running install_data
[8.771s] copying resource/my_package -> /home/cadt-02/Object-Detection/ros2_ws/install/my_package/share/ament_index/resource_index/packages
[8.772s] copying package.xml -> /home/cadt-02/Object-Detection/ros2_ws/install/my_package/share/my_package
[8.773s] running install_egg_info
[8.817s] removing '/home/cadt-02/Object-Detection/ros2_ws/install/my_package/lib/python3.8/site-packages/my_package-0.0.0-py3.8.egg-info' (and everything under it)
[8.818s] Copying ../../build/my_package/my_package.egg-info to /home/cadt-02/Object-Detection/ros2_ws/install/my_package/lib/python3.8/site-packages/my_package-0.0.0-py3.8.egg-info
[8.819s] running install_scripts
[8.920s] Installing live_detection_node script to /home/cadt-02/Object-Detection/ros2_ws/install/my_package/lib/my_package
[8.921s] Installing main script to /home/cadt-02/Object-Detection/ros2_ws/install/my_package/lib/my_package
[8.921s] Installing my_node script to /home/cadt-02/Object-Detection/ros2_ws/install/my_package/lib/my_package
[8.921s] Installing reinforcement_r2 script to /home/cadt-02/Object-Detection/ros2_ws/install/my_package/lib/my_package
[8.921s] writing list of installed files to '/home/cadt-02/Object-Detection/ros2_ws/build/my_package/install.log'
[9.293s] Invoked command in '/home/cadt-02/Object-Detection/ros2_ws/src/my_package' returned '0': NX_CONNECTION=172.23.33.204 56795 172.23.34.34 4000 PYTHONPATH=/home/cadt-02/Object-Detection/ros2_ws/build/my_package/prefix_override:/home/cadt-02/Object-Detection/ros2_ws/install/my_package/lib/python3.8/site-packages:${PYTHONPATH} /usr/bin/python3 setup.py egg_info --egg-base ../../build/my_package build --build-base /home/cadt-02/Object-Detection/ros2_ws/build/my_package/build install --record /home/cadt-02/Object-Detection/ros2_ws/build/my_package/install.log --single-version-externally-managed
