[6.850s] Invoking command in '/home/cadt-02/Object-Detection/ros2_ws/src/my_package': PYTHONPATH=/home/cadt-02/Object-Detection/ros2_ws/build/my_package/prefix_override:/home/cadt-02/Object-Detection/ros2_ws/install/my_package/lib/python3.8/site-packages:${PYTHONPATH} /usr/bin/python3 setup.py egg_info --egg-base ../../build/my_package build --build-base /home/cadt-02/Object-Detection/ros2_ws/build/my_package/build install --record /home/cadt-02/Object-Detection/ros2_ws/build/my_package/install.log --single-version-externally-managed
[7.206s] /home/cadt-02/.local/lib/python3.8/site-packages/setuptools/dist.py:476: SetuptoolsDeprecationWarning: Invalid dash-separated options
[7.206s] !!
[7.206s] 
[7.207s]         ********************************************************************************
[7.207s]         Usage of dash-separated 'build-base' will not be supported in future
[7.207s]         versions. Please use the underscore name 'build_base' instead.
[7.207s] 
[7.207s]         By 2024-Sep-26, you need to update your project and remove deprecated calls
[7.207s]         or your builds will no longer be supported.
[7.208s] 
[7.208s]         See https://setuptools.pypa.io/en/latest/userguide/declarative_config.html for details.
[7.208s]         ********************************************************************************
[7.208s] 
[7.208s] !!
[7.208s]   opt = self.warn_dash_deprecation(opt, section)
[7.488s] running egg_info
[7.533s] writing ../../build/my_package/my_package.egg-info/PKG-INFO
[7.536s] writing dependency_links to ../../build/my_package/my_package.egg-info/dependency_links.txt
[7.538s] writing entry points to ../../build/my_package/my_package.egg-info/entry_points.txt
[7.539s] writing requirements to ../../build/my_package/my_package.egg-info/requires.txt
[7.541s] writing top-level names to ../../build/my_package/my_package.egg-info/top_level.txt
[7.890s] reading manifest file '../../build/my_package/my_package.egg-info/SOURCES.txt'
[7.894s] writing manifest file '../../build/my_package/my_package.egg-info/SOURCES.txt'
[7.895s] running build
[7.895s] running build_py
[7.898s] copying my_package/reinforcement_r2.py -> /home/cadt-02/Object-Detection/ros2_ws/build/my_package/build/lib/my_package
[7.901s] copying my_package/live_detection_node.py -> /home/cadt-02/Object-Detection/ros2_ws/build/my_package/build/lib/my_package
[7.905s] copying my_package/__init__.py -> /home/cadt-02/Object-Detection/ros2_ws/build/my_package/build/lib/my_package
[7.908s] copying my_package/main.py -> /home/cadt-02/Object-Detection/ros2_ws/build/my_package/build/lib/my_package
[7.911s] running install
[7.912s] /home/cadt-02/.local/lib/python3.8/site-packages/setuptools/_distutils/cmd.py:66: SetuptoolsDeprecationWarning: setup.py install is deprecated.
[7.913s] !!
[7.913s] 
[7.913s]         ********************************************************************************
[7.913s]         Please avoid running ``setup.py`` directly.
[7.913s]         Instead, use pypa/build, pypa/installer or other
[7.913s]         standards-based tools.
[7.913s] 
[7.914s]         See https://blog.ganssle.io/articles/2021/10/setup-py-deprecated.html for details.
[7.914s]         ********************************************************************************
[7.914s] 
[7.914s] !!
[7.914s]   self.initialize_options()
[7.931s] running install_lib
[7.984s] running install_data
[8.035s] copying resource/my_package -> /home/cadt-02/Object-Detection/ros2_ws/install/my_package/share/ament_index/resource_index/packages
[8.037s] copying package.xml -> /home/cadt-02/Object-Detection/ros2_ws/install/my_package/share/my_package
[8.039s] running install_egg_info
[8.088s] removing '/home/cadt-02/Object-Detection/ros2_ws/install/my_package/lib/python3.8/site-packages/my_package-0.0.0-py3.8.egg-info' (and everything under it)
[8.094s] Copying ../../build/my_package/my_package.egg-info to /home/cadt-02/Object-Detection/ros2_ws/install/my_package/lib/python3.8/site-packages/my_package-0.0.0-py3.8.egg-info
[8.106s] running install_scripts
[8.218s] Installing live_detection_node script to /home/cadt-02/Object-Detection/ros2_ws/install/my_package/lib/my_package
[8.220s] Installing main script to /home/cadt-02/Object-Detection/ros2_ws/install/my_package/lib/my_package
[8.220s] Installing my_node script to /home/cadt-02/Object-Detection/ros2_ws/install/my_package/lib/my_package
[8.220s] Installing reinforcement_r2 script to /home/cadt-02/Object-Detection/ros2_ws/install/my_package/lib/my_package
[8.223s] writing list of installed files to '/home/cadt-02/Object-Detection/ros2_ws/build/my_package/install.log'
[9.142s] Invoked command in '/home/cadt-02/Object-Detection/ros2_ws/src/my_package' returned '0': PYTHONPATH=/home/cadt-02/Object-Detection/ros2_ws/build/my_package/prefix_override:/home/cadt-02/Object-Detection/ros2_ws/install/my_package/lib/python3.8/site-packages:${PYTHONPATH} /usr/bin/python3 setup.py egg_info --egg-base ../../build/my_package build --build-base /home/cadt-02/Object-Detection/ros2_ws/build/my_package/build install --record /home/cadt-02/Object-Detection/ros2_ws/build/my_package/install.log --single-version-externally-managed
