[6.268s] Invoking command in '/home/cadt-02/Object-Detection/ros2_ws/src/my_package': PYTHONPATH=/home/cadt-02/Object-Detection/ros2_ws/build/my_package/prefix_override:/home/cadt-02/Object-Detection/ros2_ws/install/my_package/lib/python3.8/site-packages:${PYTHONPATH} /usr/bin/python3 setup.py egg_info --egg-base ../../build/my_package build --build-base /home/cadt-02/Object-Detection/ros2_ws/build/my_package/build install --record /home/cadt-02/Object-Detection/ros2_ws/build/my_package/install.log --install-scripts $base/lib/my_package --single-version-externally-managed
[6.545s] /home/cadt-02/.local/lib/python3.8/site-packages/setuptools/dist.py:472: SetuptoolsDeprecationWarning: Invalid dash-separated options
[6.546s] !!
[6.546s] 
[6.546s]         ********************************************************************************
[6.546s]         Usage of dash-separated 'script-dir' will not be supported in future
[6.546s]         versions. Please use the underscore name 'script_dir' instead.
[6.546s] 
[6.547s]         By 2024-Sep-26, you need to update your project and remove deprecated calls
[6.547s]         or your builds will no longer be supported.
[6.547s] 
[6.547s]         See https://setuptools.pypa.io/en/latest/userguide/declarative_config.html for details.
[6.547s]         ********************************************************************************
[6.547s] 
[6.547s] !!
[6.548s]   opt = self.warn_dash_deprecation(opt, section)
[6.792s] running egg_info
[6.831s] writing ../../build/my_package/my_package.egg-info/PKG-INFO
[6.832s] writing dependency_links to ../../build/my_package/my_package.egg-info/dependency_links.txt
[6.833s] writing entry points to ../../build/my_package/my_package.egg-info/entry_points.txt
[6.833s] writing requirements to ../../build/my_package/my_package.egg-info/requires.txt
[6.834s] writing top-level names to ../../build/my_package/my_package.egg-info/top_level.txt
[7.133s] reading manifest file '../../build/my_package/my_package.egg-info/SOURCES.txt'
[7.135s] writing manifest file '../../build/my_package/my_package.egg-info/SOURCES.txt'
[7.136s] running build
[7.136s] running build_py
[7.136s] copying my_package/camera_frame_publisher.py -> /home/cadt-02/Object-Detection/ros2_ws/build/my_package/build/lib/my_package
[7.137s] copying my_package/utils.py -> /home/cadt-02/Object-Detection/ros2_ws/build/my_package/build/lib/my_package
[7.138s] copying my_package/live_detection_node.py -> /home/cadt-02/Object-Detection/ros2_ws/build/my_package/build/lib/my_package
[7.138s] copying my_package/__init__.py -> /home/cadt-02/Object-Detection/ros2_ws/build/my_package/build/lib/my_package
[7.138s] copying my_package/main.py -> /home/cadt-02/Object-Detection/ros2_ws/build/my_package/build/lib/my_package
[7.139s] copying my_package/my_node.py -> /home/cadt-02/Object-Detection/ros2_ws/build/my_package/build/lib/my_package
[7.140s] copying my_package/object_detection_subscriber.py -> /home/cadt-02/Object-Detection/ros2_ws/build/my_package/build/lib/my_package
[7.140s] running install
[7.142s] /home/cadt-02/.local/lib/python3.8/site-packages/setuptools/_distutils/cmd.py:66: SetuptoolsDeprecationWarning: setup.py install is deprecated.
[7.142s] !!
[7.142s] 
[7.142s]         ********************************************************************************
[7.142s]         Please avoid running ``setup.py`` directly.
[7.142s]         Instead, use pypa/build, pypa/installer or other
[7.142s]         standards-based tools.
[7.143s] 
[7.143s]         See https://blog.ganssle.io/articles/2021/10/setup-py-deprecated.html for details.
[7.143s]         ********************************************************************************
[7.143s] 
[7.143s] !!
[7.143s]   self.initialize_options()
[7.153s] running install_lib
[7.193s] copying /home/cadt-02/Object-Detection/ros2_ws/build/my_package/build/lib/my_package/live_detection_node.py -> /home/cadt-02/Object-Detection/ros2_ws/install/my_package/lib/python3.8/site-packages/my_package
[7.195s] byte-compiling /home/cadt-02/Object-Detection/ros2_ws/install/my_package/lib/python3.8/site-packages/my_package/live_detection_node.py to live_detection_node.cpython-38.pyc
[7.198s] running install_data
[7.238s] copying resource/my_package -> /home/cadt-02/Object-Detection/ros2_ws/install/my_package/share/ament_index/resource_index/packages
[7.238s] copying package.xml -> /home/cadt-02/Object-Detection/ros2_ws/install/my_package/share/my_package
[7.239s] running install_egg_info
[7.280s] removing '/home/cadt-02/Object-Detection/ros2_ws/install/my_package/lib/python3.8/site-packages/my_package-0.0.0-py3.8.egg-info' (and everything under it)
[7.281s] Copying ../../build/my_package/my_package.egg-info to /home/cadt-02/Object-Detection/ros2_ws/install/my_package/lib/python3.8/site-packages/my_package-0.0.0-py3.8.egg-info
[7.284s] running install_scripts
[7.401s] Installing camera_frame_publisher script to /home/cadt-02/Object-Detection/ros2_ws/install/my_package/lib/my_package
[7.401s] Installing live_detection_node script to /home/cadt-02/Object-Detection/ros2_ws/install/my_package/lib/my_package
[7.401s] Installing main script to /home/cadt-02/Object-Detection/ros2_ws/install/my_package/lib/my_package
[7.402s] Installing my_node script to /home/cadt-02/Object-Detection/ros2_ws/install/my_package/lib/my_package
[7.402s] Installing object_detection_subscriber script to /home/cadt-02/Object-Detection/ros2_ws/install/my_package/lib/my_package
[7.402s] Installing utils script to /home/cadt-02/Object-Detection/ros2_ws/install/my_package/lib/my_package
[7.403s] writing list of installed files to '/home/cadt-02/Object-Detection/ros2_ws/build/my_package/install.log'
[7.485s] Invoked command in '/home/cadt-02/Object-Detection/ros2_ws/src/my_package' returned '0': PYTHONPATH=/home/cadt-02/Object-Detection/ros2_ws/build/my_package/prefix_override:/home/cadt-02/Object-Detection/ros2_ws/install/my_package/lib/python3.8/site-packages:${PYTHONPATH} /usr/bin/python3 setup.py egg_info --egg-base ../../build/my_package build --build-base /home/cadt-02/Object-Detection/ros2_ws/build/my_package/build install --record /home/cadt-02/Object-Detection/ros2_ws/build/my_package/install.log --install-scripts $base/lib/my_package --single-version-externally-managed
