[6.447s] Invoking command in '/home/cadt-02/Object-Detection/ros2_ws/src/object_detection': NX_CONNECTION=172.23.34.123 52323 172.23.34.34 4000 PYTHONPATH=/home/cadt-02/Object-Detection/ros2_ws/build/object_detection/prefix_override:/home/cadt-02/Object-Detection/ros2_ws/install/object_detection/lib/python3.8/site-packages:${PYTHONPATH} /usr/bin/python3 setup.py egg_info --egg-base ../../build/object_detection build --build-base /home/cadt-02/Object-Detection/ros2_ws/build/object_detection/build install --record /home/cadt-02/Object-Detection/ros2_ws/build/object_detection/install.log --install-scripts $base/lib/object_detection --single-version-externally-managed
[6.780s] /home/cadt-02/.local/lib/python3.8/site-packages/setuptools/dist.py:476: SetuptoolsDeprecationWarning: Invalid dash-separated options
[6.781s] !!
[6.782s] 
[6.784s]         ********************************************************************************
[6.785s]         Usage of dash-separated 'script-dir' will not be supported in future
[6.785s]         versions. Please use the underscore name 'script_dir' instead.
[6.786s] 
[6.786s]         By 2024-Sep-26, you need to update your project and remove deprecated calls
[6.787s]         or your builds will no longer be supported.
[6.788s] 
[6.788s]         See https://setuptools.pypa.io/en/latest/userguide/declarative_config.html for details.
[6.789s]         ********************************************************************************
[6.790s] 
[6.790s] !!
[6.791s]   opt = self.warn_dash_deprecation(opt, section)
[7.044s] running egg_info
[7.086s] writing ../../build/object_detection/object_detection.egg-info/PKG-INFO
[7.087s] writing dependency_links to ../../build/object_detection/object_detection.egg-info/dependency_links.txt
[7.090s] writing requirements to ../../build/object_detection/object_detection.egg-info/requires.txt
[7.091s] writing top-level names to ../../build/object_detection/object_detection.egg-info/top_level.txt
[7.427s] reading manifest file '../../build/object_detection/object_detection.egg-info/SOURCES.txt'
[7.432s] writing manifest file '../../build/object_detection/object_detection.egg-info/SOURCES.txt'
[7.434s] running build
[7.435s] running build_py
[7.435s] copying object_detection/__init__.py -> /home/cadt-02/Object-Detection/ros2_ws/build/object_detection/build/lib/object_detection
[7.438s] /home/cadt-02/.local/lib/python3.8/site-packages/setuptools/_distutils/cmd.py:66: SetuptoolsDeprecationWarning: setup.py install is deprecated.
[7.438s] !!
[7.440s] 
[7.440s]         ********************************************************************************
[7.440s]         Please avoid running ``setup.py`` directly.
[7.441s]         Instead, use pypa/build, pypa/installer or other
[7.442s]         standards-based tools.
[7.444s] 
[7.446s]         See https://blog.ganssle.io/articles/2021/10/setup-py-deprecated.html for details.
[7.446s]         ********************************************************************************
[7.446s] 
[7.447s] !!
[7.448s]   self.initialize_options()
[7.448s] running install
[7.464s] running install_lib
[7.485s] running install_data
[7.537s] copying resource/object_detection -> /home/cadt-02/Object-Detection/ros2_ws/install/object_detection/share/ament_index/resource_index/packages
[7.539s] copying package.xml -> /home/cadt-02/Object-Detection/ros2_ws/install/object_detection/share/object_detection
[7.540s] running install_egg_info
[7.577s] removing '/home/cadt-02/Object-Detection/ros2_ws/install/object_detection/lib/python3.8/site-packages/object_detection-0.0.0-py3.8.egg-info' (and everything under it)
[7.579s] Copying ../../build/object_detection/object_detection.egg-info to /home/cadt-02/Object-Detection/ros2_ws/install/object_detection/lib/python3.8/site-packages/object_detection-0.0.0-py3.8.egg-info
[7.582s] running install_scripts
[7.689s] writing list of installed files to '/home/cadt-02/Object-Detection/ros2_ws/build/object_detection/install.log'
[8.080s] Invoked command in '/home/cadt-02/Object-Detection/ros2_ws/src/object_detection' returned '0': NX_CONNECTION=172.23.34.123 52323 172.23.34.34 4000 PYTHONPATH=/home/cadt-02/Object-Detection/ros2_ws/build/object_detection/prefix_override:/home/cadt-02/Object-Detection/ros2_ws/install/object_detection/lib/python3.8/site-packages:${PYTHONPATH} /usr/bin/python3 setup.py egg_info --egg-base ../../build/object_detection build --build-base /home/cadt-02/Object-Detection/ros2_ws/build/object_detection/build install --record /home/cadt-02/Object-Detection/ros2_ws/build/object_detection/install.log --install-scripts $base/lib/object_detection --single-version-externally-managed
