[6.106s] Invoking command in '/home/cadt-02/Object-Detection/ros2_ws/src/object_detection': PYTHONPATH=/home/cadt-02/Object-Detection/ros2_ws/build/object_detection/prefix_override:/home/cadt-02/Object-Detection/ros2_ws/install/object_detection/lib/python3.8/site-packages:${PYTHONPATH} /usr/bin/python3 setup.py egg_info --egg-base ../../build/object_detection build --build-base /home/cadt-02/Object-Detection/ros2_ws/build/object_detection/build install --record /home/cadt-02/Object-Detection/ros2_ws/build/object_detection/install.log --install-scripts $base/lib/object_detection --single-version-externally-managed
[6.375s] /home/cadt-02/.local/lib/python3.8/site-packages/setuptools/dist.py:472: SetuptoolsDeprecationWarning: Invalid dash-separated options
[6.375s] !!
[6.375s] 
[6.375s]         ********************************************************************************
[6.375s]         Usage of dash-separated 'script-dir' will not be supported in future
[6.375s]         versions. Please use the underscore name 'script_dir' instead.
[6.375s] 
[6.375s]         By 2024-Sep-26, you need to update your project and remove deprecated calls
[6.376s]         or your builds will no longer be supported.
[6.376s] 
[6.376s]         See https://setuptools.pypa.io/en/latest/userguide/declarative_config.html for details.
[6.376s]         ********************************************************************************
[6.376s] 
[6.376s] !!
[6.376s]   opt = self.warn_dash_deprecation(opt, section)
[6.616s] running egg_info
[6.656s] writing ../../build/object_detection/object_detection.egg-info/PKG-INFO
[6.657s] writing dependency_links to ../../build/object_detection/object_detection.egg-info/dependency_links.txt
[6.658s] writing requirements to ../../build/object_detection/object_detection.egg-info/requires.txt
[6.658s] writing top-level names to ../../build/object_detection/object_detection.egg-info/top_level.txt
[6.954s] reading manifest file '../../build/object_detection/object_detection.egg-info/SOURCES.txt'
[6.956s] writing manifest file '../../build/object_detection/object_detection.egg-info/SOURCES.txt'
[6.957s] running build
[6.957s] running build_py
[6.957s] copying object_detection/__init__.py -> /home/cadt-02/Object-Detection/ros2_ws/build/object_detection/build/lib/object_detection
[6.958s] running install
[6.958s] /home/cadt-02/.local/lib/python3.8/site-packages/setuptools/_distutils/cmd.py:66: SetuptoolsDeprecationWarning: setup.py install is deprecated.
[6.959s] !!
[6.959s] 
[6.959s]         ********************************************************************************
[6.959s]         Please avoid running ``setup.py`` directly.
[6.959s]         Instead, use pypa/build, pypa/installer or other
[6.959s]         standards-based tools.
[6.959s] 
[6.960s]         See https://blog.ganssle.io/articles/2021/10/setup-py-deprecated.html for details.
[6.960s]         ********************************************************************************
[6.960s] 
[6.960s] !!
[6.960s]   self.initialize_options()
[6.970s] running install_lib
[7.011s] running install_data
[7.051s] copying resource/object_detection -> /home/cadt-02/Object-Detection/ros2_ws/install/object_detection/share/ament_index/resource_index/packages
[7.052s] copying package.xml -> /home/cadt-02/Object-Detection/ros2_ws/install/object_detection/share/object_detection
[7.052s] running install_egg_info
[7.094s] removing '/home/cadt-02/Object-Detection/ros2_ws/install/object_detection/lib/python3.8/site-packages/object_detection-0.0.0-py3.8.egg-info' (and everything under it)
[7.094s] Copying ../../build/object_detection/object_detection.egg-info to /home/cadt-02/Object-Detection/ros2_ws/install/object_detection/lib/python3.8/site-packages/object_detection-0.0.0-py3.8.egg-info
[7.096s] running install_scripts
[7.213s] writing list of installed files to '/home/cadt-02/Object-Detection/ros2_ws/build/object_detection/install.log'
[7.297s] Invoked command in '/home/cadt-02/Object-Detection/ros2_ws/src/object_detection' returned '0': PYTHONPATH=/home/cadt-02/Object-Detection/ros2_ws/build/object_detection/prefix_override:/home/cadt-02/Object-Detection/ros2_ws/install/object_detection/lib/python3.8/site-packages:${PYTHONPATH} /usr/bin/python3 setup.py egg_info --egg-base ../../build/object_detection build --build-base /home/cadt-02/Object-Detection/ros2_ws/build/object_detection/build install --record /home/cadt-02/Object-Detection/ros2_ws/build/object_detection/install.log --install-scripts $base/lib/object_detection --single-version-externally-managed
